0.102095 0.00380283 0.00318473 0.00310903 0.00305945 0.00299469 0.00296864 0.00295843 0.00294793 0.00292681 
0.0976215 0.00355292 0.00322122 0.00308842 0.00302005 0.00297394 0.00293091 0.00291618 0.00289592 0.00289122 
0.091507 0.00352267 0.00307649 0.00292079 0.00285996 0.00284527 0.00278483 0.00274129 0.0027296 0.00272252 
0.0857277 0.00352392 0.0032288 0.00313167 0.00302565 0.00296588 0.00293424 0.00292629 0.00291511 0.00290407 
0.0944596 0.00378677 0.00343826 0.003293 0.00320061 0.0031193 0.00309992 0.00307445 0.00305929 0.0030432 
0.0929262 0.0035819 0.00305608 0.00296674 0.0028965 0.00286167 0.00281956 0.00281735 0.00281094 0.00279408 
0.0945615 0.00376929 0.00325233 0.00316822 0.00305831 0.00301669 0.00297995 0.00295224 0.00292603 0.00291064 
0.119884 0.00374422 0.00318217 0.00296995 0.00291001 0.00284598 0.00282302 0.00280116 0.00277049 0.00275967 
0.128361 0.00361706 0.00308543 0.0028938 0.00281486 0.0027767 0.00274465 0.00272925 0.00269938 0.00267817 
0.100038 0.00371792 0.00328165 0.00315057 0.00302643 0.00296351 0.00293227 0.00291036 0.0028923 0.00287757 
0.095176 0.00358016 0.0032599 0.00315185 0.00313501 0.00305439 0.00303273 0.00302668 0.00299456 0.00298264 
0.111011 0.0036976 0.00326026 0.0030362 0.00297753 0.00294901 0.00288283 0.00285181 0.00284881 0.00283142 
0.0690994 0.00371651 0.00337648 0.00316057 0.00308389 0.00306481 0.00302286 0.00300051 0.00299993 0.00298551 
0.0961762 0.00365082 0.00317252 0.00300483 0.00292049 0.00287707 0.00283601 0.00281853 0.00279675 0.00278187 
0.109579 0.00342572 0.00292854 0.00278667 0.00268936 0.00264203 0.00262866 0.00259796 0.00259184 0.00256209 
0.107416 0.00358173 0.0030963 0.00297122 0.0029161 0.00288737 0.00285594 0.00283134 0.00281733 0.00280433 
0.0955024 0.00395504 0.00344677 0.00319414 0.00311307 0.00305749 0.00301949 0.0029897 0.00295794 0.00293643 
0.10446 0.00366175 0.00311816 0.00294336 0.00291074 0.00288847 0.00288357 0.00286536 0.00285661 0.00284528 
0.101368 0.00389655 0.003312 0.00321742 0.00309929 0.00305831 0.00302448 0.0030214 0.00300707 0.0029941 
0.107538 0.003607 0.00304417 0.00292987 0.00288758 0.00284541 0.00279169 0.00277238 0.00275413 0.00273255 
0.0856413 0.00342387 0.00304049 0.0029173 0.00284375 0.00284294 0.0028236 0.00282251 0.00280815 0.00280182 
0.110821 0.00370339 0.00320197 0.00308175 0.00304701 0.00303209 0.00297989 0.00295156 0.00293832 0.00293092 
0.103694 0.00371108 0.00317565 0.00305869 0.00296202 0.00292967 0.00290316 0.00289735 0.00288146 0.00286308 
0.0757896 0.00366103 0.00330727 0.00309292 0.00300742 0.0029211 0.00288115 0.00285233 0.00282464 0.00281597 
0.0803461 0.00348218 0.00315617 0.00297831 0.00293888 0.00290548 0.00288589 0.00285526 0.00285176 0.00284793 
0.0752153 0.00376249 0.00329758 0.00310735 0.0030524 0.0029883 0.00295642 0.00291296 0.00289695 0.00287959 
0.111577 0.00341756 0.00317348 0.00309687 0.00303991 0.00302473 0.00299311 0.00296904 0.00294412 0.0029373 
0.105691 0.00340099 0.00292632 0.00282666 0.00278417 0.00276645 0.00274154 0.00274149 0.00273398 0.00272303 
0.113801 0.00361998 0.00329619 0.00316306 0.00308372 0.00308873 0.00308681 0.00307981 0.00306652 0.00306105 
0.124751 0.00360294 0.00299222 0.0027983 0.00274964 0.00272984 0.00271868 0.00271483 0.0027048 0.0026911 
0.112319 0.00354232 0.00299051 0.00289614 0.00284019 0.00276203 0.00274019 0.00271266 0.00268956 0.00269071 
0.093396 0.00363544 0.00323874 0.00305699 0.00294115 0.00289042 0.00285803 0.0028454 0.0028357 0.0028373 
0.0786746 0.00365183 0.00323129 0.00315645 0.00307246 0.00302423 0.00300121 0.00298603 0.00297676 0.00294657 
0.0865211 0.00357519 0.00315079 0.00293465 0.00285917 0.00283082 0.00280297 0.00278617 0.00277902 0.00275654 
0.100966 0.00324234 0.00295626 0.00276826 0.002671 0.00260809 0.00257473 0.00257067 0.00255648 0.00254112 
0.0979871 0.00386835 0.00315757 0.00296876 0.00290186 0.00285955 0.00284419 0.00282554 0.00279602 0.00278022 
0.0866381 0.00373818 0.003197 0.00296259 0.00294104 0.00288683 0.00285076 0.0028395 0.00282687 0.002826 
0.0960619 0.00349166 0.00314439 0.00292042 0.00283592 0.00277302 0.00276168 0.00276143 0.00275241 0.00275964 
0.111416 0.00365452 0.00324126 0.00300368 0.00292437 0.00287032 0.00284949 0.00281971 0.00282449 0.00279548 
0.0894462 0.00356763 0.00315925 0.00307673 0.00299332 0.00292475 0.00287037 0.00285455 0.00283972 0.00282682 
0.104435 0.00316228 0.00297662 0.00280622 0.00274712 0.00270937 0.00267842 0.00267664 0.00265227 0.00263621 
0.104507 0.0032349 0.00307835 0.0028669 0.00279586 0.0027521 0.00273232 0.00271021 0.00271325 0.00269254 
0.108541 0.00365204 0.00330257 0.00313045 0.00302738 0.00299044 0.00299219 0.00296007 0.00294228 0.00293361 
0.123571 0.00357911 0.00313444 0.00306966 0.00302326 0.0029728 0.0029565 0.00292823 0.00291086 0.00289259 
0.107537 0.00379745 0.00324518 0.00306255 0.00299888 0.00298012 0.00294572 0.00293208 0.0029243 0.0029234 
0.10136 0.00347356 0.00301836 0.00288813 0.00281668 0.00279879 0.00276527 0.00274283 0.00272764 0.00272367 
0.103517 0.00368402 0.00328968 0.00309155 0.00299491 0.00293117 0.00291187 0.00289473 0.00286782 0.00285467 
0.0926551 0.00377401 0.00339151 0.00314042 0.00308274 0.00302299 0.00300069 0.00298102 0.00297423 0.00296916 
0.108813 0.0035638 0.00308786 0.00297598 0.00293446 0.00289073 0.00286353 0.00284922 0.002844 0.00282659 
0.0976428 0.00354743 0.00312562 0.00307615 0.00301409 0.00298633 0.00296424 0.00295773 0.00293513 0.00291827 
