0.104686 0.00446367 0.0041282 0.00398905 0.00389476 0.00384208 0.00382127 0.00380984 0.00378424 0.00377518 
0.131145 0.00435224 0.003972 0.00391513 0.00384332 0.0037844 0.00373974 0.00373157 0.00372046 0.00371782 
0.117937 0.00468959 0.00432976 0.00415725 0.00408997 0.00402178 0.00399358 0.00398192 0.00398355 0.00396594 
0.119763 0.00487006 0.00425389 0.00406403 0.00392987 0.00392364 0.00388273 0.00385047 0.00382546 0.00379821 
0.108043 0.00498293 0.00412541 0.00390854 0.00385422 0.00383234 0.00379856 0.00377758 0.00377593 0.00376248 
0.0941111 0.00459456 0.00416231 0.00409408 0.00396448 0.00391198 0.00386615 0.00384057 0.00380277 0.00381611 
0.103908 0.00448067 0.00415438 0.00391548 0.00383545 0.00380755 0.00376232 0.00375647 0.00373125 0.00372282 
0.116505 0.00425291 0.00398993 0.00387824 0.00382259 0.00379062 0.0037564 0.00373335 0.00371831 0.00371097 
0.0960489 0.00440085 0.00393884 0.0037582 0.00371275 0.00366721 0.00363029 0.00361548 0.00361034 0.00360456 
0.0881842 0.00468601 0.00426754 0.00411096 0.00401954 0.00397641 0.00395874 0.00393221 0.00392011 0.00389927 
0.0833702 0.00420649 0.00387181 0.0037651 0.00373283 0.0037026 0.00368784 0.00366027 0.00364338 0.00362328 
0.0932762 0.00437999 0.00387418 0.00380376 0.00371738 0.0036747 0.00361659 0.00359213 0.00357697 0.00356069 
0.0960954 0.00440481 0.00391028 0.00382777 0.00376629 0.00369974 0.00365102 0.00363136 0.00361592 0.0036234 
0.0784629 0.00454203 0.00423998 0.0040613 0.00396366 0.00392999 0.00392743 0.00389072 0.00385828 0.00383996 
0.109645 0.00463948 0.0041046 0.00392018 0.0039034 0.00389415 0.0038474 0.00382437 0.00379252 0.00379541 
0.116824 0.00442508 0.00416952 0.00399487 0.00393343 0.00388768 0.00382759 0.0037897 0.00376908 0.0037602 
0.107805 0.00456111 0.00395867 0.00386983 0.00381044 0.00375179 0.00374256 0.00372121 0.00370847 0.00370771 
0.0937918 0.00451056 0.00401897 0.00388877 0.00379003 0.0037559 0.00373691 0.00369191 0.00367426 0.0036676 
0.112623 0.00461484 0.00421106 0.00405858 0.00395519 0.0039045 0.00388348 0.00386236 0.00384412 0.00383534 
0.0916709 0.0043036 0.0038707 0.00370592 0.00367941 0.00364412 0.00360865 0.00357664 0.00356199 0.00353625 
0.0777466 0.00432057 0.00389178 0.00376421 0.00364897 0.00358603 0.00356865 0.00354751 0.00353398 0.00351444 
0.0903786 0.00481417 0.00421681 0.00404452 0.00394645 0.00393635 0.00392536 0.00390164 0.00389002 0.00387439 
0.125187 0.00449402 0.0041982 0.00405423 0.00393907 0.00387644 0.0038376 0.00381501 0.00377771 0.00374172 
0.0836898 0.00473752 0.00428037 0.00421073 0.00415817 0.00409713 0.00409082 0.00404561 0.00403477 0.00402546 
0.115127 0.00430114 0.00403875 0.00382037 0.0037517 0.00370542 0.00367247 0.00365823 0.00365361 0.00364622 
0.120391 0.00429441 0.00388457 0.00378758 0.00372411 0.00368775 0.00364754 0.00361448 0.00358892 0.00357939 
0.0991953 0.00433774 0.00388986 0.00373477 0.00367095 0.00361935 0.00361778 0.00360689 0.00359497 0.00358752 
0.145905 0.0043742 0.00402454 0.00387347 0.00379311 0.00374493 0.00371574 0.00369146 0.00367792 0.00366163 
0.0781842 0.00434113 0.00389368 0.00377123 0.0036964 0.00363923 0.00360967 0.00358596 0.00357598 0.00356889 
0.104509 0.00421674 0.00380473 0.00368586 0.0036654 0.00364955 0.00362564 0.00359484 0.00358564 0.00357027 
0.104687 0.00449926 0.00415396 0.00398978 0.00393694 0.0038792 0.00389267 0.00387951 0.00386588 0.00385057 
0.081909 0.00459638 0.00432668 0.00415869 0.0039789 0.00393689 0.00390472 0.00388408 0.00387688 0.00386505 
0.134406 0.00456617 0.0042867 0.0040457 0.00396282 0.00391691 0.00388514 0.00385232 0.0038438 0.00382508 
0.0861877 0.00450038 0.00406328 0.00383268 0.00375247 0.00370637 0.00368484 0.0036609 0.00362908 0.00360518 
0.0899553 0.00448654 0.00408241 0.00396185 0.00394474 0.00388525 0.00387243 0.00383668 0.00382945 0.00381644 
0.0912805 0.00393845 0.00370195 0.0036393 0.00355511 0.00352621 0.00348056 0.00346259 0.00344982 0.00343261 
0.106162 0.00438934 0.00394794 0.0037945 0.00371493 0.00368606 0.00367086 0.00362866 0.00360796 0.00359752 
0.105481 0.00449755 0.00400464 0.003897 0.00381454 0.00375869 0.00374102 0.00370523 0.00368514 0.00367175 
0.120546 0.00447608 0.00409274 0.0039164 0.00385866 0.00380911 0.00377616 0.00376223 0.00374288 0.00373632 
0.10481 0.00482612 0.00421956 0.0039948 0.00392663 0.00390624 0.0038745 0.00385874 0.00384969 0.00384321 
0.101239 0.0049263 0.00430339 0.00402802 0.00396647 0.00392033 0.00389661 0.00387264 0.00386918 0.00385866 
0.100553 0.00450561 0.0038829 0.00374809 0.00371295 0.0036451 0.00361951 0.00360021 0.00358784 0.00357455 
0.0933697 0.00437022 0.00400974 0.00381013 0.00373341 0.00373004 0.00368457 0.00367174 0.00364209 0.00362976 
0.0944288 0.00416606 0.00384539 0.00377789 0.00372513 0.00369039 0.00364763 0.00362729 0.00360797 0.00359223 
0.0972716 0.00438018 0.00386536 0.00372514 0.00359979 0.00355276 0.00352913 0.00351456 0.00348594 0.00346797 
0.119997 0.00464914 0.0043244 0.00406042 0.00397052 0.00393759 0.00388337 0.00386252 0.00383312 0.00383275 
0.0899203 0.00469522 0.00421858 0.00409296 0.00401847 0.00393512 0.00388803 0.00387474 0.00385524 0.0038471 
0.091101 0.00438757 0.00394661 0.00379589 0.00371707 0.00366481 0.00362094 0.00361271 0.00359973 0.00359695 
0.108695 0.0046498 0.00409035 0.00389104 0.00377967 0.003759 0.00372701 0.00371289 0.00368841 0.00368685 
0.0802646 0.00459943 0.00417065 0.0039613 0.0038026 0.00375046 0.00372006 0.00369188 0.00368313 0.0036724 
