11.8843 0.0930861 0.0464268 0.0311122 0.0232097 0.0187962 0.0155644 0.0133079 0.011667 0.0103628 
11.7754 0.0906604 0.0445624 0.0303036 0.0222622 0.0178748 0.015014 0.0129647 0.0115296 0.0103194 
11.3083 0.0897736 0.04605 0.0303555 0.0228379 0.0186146 0.0155997 0.0132975 0.0116925 0.0104495 
11.905 0.0936774 0.0478928 0.0312808 0.0232806 0.0186896 0.015504 0.0132988 0.0115504 0.0103291 
10.8374 0.0933387 0.0456042 0.0302052 0.0230756 0.0187602 0.0155387 0.013196 0.0114922 0.0101652 
11.8843 0.0910229 0.0461222 0.0308013 0.0230545 0.018328 0.0154458 0.0132236 0.0114924 0.010173 
12.3005 0.0951139 0.0470744 0.0309033 0.023247 0.0184425 0.0154242 0.0132951 0.0117778 0.0104492 
11.4637 0.0933665 0.0451976 0.0297849 0.0224933 0.0178505 0.0151539 0.0130735 0.0112745 0.00992969 
11.7021 0.0883572 0.0459361 0.0300884 0.0227756 0.0181116 0.0149602 0.0129311 0.0114085 0.010288 
11.3327 0.0907752 0.0457659 0.0304481 0.023175 0.0189032 0.0156493 0.0133983 0.0115493 0.0103005 
12.2104 0.0934783 0.0478544 0.031221 0.0235805 0.0188972 0.0156641 0.0133956 0.0118273 0.0104635 
11.5616 0.0909701 0.0448637 0.030786 0.0232778 0.0183702 0.0155156 0.0133464 0.011756 0.010498 
12.564 0.0927356 0.045606 0.0303977 0.0229658 0.0184937 0.015297 0.0130248 0.0114325 0.0101818 
12.3324 0.0915129 0.046407 0.0304209 0.0231486 0.0187988 0.0155291 0.0132861 0.0114633 0.010084 
11.7239 0.0907605 0.0453902 0.0305736 0.0229257 0.0183175 0.0152207 0.0130734 0.0114068 0.0100823 
13.8986 0.0945705 0.0474521 0.0321345 0.0243057 0.0194004 0.0161371 0.0138224 0.0121128 0.0109177 
11.2622 0.0934446 0.0468428 0.0316525 0.0235028 0.0188264 0.0157611 0.0134315 0.0116999 0.0104832 
11.3913 0.0936342 0.0469103 0.0305724 0.0231322 0.0185685 0.0155781 0.0133157 0.0115654 0.0103273 
11.9133 0.0928568 0.0460641 0.031115 0.0233236 0.0186477 0.0157962 0.0134538 0.0119075 0.0106637 
11.4222 0.0900406 0.0466095 0.0304245 0.0228336 0.0183232 0.0151127 0.0130559 0.0114799 0.0102268 
12.5489 0.095624 0.0475436 0.0310776 0.0230647 0.0183756 0.0154501 0.0133937 0.0117339 0.0103751 
13.1518 0.0927097 0.046904 0.0314722 0.0236879 0.018778 0.0154225 0.0131449 0.0114515 0.01026 
11.4023 0.0911815 0.0445239 0.0304333 0.0226242 0.0183811 0.0154383 0.0131209 0.011368 0.0102155 
12.262 0.0900161 0.0448076 0.0298786 0.0227342 0.0182594 0.0150144 0.0127667 0.0112049 0.00992748 
11.7767 0.0917145 0.0455996 0.0306457 0.0227522 0.0181869 0.0154107 0.0132722 0.0115792 0.0101299 
11.6325 0.0928773 0.0463309 0.0302793 0.0225433 0.0177898 0.0147803 0.0126566 0.0111302 0.00998072 
11.6741 0.0899666 0.0434764 0.0294032 0.0222816 0.0177398 0.0150472 0.0130734 0.0112779 0.0100408 
11.406 0.0910968 0.0442926 0.029738 0.0225055 0.018269 0.0152058 0.0130523 0.0112759 0.0101254 
10.8827 0.0925894 0.0453051 0.0306341 0.0230198 0.0184356 0.0151791 0.0130458 0.0113964 0.010171 
11.8575 0.0917229 0.0459135 0.0303374 0.0232198 0.0185987 0.0155023 0.0134267 0.0117876 0.0103544 
12.0998 0.0928305 0.0461291 0.030292 0.0228903 0.0183745 0.0152501 0.0130487 0.0113654 0.00998301 
12.3553 0.0903564 0.0454109 0.0310136 0.02287 0.0182815 0.015291 0.0131675 0.0114859 0.0102302 
11.9582 0.0916922 0.0469513 0.0316623 0.0233062 0.0183932 0.0152655 0.0131898 0.0114942 0.0103758 
11.4371 0.093709 0.0471244 0.0311296 0.0231277 0.0187192 0.0154673 0.0132664 0.0116247 0.010105 
12.2368 0.0912256 0.0454893 0.0306728 0.0230843 0.0187074 0.0156398 0.0135744 0.0119071 0.0104569 
11.7085 0.0910217 0.0458865 0.0306143 0.0228354 0.0185745 0.0153532 0.0130539 0.0114542 0.0101475 
11.9497 0.092024 0.0471355 0.0311678 0.0232928 0.0183665 0.0150572 0.0127926 0.0112099 0.0100671 
12.2794 0.0913254 0.0449189 0.0300097 0.0223301 0.0181112 0.0150513 0.0129083 0.0112905 0.00996398 
11.9491 0.0901775 0.0457987 0.0302435 0.0227328 0.0180967 0.0151301 0.0130122 0.0112945 0.0101605 
11.6672 0.0903776 0.0458184 0.0308494 0.0231883 0.0183889 0.0153326 0.0129736 0.0113143 0.0100988 
11.3749 0.0921957 0.0469719 0.0311165 0.0233651 0.0185929 0.0154822 0.0132357 0.011548 0.0103114 
11.7292 0.0924816 0.0464226 0.0311403 0.0233769 0.0188595 0.0157816 0.0134142 0.0116165 0.0104626 
11.3389 0.0897796 0.0460353 0.0312752 0.0237181 0.0188441 0.0155425 0.013334 0.0116464 0.0102766 
11.7397 0.0899316 0.0456133 0.030792 0.0230831 0.0184694 0.015186 0.0131189 0.0115272 0.0103498 
13.0379 0.0911956 0.0453804 0.0300797 0.022875 0.0186302 0.0153796 0.0131112 0.0115058 0.0101998 
11.933 0.0938947 0.0467735 0.0305322 0.0229493 0.0187019 0.0154898 0.0132906 0.011696 0.0103868 
12.0093 0.0908725 0.0458077 0.031088 0.022994 0.0184001 0.015289 0.0131122 0.0115749 0.010228 
11.873 0.0892223 0.0453285 0.0302004 0.0224431 0.0177167 0.0148999 0.0125462 0.011047 0.00984788 
11.2278 0.0910853 0.0456524 0.0307482 0.0227868 0.0182532 0.0152303 0.0131016 0.0114582 0.0102403 
11.6847 0.0884037 0.0453617 0.0305391 0.0229481 0.0184931 0.0153296 0.0132618 0.0114228 0.010243 
