0.118198 0.0320426 0.0190769 0.0150706 0.0117785 0.00845561 0.00843923 0.00722285 0.0065641 0.00604789 0.00531896 0.00516661 0.00484724 0.00458759 0.00430862 0.00431884 0.00404734 0.00379819 0.00354654 0.0035453 
0.110223 0.0275915 0.0149004 0.0130078 0.0108609 0.00897387 0.00702779 0.0062857 0.0061738 0.00586211 0.00581687 0.00541503 0.00528283 0.00485302 0.0047096 0.00447537 0.00437508 0.00446045 0.0042149 0.00418898 
0.084426 0.0287041 0.0155082 0.012473 0.00882964 0.00865499 0.00727153 0.0068193 0.00634789 0.00605189 0.00587015 0.00525562 0.00525717 0.00486478 0.00459611 0.00429168 0.00418657 0.00417745 0.00406348 0.00390279 
0.121283 0.0400728 0.018266 0.0148123 0.011944 0.0104805 0.00916088 0.00843 0.0070348 0.00670224 0.00626474 0.00561758 0.0051505 0.00494102 0.00458976 0.0043855 0.00429113 0.004288 0.00407041 0.00394552 
0.102188 0.0276559 0.0178402 0.0136545 0.0104886 0.00929932 0.00769664 0.00711264 0.00608661 0.00539676 0.00537775 0.00516114 0.00484791 0.00483999 0.00457326 0.00445453 0.00434383 0.00424348 0.00408446 0.00390251 
0.103933 0.0281451 0.0162643 0.014066 0.0105926 0.00818659 0.0079197 0.00711667 0.00624428 0.005528 0.00532455 0.00538283 0.00528495 0.00477906 0.00457244 0.00465603 0.00463556 0.00464262 0.0043477 0.00445827 
0.0961779 0.0267649 0.0141643 0.0115854 0.00968627 0.00840046 0.00773419 0.00686847 0.00624301 0.00585237 0.00545194 0.00523283 0.00502335 0.00493581 0.00492276 0.00469499 0.00446003 0.00430567 0.00412385 0.00398885 
0.100821 0.0311833 0.0149836 0.0128273 0.00938667 0.00839226 0.00775283 0.00725806 0.00662956 0.00668406 0.00638647 0.00568354 0.00538706 0.0051483 0.00483578 0.00466991 0.00449048 0.00443083 0.00436464 0.00439909 
0.0920457 0.029527 0.0192425 0.015007 0.0120826 0.00862525 0.00755637 0.00752141 0.00665508 0.00600197 0.00552486 0.00516548 0.00485975 0.00462161 0.00442259 0.0044249 0.004155 0.0039332 0.00385751 0.00388793 
0.115352 0.0329773 0.0179065 0.0130438 0.0117466 0.00955529 0.00842663 0.00777112 0.00727615 0.00681193 0.00635942 0.00599534 0.00571723 0.00545904 0.00513801 0.0048642 0.00477852 0.00455331 0.00433772 0.00420604 
0.0936629 0.0257626 0.0168066 0.0115804 0.009938 0.00851313 0.00772657 0.00708303 0.00607324 0.0055228 0.00487848 0.00503154 0.00488072 0.0045994 0.00446584 0.00438351 0.00432912 0.00424509 0.00423986 0.00413266 
0.132175 0.0310149 0.0203969 0.0136911 0.0106748 0.00965799 0.00930239 0.00842523 0.00769452 0.00686737 0.00617576 0.00565673 0.00558722 0.00538767 0.00523076 0.00511872 0.00474572 0.0044136 0.00430792 0.0042335 
0.0922482 0.0243811 0.0149963 0.0126508 0.0104397 0.00944834 0.00889555 0.00716446 0.00687868 0.00644529 0.00592273 0.00561131 0.0053751 0.00501881 0.0050985 0.00491241 0.00460041 0.00450676 0.00430594 0.00421185 
0.108112 0.032702 0.0192773 0.013176 0.0121607 0.0105233 0.0104483 0.00834659 0.00773286 0.00748096 0.0071844 0.00673342 0.00647714 0.00597436 0.00596381 0.00575791 0.00557294 0.00524173 0.00510739 0.00516448 
0.113054 0.0329158 0.0189022 0.0127925 0.0117352 0.0104125 0.00867031 0.00840877 0.00791402 0.00729866 0.00661488 0.00605474 0.00574066 0.00573983 0.00526308 0.00507106 0.00514515 0.00480542 0.00476049 0.00446701 
0.079996 0.0234655 0.0173277 0.0126956 0.0103367 0.00819206 0.00773539 0.00749173 0.00676973 0.00630901 0.00583746 0.00565188 0.00532741 0.00503189 0.0047618 0.00465864 0.00450587 0.00434995 0.0040362 0.0038463 
0.12226 0.0265055 0.0157439 0.0111024 0.0101767 0.00915535 0.0081352 0.00795161 0.00773078 0.00730397 0.00664699 0.00633886 0.00610032 0.0057756 0.00553109 0.0054372 0.00519062 0.00494284 0.0046521 0.00448065 
0.0890791 0.0299792 0.0170795 0.0141806 0.0123401 0.0101438 0.00927859 0.00945947 0.00786131 0.00679581 0.00617607 0.00569189 0.00566091 0.00531069 0.00509419 0.0047526 0.00461775 0.00430735 0.00409912 0.00396591 
0.0803522 0.0275212 0.0223562 0.0142856 0.0122704 0.0109009 0.0089411 0.00801305 0.00777668 0.00736891 0.00660567 0.00630509 0.00622115 0.00599885 0.00559307 0.00528111 0.005172 0.0050691 0.00509179 0.00485472 
0.100761 0.0293714 0.0175902 0.0134575 0.0120183 0.00973564 0.00862354 0.00724626 0.00648213 0.0059849 0.00532825 0.00524046 0.00490267 0.00460809 0.00419862 0.00395463 0.00380052 0.00343634 0.00332844 0.00328684 
0.126874 0.0317082 0.0188579 0.0146901 0.0114977 0.00922194 0.00803017 0.00765616 0.00728071 0.00682915 0.00620971 0.00588682 0.00551829 0.00528154 0.00491509 0.0047601 0.00494603 0.00480326 0.00473271 0.00464914 
0.11852 0.0290134 0.0178124 0.0139763 0.0115734 0.0100122 0.008518 0.0077859 0.0069469 0.00609883 0.00584037 0.00554897 0.00522439 0.00498801 0.00494946 0.00482358 0.00460095 0.00448949 0.00430313 0.00425256 
0.11661 0.0309644 0.0188981 0.0146207 0.0110804 0.0103868 0.00966379 0.00822789 0.00716482 0.00612302 0.0060136 0.00521689 0.00500087 0.00503801 0.00470488 0.00455664 0.00439747 0.00433378 0.00423925 0.00412442 
0.0927359 0.0239181 0.0155296 0.0128634 0.0110805 0.00951744 0.00872819 0.00767885 0.00732696 0.00692823 0.00667207 0.00620905 0.00581539 0.00544562 0.00519448 0.0049719 0.00510162 0.00465518 0.00444346 0.00428665 
0.113866 0.0290795 0.0206908 0.0143585 0.0106402 0.00978301 0.00874411 0.00755645 0.00682292 0.00672514 0.0061592 0.00580765 0.00539944 0.00526179 0.00503316 0.00484664 0.00453342 0.00438047 0.00434095 0.00419912 
0.0976816 0.0296635 0.0209349 0.0141552 0.012105 0.00922113 0.00712379 0.00653489 0.0061303 0.00604261 0.00508607 0.00504845 0.00483752 0.00498552 0.00492892 0.00469017 0.00477062 0.00461316 0.00438147 0.00438957 
0.080414 0.0272503 0.0190468 0.014528 0.0107035 0.0091813 0.00810597 0.00750533 0.00704128 0.00663435 0.0061807 0.00600013 0.00588306 0.00533063 0.00518329 0.00494991 0.00484402 0.00467889 0.00457525 0.00435389 
0.129574 0.0361691 0.0232134 0.0144062 0.0101598 0.00876727 0.00762459 0.00723746 0.00658883 0.00621252 0.00577696 0.00538218 0.00526772 0.00494905 0.00478484 0.0046667 0.0045397 0.00452053 0.00439488 0.00425951 
0.111022 0.0401448 0.0232538 0.0176359 0.0122897 0.0109295 0.00840918 0.00753353 0.00676256 0.00668817 0.00630561 0.00617008 0.0056926 0.00568865 0.00542114 0.00505124 0.00474988 0.00460942 0.00447176 0.00411312 
0.112532 0.0282592 0.0170464 0.0135472 0.0131648 0.011031 0.0091449 0.00826842 0.00728435 0.00660946 0.00600292 0.00600229 0.00548493 0.00509943 0.00481378 0.0046011 0.00442397 0.00420249 0.00395253 0.00397595 
0.113647 0.0275289 0.0177667 0.0123347 0.0104734 0.00845677 0.00680848 0.00627903 0.00622211 0.0057446 0.00572848 0.0058427 0.00545263 0.00528289 0.00499803 0.00478052 0.00460967 0.00451487 0.00433059 0.00408655 
0.0877369 0.0311956 0.0188482 0.0138463 0.0108485 0.00810406 0.00710088 0.00711794 0.00671113 0.00604594 0.00563322 0.00507954 0.00502995 0.00485247 0.00483247 0.00467629 0.00467429 0.00446285 0.00436296 0.00428105 
0.135989 0.033512 0.0183152 0.0139233 0.0126582 0.0109905 0.0104076 0.00863514 0.00783372 0.00705795 0.0065003 0.0060493 0.00532656 0.00514667 0.00473842 0.00451299 0.00448105 0.00434093 0.00409722 0.00406809 
0.108256 0.0247883 0.0166331 0.0147839 0.0114879 0.00954259 0.00884693 0.00803015 0.00713817 0.00709747 0.0066988 0.00618353 0.00563187 0.00558565 0.00545032 0.00531406 0.00491478 0.00458021 0.00468777 0.00463379 
0.124826 0.0346621 0.0235529 0.0153265 0.0118777 0.0089985 0.00797312 0.00768657 0.00666184 0.00586866 0.00539044 0.0050983 0.00480688 0.00465579 0.00465419 0.00460043 0.00431327 0.00419167 0.00417791 0.00424728 
0.109361 0.0298201 0.0177898 0.0133384 0.0107914 0.00917635 0.00789524 0.00723311 0.00618457 0.00582809 0.00555204 0.00503986 0.00487251 0.00463089 0.00464368 0.00446886 0.00420546 0.00401394 0.00401987 0.0039559 
0.0875032 0.029622 0.0166045 0.0140277 0.012998 0.0105534 0.00975118 0.00817364 0.00741027 0.00661956 0.00619513 0.00564453 0.00541988 0.00541277 0.0049563 0.00456802 0.00437914 0.0042742 0.00411006 0.00398321 
0.1221 0.0286434 0.0179969 0.0138166 0.011653 0.0107261 0.00882755 0.00775593 0.00677384 0.00629555 0.00561517 0.00516202 0.00503279 0.00487018 0.00489803 0.00476746 0.00459652 0.00448726 0.00427501 0.00400638 
0.0846986 0.0270334 0.0184146 0.0159437 0.0126243 0.00996574 0.00773324 0.00786246 0.00682208 0.00655099 0.00621158 0.00577577 0.00567191 0.0052566 0.00493666 0.00464178 0.00451695 0.00435161 0.00392834 0.00394295 
0.0889422 0.0246312 0.0179593 0.0128217 0.0121086 0.0101902 0.00889623 0.00772354 0.00656559 0.00602232 0.0059122 0.00573878 0.00559914 0.00520316 0.00494145 0.00475041 0.00463454 0.00463008 0.00452537 0.00457643 
0.100955 0.0358111 0.0203713 0.0149024 0.0124103 0.010175 0.00864051 0.00717407 0.00678225 0.00640651 0.00604144 0.00572 0.00540916 0.00509721 0.0048868 0.00489266 0.00476913 0.00458184 0.00458996 0.00437685 
0.0816985 0.0302448 0.0166446 0.0117765 0.00928911 0.008291 0.00744444 0.00682687 0.00599618 0.00519653 0.00513954 0.00475645 0.00436718 0.00408267 0.00385533 0.00374528 0.00342695 0.00327484 0.00331183 0.00336704 
0.109533 0.0284068 0.0204093 0.0136699 0.0107086 0.00913149 0.00841436 0.00720536 0.00688311 0.00566697 0.00531082 0.00537882 0.00504007 0.00511863 0.00475231 0.00447759 0.0042949 0.00407124 0.00406852 0.00399753 
0.118099 0.0216916 0.0136757 0.00973988 0.00844144 0.00720255 0.0072743 0.00709707 0.00634534 0.00608517 0.00568993 0.00534748 0.00511014 0.00484801 0.00469266 0.00450662 0.00421896 0.00417141 0.00400929 0.00389352 
0.0975662 0.0298969 0.0178904 0.0167655 0.0128808 0.01068 0.00896029 0.00807933 0.00766308 0.00696288 0.0063002 0.00613042 0.00589113 0.0055641 0.0053589 0.00517494 0.00509868 0.00470432 0.00446056 0.00429216 
0.117167 0.029677 0.0172405 0.0143494 0.0107506 0.00814942 0.00741475 0.00673486 0.00633817 0.00615683 0.00570615 0.00533703 0.0049917 0.00467676 0.00445026 0.00455639 0.0043761 0.00405793 0.00389561 0.00374299 
0.0762394 0.0275297 0.0165116 0.0131357 0.0099618 0.00941619 0.00760447 0.00655905 0.00596154 0.00576605 0.00548999 0.00515929 0.00483548 0.00486713 0.00484925 0.00464656 0.00470984 0.00449408 0.00442082 0.00426593 
0.0947896 0.0323419 0.013962 0.0122984 0.00982531 0.00880627 0.00794073 0.00711185 0.00693602 0.00616107 0.00571359 0.00556588 0.00512976 0.00505331 0.00511872 0.00489992 0.00483935 0.00455028 0.0043385 0.00425971 
0.0925155 0.0226146 0.0156956 0.012706 0.00973132 0.00821147 0.00725136 0.00692259 0.00670712 0.00623856 0.00596137 0.00575077 0.00533572 0.00512384 0.00463332 0.00449313 0.00431434 0.00428839 0.0041536 0.00418714 
0.112538 0.0340521 0.017976 0.0126782 0.00920109 0.00874087 0.00765155 0.00740581 0.00660324 0.00602405 0.00583068 0.00547337 0.00553332 0.00509145 0.00493639 0.00479411 0.00471441 0.00464685 0.00431364 0.00417241 
