0.120102 0.0207111 0.0152363 0.0115237 0.0115546 0.0098051 0.00873346 0.00864894 0.0081541 0.0078197 0.00764056 0.00749355 0.00715629 0.00696972 0.00684758 0.00673148 0.00670844 0.00660728 0.00647673 0.0064422 
0.117731 0.0223897 0.015338 0.0125351 0.0100724 0.00952903 0.00853523 0.00788305 0.00772972 0.00742977 0.00734651 0.00712516 0.0069115 0.00668948 0.00659221 0.00650013 0.00639308 0.00632834 0.00630347 0.00629164 
0.0964607 0.0209962 0.0127379 0.0113741 0.0107448 0.0100318 0.00966347 0.00910962 0.00864833 0.00821546 0.00787274 0.00750809 0.00756 0.00739366 0.00720135 0.00703447 0.00698724 0.00697077 0.00683165 0.00683393 
0.123956 0.0229522 0.0154275 0.0114152 0.0100194 0.00971019 0.0094444 0.00887498 0.00819333 0.00772044 0.00761412 0.00746325 0.00725178 0.00719261 0.00702384 0.00692233 0.00690662 0.00676743 0.00663662 0.0065865 
0.101633 0.0195324 0.0135701 0.010645 0.00951505 0.00836211 0.00829353 0.00775776 0.00772886 0.00730051 0.0071015 0.00709294 0.00692045 0.00693768 0.00690721 0.00686137 0.00671663 0.00660967 0.00655035 0.00644867 
0.0864878 0.020685 0.0130531 0.0109325 0.00977078 0.00890062 0.00845227 0.00786983 0.00746293 0.00723074 0.00716075 0.00708919 0.00711287 0.00698263 0.00694292 0.00688606 0.00680692 0.00671817 0.00665457 0.00657048 
0.0946014 0.0259292 0.016214 0.0130383 0.011182 0.0102707 0.00948186 0.00882083 0.00825114 0.00795425 0.00762217 0.00757193 0.00758872 0.00739149 0.00744069 0.00741392 0.00722304 0.00719307 0.00710435 0.00702587 
0.105755 0.021085 0.0140249 0.0110701 0.00965432 0.00949685 0.00883227 0.00849124 0.00838985 0.0081314 0.0081271 0.00771808 0.00752905 0.00724791 0.00707706 0.00697607 0.00692585 0.00686547 0.00689913 0.00682851 
0.120036 0.0205954 0.0137765 0.0111683 0.0101172 0.00934415 0.00862109 0.00811781 0.00726504 0.00696833 0.0066362 0.00669018 0.00656088 0.00660231 0.00642167 0.00655551 0.00651999 0.00650262 0.00655472 0.00638662 
0.113096 0.0180399 0.0132147 0.0110665 0.00965373 0.00916177 0.00908507 0.0085524 0.00837078 0.00799609 0.00769996 0.00736452 0.00724864 0.00712234 0.00698497 0.00687453 0.00678714 0.00679144 0.00667149 0.00661475 
0.102864 0.0220194 0.0157865 0.0137488 0.010703 0.00980451 0.00912381 0.00832813 0.00794981 0.00771235 0.0076444 0.0074945 0.00753123 0.00737456 0.0071986 0.00709972 0.00698341 0.00690411 0.00690692 0.00687977 
0.113974 0.0234725 0.0152277 0.0114174 0.0100059 0.00903948 0.00813124 0.00777105 0.00773786 0.00720745 0.00706679 0.00676227 0.00662708 0.00651229 0.00639997 0.00632924 0.0062337 0.00613958 0.00602858 0.00598422 
0.0966773 0.0220455 0.0152566 0.0124048 0.0106448 0.00971865 0.00825889 0.00756235 0.00744734 0.00734184 0.0072849 0.00722943 0.00703465 0.0068638 0.00671383 0.00655572 0.00640915 0.00618656 0.00608867 0.00604625 
0.113435 0.0251067 0.0150619 0.0112216 0.0102222 0.0089568 0.00829082 0.00824689 0.00812869 0.00780074 0.00790856 0.00775436 0.00768084 0.0075437 0.00748316 0.00738591 0.00731656 0.00729122 0.00718624 0.00718395 
0.0990992 0.019478 0.0149095 0.013013 0.0107938 0.0105627 0.00918675 0.00875567 0.0084435 0.00827552 0.00796488 0.00775027 0.00771837 0.0077583 0.00749155 0.00746826 0.00744581 0.00730925 0.0072822 0.00719133 
0.127201 0.0219234 0.0131838 0.0115905 0.0103962 0.00977456 0.00847111 0.00792218 0.00763999 0.00755605 0.0073823 0.0071527 0.00696779 0.00687804 0.00675915 0.00672634 0.00661769 0.00651736 0.00643719 0.00634955 
0.0821469 0.0232487 0.013464 0.0106729 0.00955988 0.00840499 0.00782968 0.0077414 0.00725638 0.00717254 0.00710326 0.0069984 0.00699433 0.00690975 0.00681862 0.00672422 0.0067211 0.00663539 0.00653418 0.0064522 
0.120187 0.0217066 0.0151496 0.0119354 0.0093621 0.0086702 0.0084684 0.00821432 0.00780408 0.00764189 0.00734694 0.00706274 0.00681621 0.00682633 0.00683012 0.00667151 0.00650555 0.00643194 0.00630505 0.00623375 
0.111509 0.0230935 0.0123062 0.0105248 0.00996137 0.00910726 0.00877607 0.00819704 0.00796453 0.00795246 0.00763885 0.00733329 0.00733458 0.00700467 0.00676889 0.00681732 0.0066882 0.00659282 0.00657734 0.00653756 
0.117387 0.0193211 0.0139709 0.0109436 0.00983422 0.00888677 0.00832226 0.00799538 0.00772527 0.00727302 0.00709332 0.0069252 0.00683008 0.00672289 0.00659276 0.00659559 0.00648991 0.00644978 0.0063554 0.00631963 
0.115201 0.0259122 0.0142789 0.0119261 0.00993571 0.009706 0.00904354 0.00863021 0.00811815 0.00788183 0.00772427 0.00748852 0.00716278 0.00699259 0.00691291 0.00682969 0.00673698 0.00665916 0.00659761 0.0065161 
0.111781 0.0238354 0.0133061 0.0114563 0.0107857 0.0103822 0.0094153 0.00877291 0.00844081 0.00820285 0.00811595 0.00791804 0.00792862 0.00773159 0.00762989 0.00734465 0.00737678 0.00731741 0.00720854 0.00707047 
0.101898 0.0231239 0.0147857 0.0115821 0.0097288 0.00922015 0.00837062 0.00841895 0.00805288 0.00808094 0.00762479 0.00726976 0.00707871 0.00696822 0.00687286 0.00678721 0.00669527 0.00653321 0.00646825 0.00636838 
0.113272 0.0218633 0.0142761 0.0110845 0.0102518 0.00932349 0.00870164 0.00823073 0.00779906 0.00747958 0.00712404 0.00708044 0.00679073 0.00672577 0.00661777 0.00648992 0.00645002 0.00642995 0.00634379 0.00634535 
0.120888 0.0262628 0.0169329 0.0123181 0.0109262 0.00995442 0.00949031 0.00905917 0.00822353 0.00806884 0.00773889 0.00736871 0.00715908 0.00694397 0.00686411 0.00677709 0.00681255 0.00672502 0.00671263 0.00672469 
0.103189 0.0226734 0.0152913 0.0118706 0.00982241 0.00951529 0.00889325 0.00815844 0.00792954 0.0077395 0.00755434 0.00721429 0.00715782 0.00705971 0.00686469 0.00674285 0.00671904 0.00661706 0.00658811 0.00654957 
0.106053 0.022811 0.0136828 0.0114397 0.00996692 0.00930933 0.00824656 0.00779001 0.00740614 0.00723994 0.00709904 0.0069984 0.00680722 0.00679955 0.00663774 0.0066383 0.0065858 0.00652937 0.00659458 0.00651459 
0.130174 0.0202583 0.0132919 0.00995546 0.00941028 0.0084742 0.0080498 0.00750689 0.00715376 0.00701065 0.00686409 0.00683207 0.00673938 0.00651691 0.00637786 0.00636403 0.00633336 0.0062733 0.00622054 0.0062084 
0.100901 0.0234181 0.0142874 0.0111172 0.00974256 0.00934848 0.00884995 0.00798569 0.00770826 0.00750375 0.00742628 0.00715343 0.0069672 0.0069344 0.00681817 0.00666741 0.00665974 0.00662082 0.00650813 0.00648827 
0.108629 0.0223162 0.0133359 0.0106595 0.00921671 0.00815095 0.00801093 0.00748702 0.00733545 0.0071484 0.00687924 0.00670354 0.00665258 0.00656334 0.00652549 0.00635197 0.00636148 0.0063557 0.00626168 0.00620844 
0.0812865 0.0190919 0.0117945 0.0103404 0.0096511 0.00890415 0.00814905 0.0076984 0.00727273 0.00707329 0.00714176 0.00678122 0.00672966 0.00680692 0.00667675 0.00654539 0.00641956 0.00637483 0.00628127 0.00619088 
0.111311 0.0215109 0.015051 0.0114565 0.00943059 0.00884686 0.00828914 0.00790817 0.00733335 0.00672669 0.0066204 0.00648939 0.00645952 0.00644993 0.0063906 0.00630586 0.00621633 0.00616469 0.00616453 0.00615369 
0.106551 0.0224693 0.0142738 0.0119592 0.010225 0.00902659 0.00816736 0.00758461 0.00724393 0.00707353 0.00712221 0.00703294 0.00689301 0.00678462 0.00679281 0.00660746 0.00648788 0.00637555 0.00630782 0.00626626 
0.0840857 0.0243406 0.0151047 0.0115548 0.010183 0.00949703 0.00889833 0.0080005 0.00751671 0.00733 0.00727045 0.00727271 0.00704526 0.00691123 0.00688536 0.00676879 0.00665655 0.0066603 0.00661281 0.00654469 
0.125902 0.0206409 0.0143094 0.0118725 0.00964101 0.00954283 0.00884047 0.00838871 0.00771308 0.00727578 0.00725088 0.00726616 0.00721201 0.00704916 0.00697201 0.00693978 0.00675747 0.00664534 0.0064652 0.0063395 
0.0943637 0.0241845 0.0143403 0.0123563 0.0114527 0.00996372 0.00881314 0.00834915 0.00805246 0.00781722 0.00761081 0.00725496 0.00715186 0.00716291 0.00702462 0.00696891 0.0068987 0.00674795 0.00667357 0.00673075 
0.096761 0.0199358 0.0114849 0.0100215 0.00840411 0.00821444 0.00759865 0.00728518 0.00693129 0.00672482 0.00668436 0.00647464 0.00627613 0.00615161 0.00612154 0.00606464 0.00601242 0.00590993 0.00580538 0.00586392 
0.122775 0.0256182 0.0146174 0.0116113 0.00956648 0.00944148 0.00897619 0.00801204 0.0076468 0.00725696 0.00702644 0.0068961 0.00682962 0.00660673 0.00662529 0.00639961 0.00618023 0.00609912 0.00607512 0.0060481 
0.107874 0.0244354 0.0164088 0.0118277 0.0104408 0.00902295 0.00847003 0.00830499 0.00795024 0.00769604 0.0074361 0.00734296 0.00723118 0.00724423 0.00704596 0.00695593 0.00696663 0.00690376 0.0068106 0.00675928 
0.0863745 0.0197513 0.0121046 0.00967005 0.00911145 0.00792475 0.00736049 0.00730956 0.00728144 0.00709934 0.00711545 0.00698794 0.00694624 0.00689714 0.006849 0.00675844 0.00663895 0.00659062 0.00658114 0.0066258 
0.122951 0.0162576 0.0130205 0.0118041 0.0101097 0.00941301 0.00829069 0.00780572 0.00731188 0.00696364 0.00684877 0.00673752 0.00666933 0.00663752 0.00649155 0.00633169 0.00628312 0.00620928 0.00613236 0.00610347 
0.0856373 0.0212089 0.0162852 0.0120935 0.0100828 0.00929715 0.00854728 0.00786651 0.00752133 0.00748215 0.0071503 0.00706652 0.00698383 0.00683528 0.00683696 0.00671223 0.0067001 0.00664594 0.00664926 0.00654049 
0.110573 0.0198707 0.0129874 0.0101818 0.00854815 0.00839222 0.00777237 0.00755536 0.00728058 0.00717832 0.0071195 0.00712375 0.00694774 0.00679683 0.00668597 0.00661064 0.00647497 0.00640521 0.00642011 0.00634846 
0.120765 0.0244716 0.0153214 0.0113526 0.00921647 0.0086273 0.00810429 0.00773041 0.00747369 0.00739184 0.00736217 0.0070775 0.00690666 0.00693051 0.00680386 0.00670307 0.00657191 0.00653829 0.0065495 0.00651206 
0.0868076 0.0239959 0.014219 0.0117451 0.0104363 0.00944686 0.00843703 0.00788609 0.00765599 0.00745957 0.00730036 0.00722726 0.00691901 0.00691267 0.00688316 0.00680507 0.0066471 0.00661204 0.00659925 0.00650683 
0.130688 0.020813 0.0156936 0.0122733 0.0103832 0.00897162 0.008568 0.00844379 0.00780973 0.00767726 0.00756872 0.00705763 0.00701896 0.00685551 0.00671112 0.0066762 0.00664453 0.00657869 0.00645986 0.0063383 
0.113925 0.0213363 0.013751 0.011219 0.0096716 0.00872348 0.00829098 0.00780094 0.00735345 0.0073422 0.00726938 0.00684687 0.00658784 0.00647022 0.00637377 0.00626534 0.00610517 0.00601698 0.00604317 0.00603391 
0.128163 0.0225802 0.0140484 0.0117739 0.0109366 0.0098861 0.00938741 0.00906596 0.00887477 0.00847543 0.00809433 0.00794565 0.0078246 0.00758037 0.00728467 0.00716178 0.00702453 0.00703717 0.0069851 0.00686699 
0.109197 0.0216775 0.0139848 0.0110393 0.00941225 0.00860693 0.00778605 0.00735063 0.00682223 0.00698589 0.00696827 0.00678621 0.00660018 0.00656395 0.00641133 0.00621022 0.00629164 0.00624016 0.00619228 0.00615314 
0.113842 0.0218265 0.0144209 0.0113567 0.0106706 0.0100674 0.00905242 0.00870012 0.00840195 0.00806605 0.00777367 0.00756207 0.00741612 0.00721149 0.00714594 0.00708883 0.00693979 0.00694088 0.00683343 0.00678668 
