0.0912752 0.021415 0.0156431 0.0129403 0.0112688 0.00978708 0.00888259 0.00822316 0.00777731 0.00722973 0.00706379 0.00633369 0.00595906 0.00576646 0.00546686 0.00532481 0.00531207 0.0051685 0.00514424 0.00503745 
0.0906908 0.0235501 0.013589 0.00975897 0.00855558 0.0073436 0.00700793 0.00646077 0.00623093 0.00596311 0.00578862 0.00554018 0.00516511 0.00511659 0.00495955 0.00468021 0.00440278 0.00419399 0.0041222 0.00403351 
0.0951642 0.0248021 0.0186788 0.0147256 0.0105008 0.00954628 0.00840423 0.0078076 0.00787261 0.00719655 0.00687918 0.00603577 0.00574003 0.00562476 0.00524272 0.0048563 0.00471964 0.00468104 0.00448511 0.0044405 
0.0897509 0.023424 0.0184203 0.0135648 0.0107216 0.00985516 0.0084151 0.00792658 0.00739047 0.00664108 0.00641633 0.00611657 0.00597219 0.0055715 0.00524072 0.00516077 0.00519472 0.00519039 0.00523148 0.00507703 
0.113715 0.0348612 0.0215245 0.016206 0.0129109 0.0102617 0.00902518 0.00863184 0.00780707 0.00668517 0.00615015 0.00572379 0.00569108 0.00536299 0.00499595 0.00492719 0.00483004 0.00470743 0.0047898 0.0046415 
0.126084 0.0270067 0.0168129 0.0118197 0.0120516 0.0098084 0.00879019 0.00748767 0.00705912 0.00673109 0.00627901 0.00579222 0.00558265 0.00553976 0.00528326 0.00502781 0.00493726 0.00479068 0.00465968 0.00456737 
0.0887692 0.0296577 0.0171283 0.0124462 0.0111248 0.010258 0.00896453 0.00726791 0.00720285 0.0065557 0.00647963 0.00613176 0.00569936 0.0056876 0.00557761 0.00526978 0.00494002 0.00487644 0.00470594 0.00465404 
0.110385 0.0289783 0.0161607 0.0124391 0.0103892 0.00818925 0.00748463 0.00725749 0.00704322 0.00679565 0.00607586 0.00534676 0.00513946 0.0048938 0.00485771 0.00472519 0.00456006 0.00449897 0.00436275 0.00423548 
0.108645 0.0245475 0.0167977 0.0149731 0.0120421 0.0101984 0.00993102 0.00825437 0.00783372 0.00662435 0.00609309 0.00568715 0.00554645 0.00556289 0.00539631 0.00515201 0.00492116 0.00473907 0.00464217 0.00457069 
0.121919 0.0331313 0.0204813 0.014144 0.0117624 0.00990092 0.00904808 0.00816843 0.00769228 0.00694288 0.00638898 0.005793 0.00573127 0.00550162 0.00558872 0.00541759 0.00539625 0.00533554 0.00487086 0.00486081 
0.0963834 0.0296557 0.0175155 0.013634 0.0105454 0.00915106 0.00787113 0.00696934 0.00656231 0.00628478 0.00583437 0.00576894 0.00534921 0.00534741 0.00520118 0.00496575 0.00497968 0.0048735 0.00492573 0.00484247 
0.0797374 0.0328196 0.0193619 0.0136137 0.0112143 0.00919666 0.00805783 0.00687167 0.00623218 0.00587973 0.0055835 0.00520657 0.00534466 0.004999 0.00507754 0.00495107 0.00484924 0.00457272 0.00458196 0.00459111 
0.0892152 0.0350884 0.0216763 0.0171412 0.0142626 0.0109016 0.00982225 0.00867713 0.00753768 0.00715108 0.00656991 0.00655558 0.00635742 0.00606427 0.00585389 0.00562646 0.00548287 0.00523622 0.00508277 0.00488477 
0.0977164 0.0310363 0.0158003 0.0145483 0.0122388 0.0112627 0.00883871 0.00784556 0.0073547 0.00683817 0.00646972 0.00629432 0.00598093 0.00538001 0.00536126 0.00506369 0.0049949 0.00474921 0.00460765 0.00439082 
0.0845255 0.0234018 0.0151415 0.0110783 0.00858156 0.00697561 0.00622361 0.00622039 0.00540148 0.00538518 0.00529885 0.00508781 0.00497162 0.00473203 0.00448274 0.00432212 0.00441072 0.00451455 0.00434318 0.00422787 
0.103192 0.0327201 0.019947 0.0147807 0.0132875 0.0105457 0.00899212 0.00777863 0.00745098 0.00681921 0.00606816 0.00580333 0.00591152 0.00565665 0.00549091 0.00517701 0.00502147 0.00483091 0.00469373 0.00455699 
0.119954 0.0391559 0.0227457 0.0191679 0.0146623 0.012338 0.0113373 0.00915947 0.00768101 0.00753773 0.00677798 0.006547 0.00625437 0.00614589 0.00584054 0.00561354 0.00548423 0.00546151 0.00546227 0.00512863 
0.13232 0.0283427 0.0156977 0.0154387 0.0114558 0.00991014 0.00902301 0.00747139 0.00690936 0.00645345 0.00595527 0.0057398 0.00555288 0.00519553 0.00516249 0.00490495 0.00482374 0.004865 0.00463543 0.00454901 
0.0982461 0.0296579 0.0216475 0.0160159 0.0116412 0.00989072 0.00914996 0.00875939 0.00763241 0.00714748 0.0074318 0.0069342 0.00647512 0.00641576 0.00610019 0.00577692 0.00566025 0.00531053 0.00511151 0.00486954 
0.0866142 0.0361561 0.0204662 0.0147308 0.0113361 0.00968064 0.0083146 0.00717776 0.00616093 0.00578597 0.00561739 0.00521639 0.00529722 0.00515386 0.00499263 0.00493384 0.00491103 0.00477454 0.00453614 0.00429457 
0.0902022 0.0333704 0.0210564 0.0151657 0.0130165 0.0112215 0.00958214 0.00827064 0.00725816 0.00645254 0.0063196 0.00559306 0.00509731 0.00494612 0.00498984 0.00493373 0.0048136 0.00457018 0.004358 0.00430262 
0.103299 0.0228454 0.0184202 0.015327 0.0123698 0.0105237 0.00938781 0.00851179 0.00788121 0.00689911 0.00602541 0.0059974 0.00581802 0.00555031 0.00539832 0.00529152 0.00511991 0.00489363 0.00491672 0.00483627 
0.0865028 0.0230799 0.0137074 0.00989113 0.008631 0.00860996 0.00840183 0.00828233 0.00813631 0.00838017 0.00764189 0.00695216 0.00655146 0.00611629 0.0058945 0.00563216 0.0055592 0.00541061 0.00520973 0.00514482 
0.089364 0.0288447 0.0199045 0.0132623 0.0119758 0.0116368 0.00976499 0.00868481 0.00781217 0.00685934 0.00655754 0.00635301 0.00584391 0.00580238 0.00554394 0.0054049 0.00543289 0.00534622 0.00515883 0.00500735 
0.0698059 0.0289281 0.0177046 0.0147952 0.0105609 0.00967713 0.00856824 0.00797763 0.00784519 0.00699386 0.00639367 0.00587105 0.00561883 0.00538251 0.00551624 0.00540512 0.00499805 0.00481815 0.00473348 0.00467298 
0.0967085 0.0290208 0.0178929 0.0120357 0.0105952 0.00892209 0.00795391 0.00748968 0.0075764 0.00719516 0.00709911 0.00656043 0.00631755 0.006043 0.00600802 0.00572072 0.00556969 0.00537207 0.00523509 0.00512041 
0.0911647 0.0301796 0.0210748 0.014034 0.0116985 0.0103058 0.00806593 0.00752388 0.00671839 0.00656933 0.00582113 0.00576084 0.0056709 0.00589742 0.00541866 0.00550464 0.00525537 0.00515797 0.0049777 0.00475318 
0.109831 0.0254656 0.0181514 0.0147875 0.0109343 0.00933188 0.00835427 0.00759894 0.00686368 0.00652045 0.00619312 0.00579184 0.00530126 0.00482722 0.00488425 0.00460808 0.00451535 0.00434978 0.00437516 0.00432691 
0.113499 0.0387849 0.02133 0.0147672 0.0122727 0.00985891 0.00918595 0.00865379 0.00812399 0.00716776 0.00674797 0.00668744 0.00614535 0.00591234 0.00569651 0.00540472 0.00530065 0.00501081 0.00480943 0.00474236 
0.0898681 0.0261383 0.0177701 0.0137933 0.0118406 0.00914885 0.00840499 0.00759191 0.00735479 0.00650409 0.00618461 0.00572687 0.00558663 0.00537043 0.00524883 0.00505416 0.00495563 0.00464731 0.00447876 0.00424901 
0.0832094 0.0263111 0.0185762 0.0138572 0.0113129 0.00922283 0.00889625 0.0085969 0.00728087 0.00657953 0.00606784 0.00558703 0.00529919 0.00505229 0.00498741 0.00469006 0.00457071 0.00448056 0.00440503 0.00419914 
0.0883937 0.0244899 0.0182229 0.011534 0.00902004 0.00811481 0.0073612 0.00699802 0.006578 0.00618499 0.00599537 0.00586962 0.00546103 0.00508646 0.00502429 0.00479595 0.00460788 0.00463188 0.00440923 0.00430631 
0.102715 0.0235253 0.0192609 0.0150797 0.0136177 0.0102819 0.00940588 0.00840345 0.00823751 0.0072434 0.00690069 0.00651446 0.0062525 0.0061963 0.00589296 0.00557484 0.00557311 0.00556646 0.00552125 0.00541155 
0.103969 0.031508 0.0145476 0.0117823 0.0109809 0.00966258 0.00788645 0.00747905 0.00640151 0.00610044 0.00568842 0.00547089 0.00510965 0.00501753 0.00480141 0.00467412 0.00452358 0.00459686 0.00472062 0.00462765 
0.0950365 0.0249337 0.0168853 0.0138975 0.0110043 0.00969744 0.00810003 0.00700111 0.00616575 0.00567971 0.00551366 0.00524607 0.00534474 0.00523491 0.00540818 0.00501535 0.00486353 0.00482145 0.00466474 0.00444467 
0.0893351 0.029616 0.0179347 0.0123817 0.010505 0.0091011 0.00788785 0.00726862 0.00699385 0.00605877 0.00576402 0.00562337 0.00541445 0.00539081 0.00523812 0.00510851 0.00518098 0.00483129 0.00469915 0.00466849 
0.104233 0.0267266 0.0156497 0.0112363 0.0104393 0.00958754 0.00819121 0.00796965 0.00650997 0.00612776 0.00596417 0.00554266 0.00522675 0.00515926 0.00488703 0.00477715 0.0048731 0.00482761 0.00481215 0.00455794 
0.0907607 0.0289435 0.0207699 0.0151345 0.0114052 0.00940651 0.0079807 0.00716171 0.0071957 0.00670267 0.00637401 0.00612683 0.00573131 0.00561136 0.00537965 0.00522223 0.00512747 0.00497379 0.00479802 0.00453728 
0.110337 0.0277953 0.015804 0.0113479 0.00939004 0.00890356 0.00827158 0.00714918 0.00706324 0.00648341 0.00613154 0.00581352 0.00555148 0.00519149 0.00501677 0.00456049 0.00450943 0.00452903 0.00442949 0.00443689 
0.0950443 0.0264448 0.016664 0.0122616 0.0119481 0.0107441 0.00896899 0.00847426 0.00779749 0.00748522 0.00665062 0.0062596 0.00590183 0.00570696 0.00560978 0.00535073 0.00517635 0.00498261 0.00468858 0.00468645 
0.098198 0.0355117 0.0165715 0.0127266 0.0110066 0.00906036 0.00812123 0.00764704 0.00711229 0.00674827 0.00642738 0.00598528 0.00569417 0.00540739 0.00528412 0.00516844 0.00492555 0.00460741 0.00448219 0.00428624 
0.100219 0.0317912 0.0184357 0.0149846 0.0116706 0.0105831 0.00849861 0.00797663 0.00753163 0.00682278 0.0061374 0.00566996 0.00552101 0.00520303 0.00508296 0.00492631 0.00467634 0.00443347 0.00436324 0.00436072 
0.0966469 0.0327482 0.0186198 0.0151423 0.0124897 0.0115341 0.00954919 0.0091356 0.00822028 0.00776947 0.00747942 0.00700081 0.00661085 0.00655027 0.00626995 0.00610729 0.00568704 0.00548039 0.00524859 0.00520642 
0.114576 0.0329992 0.0180293 0.0128873 0.0122703 0.0102663 0.00885907 0.007935 0.00707628 0.00625438 0.00581394 0.00537908 0.00541166 0.00502463 0.00466502 0.00450457 0.00456624 0.00461206 0.00471458 0.00462962 
0.106778 0.0268493 0.0178457 0.0140081 0.0116519 0.0102208 0.0100518 0.00837643 0.00800339 0.00768036 0.00689718 0.00635191 0.00612843 0.0060031 0.00566792 0.00536843 0.00518639 0.00508038 0.00490944 0.00475044 
0.115014 0.0332278 0.020895 0.0151473 0.0125578 0.0102207 0.008244 0.00719974 0.00630588 0.00578612 0.00536828 0.00504513 0.004712 0.00462237 0.00455867 0.00454825 0.00442302 0.00438534 0.00438325 0.00433205 
0.101763 0.0275739 0.0164864 0.0143829 0.0123251 0.0100384 0.0091259 0.00756722 0.00700914 0.00656109 0.00599654 0.00587914 0.00581454 0.00548071 0.00528896 0.00499735 0.00504322 0.00482905 0.00477223 0.00454712 
0.110265 0.0295315 0.0182827 0.0141614 0.012006 0.0102707 0.00915953 0.00818195 0.00831121 0.00738752 0.00690224 0.00640099 0.00615253 0.00587075 0.00582876 0.00547408 0.00529141 0.00512632 0.00502721 0.00491183 
0.0834696 0.0334819 0.0156951 0.0135031 0.0117535 0.00927112 0.0084466 0.00814778 0.00720414 0.00657266 0.00669727 0.00649225 0.00585282 0.00562652 0.00553461 0.00525121 0.0051932 0.00505147 0.00495943 0.00483579 
0.0914108 0.0320658 0.0194499 0.0153986 0.0123382 0.010812 0.00858997 0.00794956 0.00773184 0.00685841 0.00617655 0.00587488 0.00576482 0.00567338 0.00554174 0.0055003 0.00531383 0.00515956 0.00503612 0.00501654 
