0.0983462 0.0194775 0.0129552 0.00985359 0.00852659 0.00729444 0.00614159 0.00551198 0.00477489 0.00481469 0.00459213 0.00434821 0.00426883 0.00422947 0.00422334 0.00407444 0.004067 0.00401129 0.0039566 0.00383673 
0.0818307 0.0179781 0.0110231 0.00787196 0.00699646 0.00640128 0.00573335 0.00513358 0.0049723 0.00492987 0.00464711 0.00464378 0.00441042 0.00450097 0.00430471 0.00430283 0.00413059 0.00409425 0.00396308 0.00390253 
0.0883015 0.0149215 0.00962136 0.00795431 0.00664638 0.00572637 0.0049059 0.00473167 0.00449907 0.00416912 0.00403028 0.00391131 0.00377288 0.00365199 0.00358993 0.00354363 0.00347401 0.0034901 0.00343467 0.00342547 
0.0968534 0.0196706 0.0105545 0.0083272 0.00733166 0.00657065 0.00547897 0.00477459 0.00467391 0.00449322 0.00430895 0.00414201 0.00401501 0.00401326 0.00405053 0.0039592 0.00393552 0.00390661 0.00388816 0.00382498 
0.104279 0.0154668 0.0102221 0.00765882 0.00657123 0.0061983 0.0061107 0.00576935 0.00532805 0.00491549 0.00466968 0.00445341 0.00441767 0.00429428 0.0041941 0.00409491 0.00395055 0.00387248 0.00382536 0.00370808 
0.0990918 0.02322 0.0120843 0.0100787 0.00812903 0.007133 0.00635287 0.00585578 0.00555727 0.00519162 0.0048855 0.00477499 0.00462922 0.0045991 0.00457766 0.0044189 0.00432392 0.00420229 0.00408332 0.00404489 
0.114928 0.0190315 0.0105062 0.00837613 0.0068557 0.00542558 0.00484934 0.00464678 0.00462269 0.00442633 0.00428622 0.00421977 0.00425319 0.00417554 0.00406343 0.0039913 0.0039473 0.00391515 0.00388263 0.00387045 
0.119726 0.0180312 0.0122987 0.00815492 0.0073624 0.00566708 0.0055488 0.00519855 0.00512493 0.00467606 0.00454427 0.00424258 0.00416614 0.00400929 0.0038938 0.00381844 0.00382552 0.00371963 0.00363428 0.00358408 
0.113321 0.0187052 0.0107927 0.00899089 0.00704055 0.00602981 0.00611646 0.00558862 0.00509407 0.00478396 0.0044991 0.00455257 0.00434981 0.0040934 0.0038951 0.00382335 0.00367022 0.00363362 0.00353641 0.00346775 
0.114077 0.0194294 0.00995153 0.00773249 0.00701609 0.00586897 0.00535571 0.00515209 0.00478185 0.00444236 0.00429383 0.00414569 0.0040725 0.0040686 0.00401243 0.00383097 0.00367571 0.00361613 0.00363409 0.00361482 
0.0978898 0.0143938 0.0099139 0.0074797 0.00646426 0.00618474 0.00553844 0.00500647 0.00491068 0.00473977 0.00463951 0.00432317 0.00426565 0.00424683 0.00415664 0.00406893 0.00403812 0.00395484 0.0038462 0.00385827 
0.0936041 0.0203178 0.0120692 0.0100229 0.00741703 0.00613693 0.00567599 0.00493887 0.00478767 0.0044537 0.00411544 0.00379438 0.00375629 0.00375723 0.00372358 0.00372293 0.00369469 0.00353733 0.00349685 0.00345732 
0.0993689 0.0184074 0.0118679 0.00812695 0.00622695 0.00556309 0.00496202 0.0048028 0.00483166 0.00455541 0.00449563 0.00439551 0.00430898 0.00422044 0.00416161 0.00408069 0.00397503 0.00391704 0.0038676 0.00380766 
0.114065 0.0221766 0.0119623 0.00764239 0.00614482 0.00554558 0.00537553 0.00513822 0.00494342 0.00458055 0.0045551 0.00453501 0.00427387 0.00403086 0.00383981 0.003806 0.00373257 0.00359582 0.00354169 0.00353086 
0.0998385 0.0187798 0.0112286 0.00810526 0.00716479 0.0068295 0.00620099 0.00572998 0.00521704 0.00466255 0.00447122 0.00437521 0.0039821 0.00397066 0.00382105 0.0036189 0.00354415 0.00349963 0.00352438 0.00345416 
0.0997944 0.0181992 0.012149 0.00921242 0.00837446 0.00679986 0.00581894 0.00560321 0.00537767 0.00521083 0.00487258 0.00457322 0.00444005 0.00419562 0.00403496 0.00386782 0.00394662 0.00382999 0.00376187 0.00373086 
0.119815 0.0224667 0.0116556 0.00929119 0.00673694 0.00595371 0.00571353 0.00523696 0.00506851 0.00504084 0.00474648 0.00445859 0.00422337 0.00404036 0.0039225 0.00389992 0.00380972 0.0036803 0.00366169 0.00361318 
0.0964677 0.0198237 0.0116084 0.00822871 0.0074675 0.00644127 0.00571881 0.0050432 0.00474537 0.00466428 0.00430581 0.00429756 0.00417071 0.00418006 0.0041545 0.00395501 0.00376308 0.00365717 0.00364702 0.00360392 
0.105631 0.0234564 0.0121552 0.00904498 0.0078281 0.00668079 0.00605584 0.00580607 0.00514041 0.00497828 0.00490461 0.00470327 0.00451228 0.00426883 0.00402714 0.00410015 0.00394628 0.00397226 0.00394002 0.0039376 
0.111673 0.0176508 0.0110721 0.00907161 0.00702437 0.00561791 0.00533471 0.00479412 0.00446169 0.00406327 0.00392228 0.00380727 0.00384218 0.00381381 0.00374962 0.00371111 0.0036066 0.00354984 0.00354349 0.00352602 
0.149195 0.0167398 0.0104745 0.00770222 0.00651768 0.00569508 0.00479968 0.0045387 0.00453022 0.00432044 0.0041186 0.00393301 0.00397279 0.00381987 0.00378558 0.00374879 0.00365 0.00359102 0.00357116 0.00353745 
0.11344 0.0201085 0.0118615 0.0086717 0.00675937 0.0059278 0.00544596 0.00519647 0.00491503 0.00477362 0.00465703 0.00454169 0.0043407 0.00429476 0.00425808 0.00403896 0.00390761 0.00382545 0.00376027 0.00368544 
0.119195 0.0194037 0.0129979 0.00919835 0.00740471 0.00674874 0.00598134 0.00555381 0.00522766 0.00507511 0.00482897 0.00468266 0.00455977 0.00448478 0.0044135 0.00425861 0.00421072 0.00415715 0.00407581 0.00394871 
0.103879 0.0187914 0.0111587 0.0085797 0.00762473 0.00603801 0.00559882 0.00499731 0.00496856 0.00479731 0.00465466 0.00444999 0.00437648 0.00420353 0.00409232 0.00396254 0.00398605 0.00394797 0.0039694 0.00391118 
0.118369 0.0219379 0.0133314 0.00926326 0.00752328 0.00662091 0.00572106 0.00508138 0.0052082 0.00476104 0.00443275 0.00437452 0.00419553 0.00417454 0.00399376 0.00387292 0.00381225 0.00368688 0.00374239 0.00369375 
0.105971 0.015992 0.0116133 0.0094089 0.00790441 0.00727859 0.00610465 0.00544315 0.00517157 0.00481529 0.00465743 0.0043665 0.00441076 0.00439803 0.0042175 0.00409618 0.00395996 0.00394517 0.00384644 0.00368872 
0.102511 0.0198726 0.0106626 0.00939146 0.0078698 0.00717998 0.00632054 0.0059778 0.00570444 0.00514443 0.0046493 0.00455991 0.0043112 0.0042575 0.00427454 0.00414228 0.00402513 0.00399216 0.00399193 0.00399381 
0.116547 0.0169925 0.0108047 0.00810763 0.00604416 0.00574236 0.00507181 0.00485605 0.0045731 0.00431321 0.00408343 0.00403462 0.00392023 0.00384744 0.00365782 0.00353829 0.00346237 0.0034957 0.00345744 0.00346488 
0.0967038 0.0223036 0.0119444 0.00929528 0.00790426 0.00679603 0.00618532 0.0056805 0.00505708 0.00470795 0.00442654 0.00435436 0.0042841 0.00409184 0.00403654 0.00397847 0.00394009 0.00388684 0.00383349 0.00380542 
0.0955565 0.0166657 0.0114724 0.00875216 0.00692804 0.00633727 0.0050775 0.00473939 0.00444484 0.00455557 0.00441027 0.00422979 0.00430213 0.00422941 0.00420803 0.00403873 0.00393752 0.00383488 0.00381178 0.00376366 
0.0945611 0.0157377 0.00998501 0.00742519 0.00625972 0.00560556 0.00513996 0.00488556 0.00455105 0.00433183 0.00406364 0.00403997 0.0039245 0.00395215 0.00388381 0.00378345 0.00368424 0.00369211 0.00364571 0.00360074 
0.109732 0.0219908 0.0128073 0.00874029 0.00744299 0.00640953 0.00564892 0.00503437 0.0047064 0.00442212 0.00436956 0.00434827 0.0040954 0.00405947 0.00397975 0.00386647 0.00376581 0.00372443 0.00372548 0.003604 
0.0969744 0.0186007 0.0105878 0.00712453 0.00615362 0.00532058 0.0050114 0.00515208 0.00505675 0.00485279 0.00494279 0.00467841 0.00440766 0.00419788 0.00405429 0.00394075 0.00390874 0.00391962 0.00381963 0.00374323 
0.0932571 0.0182825 0.0108173 0.00915977 0.00761612 0.00654999 0.00612553 0.00557955 0.00516788 0.00512748 0.004921 0.00466442 0.00440178 0.00434098 0.00426587 0.00418526 0.00400231 0.00392439 0.00388739 0.00381947 
0.106106 0.0173807 0.0116362 0.00798875 0.00626255 0.00564857 0.00528841 0.00507444 0.00457887 0.00446113 0.00435143 0.00417858 0.00408468 0.00400128 0.003798 0.00364413 0.00361587 0.00363533 0.00355403 0.00356522 
0.100024 0.0208048 0.0141507 0.00970343 0.00752425 0.00716631 0.00602755 0.00578162 0.00527433 0.00496911 0.00461423 0.00457864 0.00451355 0.00434366 0.00420645 0.0041474 0.00395927 0.00392997 0.00394324 0.00391655 
0.0963708 0.0208931 0.0126602 0.01035 0.00841071 0.00719211 0.00627199 0.00592521 0.0052578 0.00515098 0.00511119 0.00482334 0.00477718 0.00482763 0.00463025 0.00437749 0.00420876 0.00408765 0.00408195 0.00401497 
0.123742 0.0191003 0.00989717 0.00755953 0.00609842 0.00561372 0.00516751 0.00484101 0.00462776 0.00440869 0.00416943 0.0041392 0.00401112 0.00394904 0.00381305 0.00365693 0.00360005 0.00357811 0.00345822 0.00350236 
0.104234 0.0193881 0.00994119 0.00864707 0.00705017 0.0064739 0.00603942 0.005497 0.0050862 0.00500371 0.00466635 0.00436067 0.00419364 0.00399926 0.00388945 0.0037598 0.00371447 0.00376266 0.00367432 0.00369095 
0.10221 0.019929 0.0106016 0.00928789 0.00781328 0.00694729 0.00590084 0.00531097 0.00509976 0.00488917 0.00461378 0.00445052 0.00423123 0.00412071 0.00408389 0.00403876 0.00395615 0.00388177 0.00381235 0.00383711 
0.0930457 0.0191149 0.0118497 0.00978232 0.00852935 0.00724548 0.00641925 0.00563056 0.00526937 0.00517665 0.00502399 0.00475496 0.00449373 0.0043056 0.00416045 0.00392677 0.00378011 0.00361416 0.00364917 0.00358546 
0.0964878 0.020914 0.0121687 0.00892932 0.00701088 0.00648464 0.0060107 0.005848 0.00551421 0.00511925 0.00468592 0.00432609 0.00428023 0.00416678 0.00415051 0.00407598 0.00389577 0.00385698 0.00374821 0.00372371 
0.110484 0.0167914 0.00952073 0.00827946 0.00720405 0.00638035 0.00593295 0.00559009 0.00529376 0.00519984 0.00498739 0.00469109 0.00450011 0.00435908 0.00412893 0.00404649 0.00400773 0.00396843 0.00391575 0.00384577 
0.11605 0.0151718 0.0104059 0.0083988 0.00735387 0.00619392 0.00574389 0.00540152 0.00504695 0.00463587 0.00440514 0.00439727 0.00428359 0.00433872 0.00415768 0.00419632 0.00406568 0.00397191 0.00385355 0.00381012 
0.0889851 0.0210318 0.0120007 0.0104071 0.00789378 0.00722021 0.00656796 0.00589517 0.00554655 0.00491463 0.00468698 0.0044996 0.00446381 0.00423188 0.00416229 0.00403491 0.00411717 0.00412147 0.00401658 0.00396689 
0.0823663 0.0178361 0.0117082 0.00921645 0.00739479 0.00621211 0.00570464 0.00529456 0.00497677 0.00481875 0.00441392 0.00411651 0.00395584 0.00400862 0.00391461 0.00389156 0.00376401 0.00369077 0.00362077 0.00353359 
0.105354 0.0221728 0.0130174 0.00902293 0.00782717 0.00718286 0.00695247 0.00598145 0.00557372 0.00522276 0.00484309 0.00447803 0.0041764 0.00416518 0.00408681 0.00401418 0.00393933 0.00389556 0.00380873 0.00374913 
0.107383 0.0153845 0.010345 0.00824993 0.0061603 0.00593224 0.00530793 0.00517795 0.00493798 0.00473574 0.00454267 0.00452234 0.00447894 0.00440242 0.0042986 0.00417022 0.00416913 0.00406087 0.00395695 0.00386719 
0.106191 0.0176956 0.0122276 0.0091621 0.00805444 0.00740626 0.00631322 0.00565928 0.00529848 0.00488439 0.00471661 0.00458787 0.00424735 0.00416488 0.00423011 0.00411435 0.00399041 0.00395768 0.0039205 0.00387341 
0.101533 0.0164712 0.0121717 0.00988349 0.00739529 0.00625935 0.00559008 0.0052481 0.00492177 0.00467798 0.00448587 0.00433495 0.00425413 0.00413834 0.00405008 0.00398213 0.00384294 0.00382574 0.00377588 0.00380502 
