0.105648 0.0178593 0.0112959 0.00844569 0.00656461 0.00590563 0.00516687 0.00448427 0.00429678 0.0040764 0.00401136 0.00389934 0.00376851 0.00362268 0.00337576 0.0034093 0.00331132 0.00321904 0.00320813 0.0030638 
0.103739 0.0188941 0.010339 0.00780348 0.00645307 0.00581212 0.00516896 0.00452673 0.00441642 0.00419355 0.00392763 0.00379946 0.00379744 0.00372716 0.00363921 0.00344994 0.0033086 0.00323885 0.00319859 0.00308787 
0.112199 0.0184144 0.0110763 0.00788606 0.0063932 0.00530725 0.00485848 0.00440854 0.00430915 0.00415246 0.00393662 0.00382611 0.00340631 0.00330884 0.00328105 0.00313489 0.00299949 0.00296277 0.00297641 0.00295964 
0.0985932 0.0170125 0.0118069 0.00909926 0.00738933 0.00588 0.00536154 0.00507284 0.004393 0.00420134 0.00405783 0.00390306 0.00381382 0.00376496 0.00358545 0.0034588 0.00344353 0.00345596 0.00346641 0.00345717 
0.147868 0.0175006 0.0108357 0.00771475 0.00722662 0.00623301 0.00537467 0.0052403 0.00501375 0.00449026 0.0043744 0.00411047 0.00382216 0.00361765 0.00368475 0.00350602 0.0034382 0.00334046 0.00337261 0.00327108 
0.0911368 0.0190296 0.0101301 0.0078521 0.00620372 0.005858 0.00532481 0.00518418 0.00459801 0.00429212 0.00415792 0.00394895 0.00383298 0.00377193 0.00356078 0.00357132 0.00349702 0.00353353 0.00342461 0.00339316 
0.102589 0.0211352 0.0129638 0.00955116 0.00767148 0.00677604 0.00612606 0.00514819 0.00463621 0.00473055 0.00438914 0.00418855 0.00411897 0.00406252 0.00393914 0.00377487 0.00363203 0.00356519 0.00347737 0.00344944 
0.0944449 0.0166326 0.0122402 0.00911329 0.00705219 0.00655722 0.0058442 0.00551669 0.00512571 0.0048791 0.00483876 0.00450603 0.00423048 0.00401971 0.00386487 0.00366408 0.00363993 0.00350948 0.00343535 0.00335103 
0.126504 0.0154481 0.00961015 0.0076211 0.00607395 0.00497661 0.00433525 0.00388018 0.00366142 0.00347642 0.00346115 0.00328721 0.00338087 0.00317608 0.00312183 0.0030849 0.00303336 0.00291177 0.00286995 0.00285927 
0.0910296 0.0162593 0.0116926 0.0102296 0.00819793 0.00675793 0.00590415 0.00544238 0.00471667 0.0045148 0.00405089 0.00395867 0.0037462 0.00361218 0.00347228 0.00334156 0.00334897 0.00323653 0.00327116 0.00327478 
0.106852 0.0143505 0.00847459 0.00803371 0.00743511 0.00689458 0.00564494 0.00547195 0.0050552 0.00469414 0.00463878 0.00426785 0.00408838 0.00385766 0.00359733 0.0033628 0.00330021 0.00319769 0.00312243 0.00300955 
0.111246 0.019295 0.0134689 0.00854635 0.00722016 0.00614254 0.00581206 0.00521418 0.00479261 0.00469021 0.00445362 0.0042323 0.00415573 0.00379935 0.0036522 0.00368075 0.00367765 0.00359045 0.00338098 0.00334206 
0.121671 0.0194811 0.0114296 0.00825689 0.00742223 0.00618227 0.00535132 0.00481895 0.0043807 0.00401253 0.00391405 0.00369768 0.00360474 0.00348848 0.00335388 0.00335339 0.00331389 0.00325674 0.00322454 0.00319464 
0.103871 0.0124409 0.00907276 0.00854506 0.00705643 0.00589214 0.00553299 0.00508725 0.00467197 0.00450138 0.00435539 0.00442522 0.00446376 0.00416369 0.00386882 0.00368401 0.00364467 0.00351974 0.00343317 0.00335982 
0.10014 0.0177147 0.00912208 0.00709617 0.0056045 0.00549629 0.00530586 0.00508722 0.00499869 0.00448822 0.00424928 0.00402529 0.00380391 0.00365068 0.00364822 0.0035421 0.00336851 0.00331297 0.00328183 0.00319619 
0.119099 0.0178532 0.00997293 0.00761691 0.00652907 0.00570101 0.00501189 0.00440272 0.00418562 0.00400742 0.00365864 0.00356187 0.00353057 0.0034227 0.00340893 0.00333267 0.00324181 0.00309396 0.00305195 0.00298124 
0.116849 0.0195205 0.0137666 0.0100603 0.00740027 0.00579025 0.0051529 0.0048277 0.00425237 0.00384564 0.00382492 0.00361164 0.00355389 0.00340265 0.0032636 0.00329628 0.00326034 0.00321155 0.00317147 0.0031441 
0.0981567 0.0176255 0.0109346 0.0082015 0.00670013 0.00562701 0.00506015 0.00463571 0.00430715 0.00403109 0.00397255 0.00371213 0.00344542 0.00332493 0.00330333 0.00318124 0.00311111 0.00299033 0.00294731 0.0029453 
0.103676 0.0208066 0.0121177 0.00933381 0.00761058 0.00691047 0.00665395 0.00609863 0.00556122 0.00506685 0.00475687 0.00464809 0.00436359 0.00426628 0.0041995 0.004055 0.00390547 0.00377538 0.00366649 0.0035996 
0.0894815 0.0170117 0.00943608 0.00744645 0.00644655 0.00602863 0.00498204 0.0045974 0.00422956 0.00390791 0.00387282 0.00369064 0.00356148 0.00353765 0.00341253 0.00335192 0.00325932 0.00328395 0.00317731 0.00313751 
0.134046 0.0171456 0.00918211 0.00747074 0.00643455 0.00582935 0.00519395 0.0047565 0.00451791 0.00429385 0.00396273 0.00373972 0.00366301 0.00360611 0.00348504 0.00345013 0.00336455 0.00326514 0.00316332 0.00316057 
0.119564 0.0174486 0.0102435 0.00732278 0.00690736 0.00596211 0.00556532 0.00521534 0.00485749 0.00456998 0.004292 0.00428218 0.00415758 0.00408157 0.00395421 0.0038679 0.00377293 0.003741 0.00367375 0.00356932 
0.0934729 0.018512 0.00968289 0.00722393 0.00614397 0.00556392 0.00482215 0.00440826 0.00427143 0.00390651 0.00367232 0.0034881 0.00361184 0.00347486 0.00331283 0.00323716 0.00316446 0.00310791 0.0030975 0.00303421 
0.0931924 0.0180123 0.00947702 0.00788258 0.00654676 0.00579 0.00526535 0.00505284 0.00481895 0.00442898 0.00420213 0.00411574 0.00404194 0.00394122 0.00371081 0.00360419 0.00351934 0.0034032 0.00330298 0.00328417 
0.0907507 0.0183715 0.01171 0.00810872 0.00702066 0.00646453 0.00603195 0.00569791 0.00523455 0.00492445 0.00442728 0.004128 0.00396502 0.00397053 0.00383751 0.00377097 0.00377381 0.00363872 0.00350331 0.00347674 
0.112602 0.0160101 0.0120181 0.0076012 0.00627045 0.00551774 0.00472757 0.00427274 0.00387749 0.00390552 0.00385932 0.00387571 0.00376501 0.00355472 0.00354224 0.00334998 0.0031801 0.00311575 0.00304573 0.003002 
0.117839 0.0213861 0.0100063 0.00809289 0.00639674 0.00534217 0.0049351 0.00463784 0.00407166 0.00394016 0.00376928 0.00366808 0.00358916 0.00353613 0.00345094 0.0034371 0.00345499 0.00336426 0.00331817 0.00320573 
0.081329 0.0176123 0.0101391 0.00761037 0.00652956 0.00606041 0.00517798 0.00497241 0.00459174 0.00434598 0.0043207 0.00414489 0.00399013 0.00395261 0.00372931 0.00367867 0.00365965 0.00352188 0.00348016 0.00343532 
0.0948284 0.0148593 0.00849736 0.00686075 0.00545721 0.0049094 0.00472493 0.00396646 0.00357223 0.00341737 0.00340877 0.00341716 0.00334912 0.00336853 0.00334928 0.00340323 0.00332569 0.00318021 0.00317636 0.00306668 
0.110132 0.0179505 0.0107785 0.00705466 0.00636138 0.00537613 0.00465214 0.00440375 0.00407175 0.00393581 0.00398225 0.00370866 0.00358529 0.00347814 0.00341318 0.00342936 0.00328606 0.00317627 0.00307846 0.00298758 
0.0988598 0.0173289 0.00926236 0.0076571 0.00646603 0.00568048 0.00479018 0.00425894 0.00395972 0.00397698 0.00382231 0.00365435 0.00350854 0.00343806 0.00329653 0.0032036 0.00315249 0.00314703 0.00311203 0.00305639 
0.112789 0.0148155 0.00921998 0.00704297 0.006725 0.00589655 0.00596804 0.00528666 0.00537827 0.00498106 0.00456091 0.00420223 0.00399021 0.0037435 0.00355451 0.00352574 0.00339742 0.00329696 0.00322591 0.00317331 
0.098276 0.0145387 0.00845405 0.00698386 0.00674554 0.00661373 0.00591742 0.00516024 0.00481182 0.00452795 0.00429116 0.00405736 0.00396792 0.00378374 0.00365062 0.00364355 0.00361198 0.00360217 0.00346401 0.00341506 
0.12924 0.0179255 0.00985318 0.00775229 0.00664919 0.0057717 0.00535647 0.00495405 0.00445214 0.00427782 0.00415154 0.0040883 0.00391355 0.00372328 0.00369057 0.00358076 0.00354982 0.00342385 0.00338302 0.00329129 
0.0842075 0.0170853 0.00961797 0.00757654 0.00615089 0.00528971 0.00486668 0.00445602 0.00418578 0.00390824 0.00394931 0.00365818 0.00356819 0.00352495 0.00339812 0.00334746 0.00329523 0.00329208 0.00319945 0.00319605 
0.0985999 0.0216605 0.0136097 0.0106413 0.00708684 0.00571535 0.00469433 0.00433009 0.00394419 0.00388047 0.00382368 0.00371027 0.00363536 0.00346421 0.00335804 0.00336502 0.00328001 0.00323884 0.00328016 0.00312646 
0.11531 0.0207523 0.0107818 0.00918739 0.00809016 0.00723476 0.00594389 0.00534917 0.00483083 0.0045452 0.00428207 0.00402704 0.00390374 0.00368476 0.00358938 0.00334038 0.0032485 0.00317627 0.00309944 0.0031109 
0.103767 0.0138156 0.0113502 0.0088385 0.00672037 0.00555925 0.00492061 0.00459552 0.00423505 0.00389008 0.00369886 0.00358941 0.00360959 0.00352222 0.00337758 0.00340628 0.00333543 0.00317571 0.00308514 0.00304444 
0.108947 0.0206076 0.0102262 0.0078254 0.00663446 0.00542152 0.00532978 0.00525774 0.00504097 0.00442715 0.0042182 0.00393444 0.00383464 0.00366395 0.00358689 0.00344101 0.00338109 0.00341924 0.00334623 0.00326791 
0.0968117 0.0209631 0.0101068 0.00752988 0.00609152 0.00508497 0.00428231 0.00405642 0.0039715 0.00357302 0.00351275 0.00330389 0.00321396 0.0030841 0.00306033 0.00299505 0.0030088 0.00299454 0.00297868 0.00301923 
0.113669 0.0196133 0.0111732 0.00898637 0.00659489 0.00582576 0.00525892 0.0049856 0.00481707 0.00438911 0.0042837 0.00416075 0.00387513 0.00387262 0.00365814 0.00358336 0.00346756 0.00336829 0.00334389 0.00328554 
0.0854007 0.0184112 0.0112137 0.0068944 0.00608434 0.00538827 0.00478832 0.00465857 0.00468992 0.00447683 0.00435016 0.00421899 0.00395432 0.00371607 0.00358393 0.00336466 0.00328517 0.00314792 0.0031292 0.00311199 
0.114186 0.0179164 0.01217 0.00777811 0.00738401 0.00647373 0.00564621 0.00525605 0.00490751 0.00447168 0.00423341 0.00407014 0.0038728 0.00377391 0.00363868 0.00353589 0.00346109 0.00333158 0.00328027 0.00315978 
0.132748 0.0191311 0.0114133 0.00801709 0.00663363 0.00544789 0.00528671 0.00453765 0.00452238 0.00421043 0.00409899 0.00389316 0.00390902 0.0038162 0.00365146 0.00353301 0.00344596 0.00337034 0.00334638 0.00326827 
0.0994099 0.0222661 0.0148059 0.0094237 0.00820195 0.00682039 0.00577454 0.0054633 0.00545656 0.00494314 0.00480176 0.00458674 0.00450158 0.00409905 0.00398042 0.00385195 0.00373392 0.00360761 0.00349547 0.00340088 
0.113712 0.0182837 0.0106112 0.00895111 0.00691439 0.00549766 0.00512779 0.00491798 0.00463108 0.00434928 0.00398518 0.00388885 0.00374303 0.00361912 0.0035795 0.00339564 0.00323383 0.00312197 0.00315477 0.00317428 
0.100627 0.0155676 0.0101496 0.00647795 0.00536536 0.00496029 0.00473249 0.00446854 0.00424793 0.00384358 0.00373877 0.00356819 0.0034165 0.00327992 0.00311053 0.00308923 0.00318324 0.00307608 0.00307874 0.00307237 
0.105513 0.0200845 0.0107602 0.00762581 0.00682894 0.00602635 0.0054511 0.00510613 0.0043327 0.00414549 0.00380615 0.003731 0.00345267 0.00342213 0.00325212 0.00313424 0.00303543 0.00304475 0.00307961 0.00306778 
0.111451 0.0154666 0.00967187 0.00740795 0.00585097 0.00523391 0.00463999 0.00428062 0.00395256 0.00393193 0.00383887 0.00374281 0.00368369 0.0034006 0.00346285 0.00333563 0.00319268 0.00310386 0.00304669 0.00297354 
0.0836954 0.0173023 0.0101045 0.00729352 0.00606443 0.00513555 0.00479772 0.00483638 0.00448366 0.00400377 0.00385318 0.00375482 0.00371982 0.00359887 0.00342129 0.00333337 0.0032879 0.00314307 0.00307032 0.00305047 
