0.0872834 0.0337371 0.0194342 0.0152087 0.012755 0.0116493 0.0111585 0.0108626 0.0102691 0.0098321 0.00927305 0.00881766 0.00870866 0.00837751 0.00822413 0.00796072 0.00767172 0.00756498 0.00752062 0.00746588 
0.138043 0.0360511 0.0242307 0.0178427 0.0150618 0.0142968 0.0132141 0.0116166 0.0110763 0.0103321 0.00926149 0.0086931 0.0086234 0.00843925 0.00821004 0.00795541 0.00769638 0.00743643 0.00722256 0.00725452 
0.0965157 0.0319761 0.0195423 0.0175232 0.0137451 0.0120791 0.0110395 0.0109084 0.010597 0.0100424 0.00934591 0.00937063 0.00921564 0.00912557 0.00876436 0.00891357 0.00859843 0.00835988 0.0081574 0.00799825 
0.104098 0.0305689 0.0221498 0.0161659 0.012452 0.0107548 0.0098986 0.00953042 0.00922464 0.00892894 0.00806439 0.00798057 0.00759791 0.00759586 0.0074045 0.00734373 0.00713094 0.00713503 0.00700642 0.00696983 
0.124484 0.0369958 0.022334 0.0182128 0.0142975 0.0132875 0.0116452 0.0108482 0.00977459 0.00877738 0.00867856 0.00864384 0.00830914 0.00835532 0.00826597 0.0079902 0.00761765 0.00765523 0.00758705 0.00748653 
0.0943151 0.0328008 0.019527 0.0160617 0.0138127 0.0115389 0.0117664 0.0109916 0.0106365 0.0101559 0.00983654 0.00931419 0.0087934 0.00849768 0.00813547 0.00802672 0.00796755 0.0076116 0.00758096 0.0075233 
0.107372 0.0392864 0.0264126 0.0224902 0.0186015 0.0158365 0.0143215 0.012265 0.0117517 0.0105308 0.0100787 0.00985644 0.00942726 0.00911348 0.00898007 0.00870654 0.00855561 0.00805729 0.00791202 0.00773567 
0.0746397 0.0301581 0.0216036 0.0165326 0.0143959 0.0126794 0.0121865 0.0115757 0.0113725 0.0106359 0.0101379 0.00942222 0.00889956 0.00868215 0.00860489 0.00819801 0.00785843 0.00787429 0.00803328 0.00783265 
0.131584 0.0340424 0.0204533 0.0171581 0.0145427 0.0120717 0.0115489 0.0107103 0.00988632 0.00965594 0.00919452 0.00871961 0.0085793 0.00821147 0.00781813 0.00769151 0.00765134 0.00745509 0.00726653 0.00707545 
0.112112 0.0315162 0.0176087 0.0147004 0.0130526 0.0118012 0.0106985 0.0102478 0.00983016 0.00967067 0.00917772 0.00852789 0.00846891 0.00815101 0.00801513 0.00798318 0.00786299 0.00781861 0.00765073 0.00732919 
0.0997974 0.0295554 0.0196008 0.0160352 0.0129439 0.0123452 0.0117911 0.0105632 0.0101001 0.0104366 0.010101 0.00996455 0.00949789 0.00878906 0.00857372 0.00844638 0.00827362 0.00828172 0.00806995 0.00791011 
0.124621 0.034397 0.0197135 0.0154497 0.0134365 0.0121117 0.0108909 0.0101245 0.00996731 0.00975166 0.00914852 0.0086184 0.00805852 0.00808487 0.00780465 0.0075185 0.00711052 0.00699882 0.00684033 0.00675297 
0.13535 0.0381809 0.0212973 0.0150818 0.0134387 0.0116433 0.0115223 0.0103158 0.00968224 0.00929668 0.00928399 0.00888266 0.00842256 0.00829975 0.0080077 0.00761661 0.00752693 0.00729653 0.00704016 0.0068466 
0.123534 0.0338517 0.023108 0.0163805 0.0140802 0.0125814 0.0115895 0.0110058 0.0107636 0.0100495 0.00939373 0.00929042 0.0087908 0.00882578 0.00881334 0.00863376 0.00854382 0.00838101 0.00825622 0.00816614 
0.109649 0.0367594 0.0249431 0.0166478 0.0138273 0.0137372 0.0120924 0.0112808 0.0109093 0.0101729 0.00951415 0.0091557 0.00904514 0.00874773 0.00845407 0.00832128 0.00807053 0.00802266 0.00790914 0.00774511 
0.119548 0.0294426 0.0189755 0.0152007 0.0134395 0.0114826 0.0105689 0.0101259 0.00946581 0.00874848 0.00816696 0.00817333 0.0077416 0.00751455 0.00734719 0.00722907 0.00704281 0.00689215 0.00703056 0.00702538 
0.102324 0.0372371 0.0234871 0.0177327 0.0145862 0.0128636 0.0120724 0.0114012 0.0102648 0.00954814 0.00892409 0.00829789 0.00830258 0.00795046 0.00795387 0.00781167 0.00753119 0.00734637 0.00740293 0.00732156 
0.107087 0.0318524 0.0205645 0.0181339 0.0164306 0.0141547 0.0120911 0.0109503 0.010409 0.00965805 0.00936057 0.00875198 0.00828849 0.00811016 0.00785328 0.00770785 0.00782998 0.00746934 0.00748196 0.00721887 
0.0957482 0.0327834 0.0261856 0.0176452 0.0142435 0.0129014 0.0113067 0.01088 0.0103424 0.00998406 0.00952217 0.00888979 0.00847817 0.00830013 0.00814239 0.0082727 0.0080471 0.00810427 0.00815641 0.00806646 
0.106848 0.0362647 0.0249917 0.0195378 0.0168094 0.0158602 0.0138731 0.012169 0.0111622 0.0101599 0.00928989 0.0091449 0.00850109 0.00835574 0.00844086 0.00816101 0.00788033 0.00776907 0.00765774 0.0074303 
0.0747996 0.0287437 0.0197699 0.0151782 0.0134741 0.0138897 0.0113848 0.0101496 0.0098234 0.00912572 0.00895671 0.00855526 0.00815651 0.00761817 0.0074778 0.00750458 0.00730418 0.0072305 0.00721996 0.00701473 
0.11831 0.0398804 0.0221492 0.016008 0.0122735 0.0116951 0.0114366 0.0104858 0.0101507 0.00969909 0.00907616 0.00860009 0.00852512 0.00828108 0.00837762 0.00831041 0.00809634 0.00812412 0.00806001 0.00790628 
0.110438 0.0369415 0.0203968 0.0153334 0.0136689 0.0120875 0.0107159 0.0103323 0.00975343 0.00932942 0.00919105 0.00829845 0.00829132 0.00820108 0.00810012 0.00801086 0.00771884 0.00749751 0.00740165 0.0073834 
0.133112 0.0396631 0.0232125 0.0186502 0.013777 0.0126262 0.0122778 0.0114778 0.0108969 0.0100182 0.00925677 0.00874246 0.0085367 0.00816725 0.00788746 0.00776151 0.00787955 0.00781026 0.0077345 0.00774246 
0.100207 0.0248417 0.0217591 0.0175234 0.0140952 0.0125866 0.0101792 0.00971508 0.00998008 0.00981412 0.00927511 0.00877062 0.00869737 0.00837806 0.00827551 0.00807094 0.00801146 0.00790654 0.00776887 0.00767933 
0.154135 0.0375901 0.0282991 0.0207187 0.0149358 0.0127932 0.0118718 0.0109247 0.0101856 0.00974809 0.00975352 0.00926285 0.00886769 0.00853963 0.00825931 0.00805083 0.00787612 0.0077845 0.00767001 0.00757601 
0.101103 0.0300494 0.019275 0.0149054 0.0124786 0.0121137 0.0114176 0.0111189 0.00966508 0.00845241 0.00819328 0.00783409 0.00780168 0.00765356 0.00759089 0.00735691 0.00710155 0.00701652 0.00694703 0.00686519 
0.0967522 0.0223901 0.0177354 0.0152254 0.0148341 0.0129141 0.0121919 0.0113727 0.010625 0.0102949 0.0101657 0.00983725 0.00923231 0.00892769 0.00857669 0.00831138 0.00840397 0.00817402 0.00804353 0.00788979 
0.10182 0.0390066 0.0247583 0.0179279 0.01383 0.0119918 0.0115697 0.0108063 0.0104717 0.00974693 0.00930418 0.00928315 0.00919625 0.0088826 0.00848083 0.00805969 0.00809406 0.00799809 0.00806772 0.00783128 
0.09904 0.0351098 0.0250121 0.0190171 0.0149457 0.0126144 0.0110523 0.00976001 0.00960365 0.00917105 0.0089876 0.00846398 0.00834016 0.00802515 0.00794509 0.00793574 0.00773397 0.00766793 0.00742979 0.00742057 
0.102889 0.0376891 0.0250015 0.0164552 0.0147455 0.014366 0.0129268 0.0113786 0.0101299 0.00945724 0.00882447 0.00851763 0.00823458 0.00829052 0.00800111 0.00781073 0.00750259 0.00742325 0.00723258 0.00724077 
0.103537 0.0238198 0.0193752 0.0150241 0.01169 0.0111414 0.0103785 0.00919806 0.00868724 0.00831934 0.0081517 0.00769633 0.00773195 0.00761103 0.00732724 0.00704362 0.00682246 0.00680619 0.00677734 0.00668134 
0.124111 0.0344777 0.0232044 0.0164362 0.0132854 0.0113472 0.0101156 0.0096906 0.00916822 0.00893748 0.00846712 0.00831217 0.00825423 0.00804178 0.00800156 0.00772418 0.00753149 0.00721104 0.0071074 0.00705168 
0.126833 0.027855 0.019269 0.0156218 0.0144159 0.0114093 0.010783 0.0104238 0.00962895 0.00919999 0.00918936 0.00893906 0.00864573 0.00813119 0.00810624 0.00777996 0.00776081 0.00761601 0.00731393 0.00716519 
0.078496 0.0301558 0.0232911 0.0172911 0.0132457 0.012453 0.0106997 0.00996835 0.00912347 0.00867098 0.00843103 0.00825179 0.00811106 0.00795436 0.00782534 0.0075048 0.00749482 0.00723737 0.00716095 0.00701932 
0.0947827 0.03416 0.0192352 0.0145605 0.012646 0.0118842 0.0108059 0.00998391 0.00940759 0.00885 0.00855783 0.00802521 0.00818596 0.0078491 0.00765696 0.00754231 0.00745866 0.00748688 0.00731679 0.00712169 
0.112676 0.0304478 0.0197854 0.0166435 0.0128561 0.0129424 0.0108441 0.00961183 0.00900512 0.00868264 0.00859898 0.00835717 0.00800619 0.00751333 0.00727537 0.00714644 0.00692307 0.00684955 0.00683148 0.00663869 
0.107943 0.0275838 0.0181346 0.0152597 0.011948 0.0112975 0.00962605 0.00839742 0.00846217 0.00874899 0.0084205 0.00806094 0.00806961 0.00791742 0.00776789 0.00755148 0.0076054 0.00739419 0.00725264 0.00714329 
0.12804 0.0311825 0.0241103 0.0189704 0.0166914 0.0140362 0.0122493 0.0113727 0.0107205 0.0101006 0.00957068 0.00935581 0.00879476 0.00875749 0.00867192 0.00834692 0.00815157 0.00787394 0.00786724 0.00764362 
0.0936735 0.0315258 0.0187476 0.0142946 0.0133634 0.0128885 0.010652 0.010003 0.00933777 0.00894129 0.00866613 0.0083648 0.00801517 0.00790355 0.00763144 0.00750424 0.00745332 0.00745688 0.00737275 0.00735192 
0.0907229 0.0341854 0.0215924 0.0188456 0.0163885 0.0137574 0.0120114 0.0114569 0.010842 0.00970299 0.00944963 0.00905126 0.00919161 0.00914058 0.00874053 0.00856791 0.00842712 0.00807852 0.00767786 0.00742019 
0.0985741 0.034269 0.0245004 0.0189191 0.0160647 0.014296 0.0125627 0.0122119 0.011622 0.0111802 0.0106082 0.00990154 0.00946321 0.00900856 0.00867217 0.00869898 0.00861474 0.00858057 0.00837334 0.00801207 
0.085372 0.0360311 0.0244808 0.0179385 0.0149612 0.0130789 0.0125352 0.0121721 0.0111426 0.010441 0.00963884 0.00943692 0.00884083 0.00838789 0.00839216 0.00819909 0.00791299 0.00775346 0.00767501 0.00757749 
0.0877526 0.0305021 0.0209648 0.015363 0.0137949 0.0115448 0.0106728 0.00961419 0.00976173 0.00921 0.00895408 0.00847105 0.00810617 0.00793716 0.00786862 0.0077217 0.00767348 0.00746696 0.00745197 0.00730106 
0.111926 0.0349069 0.027408 0.021345 0.0171443 0.0150036 0.012906 0.0117054 0.0103867 0.0100286 0.00916619 0.00875361 0.0086439 0.00865777 0.00837722 0.0080462 0.00802363 0.00800335 0.00784474 0.00772392 
0.125048 0.0374848 0.0229207 0.0173204 0.0142619 0.0133381 0.0118981 0.0112164 0.0108946 0.0100988 0.00955547 0.00925658 0.00906657 0.00875676 0.00844853 0.00800826 0.00786776 0.00774714 0.00764289 0.0074971 
0.148578 0.0453742 0.0264961 0.0173656 0.0142133 0.0116213 0.0108256 0.0101111 0.0100923 0.0093085 0.00881845 0.00821274 0.00779353 0.00774827 0.00770053 0.0075319 0.0072392 0.00703847 0.00710009 0.00707859 
0.11418 0.0284553 0.0212132 0.0160721 0.0129739 0.0122279 0.0113505 0.0109382 0.0100372 0.0098208 0.0092825 0.00897392 0.00827862 0.00835661 0.00824512 0.00802832 0.00785446 0.00778087 0.00790469 0.00783324 
0.0940472 0.0359197 0.0237234 0.017469 0.0147243 0.012526 0.0109599 0.0100183 0.00959599 0.00916409 0.00876107 0.00814961 0.00812907 0.00816162 0.00799845 0.00806704 0.0080407 0.0077188 0.00744747 0.00727413 
0.105417 0.0277545 0.0191441 0.01531 0.0135589 0.0119985 0.0110493 0.0103792 0.00951575 0.00940072 0.00940116 0.00922648 0.00921157 0.0087793 0.00841338 0.00818097 0.00823628 0.00815238 0.00802741 0.00785117 
