0.0973976 0.0286174 0.017603 0.0145351 0.0128904 0.010321 0.00921867 0.00855794 0.00810835 0.00764929 0.00725462 0.006922 0.00684404 0.00675612 0.00641089 0.00613551 0.00588353 0.00577685 0.00567068 0.00562235 
0.128965 0.0340669 0.0228688 0.0183705 0.0156776 0.0132022 0.0106558 0.00910746 0.0084126 0.00768114 0.00684725 0.00635496 0.00609268 0.00582074 0.00577656 0.00563179 0.00568146 0.00559901 0.005454 0.00541107 
0.117744 0.0264294 0.0185133 0.0135579 0.0115889 0.011293 0.0102836 0.00906012 0.00841744 0.00792107 0.00765146 0.00720482 0.00678297 0.00610158 0.00586482 0.00558679 0.00549412 0.00542529 0.00541785 0.00541279 
0.0925783 0.0280977 0.0181934 0.0140399 0.0131642 0.010864 0.00937656 0.00837199 0.008124 0.00752007 0.0069385 0.00670884 0.00639763 0.00625099 0.00599041 0.00602182 0.00582277 0.00571322 0.00553885 0.00539767 
0.131762 0.0354696 0.0207643 0.0154709 0.0113322 0.010155 0.0100255 0.00921136 0.00900957 0.0081969 0.0076439 0.00690347 0.00649897 0.00643038 0.00612547 0.00598301 0.00604258 0.00570307 0.00544609 0.00544168 
0.105955 0.0295891 0.019188 0.0150252 0.0128294 0.0114996 0.00985119 0.00891044 0.00791183 0.00754978 0.00734398 0.00725852 0.00663616 0.00647897 0.00622362 0.0062061 0.00612218 0.00605057 0.00609797 0.00587274 
0.105052 0.0317314 0.0163728 0.0147147 0.0123911 0.0100807 0.00863951 0.00845079 0.0077309 0.0071555 0.00714521 0.00697837 0.00661921 0.00639558 0.00621406 0.00621624 0.00596596 0.00570728 0.0056638 0.00574715 
0.11735 0.0368904 0.0219706 0.0178952 0.0142551 0.0117067 0.0098175 0.0093536 0.00873275 0.00845333 0.00784506 0.00751989 0.00713041 0.00679088 0.00636341 0.00608958 0.00578124 0.00551784 0.00542328 0.00540088 
0.10951 0.0267505 0.0158194 0.0122785 0.0106781 0.00902432 0.00875611 0.00769933 0.00699472 0.00642736 0.00652451 0.00626155 0.0058833 0.00565965 0.00547447 0.00528033 0.00511646 0.00495536 0.00492648 0.00485493 
0.08978 0.0363843 0.0209296 0.014921 0.0138872 0.0105482 0.00860549 0.00767189 0.00724768 0.00678874 0.00662415 0.00666651 0.00650697 0.00622092 0.00603457 0.00570178 0.00576011 0.00560744 0.00563567 0.00563639 
0.123442 0.0313121 0.0212646 0.0166131 0.0132364 0.0118749 0.00985795 0.00908719 0.00838694 0.00738848 0.00694333 0.00657866 0.0064912 0.00629013 0.00617835 0.00588409 0.00575495 0.00568301 0.00562199 0.00537943 
0.0982733 0.0255127 0.0151013 0.0123493 0.0102625 0.0103862 0.00967696 0.0091201 0.00863596 0.0080595 0.00729642 0.00708396 0.00702385 0.00701595 0.00664376 0.00643358 0.00623614 0.00638447 0.00619972 0.00599488 
0.0802751 0.0225937 0.0167047 0.0137631 0.0108213 0.00998542 0.00862656 0.00787945 0.007889 0.00741005 0.0072086 0.00672449 0.00629758 0.00623048 0.0059432 0.00592576 0.00579014 0.00550263 0.00536719 0.00532189 
0.100904 0.0320379 0.0228426 0.0160218 0.0117926 0.0101935 0.00965541 0.0088213 0.0079561 0.0074072 0.00697809 0.00669287 0.00673617 0.00642566 0.00618748 0.00584632 0.0057019 0.00556002 0.00554768 0.00561427 
0.0996165 0.0279521 0.0212623 0.0150902 0.012629 0.0113529 0.0106303 0.00954311 0.00901889 0.00901946 0.00842277 0.00775384 0.00716656 0.00661098 0.00647481 0.00639368 0.00601753 0.00603425 0.00588227 0.00579131 
0.0876696 0.0330468 0.0210314 0.015196 0.0129851 0.0103647 0.00888638 0.00818947 0.00795538 0.00788108 0.00716628 0.00667191 0.00626179 0.00612942 0.00612272 0.00605422 0.005976 0.00567401 0.00559567 0.00549692 
0.101665 0.0269494 0.0212481 0.0178821 0.0150131 0.013041 0.0113797 0.0105319 0.00927165 0.00860122 0.00853411 0.00766535 0.00730736 0.00709722 0.00668064 0.00641692 0.00593662 0.00581064 0.00570148 0.00570305 
0.104996 0.0319239 0.019107 0.0140022 0.0111278 0.0101784 0.00922623 0.00804724 0.00714475 0.00736084 0.0069581 0.00659885 0.00634843 0.00617615 0.0061274 0.00590952 0.00594362 0.00597014 0.00579777 0.00573492 
0.120689 0.0313673 0.0206527 0.0134502 0.0113562 0.0104294 0.00899092 0.00866965 0.00737873 0.00731116 0.00753249 0.00719234 0.00700945 0.00674919 0.00660449 0.00645954 0.00647255 0.00641395 0.00627884 0.00603028 
0.0961955 0.0269915 0.019672 0.0152836 0.0126832 0.0104458 0.00963776 0.00868241 0.00823155 0.00760228 0.00733629 0.00733774 0.00698762 0.0063058 0.00579455 0.00580651 0.0055572 0.00549493 0.0053418 0.00513661 
0.106032 0.0283337 0.0203237 0.0152513 0.0128865 0.0105533 0.0101617 0.00930925 0.00896509 0.00811927 0.00786098 0.00742119 0.00681518 0.006435 0.0063453 0.00598221 0.00582632 0.00559584 0.00541648 0.00515523 
0.106281 0.0400044 0.0202029 0.014984 0.0107514 0.00962674 0.00853493 0.00789715 0.00746049 0.00712346 0.00657436 0.00661477 0.00655043 0.00667048 0.00652455 0.00622576 0.00597112 0.00604787 0.00594401 0.00568546 
0.0924069 0.0293487 0.0169337 0.0141499 0.0125132 0.0109899 0.0110477 0.0102051 0.00924268 0.00880871 0.00826224 0.0078965 0.00725302 0.00696845 0.00674234 0.00669229 0.00649127 0.00628954 0.00606937 0.00586836 
0.0947603 0.0317544 0.0184502 0.0137025 0.0120037 0.0105528 0.00981017 0.00869592 0.00768218 0.00761328 0.00689337 0.00663471 0.00671836 0.00670831 0.00625928 0.0061939 0.00612101 0.00605267 0.00595618 0.00588225 
0.107533 0.0272276 0.0177644 0.01358 0.0101874 0.00991502 0.00874861 0.00792041 0.00697383 0.00673767 0.00647249 0.00615895 0.00618677 0.00610228 0.00592339 0.00594792 0.00602054 0.00585994 0.0056745 0.00552812 
0.0937057 0.0278747 0.0162674 0.0125556 0.0125742 0.011779 0.0102597 0.00968154 0.00821715 0.00746512 0.00719442 0.00677402 0.00651767 0.00667783 0.00620222 0.00589575 0.00580141 0.00580206 0.00566164 0.0055173 
0.115436 0.0260439 0.0187052 0.013876 0.011486 0.00944639 0.00873069 0.00809624 0.00732934 0.00695116 0.0067953 0.00679437 0.0063809 0.006044 0.00574114 0.00567757 0.00557615 0.00549564 0.0052298 0.00513408 
0.0979185 0.0273475 0.0172193 0.014269 0.0124573 0.0113221 0.00967919 0.00914863 0.00853176 0.00822113 0.00797513 0.00733869 0.00682203 0.00667439 0.0062537 0.00607055 0.00575407 0.00558144 0.00552925 0.00534703 
0.111503 0.029627 0.0158759 0.0131757 0.0120325 0.0100765 0.00884569 0.00912322 0.00834642 0.00777863 0.00737661 0.00755335 0.00737426 0.00731083 0.00708596 0.00702141 0.00702999 0.00675203 0.00645392 0.00626658 
0.11328 0.0254457 0.0171452 0.0133476 0.0110955 0.0101841 0.0086829 0.00803027 0.00723873 0.00689777 0.00637666 0.00659205 0.00648928 0.00613285 0.0060119 0.00584759 0.00563672 0.00559237 0.00544301 0.00521589 
0.089559 0.0272837 0.0175255 0.0158011 0.0144914 0.011751 0.0100451 0.00920406 0.00845308 0.00778702 0.00746322 0.00719376 0.00705425 0.00653404 0.00622772 0.0063526 0.00641897 0.00620396 0.00601477 0.00589309 
0.108729 0.0307526 0.0235858 0.0171431 0.0128006 0.0109068 0.00920341 0.00826332 0.00789886 0.00810853 0.00747288 0.00704691 0.00675054 0.0066811 0.00645585 0.00623098 0.00592633 0.00587191 0.00575588 0.00570995 
0.0954581 0.0335313 0.0251047 0.0158918 0.0125073 0.0109563 0.00914025 0.00865779 0.00831671 0.00758086 0.0071448 0.00693069 0.00675467 0.00672047 0.00650386 0.00621682 0.0060023 0.00602265 0.00591517 0.00577635 
0.101881 0.0339099 0.020613 0.015108 0.0130678 0.0109043 0.0104261 0.00909868 0.00791952 0.00731441 0.0070024 0.00661484 0.00644622 0.00629778 0.00600827 0.00584393 0.00561803 0.00542368 0.00552533 0.00547609 
0.104607 0.0307883 0.0188838 0.0127495 0.011493 0.0102404 0.00884513 0.00834217 0.00792484 0.00732756 0.00696393 0.00686282 0.00664623 0.00604759 0.00584134 0.00576673 0.00554731 0.0054704 0.00543483 0.00538537 
0.110247 0.0323607 0.0185268 0.014447 0.0110288 0.00960133 0.00945841 0.00867295 0.00817768 0.00750642 0.00720783 0.00671816 0.00653386 0.0063707 0.00629297 0.00598383 0.00578617 0.00565502 0.00565449 0.00572095 
0.0998557 0.0276579 0.0201903 0.0146071 0.0133205 0.0113409 0.00945604 0.00818111 0.00745703 0.00743802 0.0069751 0.00627797 0.00604709 0.00582818 0.00579259 0.00565359 0.00582007 0.00561272 0.00553604 0.00527386 
0.0816212 0.0271992 0.0206459 0.0153358 0.012904 0.012177 0.0109607 0.0103523 0.00882991 0.00839755 0.00778246 0.00732547 0.00687941 0.00672865 0.00657149 0.00642217 0.00617801 0.00622793 0.00622414 0.00612307 
0.120995 0.0318925 0.0226073 0.0161226 0.0132261 0.0113981 0.0101601 0.00938139 0.00929269 0.00853061 0.00809478 0.00723359 0.00679412 0.00678755 0.00665292 0.00644766 0.00634444 0.00616613 0.0060537 0.00577219 
0.0935452 0.0286262 0.0193033 0.0143802 0.0122407 0.011424 0.0107812 0.00953737 0.00840351 0.00783986 0.00757752 0.00741267 0.00699261 0.00675587 0.00648962 0.00619253 0.00604618 0.00597293 0.00571697 0.00564326 
0.11172 0.0359907 0.0231425 0.0158232 0.0117597 0.00933575 0.00931879 0.00898962 0.00814334 0.00765687 0.0075167 0.00697119 0.00653345 0.0065756 0.00670176 0.00674065 0.00667759 0.00647183 0.00607468 0.00585477 
0.0980451 0.0323955 0.0207047 0.0149736 0.0111689 0.0109484 0.0108342 0.0099445 0.00902073 0.00771572 0.00776931 0.00723397 0.00668931 0.00665595 0.00645969 0.00631663 0.00624506 0.00619445 0.00588039 0.00577142 
0.0954792 0.0397681 0.0226761 0.0173654 0.0140443 0.0114526 0.0105659 0.00936686 0.00884224 0.00843615 0.00760991 0.00732961 0.0066627 0.00627153 0.00592715 0.00570524 0.00561448 0.00541674 0.00524547 0.00533763 
0.113027 0.0276516 0.0167065 0.0145713 0.0109672 0.0103317 0.0093082 0.0083441 0.00822798 0.00788973 0.00709581 0.00681265 0.00628665 0.00607177 0.00597486 0.00571436 0.00563396 0.00560154 0.00542954 0.00539768 
0.104323 0.0304635 0.0198522 0.0142588 0.0119281 0.0103267 0.00863702 0.00849915 0.0082208 0.00774621 0.00715568 0.00713179 0.00678922 0.00663184 0.00649333 0.00631907 0.00618329 0.00610779 0.00579976 0.00563807 
0.101308 0.0280899 0.0190009 0.0156168 0.0131624 0.0108108 0.00995195 0.00845126 0.00751165 0.00749575 0.007172 0.00706817 0.00663621 0.00632851 0.00630936 0.00617013 0.00586846 0.00558155 0.00550204 0.00547059 
0.101065 0.0321432 0.0233604 0.0149594 0.0126685 0.0110573 0.00983997 0.00876474 0.00780277 0.00753071 0.00690579 0.00646332 0.00605351 0.005942 0.00584293 0.00568461 0.00550397 0.00544441 0.00542219 0.00537156 
0.0798279 0.0314273 0.0175964 0.0147681 0.0114489 0.00933651 0.00903827 0.00846907 0.00809619 0.00731062 0.00712555 0.00671114 0.00598629 0.00580858 0.00571345 0.00555283 0.00549738 0.00545104 0.00554738 0.00532579 
0.101571 0.0287643 0.0203348 0.0147997 0.011979 0.0100016 0.00808782 0.00760275 0.00725489 0.00668117 0.00613066 0.00586274 0.00590036 0.0058923 0.00572486 0.00562411 0.00558565 0.00550016 0.00533809 0.00524867 
0.103871 0.0323684 0.0194044 0.015296 0.0118874 0.0100189 0.00882656 0.00820091 0.00749198 0.00718843 0.00694669 0.00655958 0.00621148 0.00631506 0.00627908 0.0061117 0.00601501 0.00589607 0.00575994 0.00548126 
