0.112 0.0111416 0.0106345 0.0104996 0.0104224 0.0103599 0.0103192 0.0102922 0.0102673 0.0102443 
0.1052 0.0104356 0.0100051 0.00986743 0.00983778 0.00982105 0.00980426 0.00978569 0.00977128 0.00975382 
0.0990158 0.0118124 0.0114221 0.01128 0.0112379 0.0112104 0.0111396 0.0111276 0.0111066 0.0110916 
0.119659 0.0124253 0.0119917 0.0118134 0.0117524 0.0116969 0.0116743 0.011647 0.0116232 0.0116185 
0.0781587 0.0136556 0.0131493 0.0130357 0.0129825 0.0129326 0.0128944 0.0128804 0.012868 0.0128638 
0.114687 0.0127614 0.0122863 0.0121332 0.0120513 0.0119904 0.0119625 0.0119337 0.0119058 0.0118967 
0.131344 0.0113908 0.0108817 0.0108003 0.0107438 0.0107202 0.0106932 0.0106775 0.0106696 0.0106592 
0.119519 0.0116015 0.0112107 0.011065 0.0110288 0.0110065 0.010937 0.0109179 0.0108929 0.0108651 
0.107729 0.0116594 0.0112332 0.01113 0.0110061 0.0109611 0.0109005 0.0108932 0.0108793 0.0108667 
0.111111 0.0113225 0.0110231 0.0108424 0.0108086 0.0107776 0.0107315 0.010712 0.0107056 0.0106936 
0.104528 0.0124567 0.0120835 0.0118643 0.0117344 0.011687 0.0116626 0.0116402 0.011627 0.0116119 
0.107756 0.0107051 0.0102823 0.0101937 0.010066 0.010025 0.00996898 0.00993831 0.00991327 0.00989393 
0.138746 0.0117974 0.0111827 0.0110659 0.0110087 0.0109503 0.0109313 0.0109211 0.0109154 0.0108977 
0.0948175 0.0123433 0.0118915 0.0117105 0.0116847 0.0116205 0.0115956 0.0115756 0.0115535 0.0115368 
0.105339 0.0138305 0.0132759 0.0130868 0.0130006 0.0129552 0.0129457 0.0129459 0.0129256 0.0129127 
0.142499 0.0106999 0.0103465 0.0102587 0.0101598 0.0101029 0.0100498 0.0100382 0.0100252 0.0100095 
0.101529 0.0122034 0.011462 0.0112633 0.0111792 0.0111292 0.01107 0.0110452 0.0110424 0.0110374 
0.085108 0.0109843 0.0106867 0.0106152 0.0105161 0.0104769 0.0104539 0.0104416 0.0104309 0.0104171 
0.138785 0.0115834 0.0110758 0.0109073 0.0107933 0.0107219 0.0107044 0.0107016 0.0106944 0.0106601 
0.113434 0.0130014 0.0126081 0.0123185 0.0122298 0.012164 0.0121134 0.0120995 0.0120912 0.0120853 
0.116708 0.0115539 0.0108974 0.0107119 0.0107064 0.0106239 0.0105978 0.0105657 0.010556 0.0105368 
0.105238 0.0112937 0.0109768 0.0107905 0.0107306 0.0106805 0.010649 0.0106261 0.0106209 0.010621 
0.104744 0.011981 0.0113115 0.0112082 0.0111407 0.0111286 0.0111042 0.0110754 0.0110528 0.0110413 
0.132459 0.0112909 0.0107811 0.0107135 0.0106014 0.0105577 0.0105259 0.0105053 0.0105018 0.0104808 
0.105282 0.0117023 0.011231 0.0110442 0.0109723 0.0109241 0.0108958 0.0108641 0.0108402 0.0108231 
0.120913 0.0121015 0.0115515 0.0113593 0.0113189 0.0112701 0.0112573 0.0112332 0.0112131 0.0112052 
0.109959 0.0127758 0.012009 0.0118402 0.0117836 0.0117697 0.0117236 0.0117068 0.0116965 0.0116837 
0.0889323 0.0108714 0.0104179 0.010358 0.0102592 0.0102317 0.0102124 0.0101974 0.0101795 0.0101713 
0.0777157 0.0123958 0.0120209 0.011893 0.0118019 0.0117532 0.011729 0.0117171 0.0117107 0.0117071 
0.101397 0.0112309 0.0106619 0.0105404 0.0105213 0.0104541 0.0104367 0.0104113 0.0103953 0.0103851 
0.136129 0.0109466 0.0105046 0.0103586 0.0102803 0.0102214 0.0101836 0.0101492 0.0101489 0.01014 
0.137513 0.0108397 0.0103876 0.0103014 0.0102289 0.0102108 0.0101853 0.0101699 0.0101434 0.0101262 
0.129003 0.0113259 0.0109158 0.0107977 0.010737 0.0106991 0.0106931 0.0106692 0.0106509 0.0106498 
0.104753 0.0117312 0.0114274 0.011226 0.0111626 0.0111282 0.0111096 0.0110814 0.0110751 0.0110703 
0.113956 0.0115808 0.0111991 0.0110843 0.010988 0.0109133 0.010885 0.0108606 0.0108549 0.0108396 
0.131661 0.0113363 0.0108156 0.0105475 0.0104787 0.0104123 0.0103576 0.0103264 0.0103029 0.010293 
0.104665 0.0105502 0.0101678 0.0100265 0.00995126 0.0098957 0.00988162 0.00985936 0.0098366 0.0098316 
0.139791 0.0108936 0.0103908 0.0102388 0.0101732 0.0101599 0.0101313 0.0101133 0.0100947 0.0100736 
0.117565 0.012084 0.0117303 0.0115395 0.0115047 0.0114743 0.0114565 0.011435 0.0114241 0.0114128 
0.106625 0.011888 0.011429 0.0112944 0.0111595 0.0111106 0.0110467 0.0110165 0.0110029 0.0109754 
0.084396 0.0110044 0.0105631 0.0103655 0.0102673 0.0102276 0.01022 0.0102017 0.0101787 0.0101618 
0.121772 0.0122443 0.0118936 0.011852 0.0117698 0.0116938 0.0116441 0.0116337 0.011613 0.0115972 
0.0958424 0.0109823 0.0107603 0.0106356 0.0105421 0.0104929 0.0104523 0.0104143 0.0103847 0.01037 
0.102407 0.0116036 0.0110681 0.010927 0.0108533 0.01082 0.0107871 0.0107725 0.0107548 0.0107507 
0.106598 0.0115979 0.011139 0.0110032 0.0109673 0.010938 0.0109104 0.0108912 0.0108826 0.0108773 
0.099109 0.0113959 0.0108622 0.0107627 0.0106758 0.0106372 0.0106002 0.0105808 0.010571 0.0105604 
0.107497 0.0102468 0.00971607 0.00963636 0.00958384 0.00956866 0.00953722 0.00950214 0.00949847 0.0094943 
0.110308 0.0119901 0.0115628 0.0113467 0.0112938 0.0112125 0.0111976 0.0111792 0.0111609 0.0111418 
0.0933059 0.0114987 0.0110369 0.0109253 0.0108513 0.0107674 0.0107318 0.010728 0.0106971 0.0106968 
0.100642 0.0127396 0.0123166 0.0122015 0.0121274 0.0120865 0.0120727 0.0120531 0.0120395 0.0120239 
