0.0912752 0.021415 0.0156432 0.0129403 0.0112688 0.00978707 0.00888258 0.00822315 0.00777732 0.00722975 0.00706379 0.00633369 0.00595906 0.00576647 0.00546688 0.00532485 0.00531212 0.00516857 0.00514434 0.00503754 
0.0906908 0.02355 0.0135891 0.00975901 0.00855557 0.00734359 0.00700792 0.00646078 0.00623092 0.00596312 0.00578861 0.00554018 0.00516511 0.00511659 0.00495956 0.00468022 0.00440281 0.00419403 0.00412225 0.00403356 
0.0951642 0.0248021 0.0186788 0.0147256 0.0105008 0.00954625 0.00840422 0.0078076 0.00787261 0.00719655 0.00687918 0.00603576 0.00574003 0.00562476 0.00524271 0.00485631 0.00471967 0.0046811 0.00448518 0.00444056 
0.089751 0.0234239 0.0184204 0.0135648 0.0107216 0.00985512 0.00841508 0.00792658 0.00739047 0.00664107 0.00641632 0.00611656 0.0059722 0.0055715 0.00524072 0.00516078 0.00519477 0.00519045 0.00523158 0.00507711 
0.113715 0.0348612 0.0215246 0.016206 0.0129109 0.0102616 0.00902519 0.00863185 0.00780706 0.00668518 0.00615015 0.0057238 0.00569108 0.00536299 0.00499595 0.00492719 0.00483006 0.00470748 0.00478986 0.00464157 
0.126084 0.0270067 0.0168129 0.0118197 0.0120516 0.00980837 0.00879018 0.00748767 0.00705911 0.00673109 0.00627901 0.00579221 0.00558264 0.00553976 0.00528326 0.00502783 0.0049373 0.00479075 0.00465976 0.00456744 
0.0887693 0.0296576 0.0171283 0.0124462 0.0111248 0.010258 0.00896452 0.00726791 0.00720284 0.00655571 0.00647962 0.00613175 0.00569935 0.0056876 0.00557762 0.00526981 0.00494006 0.0048765 0.00470601 0.00465411 
0.110385 0.0289783 0.0161607 0.0124392 0.0103892 0.00818922 0.00748462 0.00725749 0.00704322 0.00679564 0.00607585 0.00534675 0.00513946 0.0048938 0.00485773 0.00472521 0.00456012 0.00449903 0.00436281 0.00423552 
0.108645 0.0245475 0.0167977 0.0149732 0.0120421 0.0101984 0.009931 0.00825436 0.00783371 0.00662435 0.00609308 0.00568716 0.00554646 0.0055629 0.00539632 0.00515203 0.00492123 0.00473916 0.00464227 0.00457079 
0.121919 0.0331312 0.0204814 0.014144 0.0117623 0.0099009 0.00904807 0.00816842 0.00769227 0.00694288 0.00638899 0.00579299 0.00573127 0.00550161 0.00558873 0.00541762 0.0053963 0.00533563 0.00487095 0.00486089 
0.0963834 0.0296556 0.0175156 0.0136341 0.0105454 0.00915104 0.00787114 0.00696933 0.0065623 0.00628477 0.00583435 0.00576893 0.00534921 0.00534741 0.00520118 0.00496576 0.00497972 0.00487355 0.0049258 0.00484253 
0.0797374 0.0328196 0.019362 0.0136138 0.0112143 0.00919663 0.00805782 0.00687167 0.00623218 0.00587972 0.0055835 0.00520656 0.00534468 0.004999 0.00507754 0.00495108 0.00484927 0.00457275 0.004582 0.00459115 
0.0892152 0.0350884 0.0216763 0.0171412 0.0142626 0.0109016 0.00982224 0.00867711 0.00753768 0.00715107 0.00656991 0.00655559 0.00635742 0.00606427 0.00585389 0.00562647 0.00548289 0.00523628 0.00508284 0.00488485 
0.0977164 0.0310362 0.0158003 0.0145484 0.0122388 0.0112626 0.00883871 0.00784557 0.0073547 0.00683818 0.00646972 0.00629432 0.00598092 0.00538001 0.0053613 0.00506372 0.00499494 0.00474926 0.00460772 0.00439088 
0.0845255 0.0234018 0.0151415 0.0110784 0.00858154 0.0069756 0.00622361 0.00622038 0.00540149 0.00538518 0.00529885 0.00508781 0.00497162 0.00473203 0.00448274 0.00432212 0.00441073 0.00451456 0.00434322 0.00422791 
0.103192 0.03272 0.0199471 0.0147807 0.0132875 0.0105457 0.00899212 0.00777863 0.00745097 0.00681921 0.00606816 0.00580333 0.00591152 0.00565665 0.00549092 0.00517703 0.00502151 0.00483097 0.0046938 0.00455705 
0.119954 0.0391559 0.0227457 0.019168 0.0146623 0.012338 0.0113372 0.00915949 0.00768099 0.00753774 0.00677798 0.00654701 0.00625437 0.00614589 0.00584053 0.00561355 0.00548426 0.00546155 0.00546235 0.00512872 
0.13232 0.0283427 0.0156978 0.0154388 0.0114558 0.0099101 0.009023 0.00747139 0.00690935 0.00645345 0.00595526 0.0057398 0.00555289 0.00519553 0.00516248 0.00490496 0.00482377 0.00486505 0.00463548 0.00454905 
0.0982462 0.0296579 0.0216475 0.016016 0.0116412 0.00989071 0.00914994 0.00875939 0.0076324 0.00714747 0.00743179 0.0069342 0.00647512 0.00641577 0.00610022 0.00577695 0.00566031 0.00531059 0.00511157 0.00486959 
0.0866142 0.0361561 0.0204662 0.0147309 0.0113361 0.0096806 0.00831458 0.00717776 0.00616093 0.00578596 0.00561739 0.00521639 0.00529722 0.00515386 0.00499263 0.00493385 0.00491106 0.00477459 0.00453622 0.00429464 
0.0902021 0.0333703 0.0210565 0.0151658 0.0130165 0.0112214 0.00958211 0.00827063 0.00725815 0.00645254 0.00631959 0.00559306 0.0050973 0.00494612 0.00498984 0.00493374 0.00481362 0.0045702 0.00435803 0.00430266 
0.103299 0.0228453 0.0184202 0.0153271 0.0123698 0.0105237 0.00938781 0.00851178 0.00788121 0.0068991 0.00602542 0.00599739 0.00581802 0.00555031 0.00539832 0.00529153 0.00511993 0.00489366 0.00491676 0.00483632 
0.0865028 0.0230799 0.0137074 0.00989116 0.008631 0.00860992 0.00840181 0.00828232 0.00813631 0.00838016 0.00764189 0.00695215 0.00655146 0.00611629 0.00589453 0.0056322 0.00555927 0.00541071 0.00520983 0.00514489 
0.089364 0.0288447 0.0199046 0.0132623 0.0119758 0.0116367 0.00976498 0.00868478 0.00781216 0.00685933 0.00655754 0.00635301 0.0058439 0.00580238 0.00554394 0.00540491 0.00543292 0.00534628 0.0051589 0.00500742 
0.0698059 0.028928 0.0177046 0.0147953 0.0105609 0.0096771 0.00856822 0.00797762 0.00784519 0.00699385 0.00639367 0.00587105 0.00561884 0.00538251 0.00551624 0.00540513 0.00499808 0.00481821 0.00473355 0.00467305 
0.0967085 0.0290207 0.017893 0.0120358 0.0105952 0.00892208 0.00795391 0.00748968 0.00757639 0.00719515 0.00709912 0.00656042 0.00631755 0.00604302 0.00600803 0.00572075 0.00556974 0.00537213 0.00523516 0.00512046 
0.0911647 0.0301795 0.0210748 0.0140341 0.0116985 0.0103058 0.00806593 0.00752389 0.00671838 0.00656933 0.00582111 0.00576084 0.0056709 0.00589743 0.00541868 0.00550468 0.00525544 0.00515805 0.00497779 0.00475327 
0.109831 0.0254656 0.0181515 0.0147876 0.0109342 0.00933187 0.00835426 0.00759894 0.00686367 0.00652044 0.00619312 0.00579184 0.00530126 0.00482722 0.00488425 0.00460809 0.00451537 0.00434982 0.00437522 0.00432697 
0.1135 0.0387848 0.02133 0.0147672 0.0122726 0.00985889 0.00918594 0.00865381 0.00812399 0.00716776 0.00674796 0.00668743 0.00614534 0.00591234 0.0056965 0.00540473 0.00530069 0.00501085 0.00480949 0.00474242 
0.0898681 0.0261382 0.0177701 0.0137934 0.0118405 0.00914882 0.00840497 0.0075919 0.0073548 0.00650408 0.00618461 0.00572687 0.00558663 0.00537043 0.00524884 0.00505416 0.00495565 0.00464736 0.00447883 0.00424908 
0.0832095 0.026311 0.0185762 0.0138573 0.0113129 0.00922281 0.00889625 0.00859691 0.00728086 0.00657953 0.00606784 0.00558703 0.00529919 0.00505229 0.0049874 0.00469007 0.00457073 0.0044806 0.00440508 0.0041992 
0.0883938 0.0244899 0.018223 0.0115341 0.00902003 0.00811478 0.0073612 0.00699801 0.006578 0.006185 0.00599536 0.00586961 0.00546103 0.00508645 0.0050243 0.00479596 0.0046079 0.00463194 0.0044093 0.00430639 
0.102715 0.0235253 0.0192609 0.0150797 0.0136177 0.0102819 0.00940587 0.00840345 0.00823751 0.0072434 0.00690068 0.00651445 0.0062525 0.0061963 0.00589297 0.00557485 0.00557313 0.0055665 0.00552133 0.00541161 
0.103969 0.031508 0.0145476 0.0117824 0.0109809 0.00966255 0.00788644 0.00747905 0.00640151 0.00610045 0.0056884 0.00547089 0.00510965 0.00501753 0.00480143 0.00467413 0.00452361 0.0045969 0.00472067 0.00462771 
0.0950365 0.0249337 0.0168853 0.0138975 0.0110043 0.00969741 0.00810002 0.0070011 0.00616575 0.0056797 0.00551365 0.00524607 0.00534473 0.0052349 0.00540819 0.00501538 0.00486358 0.00482154 0.00466483 0.00444476 
0.0893353 0.029616 0.0179347 0.0123818 0.010505 0.00910108 0.00788784 0.00726861 0.00699384 0.00605877 0.00576402 0.00562337 0.00541446 0.00539081 0.00523813 0.00510851 0.00518103 0.00483134 0.00469921 0.00466856 
0.104233 0.0267265 0.0156497 0.0112364 0.0104393 0.00958751 0.00819119 0.00796965 0.00650997 0.00612775 0.00596416 0.00554266 0.00522675 0.00515926 0.00488703 0.00477717 0.00487314 0.00482767 0.00481222 0.00455802 
0.0907607 0.0289435 0.0207699 0.0151346 0.0114052 0.00940649 0.0079807 0.00716171 0.0071957 0.00670266 0.00637401 0.00612684 0.00573131 0.00561136 0.00537965 0.00522226 0.00512753 0.00497387 0.0047981 0.00453737 
0.110337 0.0277953 0.015804 0.0113479 0.00939004 0.00890354 0.00827157 0.0071492 0.00706324 0.00648341 0.00613154 0.00581351 0.00555147 0.00519149 0.00501677 0.0045605 0.00450944 0.00452907 0.00442954 0.00443696 
0.0950444 0.0264448 0.0166641 0.0122616 0.0119481 0.0107441 0.00896897 0.00847425 0.00779749 0.0074852 0.00665061 0.00625959 0.00590183 0.00570696 0.00560978 0.00535074 0.00517639 0.00498265 0.00468864 0.0046865 
0.098198 0.0355116 0.0165715 0.0127267 0.0110066 0.00906033 0.00812121 0.00764702 0.00711229 0.00674826 0.00642737 0.00598528 0.00569417 0.00540739 0.00528414 0.00516847 0.0049256 0.00460748 0.00448226 0.00428631 
0.100219 0.0317912 0.0184358 0.0149847 0.0116706 0.010583 0.00849862 0.00797661 0.00753163 0.00682278 0.0061374 0.00566996 0.00552101 0.00520303 0.00508297 0.00492632 0.00467637 0.00443351 0.0043633 0.00436078 
0.0966469 0.0327481 0.0186198 0.0151424 0.0124897 0.0115341 0.00954919 0.00913561 0.00822027 0.00776946 0.00747942 0.00700081 0.00661084 0.00655026 0.00626995 0.00610731 0.00568708 0.00548045 0.00524869 0.00520652 
0.114576 0.0329991 0.0180294 0.0128873 0.0122703 0.0102663 0.00885907 0.00793498 0.00707628 0.00625439 0.00581395 0.00537907 0.00541166 0.00502462 0.00466503 0.0045046 0.00456627 0.00461212 0.00471465 0.00462969 
0.106779 0.0268493 0.0178458 0.0140082 0.0116519 0.0102208 0.0100518 0.00837643 0.00800339 0.00768035 0.00689717 0.00635191 0.00612843 0.00600309 0.00566791 0.00536843 0.0051864 0.00508043 0.0049095 0.00475048 
0.115014 0.0332277 0.0208951 0.0151473 0.0125578 0.0102207 0.00824399 0.00719973 0.00630588 0.00578612 0.00536828 0.00504512 0.00471199 0.00462238 0.00455867 0.00454827 0.00442306 0.00438539 0.00438331 0.00433211 
0.101763 0.0275738 0.0164864 0.0143829 0.0123251 0.0100384 0.0091259 0.00756722 0.00700914 0.00656109 0.00599654 0.00587913 0.00581454 0.00548071 0.00528895 0.00499736 0.00504323 0.00482908 0.00477228 0.00454717 
0.110265 0.0295315 0.0182828 0.0141614 0.0120059 0.0102707 0.00915951 0.00818195 0.00831121 0.00738751 0.00690223 0.00640098 0.00615255 0.00587074 0.00582875 0.0054741 0.00529146 0.0051264 0.00502729 0.00491191 
0.0834696 0.0334819 0.0156952 0.0135031 0.0117535 0.00927109 0.00844658 0.00814778 0.00720413 0.00657266 0.00669726 0.00649225 0.00585283 0.00562652 0.00553461 0.00525121 0.00519323 0.00505152 0.0049595 0.00483587 
0.0914109 0.0320657 0.0194499 0.0153987 0.0123382 0.010812 0.00858996 0.00794956 0.00773184 0.00685843 0.00617655 0.00587488 0.00576481 0.00567339 0.00554174 0.0055003 0.00531386 0.00515962 0.00503619 0.0050166 
