0.0973975 0.0286173 0.017603 0.0145352 0.0128904 0.0103209 0.00921866 0.00855793 0.00810835 0.00764929 0.00725462 0.00692199 0.00684403 0.00675612 0.00641088 0.0061355 0.00588353 0.00577685 0.00567067 0.00562233 
0.128965 0.0340669 0.0228689 0.0183706 0.0156776 0.0132022 0.0106558 0.00910745 0.00841259 0.00768113 0.00684725 0.00635495 0.00609269 0.00582074 0.00577655 0.0056318 0.00568146 0.00559901 0.005454 0.00541105 
0.117744 0.0264294 0.0185133 0.013558 0.0115889 0.011293 0.0102836 0.0090601 0.00841745 0.00792106 0.00765145 0.00720482 0.00678296 0.00610158 0.00586482 0.00558679 0.00549412 0.0054253 0.00541784 0.00541278 
0.0925782 0.0280976 0.0181934 0.01404 0.0131642 0.010864 0.00937655 0.00837198 0.00812399 0.00752006 0.0069385 0.00670883 0.00639763 0.00625098 0.0059904 0.00602182 0.00582276 0.00571322 0.00553885 0.00539765 
0.131762 0.0354696 0.0207644 0.0154709 0.0113322 0.010155 0.0100255 0.00921135 0.00900957 0.0081969 0.00764391 0.00690347 0.00649896 0.00643038 0.00612546 0.00598301 0.00604258 0.00570307 0.00544608 0.00544167 
0.105955 0.0295891 0.0191881 0.0150253 0.0128294 0.0114996 0.00985118 0.00891043 0.00791183 0.00754977 0.00734398 0.00725852 0.00663616 0.00647896 0.00622362 0.00620611 0.00612217 0.00605056 0.00609796 0.00587272 
0.105051 0.0317314 0.0163729 0.0147148 0.0123911 0.0100807 0.0086395 0.00845079 0.00773089 0.0071555 0.00714522 0.00697837 0.0066192 0.00639557 0.00621405 0.00621624 0.00596596 0.00570728 0.0056638 0.00574714 
0.11735 0.0368903 0.0219707 0.0178953 0.0142551 0.0117066 0.00981747 0.00935359 0.00873273 0.00845333 0.00784507 0.00751989 0.00713041 0.00679088 0.00636341 0.00608958 0.00578124 0.00551784 0.00542328 0.00540087 
0.10951 0.0267505 0.0158195 0.0122786 0.0106781 0.0090243 0.00875608 0.00769932 0.00699472 0.00642736 0.00652451 0.00626155 0.0058833 0.00565964 0.00547447 0.00528033 0.00511646 0.00495536 0.00492648 0.00485492 
0.0897799 0.0363843 0.0209296 0.0149211 0.0138872 0.0105482 0.00860548 0.00767188 0.00724767 0.00678874 0.00662415 0.00666652 0.00650697 0.00622091 0.00603456 0.00570178 0.00576011 0.00560744 0.00563566 0.00563638 
0.123442 0.0313121 0.0212646 0.0166132 0.0132364 0.0118749 0.00985795 0.00908718 0.00838692 0.00738847 0.00694333 0.00657865 0.0064912 0.00629012 0.00617834 0.00588409 0.00575495 0.005683 0.00562197 0.00537941 
0.0982731 0.0255126 0.0151014 0.0123494 0.0102625 0.0103862 0.00967693 0.00912008 0.00863597 0.00805949 0.00729642 0.00708395 0.00702385 0.00701596 0.00664377 0.00643358 0.00623614 0.00638447 0.00619972 0.00599487 
0.0802751 0.0225937 0.0167047 0.0137632 0.0108213 0.0099854 0.00862654 0.00787945 0.00788899 0.00741005 0.0072086 0.00672448 0.00629757 0.00623047 0.00594319 0.00592576 0.00579013 0.00550264 0.0053672 0.00532188 
0.100903 0.0320379 0.0228427 0.0160219 0.0117926 0.0101935 0.00965539 0.00882128 0.00795609 0.0074072 0.0069781 0.00669286 0.00673616 0.00642566 0.00618748 0.00584632 0.0057019 0.00556001 0.00554768 0.00561425 
0.0996165 0.0279521 0.0212624 0.0150903 0.012629 0.0113529 0.0106302 0.0095431 0.00901888 0.00901945 0.00842278 0.00775383 0.00716656 0.00661098 0.0064748 0.00639368 0.00601752 0.00603425 0.00588225 0.00579128 
0.0876695 0.0330467 0.0210315 0.0151961 0.0129851 0.0103647 0.00888638 0.00818945 0.00795538 0.00788107 0.00716628 0.0066719 0.00626179 0.00612942 0.00612273 0.00605421 0.00597599 0.005674 0.00559566 0.0054969 
0.101665 0.0269494 0.0212482 0.0178822 0.0150131 0.013041 0.0113797 0.0105319 0.00927164 0.00860122 0.00853412 0.00766534 0.00730736 0.00709722 0.00668063 0.00641692 0.00593662 0.00581064 0.00570148 0.00570305 
0.104996 0.0319239 0.0191071 0.0140023 0.0111279 0.0101784 0.00922622 0.00804723 0.00714475 0.00736083 0.0069581 0.00659885 0.00634844 0.00617614 0.0061274 0.00590952 0.00594362 0.00597014 0.00579777 0.00573492 
0.120689 0.0313673 0.0206528 0.0134503 0.0113562 0.0104294 0.00899092 0.00866964 0.00737872 0.00731115 0.00753249 0.00719234 0.00700944 0.00674918 0.00660449 0.00645954 0.00647255 0.00641395 0.00627884 0.00603026 
0.0961955 0.0269915 0.0196721 0.0152837 0.0126832 0.0104458 0.00963775 0.0086824 0.00823154 0.00760229 0.0073363 0.00733772 0.00698762 0.0063058 0.00579455 0.00580651 0.0055572 0.00549493 0.00534178 0.00513657 
0.106032 0.0283337 0.0203238 0.0152514 0.0128865 0.0105533 0.0101617 0.00930923 0.00896509 0.00811926 0.00786098 0.00742119 0.00681518 0.006435 0.0063453 0.00598221 0.00582632 0.00559584 0.00541648 0.00515522 
0.106281 0.0400043 0.0202029 0.0149841 0.0107514 0.00962673 0.00853492 0.00789714 0.00746048 0.00712345 0.00657436 0.00661477 0.00655043 0.00667048 0.00652455 0.00622576 0.00597112 0.00604788 0.005944 0.00568545 
0.0924068 0.0293487 0.0169338 0.01415 0.0125132 0.0109899 0.0110477 0.0102051 0.00924267 0.0088087 0.00826224 0.00789649 0.00725302 0.00696844 0.00674234 0.00669229 0.00649126 0.00628954 0.00606936 0.00586835 
0.0947602 0.0317544 0.0184503 0.0137025 0.0120037 0.0105528 0.00981016 0.00869591 0.00768217 0.00761327 0.00689337 0.00663471 0.00671836 0.00670831 0.00625928 0.0061939 0.00612101 0.00605267 0.00595618 0.00588223 
0.107533 0.0272276 0.0177645 0.0135801 0.0101874 0.00991501 0.00874859 0.0079204 0.00697383 0.00673767 0.00647249 0.00615894 0.00618677 0.00610228 0.0059234 0.00594791 0.00602053 0.00585993 0.00567448 0.00552809 
0.0937057 0.0278747 0.0162675 0.0125557 0.0125742 0.011779 0.0102597 0.00968154 0.00821714 0.00746512 0.00719442 0.00677402 0.00651767 0.00667781 0.00620222 0.00589574 0.00580141 0.00580206 0.00566164 0.00551728 
0.115436 0.0260439 0.0187053 0.0138761 0.011486 0.00944637 0.00873068 0.00809623 0.00732932 0.00695115 0.0067953 0.00679437 0.0063809 0.00604399 0.00574114 0.00567758 0.00557615 0.00549565 0.0052298 0.00513408 
0.0979183 0.0273475 0.0172194 0.0142691 0.0124573 0.011322 0.00967916 0.00914863 0.00853176 0.00822112 0.00797512 0.00733868 0.00682203 0.00667438 0.00625369 0.00607055 0.00575407 0.00558144 0.00552925 0.00534701 
0.111503 0.029627 0.015876 0.0131758 0.0120325 0.0100765 0.00884567 0.00912321 0.00834642 0.00777861 0.00737661 0.00755335 0.00737425 0.00731082 0.00708595 0.0070214 0.00702998 0.00675202 0.00645391 0.00626656 
0.11328 0.0254457 0.0171453 0.0133477 0.0110955 0.0101841 0.00868288 0.00803026 0.00723872 0.00689777 0.00637667 0.00659205 0.00648927 0.00613285 0.0060119 0.0058476 0.00563671 0.00559237 0.005443 0.00521588 
0.0895589 0.0272836 0.0175255 0.0158012 0.0144914 0.011751 0.0100451 0.00920405 0.00845307 0.00778701 0.00746323 0.00719376 0.00705425 0.00653403 0.00622772 0.0063526 0.00641897 0.00620396 0.00601477 0.00589309 
0.108729 0.0307526 0.0235859 0.0171432 0.0128006 0.0109067 0.00920339 0.00826332 0.00789886 0.00810853 0.00747288 0.0070469 0.00675054 0.00668109 0.00645585 0.00623098 0.00592633 0.0058719 0.00575587 0.00570994 
0.095458 0.0335313 0.0251048 0.0158919 0.0125073 0.0109563 0.00914025 0.00865779 0.0083167 0.00758085 0.0071448 0.00693068 0.00675467 0.00672046 0.00650386 0.00621681 0.00600231 0.00602265 0.00591518 0.00577633 
0.101881 0.0339098 0.0206131 0.0151081 0.0130678 0.0109042 0.0104261 0.00909867 0.0079195 0.00731441 0.0070024 0.00661484 0.00644622 0.00629778 0.00600827 0.00584393 0.00561803 0.00542368 0.00552532 0.00547607 
0.104607 0.0307882 0.0188838 0.0127495 0.011493 0.0102403 0.00884513 0.00834217 0.00792483 0.00732756 0.00696394 0.00686281 0.00664622 0.00604759 0.00584134 0.00576673 0.00554731 0.00547039 0.00543483 0.00538534 
0.110247 0.0323606 0.0185268 0.0144471 0.0110288 0.00960132 0.00945839 0.00867293 0.00817768 0.00750641 0.00720783 0.00671815 0.00653385 0.0063707 0.00629296 0.00598383 0.00578618 0.00565502 0.00565447 0.00572093 
0.0998558 0.0276578 0.0201904 0.0146071 0.0133205 0.0113409 0.00945602 0.0081811 0.00745703 0.00743801 0.0069751 0.00627796 0.00604709 0.00582817 0.00579259 0.00565359 0.00582007 0.00561272 0.00553602 0.00527384 
0.0816212 0.0271992 0.0206459 0.0153358 0.012904 0.0121769 0.0109607 0.0103523 0.00882991 0.00839753 0.00778246 0.00732546 0.0068794 0.00672865 0.00657148 0.00642218 0.006178 0.00622792 0.00622415 0.00612306 
0.120995 0.0318925 0.0226074 0.0161227 0.0132261 0.011398 0.0101601 0.00938136 0.00929269 0.00853059 0.00809476 0.00723359 0.00679412 0.00678754 0.00665291 0.00644766 0.00634444 0.00616613 0.0060537 0.00577218 
0.0935452 0.0286262 0.0193034 0.0143803 0.0122407 0.011424 0.0107812 0.00953734 0.00840351 0.00783985 0.00757754 0.00741266 0.00699262 0.00675587 0.00648961 0.00619253 0.00604618 0.00597293 0.00571696 0.00564324 
0.11172 0.0359907 0.0231426 0.0158233 0.0117597 0.00933575 0.00931878 0.0089896 0.00814334 0.00765686 0.0075167 0.00697119 0.00653345 0.0065756 0.00670176 0.00674065 0.00667758 0.00647183 0.00607467 0.00585476 
0.098045 0.0323955 0.0207048 0.0149737 0.0111689 0.0109484 0.0108342 0.00994449 0.00902071 0.00771571 0.00776932 0.00723396 0.00668931 0.00665595 0.00645969 0.00631663 0.00624506 0.00619446 0.00588038 0.00577141 
0.0954792 0.039768 0.0226762 0.0173655 0.0140443 0.0114525 0.0105658 0.00936686 0.00884223 0.00843615 0.00760991 0.00732961 0.00666269 0.00627153 0.00592714 0.00570524 0.00561447 0.00541673 0.00524547 0.00533762 
0.113027 0.0276516 0.0167066 0.0145714 0.0109672 0.0103316 0.00930818 0.00834409 0.00822798 0.00788971 0.00709581 0.00681264 0.00628664 0.00607176 0.00597486 0.00571436 0.00563396 0.00560154 0.00542954 0.00539767 
0.104323 0.0304634 0.0198523 0.0142588 0.0119281 0.0103267 0.00863701 0.00849914 0.00822079 0.0077462 0.00715568 0.00713179 0.00678922 0.00663183 0.00649333 0.00631907 0.00618329 0.00610779 0.00579976 0.00563807 
0.101308 0.0280899 0.0190009 0.0156168 0.0131624 0.0108108 0.00995193 0.00845126 0.00751165 0.00749574 0.007172 0.00706817 0.00663621 0.00632851 0.00630937 0.00617013 0.00586846 0.00558156 0.00550204 0.00547059 
0.101065 0.0321431 0.0233605 0.0149595 0.0126685 0.0110573 0.00983996 0.00876473 0.00780277 0.0075307 0.00690579 0.00646333 0.00605351 0.00594199 0.00584292 0.00568462 0.00550397 0.00544441 0.00542219 0.00537155 
0.0798278 0.0314272 0.0175964 0.0147682 0.0114489 0.00933649 0.00903826 0.00846907 0.00809618 0.00731062 0.00712555 0.00671114 0.00598628 0.00580858 0.00571344 0.00555282 0.00549737 0.00545105 0.00554737 0.00532578 
0.101571 0.0287643 0.0203348 0.0147998 0.0119789 0.0100016 0.0080878 0.00760273 0.00725488 0.00668117 0.00613067 0.00586274 0.00590036 0.00589229 0.00572486 0.00562411 0.00558564 0.00550016 0.00533808 0.00524866 
0.103871 0.0323684 0.0194044 0.0152961 0.0118874 0.0100189 0.00882655 0.0082009 0.00749198 0.00718842 0.00694668 0.00655957 0.00621148 0.00631505 0.00627907 0.0061117 0.00601501 0.00589607 0.00575994 0.00548125 
