0.0973976 0.0286173 0.017603 0.0145352 0.0128904 0.0103209 0.00921868 0.00855798 0.00810842 0.00764936 0.00725467 0.00692204 0.00684406 0.00675613 0.00641088 0.00613547 0.00588348 0.00577681 0.00567063 0.00562229 
0.128965 0.0340668 0.0228689 0.0183706 0.0156776 0.0132022 0.0106558 0.00910753 0.00841267 0.00768121 0.0068473 0.00635499 0.00609272 0.00582075 0.00577654 0.00563176 0.00568141 0.00559894 0.00545393 0.00541099 
0.117744 0.0264294 0.0185133 0.013558 0.0115889 0.011293 0.0102836 0.00906017 0.00841752 0.00792114 0.00765152 0.00720488 0.006783 0.00610159 0.0058648 0.00558676 0.0054941 0.00542526 0.00541781 0.00541275 
0.0925783 0.0280976 0.0181934 0.01404 0.0131642 0.010864 0.00937656 0.00837205 0.00812407 0.00752014 0.00693856 0.00670888 0.00639767 0.006251 0.00599039 0.00602177 0.0058227 0.00571315 0.00553878 0.00539759 
0.131762 0.0354696 0.0207644 0.0154709 0.0113322 0.010155 0.0100256 0.00921142 0.00900966 0.00819697 0.00764396 0.00690351 0.00649899 0.00643039 0.00612545 0.00598298 0.00604252 0.00570302 0.00544604 0.00544162 
0.105955 0.0295891 0.0191881 0.0150253 0.0128294 0.0114996 0.0098512 0.00891047 0.00791189 0.00754984 0.00734404 0.00725857 0.0066362 0.00647899 0.00622361 0.00620607 0.00612213 0.0060505 0.0060979 0.00587266 
0.105051 0.0317314 0.0163729 0.0147147 0.0123911 0.0100807 0.00863952 0.00845084 0.00773095 0.00715555 0.00714526 0.00697841 0.00661923 0.00639558 0.00621403 0.00621619 0.0059659 0.00570721 0.00566374 0.00574709 
0.11735 0.0368903 0.0219706 0.0178953 0.0142551 0.0117066 0.0098175 0.00935365 0.00873282 0.00845342 0.00784513 0.00751995 0.00713044 0.00679088 0.00636339 0.00608953 0.00578118 0.00551779 0.00542324 0.00540084 
0.10951 0.0267505 0.0158195 0.0122786 0.0106781 0.0090243 0.00875611 0.00769937 0.00699478 0.00642741 0.00652454 0.00626158 0.00588331 0.00565965 0.00547446 0.00528029 0.00511643 0.00495534 0.00492645 0.0048549 
0.0897799 0.0363842 0.0209296 0.0149211 0.0138871 0.0105482 0.00860549 0.00767191 0.00724773 0.00678878 0.00662419 0.00666654 0.00650699 0.00622093 0.00603456 0.00570176 0.00576007 0.0056074 0.00563565 0.00563636 
0.123442 0.031312 0.0212647 0.0166132 0.0132364 0.0118749 0.00985796 0.00908725 0.00838701 0.00738855 0.00694338 0.00657871 0.00649124 0.00629014 0.00617832 0.00588405 0.00575488 0.00568294 0.00562191 0.00537936 
0.0982732 0.0255126 0.0151013 0.0123493 0.0102625 0.0103862 0.00967696 0.00912014 0.00863603 0.00805955 0.00729646 0.00708399 0.00702388 0.00701595 0.00664374 0.00643353 0.00623609 0.00638443 0.00619968 0.00599483 
0.0802751 0.0225937 0.0167047 0.0137631 0.0108212 0.0099854 0.00862654 0.00787948 0.00788906 0.00741012 0.00720866 0.00672454 0.00629762 0.00623051 0.00594319 0.00592573 0.00579009 0.00550258 0.00536715 0.00532184 
0.100904 0.0320379 0.0228427 0.0160219 0.0117926 0.0101935 0.00965542 0.00882133 0.00795615 0.00740725 0.00697814 0.00669289 0.00673618 0.00642566 0.00618746 0.0058463 0.00570188 0.00555998 0.00554764 0.00561421 
0.0996165 0.0279521 0.0212624 0.0150903 0.012629 0.0113529 0.0106303 0.00954317 0.00901898 0.00901954 0.00842283 0.00775388 0.00716658 0.00661097 0.00647477 0.00639364 0.00601747 0.00603419 0.0058822 0.00579123 
0.0876696 0.0330468 0.0210315 0.0151961 0.0129851 0.0103647 0.00888639 0.0081895 0.00795543 0.00788113 0.00716633 0.00667194 0.00626181 0.00612943 0.00612272 0.00605419 0.00597595 0.00567395 0.00559561 0.00549685 
0.101665 0.0269494 0.0212482 0.0178822 0.0150131 0.013041 0.0113797 0.010532 0.00927173 0.00860129 0.00853418 0.0076654 0.0073074 0.00709724 0.00668063 0.0064169 0.00593659 0.00581059 0.00570143 0.005703 
0.104996 0.0319239 0.0191071 0.0140023 0.0111278 0.0101784 0.00922623 0.00804727 0.0071448 0.00736089 0.00695814 0.00659889 0.00634847 0.00617616 0.00612739 0.0059095 0.00594359 0.00597011 0.00579774 0.0057349 
0.120689 0.0313673 0.0206528 0.0134502 0.0113562 0.0104294 0.00899093 0.0086697 0.00737879 0.00731123 0.00753255 0.00719241 0.00700949 0.00674921 0.00660447 0.00645949 0.00647248 0.00641389 0.00627876 0.00603018 
0.0961954 0.0269914 0.0196721 0.0152837 0.0126832 0.0104458 0.00963778 0.00868247 0.00823165 0.00760237 0.00733637 0.0073378 0.00698765 0.0063058 0.00579452 0.00580645 0.00555713 0.00549485 0.00534171 0.00513652 
0.106032 0.0283337 0.0203238 0.0152514 0.0128865 0.0105533 0.0101618 0.0093093 0.00896518 0.00811935 0.00786106 0.00742124 0.00681523 0.00643501 0.00634527 0.00598217 0.00582626 0.00559578 0.00541642 0.00515516 
0.106281 0.0400043 0.0202029 0.0149841 0.0107514 0.00962674 0.00853493 0.00789718 0.00746053 0.0071235 0.00657439 0.00661479 0.00655045 0.00667049 0.00652453 0.00622572 0.00597107 0.00604782 0.00594395 0.0056854 
0.0924069 0.0293487 0.0169338 0.01415 0.0125132 0.0109899 0.0110477 0.0102052 0.00924276 0.00880878 0.0082623 0.00789656 0.00725307 0.00696846 0.00674233 0.00669224 0.00649121 0.00628946 0.00606929 0.00586829 
0.0947603 0.0317544 0.0184502 0.0137025 0.0120037 0.0105528 0.00981017 0.00869596 0.00768224 0.00761334 0.00689341 0.00663474 0.00671839 0.00670832 0.00625927 0.00619386 0.00612096 0.00605261 0.00595613 0.00588219 
0.107533 0.0272276 0.0177645 0.0135801 0.0101873 0.00991501 0.00874862 0.00792047 0.0069739 0.00673774 0.00647255 0.00615898 0.00618679 0.00610227 0.00592336 0.00594786 0.00602046 0.00585985 0.00567441 0.00552803 
0.0937058 0.0278747 0.0162674 0.0125557 0.0125742 0.011779 0.0102597 0.0096816 0.00821723 0.00746521 0.00719449 0.00677409 0.00651771 0.00667784 0.0062022 0.0058957 0.00580135 0.005802 0.00566158 0.00551723 
0.115436 0.0260439 0.0187053 0.0138761 0.011486 0.00944637 0.00873069 0.00809628 0.00732939 0.00695121 0.00679535 0.00679442 0.00638094 0.00604401 0.00574113 0.00567755 0.00557611 0.0054956 0.00522976 0.00513404 
0.0979185 0.0273475 0.0172194 0.014269 0.0124573 0.011322 0.00967919 0.0091487 0.00853187 0.00822123 0.0079752 0.00733875 0.00682207 0.0066744 0.00625367 0.0060705 0.00575401 0.00558137 0.00552919 0.00534695 
0.111503 0.029627 0.015876 0.0131758 0.0120325 0.0100765 0.00884569 0.00912328 0.0083465 0.00777871 0.00737668 0.00755341 0.0073743 0.00731085 0.00708594 0.00702135 0.00702989 0.00675193 0.00645383 0.00626648 
0.11328 0.0254457 0.0171453 0.0133476 0.0110955 0.0101841 0.0086829 0.00803033 0.00723879 0.00689783 0.00637672 0.0065921 0.00648932 0.00613287 0.00601189 0.00584757 0.00563668 0.00559233 0.00544296 0.00521584 
0.089559 0.0272836 0.0175255 0.0158012 0.0144914 0.011751 0.0100451 0.00920408 0.00845311 0.00778704 0.00746325 0.00719377 0.00705427 0.00653405 0.00622773 0.00635258 0.00641894 0.00620394 0.00601474 0.00589306 
0.108729 0.0307526 0.0235859 0.0171432 0.0128006 0.0109067 0.00920342 0.00826335 0.00789891 0.00810859 0.00747293 0.00704695 0.00675058 0.0066811 0.00645583 0.00623094 0.00592629 0.00587186 0.00575583 0.00570991 
0.0954581 0.0335313 0.0251048 0.0158919 0.0125073 0.0109563 0.00914026 0.00865784 0.00831677 0.00758092 0.00714485 0.00693073 0.0067547 0.00672047 0.00650384 0.00621678 0.00600225 0.00602259 0.00591512 0.00577628 
0.101881 0.0339098 0.0206131 0.0151081 0.0130678 0.0109042 0.0104261 0.00909873 0.00791959 0.00731448 0.00700245 0.00661489 0.00644626 0.00629779 0.00600825 0.00584388 0.00561797 0.00542361 0.00552525 0.00547601 
0.104607 0.0307882 0.0188838 0.0127495 0.011493 0.0102404 0.00884515 0.00834222 0.00792491 0.00732762 0.00696399 0.00686286 0.00664625 0.00604759 0.00584131 0.00576668 0.00554727 0.00547035 0.00543478 0.00538531 
0.110247 0.0323606 0.0185268 0.014447 0.0110288 0.00960132 0.00945842 0.008673 0.00817775 0.00750648 0.00720788 0.0067182 0.00653389 0.0063707 0.00629295 0.0059838 0.00578612 0.00565496 0.00565442 0.00572088 
0.0998558 0.0276578 0.0201904 0.0146071 0.0133205 0.0113409 0.00945604 0.00818116 0.0074571 0.0074381 0.00697517 0.00627802 0.00604712 0.00582818 0.00579256 0.00565354 0.00582 0.00561266 0.00553596 0.00527379 
0.0816212 0.0271992 0.0206459 0.0153358 0.012904 0.012177 0.0109607 0.0103524 0.00882997 0.00839759 0.0077825 0.00732551 0.00687945 0.00672867 0.00657149 0.00642215 0.00617797 0.00622787 0.00622409 0.00612301 
0.120995 0.0318924 0.0226074 0.0161227 0.0132261 0.011398 0.0101601 0.00938142 0.00929276 0.00853067 0.00809484 0.00723364 0.00679416 0.00678757 0.0066529 0.00644761 0.00634437 0.00616606 0.00605364 0.00577212 
0.0935452 0.0286261 0.0193034 0.0143803 0.0122407 0.011424 0.0107812 0.00953741 0.0084036 0.00783993 0.0075776 0.00741272 0.00699265 0.00675588 0.00648959 0.00619247 0.00604611 0.00597286 0.00571689 0.00564317 
0.11172 0.0359907 0.0231426 0.0158233 0.0117597 0.00933574 0.0093188 0.00898965 0.0081434 0.00765693 0.00751674 0.00697123 0.00653348 0.00657561 0.00670174 0.0067406 0.00667754 0.00647177 0.00607462 0.00585471 
0.0980451 0.0323955 0.0207048 0.0149737 0.0111689 0.0109484 0.0108342 0.00994457 0.00902081 0.00771578 0.00776937 0.00723402 0.00668935 0.00665597 0.00645966 0.00631659 0.00624501 0.00619439 0.00588032 0.00577135 
0.0954792 0.039768 0.0226762 0.0173655 0.0140443 0.0114525 0.0105659 0.00936693 0.00884233 0.00843624 0.00760997 0.00732967 0.00666274 0.00627154 0.00592714 0.00570522 0.00561443 0.00541668 0.00524542 0.00533757 
0.113027 0.0276516 0.0167066 0.0145714 0.0109672 0.0103316 0.00930821 0.00834414 0.00822805 0.00788979 0.00709586 0.00681269 0.00628668 0.00607178 0.00597485 0.00571433 0.00563393 0.0056015 0.00542951 0.00539763 
0.104323 0.0304634 0.0198522 0.0142588 0.0119281 0.0103267 0.00863701 0.00849918 0.00822087 0.00774627 0.00715573 0.00713184 0.00678926 0.00663185 0.00649332 0.00631903 0.00618322 0.00610772 0.0057997 0.00563802 
0.101308 0.0280899 0.019001 0.0156168 0.0131624 0.0108108 0.00995195 0.0084513 0.0075117 0.0074958 0.00717205 0.00706822 0.00663624 0.00632851 0.00630935 0.0061701 0.00586842 0.00558152 0.00550201 0.00547055 
0.101065 0.0321431 0.0233604 0.0149595 0.0126685 0.0110573 0.00983997 0.00876479 0.00780282 0.00753076 0.00690584 0.00646337 0.00605352 0.005942 0.00584292 0.00568459 0.00550394 0.00544437 0.00542215 0.00537152 
0.0798279 0.0314272 0.0175964 0.0147681 0.0114489 0.0093365 0.00903828 0.00846911 0.00809624 0.00731067 0.00712559 0.00671117 0.00598631 0.00580859 0.00571343 0.00555279 0.00549733 0.00545099 0.0055473 0.00532572 
0.101571 0.0287642 0.0203348 0.0147998 0.0119789 0.0100016 0.00808782 0.00760278 0.00725495 0.00668123 0.00613071 0.00586278 0.00590039 0.00589231 0.00572485 0.00562409 0.0055856 0.00550011 0.00533804 0.00524862 
0.103871 0.0323684 0.0194044 0.015296 0.0118874 0.0100189 0.00882655 0.00820094 0.00749203 0.00718848 0.00694672 0.00655961 0.0062115 0.00631507 0.00627906 0.00611167 0.00601495 0.00589602 0.00575989 0.00548121 
