0.118198 0.0320426 0.0190769 0.0150707 0.0117786 0.00845563 0.00843927 0.00722287 0.00656411 0.00604791 0.00531897 0.00516662 0.00484719 0.00458754 0.00430856 0.00431875 0.00404724 0.00379809 0.00354646 0.00354522 
0.110223 0.0275914 0.0149004 0.0130079 0.0108609 0.0089739 0.00702783 0.00628572 0.00617382 0.00586213 0.00581689 0.00541501 0.00528279 0.00485295 0.0047095 0.00447526 0.00437496 0.00446029 0.00421476 0.00418886 
0.0844259 0.0287041 0.0155082 0.0124731 0.00882968 0.00865504 0.00727155 0.00681934 0.00634791 0.00605191 0.00587016 0.0052556 0.00525712 0.00486469 0.00459601 0.00429156 0.00418644 0.00417731 0.00406333 0.00390266 
0.121283 0.0400729 0.018266 0.0148123 0.0119441 0.0104805 0.00916092 0.00843002 0.00703482 0.00670226 0.00626475 0.00561756 0.00515048 0.00494096 0.00458967 0.0043854 0.00429102 0.00428788 0.00407031 0.00394541 
0.102188 0.027656 0.0178402 0.0136546 0.0104887 0.00929936 0.00769666 0.00711265 0.00608662 0.00539676 0.00537776 0.00516113 0.00484788 0.00483994 0.0045732 0.00445447 0.00434376 0.0042434 0.0040844 0.00390247 
0.103933 0.0281451 0.0162643 0.0140661 0.0105927 0.00818661 0.00791972 0.0071167 0.00624429 0.00552801 0.00532457 0.00538283 0.0052849 0.004779 0.00457235 0.0046559 0.0046354 0.00464244 0.00434755 0.00445812 
0.0961778 0.0267649 0.0141643 0.0115855 0.00968634 0.00840051 0.00773421 0.00686848 0.00624303 0.00585239 0.00545196 0.00523284 0.00502331 0.00493576 0.00492269 0.00469491 0.00445992 0.00430557 0.00412377 0.00398876 
0.100821 0.0311833 0.0149836 0.0128274 0.00938672 0.00839229 0.00775286 0.00725809 0.00662957 0.00668407 0.00638648 0.00568355 0.00538702 0.00514822 0.00483568 0.00466978 0.00449033 0.00443067 0.00436448 0.00439894 
0.0920457 0.0295271 0.0192425 0.0150071 0.0120827 0.00862528 0.0075564 0.00752142 0.00665511 0.00600198 0.00552487 0.00516546 0.00485969 0.00462152 0.00442248 0.00442476 0.00415486 0.00393307 0.00385739 0.0038878 
0.115352 0.0329773 0.0179065 0.0130439 0.0117467 0.00955534 0.00842664 0.00777114 0.00727616 0.00681195 0.00635942 0.00599532 0.00571717 0.00545896 0.00513789 0.00486409 0.00477837 0.00455317 0.00433757 0.0042059 
0.0936628 0.0257626 0.0168066 0.0115804 0.00993802 0.00851315 0.00772659 0.00708305 0.00607326 0.00552282 0.00487848 0.00503152 0.00488069 0.00459933 0.00446577 0.00438343 0.00432903 0.00424498 0.00423976 0.00413257 
0.132175 0.0310149 0.0203968 0.0136912 0.0106749 0.00965803 0.00930243 0.00842527 0.00769454 0.00686737 0.00617576 0.00565671 0.00558718 0.0053876 0.00523065 0.00511858 0.00474559 0.00441347 0.0043078 0.00423339 
0.0922482 0.0243812 0.0149963 0.0126509 0.0104397 0.00944836 0.00889558 0.00716447 0.00687869 0.0064453 0.00592274 0.0056113 0.00537507 0.00501876 0.0050984 0.00491229 0.0046003 0.00450665 0.00430583 0.00421174 
0.108111 0.032702 0.0192773 0.013176 0.0121608 0.0105233 0.0104484 0.0083466 0.00773288 0.00748098 0.00718436 0.00673336 0.00647702 0.00597423 0.00596361 0.00575771 0.00557272 0.00524152 0.00510719 0.00516428 
0.113054 0.0329158 0.0189022 0.0127926 0.0117353 0.0104125 0.00867034 0.0084088 0.00791403 0.00729868 0.00661487 0.0060547 0.0057406 0.00573972 0.00526296 0.00507089 0.00514495 0.00480522 0.00476029 0.00446684 
0.079996 0.0234655 0.0173277 0.0126957 0.0103368 0.00819209 0.00773543 0.00749175 0.00676975 0.00630901 0.00583745 0.00565185 0.00532734 0.00503182 0.0047617 0.00465853 0.00450574 0.00434982 0.00403608 0.00384621 
0.12226 0.0265055 0.0157439 0.0111025 0.0101768 0.00915539 0.00813523 0.00795164 0.00773079 0.007304 0.00664701 0.00633885 0.00610026 0.0057755 0.00553096 0.00543703 0.00519044 0.00494265 0.0046519 0.00448047 
0.0890791 0.0299792 0.0170795 0.0141806 0.0123401 0.0101438 0.00927863 0.00945951 0.00786133 0.00679582 0.00617608 0.00569187 0.00566086 0.00531062 0.00509407 0.00475247 0.00461761 0.00430722 0.00409901 0.00396581 
0.0803522 0.0275212 0.0223563 0.0142856 0.0122705 0.010901 0.00894114 0.00801308 0.0077767 0.00736891 0.00660566 0.00630504 0.00622105 0.00599873 0.00559294 0.00528095 0.00517182 0.0050689 0.00509158 0.00485452 
0.100761 0.0293714 0.0175902 0.0134576 0.0120184 0.00973567 0.00862359 0.00724629 0.00648215 0.00598492 0.00532825 0.00524044 0.00490263 0.00460802 0.00419853 0.00395453 0.00380041 0.00343625 0.00332836 0.00328676 
0.126874 0.0317082 0.018858 0.0146902 0.0114978 0.00922196 0.0080302 0.00765618 0.00728074 0.00682916 0.00620971 0.00588682 0.00551824 0.00528147 0.004915 0.00475998 0.00494588 0.0048031 0.00473257 0.00464901 
0.11852 0.0290134 0.0178125 0.0139763 0.0115734 0.0100123 0.00851803 0.00778592 0.00694694 0.00609884 0.00584038 0.00554895 0.00522433 0.00498791 0.00494934 0.00482343 0.00460078 0.00448932 0.00430298 0.00425241 
0.11661 0.0309644 0.0188981 0.0146208 0.0110804 0.0103869 0.00966383 0.00822793 0.00716485 0.00612303 0.00601359 0.00521685 0.00500079 0.00503787 0.00470472 0.00455646 0.00439729 0.0043336 0.00423908 0.00412428 
0.0927359 0.0239182 0.0155296 0.0128634 0.0110805 0.00951747 0.00872822 0.00767888 0.00732699 0.00692824 0.00667207 0.00620904 0.00581533 0.00544551 0.00519435 0.00497174 0.00510143 0.00465499 0.00444329 0.00428649 
0.113866 0.0290795 0.0206908 0.0143585 0.0106402 0.00978304 0.00874414 0.00755648 0.00682293 0.00672515 0.00615921 0.00580763 0.00539942 0.00526173 0.00503311 0.00484656 0.00453332 0.00438037 0.00434085 0.00419903 
0.0976816 0.0296636 0.0209349 0.0141552 0.012105 0.00922116 0.0071238 0.00653492 0.00613031 0.00604262 0.00508608 0.00504845 0.00483749 0.00498546 0.00492885 0.00469008 0.0047705 0.00461304 0.00438137 0.00438947 
0.080414 0.0272503 0.0190468 0.0145281 0.0107035 0.00918135 0.00810599 0.00750536 0.0070413 0.00663437 0.00618071 0.0060001 0.00588301 0.00533054 0.00518318 0.00494977 0.00484387 0.00467872 0.00457511 0.00435377 
0.129574 0.0361691 0.0232134 0.0144062 0.0101599 0.0087673 0.00762461 0.00723747 0.00658885 0.00621253 0.00577696 0.00538219 0.00526769 0.004949 0.00478477 0.00466661 0.00453958 0.00452041 0.00439476 0.0042594 
0.111022 0.0401448 0.0232538 0.017636 0.0122898 0.0109295 0.00840918 0.00753355 0.00676258 0.00668819 0.00630563 0.00617007 0.00569255 0.00568856 0.00542103 0.00505111 0.00474973 0.00460928 0.00447163 0.004113 
0.112532 0.0282592 0.0170464 0.0135473 0.0131649 0.011031 0.00914493 0.00826845 0.00728435 0.00660947 0.00600292 0.00600228 0.00548489 0.00509936 0.00481369 0.00460098 0.00442384 0.00420236 0.00395242 0.00397584 
0.113647 0.0275289 0.0177667 0.0123348 0.0104735 0.00845681 0.00680849 0.00627905 0.00622212 0.00574461 0.00572848 0.00584267 0.00545258 0.00528279 0.00499792 0.00478041 0.00460954 0.00451473 0.00433047 0.00408644 
0.0877369 0.0311956 0.0188482 0.0138464 0.0108486 0.00810409 0.00710091 0.00711796 0.00671116 0.00604595 0.00563323 0.00507952 0.00502989 0.00485238 0.00483235 0.00467615 0.00467415 0.00446271 0.00436283 0.00428094 
0.135989 0.0335121 0.0183152 0.0139233 0.0126582 0.0109906 0.0104076 0.00863517 0.00783372 0.00705796 0.0065003 0.00604928 0.00532651 0.00514659 0.00473832 0.00451288 0.00448091 0.00434079 0.00409711 0.00406799 
0.108256 0.0247883 0.0166331 0.014784 0.0114879 0.00954263 0.00884694 0.00803018 0.00713818 0.00709749 0.00669879 0.0061835 0.0056318 0.00558555 0.00545021 0.00531392 0.00491464 0.00458008 0.00468763 0.00463366 
0.124826 0.0346621 0.0235529 0.0153266 0.0118777 0.00899853 0.00797313 0.0076866 0.00666186 0.00586866 0.00539045 0.00509829 0.00480684 0.00465574 0.00465411 0.00460033 0.00431317 0.00419156 0.0041778 0.00424717 
0.109361 0.0298201 0.0177898 0.0133385 0.0107915 0.0091764 0.00789526 0.00723315 0.0061846 0.0058281 0.00555204 0.00503986 0.00487248 0.00463083 0.00464358 0.00446875 0.00420534 0.00401383 0.00401976 0.0039558 
0.0875033 0.029622 0.0166045 0.0140278 0.0129981 0.0105535 0.00975122 0.00817366 0.00741029 0.00661957 0.00619512 0.00564452 0.00541984 0.00541268 0.00495618 0.0045679 0.004379 0.00427405 0.00410993 0.00398309 
0.1221 0.0286434 0.0179969 0.0138167 0.011653 0.0107261 0.00882758 0.00775595 0.00677384 0.00629556 0.00561517 0.00516201 0.00503276 0.00487014 0.00489798 0.00476737 0.00459641 0.00448714 0.0042749 0.00400628 
0.0846986 0.0270334 0.0184146 0.0159438 0.0126243 0.00996578 0.00773325 0.00786248 0.0068221 0.006551 0.00621157 0.00577575 0.00567185 0.0052565 0.00493652 0.00464163 0.00451679 0.00435145 0.00392821 0.00394282 
0.0889421 0.0246312 0.0179593 0.0128217 0.0121087 0.0101902 0.00889627 0.00772354 0.0065656 0.00602233 0.00591221 0.00573877 0.0055991 0.0052031 0.00494137 0.00475031 0.00463442 0.00462996 0.00452525 0.00457632 
0.100955 0.0358111 0.0203714 0.0149025 0.0124103 0.010175 0.00864056 0.0071741 0.00678227 0.00640653 0.00604144 0.00571998 0.0054091 0.00509713 0.00488668 0.00489253 0.00476899 0.00458169 0.00458982 0.00437673 
0.0816985 0.0302448 0.0166446 0.0117765 0.00928915 0.00829102 0.00744446 0.00682689 0.00599619 0.00519654 0.00513955 0.00475643 0.00436717 0.00408262 0.00385526 0.00374519 0.00342687 0.00327476 0.00331175 0.00336696 
0.109533 0.0284068 0.0204093 0.01367 0.0107087 0.00913152 0.0084144 0.00720539 0.00688311 0.00566698 0.00531084 0.00537881 0.00504004 0.00511855 0.00475222 0.00447748 0.00429477 0.0040711 0.00406839 0.00399742 
0.118099 0.0216917 0.0136757 0.00973994 0.00844148 0.00720258 0.00727434 0.00709709 0.00634536 0.00608519 0.00568995 0.00534748 0.00511009 0.00484795 0.00469257 0.0045065 0.00421885 0.00417129 0.00400917 0.0038934 
0.0975661 0.0298969 0.0178904 0.0167655 0.0128809 0.01068 0.00896033 0.00807935 0.0076631 0.00696291 0.00630021 0.0061304 0.00589107 0.00556402 0.00535879 0.00517483 0.00509855 0.00470421 0.00446047 0.00429206 
0.117167 0.029677 0.0172405 0.0143494 0.0107506 0.00814945 0.00741478 0.00673488 0.00633818 0.00615684 0.00570616 0.00533701 0.00499165 0.00467669 0.0044502 0.00455628 0.00437599 0.00405783 0.00389552 0.0037429 
0.0762394 0.0275297 0.0165117 0.0131358 0.00996184 0.00941623 0.0076045 0.00655907 0.00596154 0.00576606 0.00549 0.00515927 0.00483544 0.00486706 0.00484915 0.00464645 0.0047097 0.00449395 0.00442069 0.00426581 
0.0947896 0.0323418 0.013962 0.0122984 0.00982535 0.0088063 0.00794077 0.00711186 0.00693605 0.00616109 0.00571359 0.00556588 0.00512972 0.00505323 0.00511862 0.00489981 0.00483922 0.00455015 0.0043384 0.00425959 
0.0925155 0.0226146 0.0156956 0.012706 0.00973136 0.00821149 0.00725138 0.00692261 0.00670713 0.00623856 0.00596137 0.00575076 0.00533568 0.00512378 0.00463325 0.00449304 0.00431423 0.00428828 0.00415351 0.00418704 
0.112538 0.0340521 0.0179761 0.0126783 0.00920114 0.00874091 0.00765156 0.00740582 0.00660325 0.00602406 0.0058307 0.00547335 0.00553327 0.00509135 0.00493627 0.00479397 0.00471426 0.00464669 0.0043135 0.00417228 
