0.0912752 0.021415 0.0156431 0.0129403 0.0112688 0.00978712 0.00888263 0.00822319 0.00777735 0.00722977 0.00706381 0.00633371 0.00595908 0.00576647 0.00546687 0.00532482 0.00531207 0.0051685 0.00514424 0.00503744 
0.0906908 0.02355 0.013589 0.00975899 0.00855559 0.00734362 0.00700794 0.00646079 0.00623094 0.00596313 0.00578863 0.00554019 0.00516511 0.00511659 0.00495956 0.00468022 0.00440278 0.00419399 0.0041222 0.00403351 
0.0951642 0.0248021 0.0186788 0.0147256 0.0105009 0.0095463 0.00840425 0.00780763 0.00787264 0.00719658 0.0068792 0.00603578 0.00574005 0.00562478 0.00524272 0.0048563 0.00471964 0.00468104 0.00448512 0.00444049 
0.089751 0.0234239 0.0184203 0.0135648 0.0107216 0.00985517 0.00841513 0.00792661 0.00739048 0.00664109 0.00641634 0.00611657 0.00597222 0.00557151 0.00524073 0.00516077 0.00519472 0.0051904 0.00523149 0.00507703 
0.113715 0.0348612 0.0215245 0.016206 0.0129109 0.0102617 0.00902522 0.00863186 0.00780708 0.00668519 0.00615016 0.0057238 0.00569109 0.00536299 0.00499595 0.0049272 0.00483004 0.00470743 0.0047898 0.0046415 
0.126084 0.0270067 0.0168129 0.0118197 0.0120516 0.00980842 0.00879021 0.00748769 0.00705913 0.00673111 0.00627902 0.00579222 0.00558265 0.00553977 0.00528327 0.00502781 0.00493725 0.00479068 0.00465968 0.00456736 
0.0887693 0.0296576 0.0171283 0.0124462 0.0111248 0.0102581 0.00896455 0.00726794 0.00720287 0.00655573 0.00647964 0.00613176 0.00569936 0.00568761 0.00557762 0.00526978 0.00494003 0.00487644 0.00470594 0.00465403 
0.110385 0.0289783 0.0161607 0.0124392 0.0103892 0.00818927 0.00748465 0.00725751 0.00704324 0.00679566 0.00607587 0.00534676 0.00513947 0.00489382 0.00485772 0.0047252 0.00456007 0.00449898 0.00436275 0.00423546 
0.108645 0.0245475 0.0167977 0.0149732 0.0120422 0.0101984 0.00993106 0.0082544 0.00783375 0.00662437 0.0060931 0.00568716 0.00554647 0.0055629 0.00539632 0.00515202 0.00492118 0.00473907 0.00464217 0.00457067 
0.121919 0.0331312 0.0204813 0.014144 0.0117624 0.00990094 0.00904811 0.00816846 0.0076923 0.0069429 0.006389 0.00579301 0.00573128 0.00550163 0.00558873 0.0054176 0.00539625 0.00533555 0.00487086 0.00486079 
0.0963834 0.0296556 0.0175155 0.013634 0.0105454 0.00915109 0.00787118 0.00696935 0.00656232 0.00628479 0.00583437 0.00576895 0.00534921 0.00534743 0.00520118 0.00496575 0.0049797 0.00487351 0.00492574 0.00484245 
0.0797374 0.0328196 0.019362 0.0136137 0.0112143 0.00919667 0.00805785 0.00687169 0.00623219 0.00587974 0.00558352 0.00520657 0.00534468 0.00499901 0.00507755 0.00495108 0.00484925 0.00457272 0.00458196 0.0045911 
0.0892152 0.0350884 0.0216763 0.0171412 0.0142626 0.0109016 0.00982227 0.00867714 0.00753769 0.00715109 0.00656993 0.0065556 0.00635743 0.00606428 0.00585389 0.00562646 0.00548287 0.00523622 0.00508278 0.00488478 
0.0977164 0.0310362 0.0158003 0.0145484 0.0122388 0.0112627 0.00883875 0.0078456 0.00735473 0.00683819 0.00646974 0.00629433 0.00598094 0.00538002 0.00536128 0.0050637 0.0049949 0.00474921 0.00460764 0.00439079 
0.0845255 0.0234018 0.0151415 0.0110783 0.00858157 0.00697562 0.00622362 0.0062204 0.0054015 0.00538519 0.00529886 0.00508781 0.00497163 0.00473204 0.00448274 0.00432212 0.00441072 0.00451455 0.00434319 0.00422787 
0.103192 0.0327201 0.019947 0.0147807 0.0132875 0.0105457 0.00899215 0.00777865 0.00745099 0.00681923 0.00606817 0.00580334 0.00591153 0.00565667 0.00549092 0.00517701 0.00502148 0.00483091 0.00469373 0.00455698 
0.119954 0.0391559 0.0227457 0.0191679 0.0146623 0.012338 0.0113373 0.00915951 0.00768102 0.00753775 0.00677799 0.00654702 0.00625438 0.00614589 0.00584054 0.00561355 0.00548423 0.00546151 0.00546227 0.00512863 
0.13232 0.0283427 0.0156977 0.0154388 0.0114558 0.00991016 0.00902304 0.00747142 0.00690938 0.00645347 0.00595527 0.00573981 0.00555289 0.00519553 0.00516249 0.00490496 0.00482375 0.00486501 0.00463542 0.004549 
0.0982462 0.0296579 0.0216475 0.0160159 0.0116412 0.00989076 0.00914997 0.00875942 0.00763242 0.00714749 0.00743181 0.00693421 0.00647513 0.00641578 0.0061002 0.00577692 0.00566026 0.00531053 0.00511149 0.00486952 
0.0866143 0.0361561 0.0204662 0.0147309 0.0113361 0.00968065 0.00831462 0.00717777 0.00616095 0.00578598 0.0056174 0.0052164 0.00529722 0.00515387 0.00499264 0.00493385 0.00491103 0.00477454 0.00453615 0.00429456 
0.0902022 0.0333704 0.0210564 0.0151658 0.0130165 0.0112215 0.00958216 0.00827067 0.00725818 0.00645255 0.00631961 0.00559307 0.00509731 0.00494612 0.00498984 0.00493374 0.00481361 0.00457018 0.00435799 0.00430261 
0.103299 0.0228453 0.0184202 0.0153271 0.0123698 0.0105237 0.00938785 0.00851181 0.00788122 0.00689912 0.00602543 0.0059974 0.00581802 0.00555032 0.00539833 0.00529153 0.00511992 0.00489363 0.00491673 0.00483628 
0.0865028 0.0230799 0.0137074 0.00989114 0.00863102 0.00860998 0.00840186 0.00828235 0.00813635 0.00838019 0.00764191 0.00695217 0.00655148 0.0061163 0.00589452 0.00563217 0.0055592 0.00541061 0.00520973 0.00514479 
0.089364 0.0288447 0.0199046 0.0132623 0.0119758 0.0116368 0.00976502 0.00868482 0.00781219 0.00685935 0.00655755 0.00635302 0.00584391 0.00580239 0.00554394 0.0054049 0.00543289 0.00534621 0.00515883 0.00500735 
0.069806 0.0289281 0.0177046 0.0147952 0.0105609 0.00967715 0.00856827 0.00797765 0.00784521 0.00699387 0.00639369 0.00587106 0.00561884 0.00538252 0.00551625 0.00540512 0.00499805 0.00481816 0.00473349 0.00467297 
0.0967085 0.0290207 0.0178929 0.0120358 0.0105952 0.00892211 0.00795394 0.0074897 0.00757642 0.00719517 0.00709913 0.00656044 0.00631756 0.00604302 0.00600802 0.00572071 0.00556969 0.00537207 0.00523509 0.00512039 
0.0911647 0.0301796 0.0210748 0.014034 0.0116985 0.0103058 0.00806596 0.00752391 0.0067184 0.00656935 0.00582113 0.00576086 0.00567091 0.00589743 0.00541867 0.00550465 0.00525538 0.00515797 0.00497769 0.00475316 
0.109831 0.0254656 0.0181514 0.0147875 0.0109343 0.00933191 0.00835429 0.00759896 0.00686369 0.00652045 0.00619313 0.00579185 0.00530126 0.00482723 0.00488426 0.00460808 0.00451535 0.00434979 0.00437516 0.0043269 
0.1135 0.0387848 0.02133 0.0147672 0.0122727 0.00985892 0.00918598 0.00865383 0.00812401 0.00716778 0.00674797 0.00668744 0.00614535 0.00591234 0.00569651 0.00540472 0.00530065 0.0050108 0.00480943 0.00474235 
0.0898681 0.0261382 0.0177701 0.0137934 0.0118405 0.00914887 0.00840502 0.00759192 0.00735483 0.0065041 0.00618462 0.00572689 0.00558664 0.00537043 0.00524884 0.00505416 0.00495563 0.00464732 0.00447877 0.00424901 
0.0832095 0.026311 0.0185762 0.0138572 0.0113129 0.00922285 0.00889629 0.00859693 0.00728088 0.00657954 0.00606786 0.00558703 0.0052992 0.0050523 0.0049874 0.00469007 0.00457071 0.00448056 0.00440503 0.00419915 
0.0883938 0.0244899 0.0182229 0.011534 0.00902006 0.00811482 0.00736123 0.00699804 0.00657802 0.00618501 0.00599538 0.00586963 0.00546104 0.00508646 0.0050243 0.00479596 0.00460789 0.00463188 0.00440923 0.00430631 
0.102715 0.0235253 0.0192609 0.0150797 0.0136177 0.0102819 0.00940592 0.00840347 0.00823753 0.00724342 0.00690069 0.00651446 0.0062525 0.00619631 0.00589297 0.00557484 0.00557311 0.00556646 0.00552126 0.00541154 
0.103969 0.031508 0.0145476 0.0117823 0.0109809 0.00966259 0.00788648 0.00747907 0.00640152 0.00610045 0.00568842 0.0054709 0.00510965 0.00501753 0.00480143 0.00467412 0.00452359 0.00459687 0.00472062 0.00462765 
0.0950365 0.0249337 0.0168853 0.0138975 0.0110044 0.00969746 0.00810006 0.00700114 0.00616578 0.00567972 0.00551367 0.00524609 0.00534475 0.00523491 0.00540819 0.00501536 0.00486353 0.00482146 0.00466473 0.00444465 
0.0893352 0.029616 0.0179347 0.0123817 0.010505 0.00910112 0.00788786 0.00726863 0.00699386 0.00605878 0.00576403 0.00562337 0.00541446 0.00539082 0.00523813 0.00510851 0.00518099 0.00483129 0.00469915 0.00466848 
0.104233 0.0267265 0.0156497 0.0112364 0.0104393 0.00958757 0.00819123 0.00796968 0.00650998 0.00612776 0.00596417 0.00554267 0.00522676 0.00515926 0.00488704 0.00477716 0.00487311 0.00482761 0.00481216 0.00455794 
0.0907607 0.0289435 0.0207699 0.0151346 0.0114052 0.00940655 0.00798074 0.00716174 0.00719572 0.00670269 0.00637402 0.00612685 0.00573133 0.00561138 0.00537966 0.00522225 0.00512749 0.0049738 0.00479802 0.00453727 
0.110337 0.0277953 0.015804 0.0113479 0.00939006 0.00890359 0.0082716 0.00714921 0.00706326 0.00648342 0.00613155 0.00581351 0.00555148 0.0051915 0.00501677 0.0045605 0.00450943 0.00452903 0.00442949 0.00443689 
0.0950443 0.0264448 0.016664 0.0122616 0.0119481 0.0107441 0.008969 0.00847427 0.00779751 0.00748522 0.00665062 0.0062596 0.00590184 0.00570696 0.00560978 0.00535073 0.00517636 0.00498261 0.00468858 0.00468644 
0.098198 0.0355117 0.0165715 0.0127266 0.0110067 0.00906039 0.00812126 0.00764706 0.00711231 0.00674827 0.00642739 0.0059853 0.00569418 0.0054074 0.00528413 0.00516845 0.00492555 0.00460741 0.00448218 0.00428623 
0.100219 0.0317912 0.0184357 0.0149846 0.0116707 0.0105831 0.00849865 0.00797664 0.00753165 0.0068228 0.00613741 0.00566997 0.00552102 0.00520303 0.00508297 0.00492631 0.00467634 0.00443347 0.00436324 0.00436072 
0.0966469 0.0327481 0.0186198 0.0151424 0.0124897 0.0115341 0.00954923 0.00913564 0.00822031 0.00776949 0.00747944 0.00700083 0.00661086 0.00655028 0.00626996 0.00610729 0.00568705 0.00548038 0.00524859 0.00520642 
0.114576 0.0329991 0.0180293 0.0128873 0.0122703 0.0102663 0.0088591 0.00793502 0.0070763 0.0062544 0.00581395 0.00537909 0.00541167 0.00502463 0.00466503 0.00450458 0.00456624 0.00461207 0.00471458 0.00462961 
0.106779 0.0268492 0.0178457 0.0140082 0.011652 0.0102208 0.0100518 0.00837646 0.00800342 0.00768037 0.00689719 0.00635192 0.00612844 0.0060031 0.00566792 0.00536843 0.00518639 0.00508039 0.00490945 0.00475044 
0.115014 0.0332278 0.020895 0.0151473 0.0125578 0.0102207 0.00824403 0.00719976 0.0063059 0.00578613 0.00536829 0.00504514 0.00471201 0.00462238 0.00455867 0.00454826 0.00442302 0.00438533 0.00438324 0.00433204 
0.101763 0.0275738 0.0164864 0.0143829 0.0123251 0.0100384 0.00912594 0.00756725 0.00700916 0.00656111 0.00599655 0.00587914 0.00581455 0.00548072 0.00528896 0.00499737 0.00504323 0.00482906 0.00477223 0.00454712 
0.110265 0.0295315 0.0182827 0.0141614 0.012006 0.0102707 0.00915955 0.00818197 0.00831123 0.00738753 0.00690225 0.00640099 0.00615255 0.00587075 0.00582876 0.00547409 0.00529141 0.00512633 0.00502721 0.00491182 
0.0834696 0.0334819 0.0156951 0.0135031 0.0117535 0.00927114 0.00844662 0.0081478 0.00720415 0.00657267 0.00669728 0.00649226 0.00585284 0.00562653 0.00553462 0.00525121 0.00519321 0.00505147 0.00495943 0.00483579 
0.0914109 0.0320657 0.0194499 0.0153987 0.0123382 0.010812 0.00859001 0.00794958 0.00773186 0.00685844 0.00617656 0.00587489 0.00576482 0.00567339 0.00554174 0.00550029 0.00531383 0.00515957 0.00503612 0.00501654 
