0.106692 0.00630717 0.00586774 0.00571136 0.00567604 0.00563151 0.00560042 0.00558601 0.00557654 0.00556976 
0.106763 0.00600903 0.00569672 0.00555897 0.00548726 0.00547159 0.00545417 0.00542998 0.00541857 0.00540824 
0.0832297 0.00668106 0.00610279 0.00593225 0.00589493 0.00586974 0.00585757 0.00583039 0.00580646 0.00578936 
0.106818 0.00641646 0.00592858 0.00577456 0.00570239 0.00568015 0.00564929 0.00562147 0.00560817 0.00559222 
0.108096 0.00654653 0.00616082 0.00597216 0.00589961 0.00585104 0.00580682 0.00579769 0.00578432 0.00577405 
0.105419 0.00652637 0.00617936 0.00587086 0.00578428 0.00576386 0.00572939 0.00572238 0.00570351 0.00568658 
0.0975457 0.00674306 0.00637439 0.00613175 0.00604628 0.0060256 0.00600157 0.00597403 0.00596207 0.00595164 
0.0814231 0.00633009 0.00606633 0.00590465 0.00586411 0.00577797 0.00571767 0.00570416 0.00568708 0.00568216 
0.11586 0.00625668 0.00592144 0.00575227 0.00567236 0.00563281 0.00558741 0.00557672 0.00556133 0.0055507 
0.0963369 0.0062764 0.00597937 0.0059029 0.00580506 0.00577252 0.00575433 0.00571979 0.00571341 0.00568858 
0.130107 0.00667336 0.00622097 0.00608276 0.00607353 0.00602836 0.00598916 0.00597684 0.00596735 0.00595607 
0.111382 0.00601608 0.00556206 0.00532641 0.00526612 0.00523219 0.00520335 0.00516432 0.00515062 0.00513433 
0.0889007 0.00583979 0.00543987 0.00530166 0.00523235 0.0051813 0.00515061 0.00513768 0.00511717 0.00511023 
0.0879254 0.00717958 0.00674452 0.00661296 0.00647561 0.00642166 0.00640551 0.00637396 0.00636706 0.0063624 
0.114104 0.00695641 0.00655603 0.00635898 0.00633162 0.00630405 0.00628633 0.00626133 0.00625099 0.00623499 
0.111702 0.00626357 0.00578205 0.00568481 0.0056031 0.00557597 0.00553664 0.00550145 0.00548088 0.00546711 
0.0913174 0.00623018 0.00589104 0.00575256 0.00564362 0.00560322 0.00556541 0.00553169 0.00552777 0.00551091 
0.111252 0.00631303 0.00582685 0.0056531 0.0056017 0.00556801 0.00553155 0.00552086 0.00551638 0.00550017 
0.102712 0.00623006 0.00589382 0.00575586 0.00569804 0.00564716 0.00563783 0.00561272 0.00559756 0.00558893 
0.0972159 0.0061102 0.00565113 0.0054983 0.00544486 0.00542707 0.00539567 0.00538455 0.00536389 0.00535364 
0.0875466 0.00615513 0.00573108 0.00558961 0.00546403 0.00540835 0.00539429 0.0053758 0.00536313 0.00534619 
0.126498 0.00692174 0.00637217 0.00620498 0.00612792 0.00606096 0.00603577 0.00602213 0.00600976 0.00600459 
0.108083 0.00646655 0.00589344 0.00570582 0.00562851 0.00560052 0.00556788 0.00553559 0.00552422 0.00552424 
0.125521 0.00644904 0.00575962 0.00556363 0.00542769 0.00539406 0.00537402 0.00534917 0.00532634 0.00532504 
0.0959722 0.00628203 0.00590068 0.00582755 0.00576676 0.00572527 0.00567747 0.00565321 0.00563211 0.00561725 
0.105146 0.00640011 0.00617153 0.00606649 0.00601085 0.00597765 0.00598188 0.00596529 0.00593932 0.00593058 
0.108781 0.00615908 0.00578706 0.00572554 0.00569449 0.00565968 0.00563468 0.0056066 0.00559266 0.00558306 
0.103668 0.00611898 0.00580525 0.00569928 0.00561557 0.00558966 0.0055653 0.00554443 0.00551576 0.00548727 
0.115997 0.00653179 0.00591584 0.00577953 0.00568889 0.00567327 0.00564853 0.00564656 0.00564119 0.00563302 
0.103562 0.00631002 0.00573801 0.00562535 0.00552717 0.00546129 0.0054409 0.00542984 0.00540906 0.00540262 
0.0964895 0.00602817 0.00568236 0.00554975 0.00550631 0.00542578 0.00541854 0.00539401 0.00538859 0.00537553 
0.0911794 0.00600881 0.00550716 0.00536157 0.00534943 0.00530152 0.00525712 0.00523452 0.00523143 0.00523504 
0.105609 0.00630855 0.00592791 0.00576782 0.00567295 0.00561133 0.00557294 0.00556067 0.00554524 0.00553776 
0.107922 0.00647627 0.00587637 0.00569448 0.00564247 0.00561648 0.00558205 0.00556429 0.00555115 0.00553518 
0.125166 0.00619893 0.00580658 0.00567531 0.00555105 0.00551033 0.00550405 0.0054947 0.00546219 0.00545266 
0.112878 0.00611905 0.00583318 0.00572658 0.00564823 0.00563226 0.00559619 0.0055866 0.00556318 0.00555692 
0.107618 0.00598452 0.00550942 0.0053839 0.00529527 0.00526541 0.00524306 0.00521429 0.00518683 0.00517236 
0.112034 0.00599502 0.00567139 0.00557502 0.00553015 0.00547654 0.00543597 0.00540449 0.00539315 0.00537935 
0.102288 0.00643352 0.00611081 0.00600208 0.00595322 0.00592696 0.00589872 0.00588663 0.00587333 0.00586063 
0.125302 0.00634445 0.00601416 0.00573682 0.00567305 0.00562214 0.00558412 0.00556195 0.00553454 0.00551986 
0.137267 0.00605937 0.00548925 0.00534046 0.00528259 0.00524499 0.00520011 0.00516316 0.00515183 0.00514644 
0.116952 0.00679332 0.00630296 0.00618396 0.00607418 0.00603101 0.00600895 0.005967 0.00595278 0.00593884 
0.107363 0.00621178 0.00588338 0.00566554 0.00561671 0.00555795 0.00553168 0.00552239 0.00550094 0.00549439 
0.0998148 0.0064544 0.00603599 0.00592879 0.00585297 0.00579133 0.00575718 0.00574492 0.00572877 0.00571641 
0.114902 0.00641789 0.00589409 0.00571433 0.00567198 0.00564629 0.00561334 0.00561193 0.00561421 0.00559731 
0.110988 0.00605678 0.00567543 0.0055904 0.0055463 0.00549108 0.00547373 0.00546674 0.00544744 0.00544333 
0.109749 0.0059955 0.00564558 0.00539615 0.00529894 0.00527866 0.00524712 0.00523565 0.00522384 0.00520386 
0.103194 0.00650458 0.00599618 0.0058153 0.0057382 0.00568973 0.00566403 0.00564004 0.00562254 0.0056132 
0.104068 0.00600193 0.00556942 0.00541455 0.00534302 0.00531893 0.00530796 0.00527978 0.00527562 0.00525719 
0.109133 0.00670987 0.00621924 0.00608578 0.00601876 0.00598187 0.00594834 0.0059279 0.00591737 0.00590546 
