0.05 0.35 0.65 0.99 1.3 1.63 2.08 2.56 3.09 3.34 3.66 4.08 4.47 4.9 4.89 5.5 5.97 6.57 6.5 7.02 
0.05 0.34 0.65 0.9 1.31 1.68 2.2 2.57 2.76 3.08 3.54 3.88 4.58 4.47 4.82 6.17 5.39 5.94 6.31 6.92 
0.05 0.35 0.65 0.97 1.3 1.65 2.19 2.39 2.9 3.18 3.78 4.33 4.46 4.62 4.86 5.99 5.69 6.61 7.01 7.73 
0.06 0.35 0.64 0.95 1.3 1.65 2.23 2.59 3.07 3.39 3.96 4.39 4.84 4.92 4.96 5.59 6.07 6.17 7.05 7.79 
0.05 0.35 0.64 0.99 1.32 1.69 2.17 2.56 3.07 3.42 3.58 3.97 4.88 4.58 4.97 5.41 5.99 6.01 6.38 6.91 
0.05 0.34 0.65 0.95 1.29 1.61 2.24 2.64 3.09 3.35 3.91 4.34 4.84 4.88 5.23 6.11 5.54 6.34 6.65 7.07 
0.05 0.35 0.65 0.96 1.33 1.69 2.21 2.61 3.1 3.39 3.98 4.43 4.89 4.89 5.28 6.1 5.74 6.61 6.28 7.79 
0.05 0.35 0.64 1 1.32 1.69 2.19 2.4 2.9 3.34 3.95 4.31 4.83 4.86 5.24 6.02 6.05 6.56 7.07 7.79 
0.06 0.35 0.63 0.94 1.26 1.59 1.95 2.31 2.75 3.11 3.51 3.93 4.76 4.9 4.81 6.12 5.4 6.35 6.33 7.89 
0.06 0.35 0.67 0.95 1.3 1.64 2.02 2.4 2.86 3.18 3.71 4.02 4.66 4.59 4.91 5.49 5.76 6.09 6.53 7.24 
0.05 0.35 0.62 0.94 1.25 1.57 1.98 2.35 2.72 3.08 4.06 4.36 4.28 4.46 5.25 5.31 5.3 6.03 7.2 7.8 
0.06 0.36 0.64 0.96 1.32 1.63 2.11 2.61 3.09 3.41 3.62 4.05 4.48 4.62 4.85 5.51 6 6.6 7.03 7.26 
0.05 0.35 0.63 0.92 1.22 1.56 1.96 2.52 3.04 3.37 3.81 3.88 4.32 4.42 4.7 6.04 5.48 6.57 7.02 6.87 
0.06 0.35 0.65 0.96 1.3 1.64 2.05 2.38 2.82 3.19 3.74 4.01 4.42 4.54 4.91 5.49 6.19 6.05 6.46 7.09 
0.05 0.34 0.62 0.92 1.22 1.56 1.97 2.63 3.12 3.38 3.98 3.91 4.3 4.45 4.7 5.31 5.38 5.88 6.29 6.84 
0.05 0.35 0.66 0.98 1.31 1.66 2.18 2.57 3.12 3.33 3.95 4.39 4.81 4.92 5.2 6.11 5.95 6.5 7.08 7.35 
0.05 0.34 0.65 0.97 1.24 1.56 1.96 2.34 2.73 3.11 3.53 3.93 4.4 4.47 5.38 5.49 5.43 6.02 7.33 7.99 
0.06 0.35 0.65 0.98 1.35 1.67 1.97 2.35 3.07 3.37 3.97 4.33 4.82 4.92 5.19 6.06 6.06 6.63 7.11 6.94 
0.05 0.34 0.63 0.91 1.3 1.65 2.18 2.53 3.1 3.09 3.99 4.36 4.32 4.45 5.08 5.97 5.7 6.53 7.03 7.68 
0.05 0.34 0.64 0.93 1.31 1.69 2.18 2.58 3.11 3.45 3.72 4.39 4.9 4.92 5.26 6.12 6.15 6.02 7.08 6.93 
0.05 0.35 0.65 0.97 1.31 1.65 1.97 2.33 2.73 3.11 3.56 3.9 4.35 4.78 4.82 6.21 5.41 6.47 7.31 6.88 
0.05 0.34 0.65 0.96 1.29 1.64 2.04 2.39 2.86 3.21 3.65 4.36 4.83 4.86 5.1 5.46 5.8 6.08 7.06 7 
0.06 0.34 0.64 0.98 1.32 1.67 2.13 2.37 2.79 3.1 3.57 3.9 4.92 4.51 4.97 5.35 5.76 6.5 6.29 6.86 
0.05 0.34 0.63 0.96 1.26 1.59 2.2 2.36 3.06 3.38 3.94 4.38 4.37 4.87 4.81 5.35 5.42 5.94 6.31 7.85 
0.05 0.34 0.65 0.98 1.31 1.69 2.17 2.57 3.1 3.39 3.6 3.93 4.35 4.5 4.95 5.35 6.21 6.55 7 6.88 
0.05 0.35 0.64 0.95 1.25 1.59 1.96 2.31 2.73 3.37 3.97 4.36 4.85 4.84 5.23 6.02 5.45 5.98 6.68 7.65 
0.05 0.34 0.66 0.99 1.33 1.71 2.16 2.42 2.85 3.18 3.62 4.34 4.84 4.61 4.87 6.04 5.92 6.26 6.73 7.64 
0.06 0.34 0.65 0.97 1.33 1.66 2.19 2.45 2.86 3.19 3.93 4.33 4.46 4.75 5.21 6.01 5.99 6.15 6.48 7.06 
0.05 0.35 0.64 0.95 1.35 1.69 2.2 2.6 3.11 3.38 3.65 4.06 4.83 4.92 5.23 5.55 5.78 6.49 6.48 7.09 
0.06 0.33 0.64 0.92 1.3 1.69 2.15 2.34 2.73 3.06 3.51 3.89 4.37 4.95 5.46 6.1 6.14 6.43 7.03 7.79 
0.05 0.35 0.62 0.91 1.25 1.57 1.98 2.53 3.05 3.4 3.67 3.88 4.25 4.96 4.72 5.31 5.37 5.9 6.26 7.99 
0.05 0.34 0.63 0.91 1.22 1.56 2.14 2.35 3.14 3.36 3.54 4.37 4.83 4.53 4.74 5.3 5.36 5.88 6.31 7.89 
0.05 0.34 0.65 0.99 1.28 1.68 2.16 2.61 3.04 3.38 3.93 4.37 4.43 4.63 4.85 5.7 5.79 6.54 6.44 7.71 
0.06 0.35 0.65 0.98 1.33 1.69 2.15 2.61 3.09 3.39 3.66 4.08 4.85 4.89 4.89 5.51 5.93 6.57 7.04 7.75 
0.05 0.36 0.66 0.97 1.37 1.67 2.22 2.41 2.86 3.21 4.02 4.41 4.49 4.64 5.12 6.06 6.1 6.2 6.7 7.71 
0.05 0.35 0.66 0.97 1.35 1.69 2.05 2.41 2.83 3.18 3.98 4.03 4.84 4.88 5.3 6.01 5.8 6.54 6.52 7.07 
0.06 0.35 0.64 0.98 1.31 1.67 2.06 2.55 2.84 3.21 3.93 4.34 4.9 4.62 4.87 5.52 5.54 6.13 7.12 7.04 
0.05 0.35 0.65 0.97 1.39 1.66 2.07 2.43 2.87 3.24 3.94 4.37 4.84 4.67 4.98 6.11 5.55 6.4 7.09 7.26 
0.06 0.35 0.66 0.96 1.3 1.63 2.07 2.4 2.84 3.21 3.65 4.02 4.43 4.63 5.46 6.05 5.55 6.24 6.98 7.22 
0.06 0.34 0.66 1 1.29 1.66 2.09 2.61 2.86 3.19 3.77 4.37 4.82 4.9 4.88 5.53 6.03 6.1 6.47 7.01 
0.06 0.35 0.65 1 1.32 1.63 2.2 2.62 3.07 3.38 3.95 4.08 4.46 4.63 5.26 6.06 6.04 6.57 7.09 7.72 
0.06 0.34 0.62 0.91 1.24 1.54 1.92 2.56 2.73 3.05 3.91 3.88 4.9 4.63 5.14 6.09 5.36 6.57 6.27 6.77 
0.06 0.35 0.66 0.96 1.31 1.67 2.02 2.41 2.85 3.22 3.96 4.05 4.8 4.71 4.89 5.5 5.94 6.12 6.84 7.06 
0.05 0.34 0.65 0.92 1.23 1.66 2.17 2.32 3.03 3.35 3.83 4.33 4.83 4.91 5.23 5.35 5.61 5.9 6.3 6.82 
0.06 0.35 0.64 0.94 1.29 1.62 2.02 2.55 2.87 3.18 3.83 4.02 4.42 4.55 4.88 5.45 5.62 6.11 7.1 7.8 
0.05 0.34 0.63 0.92 1.25 1.58 1.98 2.34 3.05 3.09 3.99 3.91 4.29 4.9 5.32 6 6.04 6.01 6.35 7.13 
0.06 0.33 0.64 0.96 1.31 1.68 2.17 2.61 3.12 3.38 3.52 3.91 4.3 4.46 4.9 6.05 5.95 6.55 6.26 6.82 
0.06 0.35 0.64 0.93 1.23 1.6 2.18 2.54 3.08 3.35 3.54 4.33 4.3 4.84 5.15 5.27 5.36 5.89 7.11 7.78 
0.06 0.35 0.65 0.95 1.3 1.63 2.06 2.61 3.07 3.38 3.64 4.34 4.45 4.62 4.89 5.46 5.92 6.52 7.01 7.7 
0.06 0.32 0.64 0.98 1.25 1.58 1.97 2.33 2.73 3.09 3.99 4.32 4.88 4.82 5.23 6.01 5.91 6.45 6.26 7.73 
