0.02 0.17 0.33 0.47 0.6 0.74 0.92 1.08 1.22 1.45 2.12 1.69 1.93 2.12 2.34 2.44 2.54 2.99 3.51 3.08 
0.03 0.16 0.31 0.46 0.59 0.72 0.93 1.1 1.42 1.31 1.5 1.62 1.82 1.93 2.09 2.32 3.08 2.71 2.76 3.07 
0.03 0.17 0.32 0.47 0.6 0.73 0.92 1.23 1.21 1.39 1.54 1.89 2.05 1.99 2.19 2.68 3.2 2.75 3.17 3.54 
0.03 0.17 0.32 0.48 0.6 0.75 0.99 1.22 1.29 1.46 2.08 1.84 2.27 2.18 2.28 2.36 2.55 3.41 3.38 3.49 
0.03 0.17 0.32 0.48 0.6 0.74 0.94 1.16 1.25 1.43 2 1.64 1.85 2.32 2.13 2.4 2.61 2.67 2.85 3.05 
0.04 0.16 0.31 0.47 0.6 0.73 0.96 1.13 1.27 1.4 1.62 1.8 2.02 2.42 2.27 2.59 2.66 2.64 3.09 3.05 
0.04 0.17 0.33 0.47 0.6 0.73 0.92 1.12 1.21 1.42 1.6 1.8 1.97 2.17 2.27 2.59 3.02 2.58 3.57 2.94 
0.03 0.18 0.32 0.47 0.6 0.74 0.94 1.21 1.2 1.52 1.63 1.84 2.06 2.15 2.3 2.55 2.7 2.99 3.07 3.44 
0.02 0.17 0.32 0.45 0.59 0.7 0.9 1 1.19 1.31 1.63 1.63 1.8 2 2.72 2.69 3.1 3 2.81 3.08 
0.03 0.18 0.32 0.48 0.59 0.73 0.93 1.07 1.22 1.37 1.81 1.69 1.9 2 2.16 2.43 2.4 3.19 2.87 3.17 
0.03 0.17 0.31 0.46 0.58 0.71 0.89 1.11 1.19 1.33 1.5 1.71 1.97 1.95 2.09 2.96 2.67 3.07 3.3 3.52 
0.03 0.17 0.33 0.47 0.58 0.73 0.92 1.16 1.24 1.4 1.67 1.94 1.87 2.16 2.15 2.46 2.58 3 3.65 4.35 
0.02 0.17 0.31 0.47 0.58 0.7 0.91 1.08 1.2 1.44 1.96 2.24 1.84 2 2.13 2.77 2.85 3.27 3.14 4.35 
0.03 0.17 0.33 0.48 0.59 0.74 0.92 1.07 1.19 1.37 1.79 1.71 1.91 2.04 2.15 2.41 2.39 2.85 2.86 3.15 
0.03 0.17 0.32 0.46 0.58 0.7 0.91 1.16 1.24 1.46 1.64 2.12 1.97 1.95 2.12 2.35 2.39 3.15 2.79 3.04 
0.03 0.17 0.32 0.47 0.6 0.73 0.92 1.13 1.22 1.43 1.63 1.88 1.97 2.19 2.3 2.53 3.2 2.94 3.01 3.43 
0.03 0.16 0.31 0.46 0.61 0.72 0.9 1.03 1.2 1.33 1.51 1.63 1.84 1.9 2.39 3.02 2.34 2.59 3.34 3.44 
0.03 0.17 0.33 0.48 0.6 0.74 1.01 1.03 1.36 1.42 1.65 1.81 2.09 2.38 2.3 2.57 2.67 2.91 3.01 3.41 
0.03 0.16 0.32 0.45 0.58 0.72 0.95 1.12 1.24 1.62 1.76 1.84 2.55 1.93 2.11 2.64 3.13 3 3.18 3.55 
0.04 0.16 0.31 0.48 0.58 0.71 0.95 1.09 1.39 1.45 1.65 1.8 2.09 2.19 2.26 2.52 2.65 2.91 3.33 4.12 
0.03 0.16 0.31 0.48 0.6 0.72 0.96 1.04 1.2 1.31 1.5 1.62 1.83 1.9 2.46 2.66 2.5 2.66 3.05 3.51 
0.03 0.17 0.33 0.47 0.59 0.73 0.89 1.04 1.24 1.37 1.55 1.88 2.03 2.08 2.32 2.39 2.45 2.73 2.9 3.54 
0.03 0.18 0.32 0.47 0.6 0.74 0.94 1.11 1.2 1.33 1.54 1.67 1.89 2.19 2.34 2.42 2.42 3.36 2.87 3.1 
0.03 0.17 0.31 0.47 0.6 0.72 1.01 1.19 1.32 1.46 1.65 1.87 2.49 2 2.29 2.42 2.4 2.94 2.81 3.48 
0.04 0.16 0.31 0.47 0.58 0.74 0.92 1.11 1.23 1.38 1.98 1.63 1.84 1.95 2.11 2.98 2.38 3.01 3.14 3.54 
0.03 0.17 0.31 0.48 0.58 0.73 0.89 1.01 1.2 1.45 1.63 1.82 2.02 2.18 2.36 2.55 3.11 2.64 2.8 3.63 
0.03 0.17 0.33 0.48 0.59 0.73 0.94 1.22 1.2 1.37 1.54 1.86 2.06 2.4 2.21 2.59 2.89 2.99 3.79 3.5 
0.03 0.18 0.32 0.46 0.61 0.75 0.92 1.21 1.21 1.38 1.54 1.8 2.06 2.15 2.19 2.57 2.64 3.3 2.88 3.07 
0.03 0.16 0.32 0.48 0.6 0.75 0.93 1.15 1.25 1.42 1.79 1.7 2.21 2.19 2.29 3.04 2.47 3.05 2.85 3.02 
0.04 0.16 0.31 0.46 0.57 0.74 0.94 1.19 1.18 1.33 1.49 1.64 1.8 2.01 2.27 2.57 2.6 2.94 3.19 3.57 
0.03 0.18 0.31 0.47 0.6 0.71 0.92 1.02 1.22 1.39 1.99 2.24 1.84 2.13 2.76 2.37 2.4 2.6 2.8 3.81 
0.03 0.16 0.32 0.48 0.59 0.72 0.91 1.09 1.33 1.44 2 1.89 2.02 2.19 2.09 2.31 2.7 2.62 2.85 3.28 
0.04 0.17 0.32 0.48 0.57 0.75 0.92 1.12 1.2 1.47 2.1 2.19 2.54 2 2.15 2.4 2.64 3.05 3.36 3.5 
0.04 0.17 0.32 0.46 0.6 0.74 0.94 1.13 1.26 1.47 1.53 1.72 1.9 2.17 2.41 2.41 2.59 3.01 3.16 3.52 
0.03 0.17 0.32 0.48 0.6 0.73 0.92 1.11 1.21 1.42 1.79 1.91 2.59 2.03 2.18 2.59 2.75 3.27 2.85 3.52 
0.03 0.17 0.32 0.47 0.6 0.74 1.04 1.04 1.22 1.39 1.55 1.71 1.9 2.08 2.28 2.52 2.72 2.68 3.16 3.09 
0.03 0.17 0.33 0.47 0.61 0.74 1.07 1.14 1.47 1.37 1.58 1.81 2.02 2.03 2.22 2.43 2.48 2.74 3.37 4.26 
0.03 0.18 0.32 0.49 0.6 0.77 0.9 1.14 1.2 1.41 1.77 1.76 2.06 2.44 2.18 2.59 3.09 2.87 3.36 4.37 
0.03 0.17 0.32 0.48 0.59 0.73 0.92 1.04 1.2 1.36 1.69 1.69 1.88 2.02 2.42 2.58 2.58 2.7 2.85 3.57 
0.04 0.18 0.33 0.48 0.6 0.74 0.91 1.06 1.44 1.38 1.54 1.8 2.06 2.14 2.32 2.39 2.47 3.36 2.78 3.15 
0.03 0.16 0.32 0.48 0.6 0.75 0.9 1.13 1.21 1.45 1.64 1.98 1.9 2.03 2.45 2.57 2.7 3.04 3.22 3.5 
0.03 0.17 0.31 0.47 0.58 0.72 0.9 1.11 1.48 1.33 1.49 2.15 1.83 1.98 2.45 2.73 2.63 3.01 3.81 3 
0.03 0.18 0.32 0.47 0.61 0.73 1.06 1.04 1.22 1.37 1.75 2.27 1.91 2.12 2.2 2.48 2.64 2.97 3.18 3.63 
0.04 0.16 0.31 0.46 0.58 0.72 0.97 1.2 1.36 1.39 1.74 1.85 2.06 2.19 2.31 2.31 2.36 3.16 2.81 3.07 
0.03 0.17 0.32 0.48 0.58 0.73 0.92 1.05 1.49 1.35 1.5 2 1.89 1.96 2.14 2.42 2.43 3.36 3.06 4.09 
0.04 0.16 0.32 0.46 0.59 0.71 0.87 0.99 1.3 1.59 1.76 2.16 1.84 2.12 2.31 2.62 2.69 3.26 3.8 4.26 
0.02 0.16 0.32 0.48 0.6 0.73 0.94 1.16 1.24 1.45 1.91 1.64 1.84 2 2.13 2.59 2.65 3.01 3.87 2.98 
0.03 0.17 0.33 0.47 0.59 0.72 1.04 1.08 1.22 1.44 1.61 1.77 2.35 2.19 2.32 2.37 2.61 2.59 3.39 3.52 
0.03 0.17 0.31 0.48 0.58 0.74 0.9 1.14 1.27 1.46 1.88 1.71 2.34 1.99 2.16 2.39 2.47 2.93 3.11 3.97 
0.03 0.17 0.31 0.47 0.6 0.72 0.9 1.09 1.19 1.36 1.5 1.89 2 2.07 2.33 2.57 2.69 3.02 2.74 3.02 
