0.0893876 0.0197082 0.0142095 0.0101523 0.00821282 0.00762654 0.00726819 0.00684074 0.0063681 0.00603354 0.00592152 0.00583169 0.00548157 0.0053389 0.00516493 0.00507477 0.00497808 0.0049003 0.00479611 0.00475248 
0.0979639 0.0191446 0.0128471 0.0103965 0.00827972 0.00711412 0.00645214 0.00608269 0.00570537 0.00556088 0.00545305 0.00528242 0.0050299 0.00493479 0.00483981 0.00471136 0.00462035 0.00463296 0.0046175 0.00458373 
0.0842596 0.0157492 0.0115523 0.010091 0.00820743 0.00742778 0.00685571 0.00638376 0.00605808 0.00579368 0.00564409 0.00558223 0.00531875 0.00523422 0.00512705 0.00497691 0.00487322 0.00489231 0.00495609 0.00495095 
0.0878113 0.0193159 0.0146613 0.0108843 0.00866839 0.00756059 0.00681225 0.00617431 0.00599115 0.00572778 0.00561867 0.00540939 0.00530135 0.00513173 0.00497938 0.0049824 0.00496556 0.00487869 0.0048998 0.00479659 
0.111323 0.0183408 0.0103885 0.00839137 0.00726791 0.00687307 0.00618695 0.00598113 0.00587048 0.00561379 0.00529957 0.00526534 0.00506505 0.00485915 0.00480824 0.00470454 0.00467262 0.00461175 0.00447216 0.00442376 
0.115492 0.0189344 0.0106907 0.00886894 0.00758197 0.00734594 0.00684974 0.00672651 0.00614578 0.00604379 0.00573696 0.00543635 0.00529321 0.00509334 0.00496455 0.00495528 0.00485949 0.00484717 0.00483071 0.00489303 
0.105874 0.0173988 0.0120857 0.00891885 0.00860452 0.00704568 0.00661538 0.0058054 0.00551399 0.00538437 0.00525579 0.00510509 0.00486505 0.00479945 0.00468919 0.00462394 0.00454739 0.00445442 0.00441904 0.00437376 
0.0948558 0.015 0.0130297 0.00893199 0.00790076 0.00698636 0.00677914 0.00622057 0.00593735 0.00561923 0.00549406 0.00555851 0.00526522 0.00505337 0.00497648 0.00498169 0.00489658 0.0048354 0.00476447 0.00465441 
0.0896338 0.0143251 0.0114772 0.00930024 0.00780542 0.00709968 0.00615517 0.00577791 0.00557201 0.00538993 0.00523697 0.00513665 0.00498727 0.00500733 0.00476257 0.00461165 0.0044845 0.00440455 0.0044121 0.0042911 
0.081542 0.0215306 0.0117724 0.0100766 0.00849895 0.00790176 0.00764536 0.00681346 0.00658915 0.00612685 0.00579477 0.00579599 0.00566544 0.00547747 0.00520954 0.00503364 0.00503532 0.00503505 0.00495234 0.00493333 
0.121577 0.0185361 0.0121325 0.0109899 0.00971716 0.00790062 0.00747899 0.00690018 0.0065329 0.00622869 0.00597061 0.00576755 0.00552592 0.00512192 0.00505803 0.00497623 0.00494642 0.00486437 0.00478557 0.00475971 
0.0865406 0.0220018 0.0126102 0.00883533 0.00813215 0.00685835 0.0062602 0.00629092 0.00605087 0.00566025 0.0056198 0.00554361 0.00534604 0.0051541 0.0050677 0.0050484 0.00487983 0.00481664 0.00472981 0.00466473 
0.0889327 0.0211084 0.01204 0.0103462 0.0086064 0.00735541 0.00667167 0.0061803 0.00593386 0.00565026 0.0053738 0.0052429 0.00521495 0.00504847 0.00492692 0.00468857 0.00466366 0.00452472 0.00451096 0.00451422 
0.111092 0.0202964 0.0124411 0.00958987 0.00830643 0.00710196 0.00653671 0.00609795 0.00597195 0.00575391 0.00557004 0.00544884 0.00531032 0.0051451 0.00507471 0.00505243 0.00497733 0.00496402 0.00482275 0.00479781 
0.103682 0.0214231 0.0132202 0.0101377 0.00903982 0.00771582 0.00694983 0.00677808 0.00633553 0.00628266 0.00605305 0.00589434 0.0055641 0.00526043 0.00526213 0.00508403 0.00495013 0.00486447 0.00477618 0.00470025 
0.0799089 0.0207571 0.0122063 0.00939651 0.00764138 0.0074504 0.00647027 0.00627717 0.00585329 0.00569963 0.00557412 0.00532548 0.0052204 0.00513117 0.005046 0.00506721 0.00499473 0.00496544 0.0048848 0.00481072 
0.118232 0.0165083 0.0103005 0.00887361 0.00768423 0.00680077 0.00651989 0.00599398 0.00568831 0.00550175 0.00544894 0.0052223 0.00508413 0.005087 0.00493561 0.00484953 0.00481411 0.00471354 0.00467226 0.004669 
0.0911326 0.0163728 0.0113181 0.00907752 0.00799029 0.00714535 0.00655069 0.00609023 0.0057474 0.00547205 0.00526841 0.00497754 0.00485583 0.00491417 0.00476932 0.00465616 0.00467746 0.0046582 0.00467792 0.00463132 
0.112479 0.020135 0.0130578 0.0102366 0.0089331 0.00793935 0.00729509 0.0065812 0.00601459 0.00562045 0.0054199 0.00527946 0.00520353 0.0049913 0.00488881 0.00480587 0.0048429 0.00477879 0.00477548 0.00468109 
0.0831619 0.0186237 0.0116318 0.00890305 0.00686129 0.00612711 0.0060441 0.00562217 0.00544291 0.00502435 0.00484926 0.00482674 0.00485868 0.00467963 0.00466667 0.00454479 0.0043942 0.00432662 0.00427702 0.00434248 
0.116634 0.0239457 0.0127317 0.00965003 0.00871048 0.00735151 0.00688158 0.00607779 0.00594877 0.00568715 0.00534646 0.00523816 0.00503582 0.00493667 0.0048283 0.00475362 0.00464464 0.0045059 0.00441005 0.00431528 
0.08414 0.0265906 0.0156165 0.0103715 0.00955603 0.00880164 0.00759298 0.00717318 0.00685603 0.00655937 0.00612501 0.00570732 0.00560143 0.00535438 0.00515808 0.00505341 0.00511117 0.00516519 0.00512022 0.00504042 
0.095676 0.0227377 0.0126383 0.00982261 0.008751 0.00785171 0.0066666 0.00612228 0.00582402 0.00586565 0.00557093 0.00532579 0.00521391 0.00512628 0.00508922 0.00494022 0.00486827 0.00480361 0.00479721 0.00478774 
0.0990457 0.0182902 0.010581 0.00821866 0.00711968 0.00700941 0.00672237 0.00666575 0.00632231 0.00595884 0.00580809 0.0056828 0.00531243 0.00525641 0.00515254 0.00511055 0.00505633 0.00491674 0.00486369 0.00482444 
0.101072 0.020341 0.0123896 0.00898141 0.00747791 0.00680932 0.00649118 0.00613116 0.00580822 0.00548939 0.00526058 0.00504163 0.00479099 0.00473943 0.00468629 0.00463102 0.00459256 0.00462599 0.0045622 0.0044877 
0.10323 0.0194701 0.0133703 0.00805295 0.0078123 0.00698464 0.00627676 0.00637713 0.00608605 0.00569624 0.00551108 0.0054903 0.0051456 0.00494253 0.00487517 0.00482079 0.00474823 0.00470988 0.00461916 0.00462507 
0.109932 0.0283014 0.0124991 0.0103341 0.00839804 0.00723642 0.00602004 0.00545453 0.00518238 0.00479485 0.00476595 0.00460945 0.00461722 0.00450167 0.00458444 0.00442631 0.00432314 0.004224 0.00417596 0.00423658 
0.130661 0.0207186 0.0115985 0.0091413 0.00789186 0.00649744 0.00576509 0.00545779 0.00541794 0.00540275 0.00519316 0.00501532 0.00481522 0.0048874 0.00483759 0.00471038 0.00461029 0.0045303 0.00443594 0.0043567 
0.0990945 0.0176755 0.0106423 0.00827301 0.00747064 0.00658553 0.00631588 0.00585167 0.00561617 0.00529116 0.00533078 0.00531025 0.00502612 0.00494542 0.00479184 0.00475016 0.00463633 0.00465222 0.00463251 0.00456928 
0.0903706 0.0192575 0.0144259 0.0107982 0.00847658 0.00711668 0.00647391 0.00597917 0.00558767 0.00534116 0.00519065 0.00497981 0.00486456 0.00462187 0.00444417 0.0045298 0.00456335 0.004358 0.00430671 0.00425111 
0.110776 0.0231638 0.0134634 0.00993519 0.00825054 0.00693188 0.00629937 0.00610359 0.00584175 0.00559585 0.00541821 0.005247 0.00517139 0.00512623 0.00496159 0.0048181 0.00475962 0.00468574 0.00464133 0.00460715 
0.10183 0.0204775 0.0120052 0.00999516 0.00885915 0.00750856 0.00671082 0.00625925 0.00609392 0.00588732 0.0055728 0.00533316 0.00532248 0.00518447 0.00505828 0.00501982 0.00498283 0.00490475 0.00480195 0.00471939 
0.0643047 0.0160738 0.0109254 0.00913153 0.00788464 0.00718428 0.00638985 0.00553332 0.00537373 0.00525396 0.00503316 0.00505437 0.00501522 0.00487941 0.00477911 0.00470081 0.00473745 0.00471552 0.0046152 0.00462847 
0.100238 0.0188263 0.0117426 0.00955888 0.00794432 0.00695593 0.00679751 0.00639039 0.00614739 0.0057832 0.0055175 0.00540243 0.0052597 0.00508792 0.00495889 0.00470233 0.00455424 0.00451395 0.00446758 0.00448001 
0.14452 0.0196974 0.0111687 0.00886823 0.00790382 0.00718617 0.00697634 0.00672125 0.00628066 0.00586518 0.00576227 0.0055206 0.0053873 0.00529721 0.00522006 0.00511668 0.00511854 0.00511135 0.00499701 0.00489477 
0.0912589 0.0199532 0.0131057 0.00880777 0.00652106 0.00616394 0.00568727 0.00563345 0.00542294 0.00550959 0.00526829 0.00509821 0.00497651 0.00475872 0.00472808 0.00465068 0.00456088 0.00441103 0.00436222 0.0043076 
0.122531 0.0192416 0.0110831 0.00910122 0.00853178 0.00700852 0.00678437 0.0064121 0.00608585 0.0057107 0.00561352 0.00551905 0.00515701 0.00518154 0.00507561 0.00482442 0.00468651 0.00458944 0.00456959 0.00448475 
0.10031 0.0183514 0.012393 0.0092423 0.00732075 0.00631282 0.00571781 0.00552899 0.00505257 0.00496783 0.00486804 0.00471489 0.00450219 0.00448905 0.00451513 0.00444945 0.00443461 0.00443021 0.00434247 0.00434707 
0.102502 0.0160803 0.0118939 0.00877167 0.00703094 0.00652869 0.006034 0.00579442 0.00565931 0.00567787 0.00542857 0.00532545 0.00519534 0.00493092 0.00493692 0.00492065 0.00483667 0.00473785 0.00469899 0.00467252 
0.106695 0.0193986 0.0135222 0.00992392 0.00811563 0.00735812 0.00680763 0.0064011 0.00608328 0.00577777 0.00559072 0.00538765 0.00541126 0.00534971 0.00518153 0.00516779 0.0050858 0.00505733 0.00494949 0.00482356 
0.11563 0.0216798 0.0130915 0.009401 0.00807342 0.00735929 0.00625629 0.00602952 0.00587131 0.00574494 0.00553372 0.00552327 0.0052941 0.00503137 0.00489731 0.0048733 0.00471326 0.00467958 0.00462941 0.00456846 
0.1136 0.0216346 0.0131583 0.00913514 0.00758618 0.00649637 0.00600554 0.00589207 0.00546473 0.00519072 0.00506451 0.00481283 0.00472399 0.00447875 0.0043789 0.00441545 0.00439569 0.00432682 0.00430822 0.00430113 
0.132392 0.0202414 0.0134482 0.00960494 0.00776319 0.0071765 0.00662561 0.00610317 0.00585061 0.00574077 0.00551887 0.00524189 0.00518857 0.00498758 0.00486082 0.00477837 0.00474374 0.0046571 0.00453849 0.00450737 
0.0966323 0.0213813 0.0125927 0.00988622 0.00914738 0.00772671 0.00707982 0.00642162 0.00618878 0.00564615 0.00546028 0.00535071 0.00535326 0.00511164 0.00491559 0.00479898 0.00477384 0.00461356 0.00458413 0.00450473 
0.0989767 0.0180716 0.0118877 0.00861593 0.00775864 0.00704071 0.00650043 0.00592611 0.00561224 0.00559937 0.00513557 0.00497346 0.00476562 0.00464256 0.00458302 0.00449032 0.00439447 0.00439238 0.00430266 0.00420743 
0.090021 0.0175391 0.0128587 0.00877974 0.00759071 0.00715573 0.00673215 0.00618231 0.00575932 0.00546423 0.00542799 0.00531737 0.00545473 0.00529914 0.00522197 0.00510649 0.00502177 0.00499571 0.00493121 0.00487113 
0.0750695 0.0178066 0.01285 0.00959008 0.00852967 0.00783153 0.00696264 0.006391 0.00616922 0.00590102 0.00555517 0.00548011 0.00524714 0.00530196 0.0050749 0.00499622 0.0049109 0.00478736 0.00477259 0.00469764 
0.0853227 0.0191714 0.0131696 0.00944703 0.00829204 0.00750493 0.00723835 0.00664806 0.00664593 0.00653253 0.0061686 0.00576241 0.00557227 0.00530526 0.00505057 0.00492132 0.00496157 0.0048748 0.00485609 0.004704 
0.101588 0.0171838 0.0112691 0.00863013 0.00776462 0.00691496 0.00623547 0.00615063 0.0061361 0.00566741 0.00551211 0.00537874 0.0052053 0.00506713 0.00507151 0.00497458 0.0048502 0.00471543 0.00464121 0.00458595 
0.0886533 0.0205467 0.0154164 0.0118008 0.00889964 0.00757212 0.0067968 0.00647948 0.00585573 0.00525541 0.00516466 0.00498252 0.0048351 0.00463075 0.00462326 0.00450968 0.00445049 0.00432413 0.00432396 0.00428922 
