0.112 0.0111417 0.0106347 0.0104995 0.0104221 0.0103599 0.0103192 0.0102922 0.0102673 0.0102442 
0.1052 0.0104356 0.0100053 0.00986734 0.00983769 0.00982086 0.00980421 0.00978573 0.00977131 0.00975385 
0.0990158 0.0118124 0.0114223 0.0112799 0.0112377 0.0112103 0.0111396 0.0111276 0.0111066 0.0110916 
0.119659 0.0124253 0.0119919 0.0118133 0.0117522 0.0116968 0.0116743 0.0116471 0.0116232 0.0116184 
0.0781588 0.0136556 0.0131493 0.0130357 0.0129825 0.0129325 0.0128944 0.0128804 0.0128681 0.0128638 
0.114687 0.0127614 0.0122863 0.0121332 0.0120513 0.0119903 0.0119625 0.0119337 0.0119058 0.0118967 
0.131344 0.0113908 0.0108819 0.0108002 0.0107437 0.0107201 0.0106932 0.0106775 0.0106697 0.0106591 
0.119519 0.0116015 0.0112108 0.0110651 0.0110288 0.0110065 0.0109369 0.0109178 0.0108929 0.0108652 
0.107729 0.0116594 0.0112332 0.01113 0.0110063 0.0109612 0.0109005 0.0108932 0.0108793 0.0108667 
0.111111 0.0113225 0.0110232 0.0108424 0.0108085 0.0107776 0.0107315 0.010712 0.0107056 0.0106936 
0.104528 0.0124567 0.0120836 0.0118643 0.0117343 0.0116869 0.0116626 0.0116402 0.011627 0.0116119 
0.107756 0.0107051 0.0102826 0.0101936 0.0100657 0.0100248 0.00996894 0.00993833 0.00991328 0.00989392 
0.138746 0.0117973 0.0111828 0.0110659 0.0110087 0.0109503 0.0109313 0.0109211 0.0109154 0.0108977 
0.0948175 0.0123433 0.0118916 0.0117104 0.0116846 0.0116205 0.0115957 0.0115756 0.0115535 0.0115368 
0.105339 0.0138304 0.013276 0.0130868 0.0130006 0.0129552 0.0129457 0.0129459 0.0129257 0.0129127 
0.142499 0.0106999 0.0103465 0.0102586 0.0101597 0.0101028 0.0100498 0.0100382 0.0100252 0.0100095 
0.101529 0.0122035 0.0114621 0.0112632 0.011179 0.0111291 0.0110701 0.0110452 0.0110424 0.0110373 
0.085108 0.0109843 0.0106867 0.0106152 0.010516 0.0104769 0.0104539 0.0104417 0.0104309 0.010417 
0.138785 0.0115834 0.0110759 0.0109072 0.010793 0.0107218 0.0107044 0.0107017 0.0106944 0.0106599 
0.113434 0.0130014 0.0126082 0.0123185 0.0122298 0.0121639 0.0121134 0.0120995 0.0120912 0.0120853 
0.116708 0.0115539 0.0108975 0.0107118 0.0107063 0.0106238 0.0105978 0.0105657 0.0105561 0.0105369 
0.105238 0.0112937 0.0109769 0.0107904 0.0107304 0.0106804 0.010649 0.0106261 0.0106209 0.0106209 
0.104744 0.011981 0.0113114 0.0112083 0.0111407 0.0111286 0.0111041 0.0110754 0.0110528 0.0110413 
0.132459 0.0112909 0.0107812 0.0107135 0.0106014 0.0105578 0.0105259 0.0105053 0.0105018 0.0104808 
0.105282 0.0117022 0.011231 0.0110442 0.0109722 0.0109241 0.0108959 0.010864 0.0108402 0.0108231 
0.120913 0.0121014 0.0115516 0.0113593 0.0113189 0.0112699 0.0112573 0.0112332 0.0112132 0.0112053 
0.10996 0.0127757 0.012009 0.0118402 0.0117837 0.0117696 0.0117236 0.0117068 0.0116965 0.0116837 
0.0889323 0.0108713 0.0104179 0.010358 0.0102593 0.0102316 0.0102124 0.0101973 0.0101795 0.0101712 
0.0777157 0.0123958 0.0120209 0.011893 0.0118019 0.0117532 0.011729 0.0117171 0.0117107 0.0117073 
0.101397 0.0112309 0.010662 0.0105403 0.0105212 0.010454 0.0104367 0.0104113 0.0103953 0.0103851 
0.136129 0.0109465 0.0105047 0.0103586 0.0102803 0.0102214 0.0101835 0.0101492 0.0101489 0.01014 
0.137513 0.0108397 0.0103878 0.0103013 0.0102287 0.0102107 0.0101852 0.01017 0.0101434 0.0101262 
0.129003 0.0113259 0.0109159 0.0107976 0.0107369 0.010699 0.0106931 0.0106692 0.0106509 0.0106498 
0.104753 0.0117312 0.0114274 0.011226 0.0111626 0.0111282 0.0111096 0.0110814 0.0110751 0.0110703 
0.113956 0.0115808 0.0111992 0.0110843 0.010988 0.0109132 0.010885 0.0108606 0.0108549 0.0108395 
0.131661 0.0113364 0.0108157 0.0105474 0.0104784 0.0104123 0.0103576 0.0103264 0.0103029 0.0102929 
0.104665 0.0105502 0.0101679 0.0100265 0.00995124 0.0098957 0.0098816 0.00985935 0.00983662 0.00983167 
0.139791 0.0108935 0.010391 0.0102388 0.010173 0.0101598 0.0101312 0.0101133 0.0100948 0.0100736 
0.117565 0.012084 0.0117304 0.0115395 0.0115046 0.0114742 0.0114564 0.011435 0.0114241 0.0114128 
0.106625 0.011888 0.0114291 0.0112944 0.0111595 0.0111105 0.0110467 0.0110165 0.0110029 0.0109754 
0.084396 0.0110044 0.0105632 0.0103654 0.0102672 0.0102276 0.01022 0.0102017 0.0101787 0.0101618 
0.121772 0.0122442 0.0118937 0.0118519 0.0117697 0.0116936 0.0116441 0.0116337 0.011613 0.0115972 
0.0958425 0.0109822 0.0107606 0.0106355 0.0105419 0.0104927 0.0104523 0.0104143 0.0103847 0.01037 
0.102407 0.0116036 0.0110682 0.0109269 0.0108533 0.01082 0.0107871 0.0107725 0.0107548 0.0107507 
0.106597 0.0115979 0.011139 0.0110032 0.0109673 0.0109381 0.0109104 0.0108911 0.0108825 0.0108773 
0.099109 0.0113959 0.0108622 0.0107627 0.0106758 0.0106372 0.0106002 0.0105808 0.010571 0.0105604 
0.107497 0.0102468 0.00971615 0.00963631 0.0095837 0.00956849 0.0095372 0.00950217 0.00949847 0.00949427 
0.110308 0.0119901 0.0115629 0.0113466 0.0112937 0.0112125 0.0111976 0.0111792 0.0111609 0.0111418 
0.0933059 0.0114987 0.0110371 0.0109252 0.0108511 0.0107673 0.0107317 0.010728 0.010697 0.0106966 
0.100642 0.0127396 0.0123167 0.0122015 0.0121273 0.0120865 0.0120726 0.0120531 0.0120395 0.0120239 
