0.0872834 0.0337371 0.0194342 0.0152088 0.012755 0.0116493 0.0111585 0.0108627 0.0102691 0.0098321 0.00927304 0.00881762 0.0087086 0.00837743 0.00822404 0.00796065 0.00767165 0.00756493 0.00752057 0.00746584 
0.138043 0.036051 0.0242307 0.0178428 0.0150618 0.0142969 0.0132141 0.0116166 0.0110763 0.0103321 0.00926149 0.00869308 0.00862335 0.0084392 0.00820999 0.00795536 0.00769634 0.0074364 0.00722252 0.0072545 
0.0965157 0.031976 0.0195423 0.0175232 0.0137452 0.0120792 0.0110395 0.0109085 0.010597 0.0100424 0.0093459 0.00937061 0.0092156 0.0091255 0.00876427 0.00891346 0.00859834 0.0083598 0.00815733 0.00799818 
0.104098 0.0305689 0.0221498 0.0161659 0.012452 0.0107549 0.00989862 0.00953044 0.00922466 0.00892895 0.0080644 0.00798056 0.00759787 0.0075958 0.00740445 0.00734367 0.00713088 0.00713498 0.00700637 0.00696979 
0.124484 0.0369957 0.0223339 0.0182129 0.0142976 0.0132875 0.0116453 0.0108482 0.0097746 0.00877739 0.00867855 0.00864381 0.0083091 0.00835526 0.00826589 0.00799013 0.0076176 0.00765517 0.00758699 0.00748648 
0.0943151 0.0328008 0.019527 0.0160618 0.0138128 0.011539 0.0117664 0.0109916 0.0106365 0.0101559 0.00983655 0.00931417 0.00879336 0.0084976 0.0081354 0.00802664 0.00796749 0.00761155 0.00758091 0.00752326 
0.107372 0.0392863 0.0264126 0.0224903 0.0186016 0.0158366 0.0143215 0.012265 0.0117517 0.0105308 0.0100786 0.00985639 0.00942718 0.00911339 0.00897997 0.00870645 0.00855554 0.00805723 0.00791195 0.00773561 
0.0746397 0.0301581 0.0216036 0.0165326 0.014396 0.0126794 0.0121865 0.0115757 0.0113725 0.0106359 0.0101379 0.00942218 0.00889949 0.00868207 0.0086048 0.00819793 0.00785837 0.00787423 0.00803321 0.00783259 
0.131584 0.0340424 0.0204533 0.0171582 0.0145427 0.0120718 0.011549 0.0107103 0.00988632 0.00965595 0.00919451 0.00871958 0.00857924 0.00821141 0.00781807 0.00769147 0.00765129 0.00745506 0.0072665 0.00707543 
0.112112 0.0315162 0.0176087 0.0147004 0.0130527 0.0118012 0.0106986 0.0102479 0.00983018 0.00967067 0.00917769 0.00852784 0.00846884 0.00815092 0.00801506 0.00798311 0.00786292 0.00781855 0.00765068 0.00732915 
0.0997974 0.0295553 0.0196008 0.0160352 0.0129439 0.0123453 0.0117912 0.0105632 0.0101002 0.0104366 0.010101 0.00996452 0.00949786 0.00878902 0.00857367 0.00844634 0.00827359 0.00828168 0.00806991 0.00791008 
0.124621 0.034397 0.0197135 0.0154497 0.0134365 0.0121117 0.0108909 0.0101245 0.00996732 0.00975167 0.00914852 0.00861838 0.0080585 0.00808484 0.00780461 0.00751845 0.00711048 0.00699878 0.0068403 0.00675295 
0.13535 0.0381809 0.0212972 0.0150819 0.0134387 0.0116434 0.0115223 0.0103158 0.00968226 0.00929669 0.00928399 0.00888264 0.00842251 0.00829969 0.00800763 0.00761655 0.00752686 0.00729647 0.00704011 0.00684656 
0.123534 0.0338516 0.023108 0.0163805 0.0140802 0.0125814 0.0115895 0.0110058 0.0107636 0.0100495 0.00939373 0.0092904 0.00879074 0.0088257 0.00881326 0.00863366 0.00854373 0.00838092 0.00825615 0.00816607 
0.109649 0.0367594 0.0249431 0.0166478 0.0138274 0.0137372 0.0120924 0.0112808 0.0109093 0.0101729 0.00951415 0.0091557 0.00904511 0.00874769 0.00845403 0.00832125 0.0080705 0.00802262 0.0079091 0.00774508 
0.119548 0.0294425 0.0189755 0.0152007 0.0134396 0.0114826 0.0105689 0.0101259 0.00946582 0.00874849 0.00816696 0.00817331 0.00774156 0.00751451 0.00734714 0.00722903 0.00704278 0.00689212 0.00703052 0.00702535 
0.102324 0.0372371 0.0234871 0.0177327 0.0145862 0.0128636 0.0120725 0.0114012 0.0102648 0.00954815 0.00892409 0.00829788 0.00830255 0.00795041 0.00795382 0.00781162 0.00753115 0.00734632 0.00740287 0.0073215 
0.107087 0.0318524 0.0205645 0.018134 0.0164307 0.0141547 0.0120911 0.0109503 0.010409 0.00965806 0.00936056 0.00875195 0.00828845 0.0081101 0.0078532 0.00770778 0.00782991 0.00746928 0.00748191 0.00721883 
0.0957482 0.0327833 0.0261856 0.0176452 0.0142436 0.0129015 0.0113067 0.0108801 0.0103424 0.00998407 0.00952216 0.00888976 0.00847812 0.00830007 0.00814234 0.00827265 0.00804704 0.00810423 0.00815636 0.00806641 
0.106848 0.0362647 0.0249917 0.0195378 0.0168095 0.0158603 0.0138732 0.012169 0.0111622 0.0101599 0.00928989 0.00914488 0.00850107 0.0083557 0.00844081 0.00816096 0.00788029 0.00776903 0.00765771 0.00743026 
0.0747996 0.0287437 0.0197699 0.0151782 0.0134741 0.0138898 0.0113848 0.0101497 0.00982341 0.00912573 0.0089567 0.00855523 0.00815647 0.00761813 0.00747776 0.00750454 0.00730415 0.00723047 0.00721993 0.0070147 
0.11831 0.0398803 0.0221491 0.016008 0.0122735 0.0116951 0.0114366 0.0104858 0.0101507 0.0096991 0.00907616 0.00860007 0.00852508 0.00828104 0.00837758 0.00831037 0.00809631 0.00812409 0.00805997 0.00790625 
0.110438 0.0369414 0.0203968 0.0153335 0.013669 0.0120876 0.010716 0.0103323 0.00975345 0.00932944 0.00919105 0.00829843 0.00829126 0.00820101 0.00810005 0.00801078 0.00771878 0.00749747 0.0074016 0.00738336 
0.133112 0.0396631 0.0232125 0.0186503 0.013777 0.0126262 0.0122778 0.0114778 0.0108969 0.0100182 0.00925677 0.00874243 0.00853666 0.00816718 0.00788739 0.00776143 0.00787946 0.00781018 0.00773442 0.00774239 
0.100207 0.0248417 0.0217591 0.0175234 0.0140952 0.0125867 0.0101792 0.0097151 0.0099801 0.00981413 0.00927508 0.00877057 0.00869729 0.00837796 0.00827541 0.00807084 0.00801137 0.00790646 0.00776879 0.00767925 
0.154135 0.03759 0.028299 0.0207188 0.0149358 0.0127933 0.0118719 0.0109247 0.0101857 0.0097481 0.00975352 0.00926282 0.00886762 0.00853955 0.00825924 0.00805076 0.00787604 0.00778443 0.00766995 0.00757596 
0.101103 0.0300493 0.019275 0.0149055 0.0124786 0.0121137 0.0114176 0.011119 0.00966509 0.00845241 0.00819327 0.00783406 0.00780164 0.00765352 0.00759085 0.00735687 0.00710151 0.00701648 0.006947 0.00686516 
0.0967522 0.0223901 0.0177354 0.0152254 0.0148342 0.0129142 0.0121919 0.0113727 0.0106251 0.0102949 0.0101657 0.00983721 0.00923223 0.00892759 0.00857659 0.00831128 0.00840387 0.00817393 0.00804346 0.00788971 
0.10182 0.0390066 0.0247582 0.017928 0.01383 0.0119919 0.0115697 0.0108063 0.0104717 0.00974695 0.00930418 0.00928314 0.00919619 0.00888251 0.00848073 0.00805959 0.00809396 0.007998 0.00806763 0.00783121 
0.09904 0.0351098 0.0250121 0.0190172 0.0149458 0.0126144 0.0110523 0.00976002 0.00960367 0.00917106 0.00898759 0.00846394 0.0083401 0.0080251 0.00794502 0.00793567 0.0077339 0.00766786 0.00742973 0.00742051 
0.102889 0.0376891 0.0250015 0.0164553 0.0147455 0.014366 0.0129268 0.0113786 0.0101299 0.00945724 0.00882447 0.00851761 0.00823453 0.00829045 0.00800103 0.00781065 0.00750252 0.00742318 0.00723253 0.00724072 
0.103537 0.0238198 0.0193752 0.0150241 0.0116901 0.0111414 0.0103785 0.00919807 0.00868724 0.00831935 0.0081517 0.00769632 0.0077319 0.00761096 0.00732719 0.00704358 0.00682243 0.00680616 0.00677731 0.00668132 
0.124111 0.0344776 0.0232044 0.0164363 0.0132854 0.0113473 0.0101156 0.00969061 0.00916823 0.00893748 0.00846713 0.00831215 0.0082542 0.00804172 0.0080015 0.00772412 0.00753143 0.00721099 0.00710735 0.00705164 
0.126833 0.027855 0.019269 0.0156218 0.014416 0.0114093 0.010783 0.0104238 0.00962896 0.00919999 0.00918936 0.00893904 0.00864569 0.00813114 0.00810618 0.00777989 0.00776075 0.00761595 0.00731388 0.00716514 
0.078496 0.0301558 0.0232911 0.0172912 0.0132457 0.012453 0.0106997 0.00996837 0.00912349 0.00867099 0.00843103 0.00825176 0.00811101 0.00795432 0.0078253 0.00750475 0.00749476 0.00723733 0.00716091 0.00701928 
0.0947827 0.03416 0.0192352 0.0145606 0.012646 0.0118842 0.0108059 0.00998392 0.00940761 0.00885001 0.00855782 0.00802519 0.00818592 0.00784905 0.0076569 0.00754225 0.00745861 0.00748682 0.00731673 0.00712163 
0.112676 0.0304477 0.0197854 0.0166436 0.0128561 0.0129424 0.0108441 0.00961185 0.00900513 0.00868265 0.00859897 0.00835713 0.00800612 0.00751326 0.00727529 0.00714636 0.006923 0.00684949 0.00683143 0.00663865 
0.107943 0.0275838 0.0181346 0.0152598 0.0119481 0.0112975 0.00962607 0.00839743 0.00846218 0.008749 0.00842049 0.00806092 0.00806957 0.00791738 0.00776786 0.00755145 0.00760535 0.00739415 0.0072526 0.00714326 
0.12804 0.0311825 0.0241103 0.0189705 0.0166915 0.0140362 0.0122493 0.0113728 0.0107205 0.0101006 0.00957068 0.00935578 0.00879471 0.00875741 0.00867185 0.00834686 0.00815152 0.0078739 0.0078672 0.00764359 
0.0936735 0.0315257 0.0187476 0.0142947 0.0133634 0.0128885 0.010652 0.010003 0.00933778 0.0089413 0.00866612 0.00836478 0.00801513 0.00790349 0.00763138 0.00750418 0.00745327 0.00745682 0.0073727 0.00735187 
0.0907229 0.0341854 0.0215924 0.0188457 0.0163886 0.0137574 0.0120115 0.011457 0.010842 0.009703 0.00944962 0.00905122 0.00919154 0.00914048 0.00874043 0.0085678 0.00842701 0.00807842 0.00767779 0.00742012 
0.0985741 0.0342689 0.0245004 0.0189192 0.0160648 0.0142961 0.0125627 0.0122119 0.011622 0.0111802 0.0106082 0.0099015 0.00946314 0.00900848 0.00867208 0.00869889 0.00861466 0.00858049 0.00837328 0.00801202 
0.085372 0.036031 0.0244808 0.0179386 0.0149613 0.013079 0.0125353 0.0121722 0.0111426 0.010441 0.00963882 0.00943685 0.00884075 0.00838779 0.00839205 0.00819897 0.00791289 0.00775336 0.00767493 0.00757741 
0.0877527 0.0305021 0.0209648 0.015363 0.013795 0.0115448 0.0106729 0.00961421 0.00976175 0.00921002 0.00895409 0.00847103 0.00810614 0.00793712 0.00786856 0.00772165 0.00767343 0.00746692 0.00745193 0.00730102 
0.111927 0.0349069 0.027408 0.0213451 0.0171443 0.0150036 0.012906 0.0117054 0.0103867 0.0100286 0.00916619 0.00875359 0.00864386 0.00865771 0.00837715 0.00804615 0.00802357 0.00800329 0.00784469 0.00772386 
0.125048 0.0374848 0.0229207 0.0173205 0.014262 0.0133382 0.0118981 0.0112164 0.0108946 0.0100988 0.00955546 0.00925654 0.0090665 0.00875667 0.00844844 0.00800817 0.00786767 0.00774707 0.00764283 0.00749705 
0.148578 0.0453741 0.0264961 0.0173657 0.0142134 0.0116213 0.0108256 0.0101112 0.0100923 0.00930851 0.00881843 0.00821272 0.00779349 0.00774821 0.00770046 0.00753182 0.00723913 0.0070384 0.00710002 0.00707853 
0.11418 0.0284552 0.0212132 0.0160722 0.0129739 0.0122279 0.0113505 0.0109382 0.0100372 0.00982081 0.00928248 0.00897389 0.00827858 0.00835656 0.00824507 0.00802827 0.00785441 0.00778082 0.00790464 0.00783319 
0.0940471 0.0359197 0.0237234 0.0174691 0.0147244 0.0125261 0.0109599 0.0100184 0.009596 0.0091641 0.00876106 0.00814959 0.00812903 0.00816159 0.00799841 0.00806697 0.00804066 0.00771876 0.00744743 0.00727409 
0.105417 0.0277545 0.0191441 0.01531 0.013559 0.0119985 0.0110494 0.0103793 0.00951575 0.00940073 0.00940116 0.00922647 0.00921152 0.00877924 0.00841331 0.00818092 0.00823623 0.00815234 0.00802736 0.00785114 
