0.01 0.02 0.01 0.01 0.01 0.01 0.01 0.02 0.03 0.02 
0.01 0.02 0.01 0 0.01 0.02 0.02 0.02 0.01 0.01 
0.02 0.02 0.01 0.01 0.01 0.03 0.02 0.01 0.02 0.01 
0.01 0.02 0 0.01 0.01 0.02 0.02 0.01 0.01 0.01 
0.01 0.03 0.01 0.01 0.01 0.02 0.01 0.02 0.01 0.02 
0.01 0.04 0.01 0.02 0.01 0.01 0.02 0.01 0.02 0.02 
0.02 0.02 0.01 0 0.01 0.01 0.02 0.01 0.02 0.02 
0.04 0.01 0.01 0.01 0.01 0.01 0.02 0.02 0.01 0.02 
0.02 0.01 0.01 0.01 0.02 0.01 0.01 0.01 0.01 0.02 
0.01 0 0 0.01 0.01 0.02 0.02 0.03 0.01 0.02 
0.01 0.04 0.01 0.01 0.01 0.02 0.02 0.01 0.02 0.02 
0.03 0.02 0.01 0.01 0.02 0.01 0.02 0.01 0.02 0.01 
0.03 0 0 0.01 0.01 0.01 0.02 0.02 0.01 0.02 
0.01 0.05 0.01 0.01 0.02 0.02 0.01 0.01 0.02 0.02 
0.01 0.03 0.02 0.01 0.01 0.01 0.02 0.02 0.01 0.01 
0.001699 0.00291 0.00304 0.003593 0.004944 0.007508 0.005845 0.008864 0.005687 0.010617 
0.007572 0.003405 0.003658 0.004864 0.003519 0.003898 0.006538 0.009009 0.008625 0.010808 
0.001804 0.002541 0.004463 0.003368 0.003945 0.006975 0.007113 0.005304 0.008116 0.006814 
0.002085 0.001602 0.003854 0.003458 0.007283 0.007138 0.004714 0.010141 0.006792 0.005932 
0.00172 0.006267 0.002569 0.005404 0.00575 0.005385 0.007599 0.005088 0.00953 0.010326 
0.002582 0.002937 0.004378 0.004855 0.005557 0.006325 0.007558 0.005204 0.005584 0.010159 
0.002448 0.003926 0.003888 0.005029 0.005652 0.006238 0.004585 0.008564 0.009357 0.005997 
0.008234 0.003407 0.003279 0.004704 0.006037 0.006402 0.007354 0.005747 0.00642 0.00648 
0.007684 0.004917 0.002669 0.00475 0.005527 0.006079 0.007517 0.00865 0.008864 0.006396 
0.005121 0.003281 0.003658 0.003312 0.004014 0.003989 0.004756 0.008839 0.005473 0.006325 
0.01 0 0.01 0.01 0.01 0.01 0.02 0.01 0.01 0.02 
0.03 0.01 0.02 0.01 0.02 0.01 0.01 0.01 0.01 0.02 
0.01 0 0 0.01 0 0.01 0.01 0.02 0.01 0.01 
0 0.03 0.01 0.01 0.01 0.02 0.01 0.02 0.02 0.02 
0.05 0.01 0.01 0.01 0.01 0.01 0.01 0.02 0.02 0.02 
0.01 0.01 0.01 0 0.01 0.01 0.02 0.02 0.01 0.02 
0.01 0.01 0.01 0.01 0.02 0.02 0.01 0.01 0.02 0.01 
0.05 0.01 0 0.01 0.01 0.01 0.02 0.02 0.02 0.02 
0.01 0.01 0 0.01 0.02 0.01 0.01 0.01 0.01 0.02 
0 0.02 0 0.01 0 0.01 0.01 0.02 0.01 0.02 
0 0.04 0.01 0.01 0.01 0.01 0.02 0.02 0.01 0.02 
0.04 0.01 0.01 0 0.02 0.01 0.02 0.02 0.01 0.02 
0.01 0 0.01 0.01 0 0.01 0.02 0.01 0.01 0.01 
0.03 0.01 0.01 0.01 0.01 0.01 0.02 0.01 0.02 0.02 
0.01 0.04 0.01 0 0.02 0.01 0.02 0.02 0.01 0.01 
0.003808 0.004335 0.003993 0.004807 0.005904 0.006919 0.004383 0.005518 0.009187 0.010882 
0.001854 0.004835 0.004592 0.004729 0.006079 0.006823 0.007768 0.008631 0.009126 0.010746 
0.003638 0.0044 0.003615 0.004712 0.005959 0.004205 0.006975 0.007609 0.009034 0.009045 
0.0015 0.002056 0.004322 0.005129 0.004134 0.006646 0.005193 0.008926 0.008922 0.010635 
0.009156 0.004424 0.003608 0.005844 0.006077 0.006736 0.006535 0.005564 0.009294 0.010758 
0.001788 0.001729 0.004219 0.005131 0.006178 0.004466 0.008067 0.00829 0.005941 0.010945 
0.003313 0.006307 0.002931 0.004925 0.003937 0.00466 0.005313 0.009242 0.008559 0.009326 
0.005236 0.004346 0.003943 0.004865 0.005275 0.006589 0.00753 0.008894 0.009754 0.005884 
0.008632 0.003232 0.003919 0.0048 0.005781 0.006622 0.007815 0.008927 0.00788 0.010501 
0.008697 0.004605 0.003034 0.004219 0.00418 0.006458 0.005197 0.009109 0.009695 0.010327 
