0.05 0.24 0.45 0.67 0.94 1.15 1.45 1.69 2.16 2.41 2.5 2.8 3.06 3.45 3.61 3.96 4.29 4.83 4.56 5 
0.04 0.24 0.45 0.64 0.89 1.17 1.46 1.76 1.91 2.14 2.39 2.64 3.17 3.13 3.31 3.86 3.8 4.31 4.55 4.99 
0.04 0.24 0.44 0.67 0.9 1.18 1.47 1.7 1.98 2.23 2.5 3.05 3.16 3.25 3.5 4.4 3.93 4.88 5.11 5.69 
0.04 0.24 0.47 0.66 0.94 1.15 1.48 1.76 2.1 2.36 2.61 2.98 3.37 3.43 3.59 3.88 4.03 4.36 4.92 5.63 
0.04 0.23 0.46 0.66 0.94 1.15 1.43 1.72 2.16 2.35 2.44 2.75 3.09 3.16 3.51 3.84 4.34 4.3 4.57 5 
0.04 0.25 0.46 0.66 0.91 1.14 1.48 1.75 2.1 2.35 2.77 2.97 3.4 3.28 3.64 4.27 4.15 4.31 4.66 5 
0.04 0.24 0.45 0.67 0.93 1.17 1.48 1.76 2.12 2.31 2.71 2.98 3.35 3.43 3.67 4.23 3.77 4.42 4.44 5.2 
0.04 0.24 0.46 0.67 0.94 1.18 1.46 1.69 2.02 2.34 2.67 2.97 3.39 3.47 3.69 4.31 4.24 4.72 4.93 5.55 
0.04 0.23 0.44 0.64 0.88 1.09 1.38 1.63 1.9 2.16 2.64 2.66 3.04 3.28 3.36 4.46 3.77 4.88 4.46 5.6 
0.04 0.23 0.45 0.68 0.93 1.15 1.42 1.71 2.03 2.24 2.82 2.81 3.13 3.19 3.48 3.97 3.91 4.32 4.66 5.1 
0.04 0.24 0.45 0.64 0.88 1.1 1.38 1.72 1.93 2.16 2.43 3.11 3.31 3.15 3.37 3.85 4.04 4.45 5.17 5.81 
0.04 0.23 0.45 0.66 0.93 1.14 1.46 1.78 2.11 2.34 2.63 2.81 3.22 3.21 3.41 3.89 4.31 4.85 4.98 5.04 
0.05 0.24 0.45 0.64 0.89 1.13 1.42 1.81 2.18 2.4 2.41 2.69 2.97 3.16 3.39 4.51 4.37 4.73 5.09 4.91 
0.04 0.23 0.45 0.64 0.92 1.13 1.46 1.67 1.99 2.2 2.87 2.82 3.11 3.16 3.44 3.98 3.97 4.35 4.64 5.1 
0.04 0.23 0.44 0.64 0.89 1.11 1.41 1.76 2.14 2.36 2.69 2.69 3.05 3.12 3.3 3.77 3.97 4.28 4.51 4.98 
0.04 0.23 0.45 0.66 0.92 1.2 1.47 1.75 2.08 2.32 2.71 2.98 3.3 3.43 3.63 4.22 3.89 4.63 4.91 5.51 
0.04 0.25 0.44 0.67 0.9 1.11 1.38 1.65 1.93 2.18 2.48 2.75 3.04 3.07 3.69 3.88 3.73 4.31 5.02 5.79 
0.04 0.24 0.44 0.68 0.96 1.17 1.38 1.66 2.13 2.38 2.75 3.01 3.38 3.46 3.68 4.28 4.22 4.69 4.93 5.1 
0.04 0.24 0.44 0.64 0.91 1.16 1.49 1.8 2.12 2.12 2.76 3.07 2.96 3.11 3.29 4.42 4.09 4.8 5.02 5.63 
0.04 0.24 0.44 0.64 0.89 1.16 1.47 1.8 2.12 2.38 2.69 3.04 3.38 3.47 3.62 4.27 4.19 4.63 4.92 4.95 
0.04 0.23 0.45 0.67 0.91 1.18 1.39 1.61 1.97 2.18 2.5 2.71 3.07 3.14 3.4 4.41 4.11 4.29 5.06 5.5 
0.04 0.24 0.44 0.67 0.93 1.15 1.41 1.71 2.01 2.24 2.57 3.1 3.53 3.55 3.78 3.89 4.3 4.35 4.83 5.55 
0.04 0.23 0.46 0.68 0.95 1.19 1.52 1.73 1.97 2.17 2.45 2.73 3.36 3.19 3.81 3.84 3.85 4.35 4.51 4.99 
0.05 0.24 0.46 0.64 0.9 1.12 1.49 1.65 2.14 2.42 2.8 3.06 3.01 3.53 3.7 3.76 3.77 4.42 4.47 5.81 
0.04 0.25 0.45 0.66 0.93 1.21 1.48 1.79 2.1 2.37 2.4 2.71 2.97 3.13 3.36 3.83 4.09 4.91 5.11 5.23 
0.04 0.24 0.47 0.65 0.9 1.11 1.37 1.64 1.93 2.45 2.85 3.12 3.53 3.54 3.73 4.32 3.97 4.2 4.49 5.73 
0.04 0.24 0.45 0.67 0.95 1.18 1.48 1.71 1.95 2.22 2.5 3.11 3.48 3.21 3.41 4.35 3.86 4.45 4.56 5.61 
0.04 0.24 0.46 0.68 0.93 1.19 1.46 1.73 1.99 2.26 2.5 3.07 3.29 3.53 3.7 4.36 4.25 4.37 4.6 5.04 
0.04 0.25 0.46 0.64 0.91 1.19 1.45 1.77 2.11 2.26 2.64 2.78 3.38 3.45 3.64 3.88 4.13 4.71 4.57 5 
0.03 0.25 0.44 0.65 0.94 1.18 1.45 1.63 1.91 2.16 2.43 2.71 3.07 3.36 3.73 4.36 4.29 4.89 5.17 5.71 
0.04 0.23 0.45 0.65 0.9 1.12 1.39 1.72 2.22 2.43 2.41 2.84 3.01 3.46 3.35 3.84 3.78 4.29 4.58 5.76 
0.04 0.24 0.45 0.64 0.9 1.11 1.45 1.81 2.15 2.31 2.39 3.05 3.4 3.16 3.29 3.73 4.07 4.2 4.48 5.81 
0.04 0.24 0.46 0.67 0.93 1.17 1.49 1.77 2.11 2.33 2.59 2.95 3.08 3.23 3.42 3.91 4.28 4.78 4.57 5.65 
0.04 0.24 0.46 0.67 0.93 1.18 1.47 1.77 2.1 2.33 2.51 2.8 3.12 3.53 3.44 3.9 3.97 4.78 4.96 5.66 
0.05 0.23 0.45 0.64 0.93 1.17 1.48 1.77 2.04 2.25 2.76 3.02 3.12 3.28 3.44 4.34 4.27 4.38 4.6 5.66 
0.04 0.24 0.45 0.67 0.96 1.2 1.45 1.68 1.99 2.23 2.71 2.77 3.5 3.52 3.72 4.38 4.28 4.65 4.72 5.03 
0.04 0.24 0.46 0.68 0.94 1.17 1.47 1.78 2.04 2.25 2.53 3.13 3.46 3.29 3.49 3.96 3.96 4.42 5.2 5.09 
0.05 0.24 0.46 0.67 0.94 1.17 1.48 1.74 2.02 2.23 2.78 3.01 3.38 3.29 3.44 4.26 3.91 4.74 4.95 5.04 
0.04 0.24 0.44 0.66 0.92 1.15 1.45 1.7 2.03 2.22 2.63 2.81 3.12 3.22 3.76 4.43 4.21 4.4 4.61 5.77 
0.04 0.24 0.47 0.7 0.94 1.17 1.46 1.73 2.01 2.23 2.6 3.1 3.43 3.5 3.59 3.87 4.09 4.35 4.62 5.05 
0.04 0.24 0.46 0.65 0.95 1.17 1.45 1.79 2.13 2.39 2.75 2.78 3.07 3.25 3.79 4.36 3.91 4.7 4.99 5.6 
0.04 0.23 0.44 0.64 0.88 1.1 1.36 1.81 1.91 2.17 2.75 2.71 3.05 3.35 3.77 4.44 4.29 4.92 4.46 4.87 
0.04 0.24 0.46 0.66 0.92 1.15 1.47 1.7 2.01 2.26 2.84 2.83 3.12 3.53 3.44 3.93 4.34 4.81 5.03 5.06 
0.04 0.23 0.43 0.64 0.9 1.17 1.52 1.63 2.09 2.35 2.4 3 3.41 3.47 3.68 3.7 3.76 4.19 4.46 4.99 
0.04 0.24 0.45 0.67 0.92 1.14 1.44 1.75 1.98 2.2 2.45 2.79 3.12 3.19 3.42 3.9 3.94 4.33 5.18 5.79 
0.04 0.24 0.44 0.64 0.88 1.1 1.37 1.61 2.2 2.12 2.78 2.66 2.94 3.46 3.75 4.38 4.21 4.16 4.43 4.89 
0.04 0.25 0.44 0.66 0.94 1.19 1.5 1.77 2.09 2.34 2.42 2.69 2.99 3.17 3.35 4.41 4.34 4.85 4.47 4.85 
0.04 0.23 0.43 0.64 0.9 1.11 1.5 1.81 2.17 2.4 2.63 3.11 2.95 3.55 3.76 3.73 3.77 4.23 5.18 5.79 
0.04 0.25 0.46 0.67 0.92 1.15 1.45 1.77 2.15 2.31 2.54 2.89 3.09 3.25 3.4 3.94 3.9 4.84 5.04 5.64 
0.04 0.24 0.46 0.66 0.88 1.1 1.39 1.72 1.93 2.16 2.47 3.11 3.57 3.57 3.76 4.34 4.28 4.75 4.42 5.49 
