1.04596 1.04596 1.04596 1.04596 1.04596 1.04596 1.04596 1.04596 1.04596 1.04596 
1.03458 1.03458 1.03458 1.03458 1.03458 1.03458 1.03458 1.03458 1.03458 1.03458 
1.04149 1.04149 1.04149 1.04149 1.04149 1.04149 1.04149 1.04149 1.04149 1.04149 
1.04728 1.04728 1.04728 1.04728 1.04728 1.04728 1.04728 1.04728 1.04728 1.04728 
1.04318 1.04318 1.04318 1.04318 1.04318 1.04318 1.04318 1.04318 1.04318 1.04318 
1.04725 1.04725 1.04725 1.04725 1.04725 1.04725 1.04725 1.04725 1.04725 1.04725 
1.04685 1.04685 1.04685 1.04685 1.04685 1.04685 1.04685 1.04685 1.04685 1.04685 
1.04026 1.04026 1.04026 1.04026 1.04026 1.04026 1.04026 1.04026 1.04026 1.04026 
1.0411 1.0411 1.0411 1.0411 1.0411 1.0411 1.0411 1.0411 1.0411 1.0411 
1.04709 1.04709 1.04709 1.04709 1.04709 1.04709 1.04709 1.04709 1.04709 1.04709 
1.04395 1.04395 1.04395 1.04395 1.04395 1.04395 1.04395 1.04395 1.04395 1.04395 
1.04083 1.04083 1.04083 1.04083 1.04083 1.04083 1.04083 1.04083 1.04083 1.04083 
1.04967 1.04967 1.04967 1.04967 1.04967 1.04967 1.04967 1.04967 1.04967 1.04967 
1.04453 1.04453 1.04453 1.04453 1.04453 1.04453 1.04453 1.04453 1.04453 1.04453 
1.04708 1.04708 1.04708 1.04708 1.04708 1.04708 1.04708 1.04708 1.04708 1.04708 
1.0512 1.0512 1.0512 1.0512 1.0512 1.0512 1.0512 1.0512 1.0512 1.0512 
1.04811 1.04811 1.04811 1.04811 1.04811 1.04811 1.04811 1.04811 1.04811 1.04811 
1.04449 1.04449 1.04449 1.04449 1.04449 1.04449 1.04449 1.04449 1.04449 1.04449 
1.0439 1.0439 1.0439 1.0439 1.0439 1.0439 1.0439 1.0439 1.0439 1.0439 
1.0377 1.0377 1.0377 1.0377 1.0377 1.0377 1.0377 1.0377 1.0377 1.0377 
1.04859 1.04859 1.04859 1.04859 1.04859 1.04859 1.04859 1.04859 1.04859 1.04859 
1.048 1.048 1.048 1.048 1.048 1.048 1.048 1.048 1.048 1.048 
1.03851 1.03851 1.03851 1.03851 1.03851 1.03851 1.03851 1.03851 1.03851 1.03851 
1.04412 1.04412 1.04412 1.04412 1.04412 1.04412 1.04412 1.04412 1.04412 1.04412 
1.04423 1.04423 1.04423 1.04423 1.04423 1.04423 1.04423 1.04423 1.04423 1.04423 
1.03604 1.03604 1.03604 1.03604 1.03604 1.03604 1.03604 1.03604 1.03604 1.03604 
1.03491 1.03491 1.03491 1.03491 1.03491 1.03491 1.03491 1.03491 1.03491 1.03491 
1.04456 1.04456 1.04456 1.04456 1.04456 1.04456 1.04456 1.04456 1.04456 1.04456 
1.04431 1.04431 1.04431 1.04431 1.04431 1.04431 1.04431 1.04431 1.04431 1.04431 
1.04511 1.04511 1.04511 1.04511 1.04511 1.04511 1.04511 1.04511 1.04511 1.04511 
1.04579 1.04579 1.04579 1.04579 1.04579 1.04579 1.04579 1.04579 1.04579 1.04579 
1.03883 1.03883 1.03883 1.03883 1.03883 1.03883 1.03883 1.03883 1.03883 1.03883 
1.04881 1.04881 1.04881 1.04881 1.04881 1.04881 1.04881 1.04881 1.04881 1.04881 
1.03824 1.03824 1.03824 1.03824 1.03824 1.03824 1.03824 1.03824 1.03824 1.03824 
1.05024 1.05024 1.05024 1.05024 1.05024 1.05024 1.05024 1.05024 1.05024 1.05024 
1.0461 1.0461 1.0461 1.0461 1.0461 1.0461 1.0461 1.0461 1.0461 1.0461 
1.05322 1.05322 1.05322 1.05322 1.05322 1.05322 1.05322 1.05322 1.05322 1.05322 
1.03903 1.03903 1.03903 1.03903 1.03903 1.03903 1.03903 1.03903 1.03903 1.03903 
1.04175 1.04175 1.04175 1.04175 1.04175 1.04175 1.04175 1.04175 1.04175 1.04175 
1.04494 1.04494 1.04494 1.04494 1.04494 1.04494 1.04494 1.04494 1.04494 1.04494 
1.04078 1.04078 1.04078 1.04078 1.04078 1.04078 1.04078 1.04078 1.04078 1.04078 
1.04405 1.04405 1.04405 1.04405 1.04405 1.04405 1.04405 1.04405 1.04405 1.04405 
1.04415 1.04415 1.04415 1.04415 1.04415 1.04415 1.04415 1.04415 1.04415 1.04415 
1.03854 1.03854 1.03854 1.03854 1.03854 1.03854 1.03854 1.03854 1.03854 1.03854 
1.0447 1.0447 1.0447 1.0447 1.0447 1.0447 1.0447 1.0447 1.0447 1.0447 
1.04516 1.04516 1.04516 1.04516 1.04516 1.04516 1.04516 1.04516 1.04516 1.04516 
1.03453 1.03453 1.03453 1.03453 1.03453 1.03453 1.03453 1.03453 1.03453 1.03453 
1.03714 1.03714 1.03714 1.03714 1.03714 1.03714 1.03714 1.03714 1.03714 1.03714 
1.04001 1.04001 1.04001 1.04001 1.04001 1.04001 1.04001 1.04001 1.04001 1.04001 
1.03356 1.03356 1.03356 1.03356 1.03356 1.03356 1.03356 1.03356 1.03356 1.03356 
