0.0872833 0.0337371 0.0194342 0.0152087 0.0127549 0.0116493 0.0111585 0.0108627 0.0102692 0.00983216 0.0092731 0.00881769 0.00870867 0.0083775 0.00822409 0.00796067 0.00767165 0.00756492 0.00752056 0.00746583 
0.138043 0.036051 0.0242308 0.0178427 0.0150617 0.0142968 0.0132141 0.0116167 0.0110763 0.0103322 0.00926154 0.00869314 0.00862342 0.00843925 0.00821002 0.00795537 0.00769635 0.00743639 0.00722253 0.00725449 
0.0965157 0.031976 0.0195424 0.0175231 0.0137451 0.0120791 0.0110395 0.0109085 0.0105971 0.0100425 0.00934595 0.00937067 0.00921566 0.00912556 0.00876432 0.0089135 0.00859835 0.0083598 0.00815732 0.00799817 
0.104098 0.0305689 0.0221498 0.0161659 0.0124519 0.0107548 0.00989859 0.00953044 0.00922469 0.00892898 0.00806443 0.0079806 0.00759793 0.00759586 0.00740449 0.00734371 0.0071309 0.00713498 0.00700637 0.00696978 
0.124484 0.0369957 0.022334 0.0182128 0.0142975 0.0132874 0.0116452 0.0108482 0.00977463 0.00877741 0.0086786 0.00864387 0.00830916 0.00835531 0.00826594 0.00799016 0.00761761 0.00765517 0.00758699 0.00748647 
0.0943151 0.0328008 0.019527 0.0160617 0.0138127 0.0115389 0.0117664 0.0109916 0.0106365 0.010156 0.00983659 0.00931423 0.00879344 0.0084977 0.00813547 0.00802669 0.00796751 0.00761156 0.00758092 0.00752326 
0.107372 0.0392863 0.0264126 0.0224902 0.0186014 0.0158364 0.0143215 0.012265 0.0117518 0.0105308 0.0100787 0.0098565 0.00942729 0.00911348 0.00898002 0.00870647 0.00855553 0.00805722 0.00791194 0.0077356 
0.0746397 0.0301581 0.0216037 0.0165326 0.0143959 0.0126793 0.0121865 0.0115757 0.0113725 0.010636 0.010138 0.00942228 0.00889958 0.00868215 0.00860485 0.00819796 0.00785837 0.00787424 0.00803321 0.00783258 
0.131584 0.0340424 0.0204533 0.0171581 0.0145426 0.0120717 0.0115489 0.0107103 0.00988637 0.00965599 0.00919457 0.00871965 0.00857932 0.00821147 0.0078181 0.00769147 0.00765129 0.00745505 0.0072665 0.00707543 
0.112112 0.0315162 0.0176088 0.0147004 0.0130526 0.0118011 0.0106985 0.0102479 0.00983023 0.00967074 0.00917776 0.00852792 0.00846891 0.00815097 0.00801508 0.00798312 0.00786293 0.00781856 0.00765068 0.00732914 
0.0997974 0.0295553 0.0196009 0.0160352 0.0129439 0.0123452 0.0117911 0.0105633 0.0101002 0.0104366 0.010101 0.00996458 0.00949792 0.00878907 0.00857371 0.00844637 0.0082736 0.00828169 0.00806992 0.00791008 
0.124621 0.034397 0.0197135 0.0154497 0.0134365 0.0121117 0.0108909 0.0101245 0.00996735 0.00975169 0.00914856 0.00861843 0.00805853 0.00808486 0.00780463 0.00751847 0.00711049 0.00699878 0.0068403 0.00675295 
0.13535 0.0381809 0.0212973 0.0150818 0.0134386 0.0116433 0.0115223 0.0103158 0.0096823 0.00929674 0.00928405 0.0088827 0.00842258 0.00829976 0.00800768 0.00761658 0.00752688 0.00729648 0.0070401 0.00684655 
0.123534 0.0338517 0.0231081 0.0163805 0.0140801 0.0125813 0.0115895 0.0110058 0.0107636 0.0100496 0.00939378 0.00929047 0.00879083 0.00882579 0.00881331 0.0086337 0.00854375 0.00838093 0.00825615 0.00816606 
0.109649 0.0367594 0.0249432 0.0166478 0.0138273 0.0137372 0.0120924 0.0112808 0.0109093 0.010173 0.00951418 0.00915572 0.00904515 0.00874773 0.00845405 0.00832125 0.0080705 0.00802263 0.0079091 0.00774508 
0.119548 0.0294425 0.0189755 0.0152006 0.0134395 0.0114825 0.0105689 0.0101259 0.00946584 0.00874852 0.00816698 0.00817335 0.0077416 0.00751455 0.00734717 0.00722904 0.00704278 0.00689212 0.00703052 0.00702534 
0.102324 0.0372371 0.0234871 0.0177327 0.0145862 0.0128635 0.0120724 0.0114012 0.0102648 0.00954817 0.00892413 0.00829791 0.00830259 0.00795047 0.00795387 0.00781164 0.00753116 0.00734633 0.00740287 0.0073215 
0.107087 0.0318524 0.0205646 0.0181339 0.0164306 0.0141547 0.0120911 0.0109503 0.010409 0.0096581 0.00936063 0.00875202 0.00828852 0.00811016 0.00785325 0.0077078 0.00782992 0.00746929 0.0074819 0.00721883 
0.0957481 0.0327833 0.0261857 0.0176452 0.0142435 0.0129014 0.0113066 0.0108801 0.0103425 0.00998412 0.00952221 0.00888981 0.00847819 0.00830013 0.00814237 0.00827266 0.00804705 0.00810423 0.00815636 0.00806641 
0.106848 0.0362647 0.0249917 0.0195378 0.0168094 0.0158602 0.0138731 0.0121691 0.0111622 0.01016 0.00928994 0.00914494 0.00850112 0.00835575 0.00844085 0.00816098 0.0078803 0.00776904 0.00765771 0.00743027 
0.0747996 0.0287437 0.01977 0.0151782 0.013474 0.0138897 0.0113848 0.0101497 0.00982344 0.00912576 0.00895674 0.00855528 0.00815652 0.00761816 0.00747778 0.00750455 0.00730414 0.00723046 0.00721992 0.0070147 
0.11831 0.0398803 0.0221492 0.016008 0.0122735 0.0116951 0.0114366 0.0104858 0.0101507 0.00969913 0.0090762 0.00860012 0.00852513 0.00828108 0.0083776 0.00831037 0.00809631 0.00812408 0.00805997 0.00790623 
0.110438 0.0369414 0.0203968 0.0153334 0.0136689 0.0120875 0.0107159 0.0103323 0.00975349 0.0093295 0.00919111 0.00829849 0.00829135 0.00820108 0.00810009 0.00801081 0.00771879 0.00749747 0.0074016 0.00738335 
0.133112 0.039663 0.0232126 0.0186502 0.0137769 0.0126262 0.0122778 0.0114778 0.010897 0.0100183 0.00925682 0.0087425 0.00853674 0.00816725 0.00788744 0.00776147 0.00787948 0.00781018 0.00773441 0.00774238 
0.100207 0.0248417 0.0217591 0.0175234 0.0140951 0.0125866 0.0101792 0.00971512 0.00998014 0.00981419 0.00927517 0.00877067 0.00869739 0.00837804 0.00827546 0.00807087 0.00801137 0.00790646 0.00776879 0.00767924 
0.154135 0.03759 0.0282991 0.0207187 0.0149357 0.0127932 0.0118718 0.0109247 0.0101857 0.00974814 0.00975358 0.0092629 0.00886772 0.00853962 0.00825927 0.00805078 0.00787605 0.00778443 0.00766994 0.00757595 
0.101103 0.0300493 0.0192751 0.0149055 0.0124785 0.0121136 0.0114176 0.011119 0.00966511 0.00845243 0.00819331 0.0078341 0.00780169 0.00765355 0.00759087 0.00735688 0.00710151 0.00701648 0.00694699 0.00686515 
0.0967522 0.0223901 0.0177355 0.0152254 0.0148341 0.0129141 0.0121919 0.0113727 0.0106251 0.010295 0.0101658 0.0098373 0.00923233 0.00892767 0.00857665 0.00831131 0.00840388 0.00817393 0.00804345 0.00788971 
0.10182 0.0390066 0.0247583 0.0179279 0.01383 0.0119918 0.0115697 0.0108063 0.0104718 0.00974698 0.00930422 0.0092832 0.00919628 0.00888262 0.00848082 0.00805963 0.00809397 0.00799799 0.00806762 0.00783119 
0.09904 0.0351098 0.0250122 0.0190171 0.0149456 0.0126143 0.0110523 0.00976004 0.00960372 0.00917111 0.00898766 0.00846401 0.00834018 0.00802515 0.00794507 0.00793569 0.00773392 0.00766786 0.00742972 0.0074205 
0.102889 0.0376891 0.0250016 0.0164552 0.0147454 0.014366 0.0129268 0.0113787 0.0101299 0.00945727 0.00882451 0.00851767 0.0082346 0.00829051 0.00800106 0.00781067 0.00750252 0.00742317 0.00723252 0.0072407 
0.103537 0.0238198 0.0193753 0.0150241 0.01169 0.0111414 0.0103785 0.00919809 0.00868727 0.00831937 0.00815173 0.00769635 0.00773196 0.00761102 0.00732721 0.00704359 0.00682242 0.00680616 0.0067773 0.00668131 
0.124111 0.0344777 0.0232045 0.0164362 0.0132854 0.0113472 0.0101156 0.00969063 0.00916827 0.00893752 0.00846717 0.0083122 0.00825426 0.00804177 0.00800153 0.00772413 0.00753143 0.00721099 0.00710735 0.00705163 
0.126833 0.027855 0.0192691 0.0156218 0.0144159 0.0114093 0.010783 0.0104238 0.00962899 0.00920002 0.00918939 0.00893909 0.00864575 0.0081312 0.00810622 0.00777992 0.00776076 0.00761595 0.00731387 0.00716514 
0.078496 0.0301558 0.0232911 0.0172911 0.0132457 0.0124529 0.0106997 0.00996838 0.00912352 0.00867102 0.00843107 0.00825182 0.00811107 0.00795435 0.00782533 0.00750477 0.00749478 0.00723733 0.00716091 0.00701927 
0.0947827 0.03416 0.0192353 0.0145605 0.0126459 0.0118841 0.0108059 0.00998393 0.00940763 0.00885004 0.00855786 0.00802524 0.00818598 0.00784911 0.00765695 0.00754228 0.00745862 0.00748683 0.00731674 0.00712163 
0.112676 0.0304477 0.0197855 0.0166435 0.012856 0.0129423 0.0108441 0.00961187 0.00900517 0.00868269 0.00859902 0.00835721 0.0080062 0.00751332 0.00727534 0.00714639 0.00692301 0.00684949 0.00683143 0.00663865 
0.107943 0.0275838 0.0181347 0.0152597 0.011948 0.0112974 0.00962604 0.00839744 0.0084622 0.00874902 0.00842052 0.00806096 0.00806962 0.00791741 0.00776788 0.00755146 0.00760535 0.00739415 0.0072526 0.00714325 
0.12804 0.0311825 0.0241103 0.0189704 0.0166914 0.0140361 0.0122493 0.0113728 0.0107205 0.0101007 0.00957073 0.00935586 0.0087948 0.00875749 0.00867191 0.00834689 0.00815153 0.0078739 0.0078672 0.00764359 
0.0936735 0.0315257 0.0187476 0.0142946 0.0133633 0.0128884 0.010652 0.010003 0.00933781 0.00894135 0.00866618 0.00836484 0.00801518 0.00790354 0.00763142 0.00750421 0.00745328 0.00745682 0.00737269 0.00735187 
0.0907229 0.0341854 0.0215924 0.0188456 0.0163885 0.0137573 0.0120114 0.011457 0.010842 0.00970305 0.00944968 0.0090513 0.00919164 0.00914057 0.00874049 0.00856784 0.00842703 0.00807843 0.00767779 0.00742011 
0.0985741 0.0342689 0.0245004 0.0189191 0.0160647 0.014296 0.0125626 0.0122119 0.0116221 0.0111803 0.0106083 0.00990158 0.00946324 0.00900855 0.00867213 0.00869891 0.00861467 0.00858049 0.00837328 0.00801201 
0.085372 0.036031 0.0244809 0.0179385 0.0149612 0.0130789 0.0125352 0.0121722 0.0111427 0.010441 0.00963892 0.00943698 0.00884086 0.00838788 0.00839212 0.00819901 0.00791291 0.00775337 0.00767492 0.0075774 
0.0877527 0.0305021 0.0209649 0.015363 0.0137949 0.0115448 0.0106728 0.00961421 0.00976178 0.00921004 0.00895412 0.00847109 0.0081062 0.00793718 0.00786861 0.00772167 0.00767344 0.00746692 0.00745193 0.00730101 
0.111926 0.0349069 0.0274081 0.0213451 0.0171442 0.0150035 0.012906 0.0117055 0.0103867 0.0100287 0.00916624 0.00875365 0.00864392 0.00865777 0.0083772 0.00804618 0.00802358 0.00800329 0.00784468 0.00772385 
0.125048 0.0374847 0.0229208 0.0173204 0.0142619 0.0133381 0.0118981 0.0112164 0.0108947 0.0100989 0.00955554 0.00925663 0.00906659 0.00875675 0.00844849 0.00800819 0.00786768 0.00774706 0.00764282 0.00749704 
0.148578 0.0453742 0.0264962 0.0173656 0.0142133 0.0116213 0.0108256 0.0101112 0.0100924 0.00930856 0.00881851 0.00821279 0.00779356 0.00774826 0.00770051 0.00753185 0.00723915 0.00703841 0.00710002 0.00707852 
0.11418 0.0284553 0.0212132 0.0160721 0.0129738 0.0122279 0.0113505 0.0109382 0.0100372 0.00982084 0.00928253 0.00897395 0.00827862 0.0083566 0.00824508 0.00802827 0.00785442 0.00778083 0.00790463 0.00783319 
0.0940472 0.0359197 0.0237234 0.017469 0.0147243 0.012526 0.0109599 0.0100184 0.00959603 0.00916413 0.0087611 0.00814963 0.00812908 0.00816162 0.00799844 0.00806701 0.00804067 0.00771875 0.00744743 0.00727409 
0.105417 0.0277545 0.0191442 0.01531 0.0135589 0.0119984 0.0110493 0.0103793 0.00951578 0.00940076 0.0094012 0.00922651 0.00921159 0.00877932 0.00841337 0.00818094 0.00823624 0.00815233 0.00802736 0.00785113 
