0.0973977 0.0286173 0.017603 0.0145352 0.0128905 0.010321 0.00921869 0.00855796 0.00810839 0.00764936 0.00725469 0.00692207 0.0068441 0.00675617 0.00641093 0.00613554 0.00588354 0.00577685 0.00567065 0.0056223 
0.128965 0.0340668 0.0228688 0.0183706 0.0156777 0.0132023 0.0106558 0.00910749 0.00841265 0.00768122 0.00684733 0.00635503 0.00609275 0.0058208 0.00577661 0.00563184 0.00568149 0.00559901 0.00545398 0.00541102 
0.117744 0.0264294 0.0185133 0.013558 0.011589 0.011293 0.0102836 0.00906014 0.00841749 0.00792115 0.00765155 0.00720491 0.00678304 0.00610163 0.00586486 0.00558682 0.00549414 0.0054253 0.00541784 0.00541276 
0.0925783 0.0280977 0.0181933 0.01404 0.0131642 0.010864 0.00937658 0.008372 0.00812405 0.00752015 0.00693858 0.00670891 0.00639771 0.00625106 0.00599047 0.00602188 0.0058228 0.00571323 0.00553882 0.00539761 
0.131762 0.0354696 0.0207643 0.0154709 0.0113323 0.010155 0.0100256 0.00921138 0.00900962 0.00819698 0.00764399 0.00690354 0.00649902 0.00643044 0.00612552 0.00598305 0.00604261 0.00570307 0.00544607 0.00544164 
0.105955 0.0295891 0.019188 0.0150253 0.0128294 0.0114997 0.00985121 0.00891046 0.00791186 0.00754984 0.00734406 0.0072586 0.00663623 0.00647903 0.00622368 0.00620616 0.00612221 0.00605058 0.00609795 0.00587268 
0.105052 0.0317314 0.0163728 0.0147147 0.0123911 0.0100808 0.00863953 0.00845081 0.00773093 0.00715555 0.00714529 0.00697844 0.00661928 0.00639563 0.0062141 0.00621628 0.00596599 0.00570728 0.00566376 0.00574709 
0.11735 0.0368903 0.0219706 0.0178953 0.0142551 0.0117067 0.00981752 0.00935363 0.00873278 0.00845342 0.00784516 0.00752 0.00713049 0.00679095 0.00636346 0.00608962 0.00578126 0.00551784 0.00542326 0.00540084 
0.10951 0.0267505 0.0158194 0.0122786 0.0106782 0.00902434 0.00875612 0.00769935 0.00699475 0.00642741 0.00652456 0.00626161 0.00588335 0.0056597 0.00547451 0.00528035 0.00511647 0.00495536 0.00492647 0.00485491 
0.0897799 0.0363842 0.0209296 0.0149211 0.0138872 0.0105482 0.0086055 0.0076719 0.00724769 0.00678878 0.00662421 0.00666656 0.00650701 0.00622096 0.0060346 0.00570181 0.00576012 0.00560744 0.00563566 0.00563636 
0.123442 0.031312 0.0212646 0.0166131 0.0132365 0.011875 0.00985798 0.00908722 0.00838697 0.00738855 0.00694341 0.00657875 0.00649128 0.0062902 0.0061784 0.00588413 0.00575496 0.00568299 0.00562194 0.00537936 
0.0982732 0.0255126 0.0151013 0.0123493 0.0102625 0.0103862 0.00967697 0.00912011 0.008636 0.00805955 0.00729649 0.00708401 0.00702392 0.00701601 0.00664381 0.00643361 0.00623615 0.00638446 0.00619969 0.00599484 
0.0802751 0.0225937 0.0167047 0.0137631 0.0108213 0.00998544 0.00862657 0.00787946 0.00788902 0.00741011 0.00720868 0.00672457 0.00629765 0.00623053 0.00594325 0.00592581 0.00579017 0.00550265 0.00536719 0.00532187 
0.100904 0.0320379 0.0228426 0.0160219 0.0117926 0.0101935 0.00965544 0.00882132 0.00795613 0.00740726 0.00697817 0.00669293 0.00673623 0.00642572 0.00618751 0.00584634 0.00570191 0.00556001 0.00554766 0.00561421 
0.0996165 0.0279521 0.0212623 0.0150903 0.012629 0.011353 0.0106303 0.00954312 0.00901894 0.00901955 0.00842288 0.00775392 0.00716663 0.00661104 0.00647486 0.00639372 0.00601754 0.00603424 0.00588223 0.00579124 
0.0876696 0.0330468 0.0210314 0.0151961 0.0129851 0.0103647 0.00888639 0.00818948 0.0079554 0.00788113 0.00716635 0.00667196 0.00626185 0.00612947 0.00612277 0.00605425 0.00597602 0.00567401 0.00559564 0.00549688 
0.101665 0.0269494 0.0212481 0.0178822 0.0150132 0.0130411 0.0113797 0.010532 0.0092717 0.00860128 0.0085342 0.00766543 0.00730744 0.00709729 0.00668068 0.00641696 0.00593665 0.00581066 0.00570148 0.00570303 
0.104996 0.0319239 0.019107 0.0140023 0.0111279 0.0101784 0.00922625 0.00804725 0.00714478 0.00736089 0.00695816 0.00659892 0.00634849 0.00617618 0.00612744 0.00590955 0.00594364 0.00597015 0.00579776 0.00573491 
0.120689 0.0313673 0.0206527 0.0134502 0.0113562 0.0104295 0.00899094 0.00866967 0.00737875 0.00731122 0.00753258 0.00719244 0.00700953 0.00674927 0.00660456 0.0064596 0.00647259 0.00641397 0.00627881 0.00603022 
0.0961954 0.0269915 0.019672 0.0152837 0.0126833 0.0104458 0.00963778 0.00868244 0.00823161 0.00760238 0.00733641 0.00733787 0.00698772 0.00630588 0.0057946 0.00580655 0.00555722 0.0054949 0.00534174 0.00513653 
0.106032 0.0283337 0.0203237 0.0152513 0.0128866 0.0105534 0.0101618 0.00930928 0.00896515 0.00811935 0.00786108 0.00742128 0.00681527 0.00643506 0.00634535 0.00598226 0.00582635 0.00559584 0.00541645 0.00515517 
0.106281 0.0400043 0.0202028 0.0149841 0.0107514 0.00962676 0.00853494 0.00789716 0.00746051 0.0071235 0.0065744 0.00661481 0.00655047 0.00667054 0.0065246 0.00622579 0.00597114 0.00604788 0.00594397 0.00568541 
0.0924069 0.0293487 0.0169337 0.01415 0.0125132 0.0109899 0.0110478 0.0102051 0.00924271 0.00880878 0.00826233 0.00789659 0.0072531 0.00696851 0.00674241 0.00669234 0.00649131 0.00628954 0.00606933 0.0058683 
0.0947603 0.0317544 0.0184502 0.0137025 0.0120038 0.0105528 0.00981019 0.00869593 0.00768221 0.00761334 0.00689344 0.00663477 0.00671842 0.00670837 0.00625933 0.00619394 0.00612104 0.00605268 0.00595618 0.0058822 
0.107533 0.0272276 0.0177644 0.0135801 0.0101874 0.00991506 0.00874862 0.00792043 0.00697388 0.00673774 0.00647258 0.00615902 0.00618684 0.00610234 0.00592345 0.00594795 0.00602055 0.00585991 0.00567444 0.00552804 
0.0937057 0.0278747 0.0162674 0.0125557 0.0125742 0.0117791 0.0102597 0.00968157 0.00821719 0.0074652 0.00719452 0.00677413 0.00651776 0.00667791 0.00620229 0.0058958 0.00580144 0.00580206 0.00566162 0.00551724 
0.115436 0.0260439 0.0187052 0.0138761 0.011486 0.0094464 0.0087307 0.00809626 0.00732936 0.0069512 0.00679537 0.00679445 0.00638098 0.00604406 0.00574119 0.00567761 0.00557617 0.00549566 0.00522979 0.00513406 
0.0979185 0.0273475 0.0172193 0.014269 0.0124573 0.0113221 0.0096792 0.00914865 0.00853182 0.00822124 0.00797524 0.00733879 0.00682212 0.00667447 0.00625376 0.0060706 0.00575409 0.00558143 0.00552922 0.00534696 
0.111503 0.029627 0.0158759 0.0131758 0.0120325 0.0100765 0.00884571 0.00912324 0.00834647 0.00777871 0.00737671 0.00755346 0.00737436 0.00731092 0.00708605 0.00702147 0.00703002 0.00675203 0.00645389 0.0062665 
0.11328 0.0254457 0.0171452 0.0133476 0.0110956 0.0101841 0.00868292 0.00803029 0.00723876 0.00689783 0.00637674 0.00659213 0.00648935 0.00613292 0.00601196 0.00584763 0.00563674 0.00559238 0.00544299 0.00521585 
0.089559 0.0272836 0.0175255 0.0158012 0.0144914 0.011751 0.0100451 0.00920407 0.00845309 0.00778703 0.00746326 0.00719379 0.00705429 0.00653407 0.00622775 0.00635262 0.00641899 0.00620397 0.00601477 0.00589307 
0.108729 0.0307526 0.0235858 0.0171432 0.0128006 0.0109068 0.00920342 0.00826333 0.00789888 0.0081086 0.00747295 0.00704698 0.0067506 0.00668115 0.0064559 0.00623102 0.00592635 0.0058719 0.00575586 0.00570991 
0.0954581 0.0335313 0.0251047 0.0158919 0.0125074 0.0109564 0.00914028 0.00865781 0.00831674 0.00758091 0.00714488 0.00693076 0.00675474 0.00672053 0.00650392 0.00621687 0.00600233 0.00602265 0.00591516 0.00577629 
0.101881 0.0339098 0.020613 0.0151081 0.0130678 0.0109043 0.0104261 0.0090987 0.00791955 0.00731448 0.00700248 0.00661493 0.00644629 0.00629786 0.00600833 0.00584399 0.00561806 0.00542368 0.0055253 0.00547602 
0.104607 0.0307882 0.0188838 0.0127495 0.0114931 0.0102404 0.00884515 0.0083422 0.00792488 0.00732762 0.006964 0.0068629 0.0066463 0.00604765 0.00584139 0.00576676 0.00554733 0.00547038 0.0054348 0.0053853 
0.110247 0.0323606 0.0185268 0.014447 0.0110289 0.00960136 0.00945843 0.00867298 0.00817773 0.00750648 0.0072079 0.00671824 0.00653392 0.00637075 0.00629302 0.00598387 0.0057862 0.00565502 0.00565446 0.00572088 
0.0998558 0.0276578 0.0201903 0.0146071 0.0133206 0.0113409 0.00945607 0.00818113 0.00745708 0.00743811 0.0069752 0.00627805 0.00604717 0.00582824 0.00579265 0.00565362 0.00582009 0.00561271 0.00553599 0.00527379 
0.0816212 0.0271991 0.0206459 0.0153358 0.012904 0.012177 0.0109607 0.0103523 0.00882994 0.00839759 0.00778251 0.00732553 0.00687947 0.0067287 0.00657154 0.00642222 0.00617804 0.00622795 0.00622413 0.00612303 
0.120995 0.0318924 0.0226073 0.0161226 0.0132261 0.0113981 0.0101601 0.00938141 0.00929273 0.00853067 0.00809486 0.00723368 0.00679419 0.00678761 0.00665297 0.00644771 0.00634448 0.00616614 0.00605368 0.00577214 
0.0935452 0.0286262 0.0193033 0.0143802 0.0122407 0.0114241 0.0107812 0.00953738 0.00840356 0.00783993 0.00757762 0.00741277 0.00699271 0.00675595 0.00648969 0.00619258 0.0060462 0.00597293 0.00571694 0.00564319 
0.11172 0.0359907 0.0231425 0.0158232 0.0117597 0.00933577 0.00931881 0.00898963 0.00814337 0.00765692 0.00751677 0.00697127 0.00653351 0.00657565 0.00670181 0.0067407 0.00667762 0.00647184 0.00607466 0.00585473 
0.0980451 0.0323955 0.0207047 0.0149737 0.011169 0.0109484 0.0108342 0.00994452 0.00902077 0.00771579 0.0077694 0.00723405 0.00668939 0.00665602 0.00645975 0.00631668 0.0062451 0.00619445 0.00588036 0.00577137 
0.0954792 0.039768 0.0226761 0.0173655 0.0140443 0.0114526 0.0105659 0.00936688 0.00884227 0.00843624 0.00760999 0.00732971 0.00666277 0.00627159 0.00592719 0.00570528 0.0056145 0.00541675 0.00524545 0.00533758 
0.113027 0.0276515 0.0167065 0.0145714 0.0109672 0.0103317 0.00930822 0.00834413 0.00822801 0.00788979 0.00709588 0.00681272 0.0062867 0.00607181 0.00597489 0.00571438 0.00563398 0.00560154 0.00542953 0.00539764 
0.104323 0.0304634 0.0198522 0.0142588 0.0119282 0.0103268 0.00863703 0.00849916 0.00822083 0.00774628 0.00715576 0.00713187 0.0067893 0.0066319 0.00649339 0.00631912 0.00618332 0.00610779 0.00579974 0.00563802 
0.101308 0.0280898 0.0190009 0.0156168 0.0131624 0.0108108 0.00995197 0.00845127 0.00751167 0.00749581 0.00717206 0.00706824 0.00663627 0.00632855 0.00630941 0.00617016 0.00586847 0.00558156 0.00550203 0.00547055 
0.101065 0.0321431 0.0233604 0.0149595 0.0126686 0.0110574 0.00983999 0.00876475 0.0078028 0.00753076 0.00690586 0.00646339 0.00605354 0.00594203 0.00584295 0.00568463 0.00550398 0.00544442 0.00542218 0.00537153 
0.0798279 0.0314272 0.0175964 0.0147681 0.011449 0.00933652 0.00903828 0.00846908 0.00809622 0.00731067 0.00712562 0.0067112 0.00598635 0.00580863 0.0057135 0.00555287 0.0054974 0.00545105 0.00554734 0.00532573 
0.101571 0.0287642 0.0203348 0.0147998 0.011979 0.0100016 0.00808784 0.00760276 0.00725492 0.00668123 0.00613073 0.0058628 0.00590042 0.00589235 0.00572491 0.00562415 0.00558568 0.00550017 0.00533807 0.00524863 
0.103871 0.0323684 0.0194044 0.015296 0.0118874 0.0100189 0.00882657 0.00820092 0.00749199 0.00718848 0.00694675 0.00655964 0.00621152 0.0063151 0.00627912 0.00611174 0.00601503 0.00589607 0.00575992 0.00548122 
