0.0912752 0.021415 0.0156432 0.0129403 0.0112688 0.00978707 0.00888261 0.00822322 0.00777743 0.00722985 0.00706388 0.00633375 0.00595911 0.00576647 0.00546684 0.00532476 0.00531198 0.00516843 0.00514416 0.00503737 
0.0906909 0.02355 0.0135891 0.00975899 0.00855555 0.0073436 0.00700793 0.00646081 0.00623099 0.00596318 0.00578867 0.00554023 0.00516514 0.0051166 0.00495954 0.00468018 0.00440273 0.00419394 0.00412215 0.00403346 
0.0951642 0.0248021 0.0186788 0.0147256 0.0105008 0.00954625 0.00840423 0.00780765 0.00787271 0.00719665 0.00687927 0.00603583 0.00574009 0.00562479 0.0052427 0.00485626 0.00471958 0.00468098 0.00448506 0.00444044 
0.089751 0.0234239 0.0184204 0.0135648 0.0107216 0.00985512 0.0084151 0.00792664 0.00739054 0.00664114 0.00641639 0.00611661 0.00597224 0.00557151 0.0052407 0.00516072 0.00519466 0.00519033 0.00523142 0.00507695 
0.113715 0.0348612 0.0215246 0.016206 0.0129109 0.0102616 0.00902519 0.00863189 0.00780715 0.00668524 0.0061502 0.00572383 0.00569112 0.00536301 0.00499595 0.00492716 0.00483 0.00470738 0.00478974 0.00464145 
0.126084 0.0270066 0.0168129 0.0118197 0.0120516 0.00980838 0.00879019 0.00748772 0.0070592 0.00673117 0.00627908 0.00579227 0.00558268 0.00553977 0.00528322 0.00502776 0.00493719 0.00479061 0.00465962 0.0045673 
0.0887693 0.0296576 0.0171284 0.0124462 0.0111248 0.010258 0.00896453 0.00726797 0.00720293 0.0065558 0.0064797 0.00613181 0.00569939 0.00568761 0.00557758 0.00526972 0.00493997 0.00487637 0.00470588 0.00465397 
0.110385 0.0289782 0.0161607 0.0124392 0.0103891 0.00818923 0.00748464 0.00725754 0.0070433 0.00679572 0.00607591 0.0053468 0.00513949 0.00489382 0.0048577 0.00472515 0.00456002 0.00449892 0.0043627 0.00423541 
0.108645 0.0245474 0.0167977 0.0149732 0.0120421 0.0101984 0.00993105 0.00825446 0.00783386 0.00662445 0.00609316 0.00568722 0.0055465 0.00556289 0.00539627 0.00515194 0.00492109 0.00473898 0.00464209 0.00457059 
0.121919 0.0331312 0.0204814 0.014144 0.0117623 0.00990089 0.00904809 0.00816849 0.00769237 0.00694296 0.00638905 0.00579305 0.00573131 0.00550164 0.00558871 0.00541755 0.00539617 0.00533546 0.00487079 0.00486072 
0.0963834 0.0296556 0.0175156 0.013634 0.0105454 0.00915105 0.00787116 0.00696939 0.00656237 0.00628483 0.00583441 0.00576898 0.00534924 0.00534743 0.00520117 0.00496571 0.00497964 0.00487345 0.00492568 0.0048424 
0.0797374 0.0328196 0.019362 0.0136137 0.0112143 0.00919664 0.00805783 0.00687171 0.00623223 0.00587978 0.00558355 0.0052066 0.0053447 0.00499901 0.00507753 0.00495104 0.00484921 0.00457268 0.00458192 0.00459106 
0.0892152 0.0350883 0.0216763 0.0171412 0.0142626 0.0109016 0.00982226 0.00867718 0.00753774 0.00715114 0.00656997 0.00655564 0.00635745 0.00606427 0.00585386 0.00562641 0.00548281 0.00523617 0.00508272 0.00488473 
0.0977164 0.0310362 0.0158003 0.0145484 0.0122387 0.0112627 0.00883873 0.00784563 0.0073548 0.00683826 0.00646981 0.00629437 0.00598096 0.00538001 0.00536126 0.00506365 0.00499484 0.00474914 0.00460757 0.00439073 
0.0845255 0.0234017 0.0151415 0.0110783 0.00858153 0.0069756 0.00622362 0.00622043 0.00540153 0.00538522 0.00529888 0.00508783 0.00497164 0.00473205 0.00448275 0.0043221 0.00441069 0.00451451 0.00434315 0.00422784 
0.103192 0.03272 0.0199471 0.0147807 0.0132875 0.0105457 0.00899213 0.00777869 0.00745106 0.00681928 0.00606821 0.00580337 0.00591156 0.00565666 0.00549089 0.00517696 0.00502141 0.00483086 0.00469368 0.00455693 
0.119954 0.0391559 0.0227457 0.019168 0.0146623 0.012338 0.0113373 0.00915954 0.00768108 0.00753781 0.00677803 0.00654706 0.00625441 0.00614591 0.00584053 0.00561352 0.00548418 0.00546145 0.00546221 0.00512857 
0.13232 0.0283427 0.0156978 0.0154388 0.0114558 0.00991011 0.00902302 0.00747145 0.00690944 0.00645352 0.00595531 0.00573985 0.00555293 0.00519554 0.00516247 0.00490492 0.0048237 0.00486496 0.00463538 0.00454896 
0.0982462 0.0296579 0.0216476 0.0160159 0.0116412 0.00989072 0.00914996 0.00875945 0.00763248 0.00714756 0.00743188 0.00693425 0.00647515 0.00641577 0.00610017 0.00577686 0.00566018 0.00531046 0.00511143 0.00486947 
0.0866142 0.0361561 0.0204662 0.0147309 0.0113361 0.0096806 0.0083146 0.0071778 0.00616099 0.00578602 0.00561744 0.00521644 0.00529726 0.00515389 0.00499262 0.00493379 0.00491097 0.00477447 0.00453608 0.0042945 
0.0902022 0.0333703 0.0210565 0.0151658 0.0130165 0.0112214 0.00958213 0.00827069 0.00725824 0.0064526 0.00631966 0.0055931 0.00509733 0.00494613 0.00498984 0.00493371 0.00481356 0.00457014 0.00435796 0.00430258 
0.103299 0.0228453 0.0184202 0.0153271 0.0123697 0.0105237 0.00938783 0.00851184 0.00788127 0.00689916 0.00602545 0.00599743 0.00581804 0.00555033 0.00539831 0.00529149 0.00511988 0.0048936 0.00491669 0.00483624 
0.0865028 0.0230799 0.0137075 0.00989114 0.00863098 0.00860994 0.00840185 0.0082824 0.00813644 0.00838028 0.00764198 0.00695222 0.00655151 0.00611628 0.00589446 0.00563209 0.00555911 0.00541053 0.00520966 0.00514472 
0.089364 0.0288446 0.0199046 0.0132623 0.0119757 0.0116367 0.00976501 0.00868486 0.00781225 0.0068594 0.00655759 0.00635305 0.00584393 0.0058024 0.00554392 0.00540485 0.00543283 0.00534615 0.00515877 0.00500729 
0.069806 0.028928 0.0177047 0.0147952 0.0105609 0.00967709 0.00856824 0.00797768 0.00784529 0.00699394 0.00639374 0.0058711 0.00561887 0.00538253 0.00551622 0.00540508 0.00499799 0.0048181 0.00473342 0.00467291 
0.0967085 0.0290207 0.017893 0.0120358 0.0105952 0.00892207 0.00795393 0.00748974 0.00757649 0.00719525 0.0070992 0.00656049 0.00631759 0.00604302 0.00600799 0.00572066 0.00556961 0.00537199 0.00523502 0.00512033 
0.0911648 0.0301795 0.0210748 0.014034 0.0116985 0.0103058 0.00806595 0.00752394 0.00671845 0.00656942 0.00582118 0.00576089 0.00567093 0.00589742 0.00541864 0.00550458 0.0052553 0.00515789 0.00497761 0.00475309 
0.109831 0.0254655 0.0181515 0.0147875 0.0109342 0.00933187 0.00835428 0.007599 0.00686376 0.00652051 0.00619317 0.00579188 0.00530129 0.00482723 0.00488424 0.00460805 0.00451531 0.00434974 0.00437511 0.00432685 
0.1135 0.0387848 0.02133 0.0147672 0.0122726 0.00985888 0.00918597 0.00865387 0.00812406 0.00716782 0.00674802 0.00668748 0.00614537 0.00591234 0.00569648 0.00540467 0.00530059 0.00501075 0.00480939 0.00474232 
0.0898681 0.0261382 0.0177701 0.0137933 0.0118405 0.00914882 0.00840499 0.00759195 0.00735489 0.00650416 0.00618467 0.00572693 0.00558668 0.00537045 0.00524883 0.00505412 0.00495558 0.00464725 0.0044787 0.00424895 
0.0832095 0.026311 0.0185762 0.0138572 0.0113129 0.00922281 0.00889627 0.00859696 0.00728094 0.00657958 0.0060679 0.00558707 0.00529923 0.00505231 0.00498739 0.00469002 0.00457067 0.00448052 0.00440498 0.0041991 
0.0883937 0.0244899 0.018223 0.011534 0.00902001 0.00811479 0.00736121 0.00699806 0.00657807 0.00618506 0.00599543 0.00586967 0.00546107 0.00508648 0.00502428 0.00479591 0.00460783 0.00463181 0.00440917 0.00430624 
0.102715 0.0235253 0.0192609 0.0150797 0.0136177 0.0102819 0.00940591 0.0084035 0.0082376 0.00724347 0.00690073 0.0065145 0.00625254 0.00619631 0.00589295 0.0055748 0.00557306 0.0055664 0.0055212 0.00541148 
0.103969 0.031508 0.0145477 0.0117823 0.0109808 0.00966256 0.00788646 0.00747909 0.00640156 0.00610048 0.00568844 0.00547092 0.00510967 0.00501754 0.00480142 0.00467409 0.00452355 0.00459682 0.00472058 0.00462761 
0.0950365 0.0249337 0.0168854 0.0138975 0.0110043 0.00969741 0.00810003 0.00700116 0.00616584 0.00567977 0.00551372 0.00524613 0.00534478 0.00523492 0.00540816 0.00501529 0.00486345 0.00482138 0.00466465 0.00444457 
0.0893353 0.029616 0.0179347 0.0123817 0.010505 0.00910108 0.00788785 0.00726866 0.00699391 0.00605882 0.00576406 0.0056234 0.00541448 0.00539083 0.00523812 0.00510847 0.00518093 0.00483123 0.00469909 0.00466843 
0.104233 0.0267265 0.0156497 0.0112364 0.0104393 0.00958752 0.00819122 0.00796971 0.00651003 0.00612781 0.00596421 0.00554271 0.00522679 0.00515928 0.00488703 0.00477713 0.00487306 0.00482755 0.00481209 0.00455788 
0.0907607 0.0289435 0.02077 0.0151346 0.0114052 0.0094065 0.00798073 0.00716178 0.0071958 0.00670277 0.00637409 0.00612691 0.00573137 0.00561139 0.00537963 0.00522219 0.0051274 0.00497371 0.00479793 0.00453721 
0.110337 0.0277952 0.0158041 0.0113479 0.00939003 0.00890353 0.00827157 0.00714923 0.00706332 0.00648346 0.00613159 0.00581355 0.00555151 0.00519151 0.00501677 0.00456047 0.00450939 0.00452898 0.00442944 0.00443685 
0.0950443 0.0264448 0.0166641 0.0122616 0.011948 0.0107441 0.00896899 0.0084743 0.00779755 0.00748527 0.00665065 0.00625964 0.00590186 0.00570697 0.00560976 0.00535069 0.00517632 0.00498256 0.00468854 0.00468639 
0.098198 0.0355116 0.0165715 0.0127267 0.0110066 0.00906035 0.00812124 0.00764709 0.00711238 0.00674833 0.00642745 0.00598534 0.00569421 0.0054074 0.0052841 0.00516839 0.00492548 0.00460735 0.00448212 0.00428617 
0.100219 0.0317911 0.0184358 0.0149846 0.0116706 0.010583 0.00849863 0.00797668 0.00753172 0.00682285 0.00613745 0.00567 0.00552104 0.00520303 0.00508295 0.00492628 0.00467629 0.00443342 0.00436319 0.00436066 
0.0966469 0.0327481 0.0186198 0.0151424 0.0124896 0.0115341 0.00954921 0.00913567 0.00822037 0.00776956 0.00747951 0.00700089 0.00661091 0.00655029 0.00626992 0.00610723 0.00568697 0.0054803 0.00524852 0.00520634 
0.114576 0.0329991 0.0180294 0.0128873 0.0122703 0.0102663 0.00885911 0.00793506 0.00707635 0.00625445 0.005814 0.00537913 0.00541169 0.00502462 0.004665 0.00450454 0.00456619 0.00461201 0.00471452 0.00462955 
0.106779 0.0268492 0.0178458 0.0140082 0.0116519 0.0102208 0.0100518 0.00837647 0.00800347 0.00768043 0.00689722 0.00635195 0.00612847 0.00600312 0.00566791 0.0053684 0.00518634 0.00508035 0.00490941 0.0047504 
0.115014 0.0332277 0.0208951 0.0151473 0.0125577 0.0102207 0.00824402 0.00719978 0.00630595 0.00578619 0.00536833 0.00504518 0.00471203 0.00462238 0.00455865 0.00454821 0.00442297 0.00438528 0.00438318 0.00433198 
0.101763 0.0275738 0.0164864 0.0143829 0.0123251 0.0100384 0.00912592 0.00756727 0.00700921 0.00656116 0.00599659 0.00587919 0.00581458 0.00548073 0.00528895 0.00499734 0.00504319 0.00482902 0.00477219 0.00454708 
0.110265 0.0295315 0.0182828 0.0141614 0.0120059 0.0102707 0.00915952 0.008182 0.00831131 0.0073876 0.00690231 0.00640103 0.00615259 0.00587077 0.00582874 0.00547403 0.00529134 0.00512625 0.00502713 0.00491175 
0.0834697 0.0334819 0.0156952 0.0135031 0.0117535 0.00927111 0.0084466 0.00814784 0.0072042 0.00657272 0.00669733 0.0064923 0.00585287 0.00562654 0.00553459 0.00525116 0.00519314 0.00505141 0.00495937 0.00483574 
0.0914109 0.0320657 0.0194499 0.0153987 0.0123382 0.010812 0.00858998 0.00794961 0.00773192 0.00685848 0.0061766 0.00587492 0.00576485 0.0056734 0.00554172 0.00550025 0.00531377 0.00515951 0.00503607 0.00501649 
