0.0872834 0.0337371 0.0194341 0.0152086 0.0127549 0.0116493 0.0111585 0.0108626 0.0102691 0.00983209 0.00927304 0.00881765 0.00870865 0.0083775 0.00822413 0.00796072 0.00767171 0.00756499 0.00752064 0.00746592 
0.138043 0.0360511 0.0242307 0.0178426 0.0150617 0.0142968 0.0132141 0.0116166 0.0110762 0.0103321 0.00926149 0.00869309 0.00862339 0.00843925 0.00821004 0.00795541 0.00769638 0.00743643 0.00722256 0.00725454 
0.0965158 0.0319761 0.0195423 0.0175231 0.0137451 0.0120791 0.0110395 0.0109084 0.010597 0.0100424 0.0093459 0.00937062 0.00921563 0.00912557 0.00876436 0.00891356 0.00859842 0.00835988 0.00815742 0.00799828 
0.104098 0.0305689 0.0221498 0.0161658 0.0124519 0.0107548 0.00989858 0.00953041 0.00922463 0.00892893 0.00806438 0.00798057 0.0075979 0.00759585 0.00740449 0.00734373 0.00713093 0.00713503 0.00700642 0.00696983 
0.124483 0.0369958 0.0223339 0.0182128 0.0142975 0.0132874 0.0116452 0.0108482 0.00977458 0.00877738 0.00867855 0.00864383 0.00830914 0.00835532 0.00826596 0.00799019 0.00761765 0.00765523 0.00758705 0.00748656 
0.0943151 0.0328009 0.019527 0.0160617 0.0138127 0.0115389 0.0117664 0.0109915 0.0106365 0.0101559 0.00983653 0.00931418 0.0087934 0.00849767 0.00813546 0.00802671 0.00796755 0.0076116 0.00758095 0.0075233 
0.107372 0.0392864 0.0264126 0.0224901 0.0186015 0.0158365 0.0143214 0.0122649 0.0117517 0.0105308 0.0100786 0.00985643 0.00942725 0.00911347 0.00898007 0.00870654 0.0085556 0.00805729 0.00791202 0.0077357 
0.0746397 0.0301582 0.0216036 0.0165325 0.0143959 0.0126794 0.0121864 0.0115756 0.0113725 0.0106359 0.0101379 0.00942221 0.00889955 0.00868215 0.00860489 0.008198 0.00785843 0.00787429 0.00803329 0.00783268 
0.131584 0.0340424 0.0204533 0.017158 0.0145426 0.0120717 0.0115489 0.0107103 0.0098863 0.00965593 0.00919452 0.00871961 0.00857929 0.00821146 0.00781813 0.0076915 0.00765133 0.00745508 0.00726653 0.00707545 
0.112112 0.0315163 0.0176087 0.0147003 0.0130526 0.0118012 0.0106985 0.0102478 0.00983015 0.00967066 0.00917771 0.00852789 0.00846891 0.00815099 0.00801513 0.00798317 0.00786298 0.00781863 0.00765076 0.00732923 
0.0997974 0.0295553 0.0196008 0.0160351 0.0129439 0.0123452 0.0117911 0.0105632 0.0101001 0.0104366 0.010101 0.00996454 0.00949789 0.00878906 0.00857371 0.00844638 0.00827362 0.00828171 0.00806994 0.00791012 
0.124621 0.0343971 0.0197135 0.0154496 0.0134364 0.0121117 0.0108909 0.0101245 0.0099673 0.00975165 0.00914852 0.00861839 0.00805852 0.00808487 0.00780465 0.00751849 0.00711052 0.00699881 0.00684033 0.00675298 
0.13535 0.0381809 0.0212972 0.0150818 0.0134386 0.0116433 0.0115223 0.0103157 0.00968222 0.00929666 0.00928398 0.00888265 0.00842256 0.00829975 0.0080077 0.00761661 0.00752692 0.00729654 0.00704016 0.00684662 
0.123534 0.0338517 0.023108 0.0163804 0.0140801 0.0125813 0.0115895 0.0110058 0.0107636 0.0100495 0.00939372 0.00929042 0.00879079 0.00882578 0.00881334 0.00863375 0.00854382 0.00838102 0.00825624 0.00816617 
0.109649 0.0367595 0.0249431 0.0166477 0.0138273 0.0137372 0.0120924 0.0112808 0.0109093 0.0101729 0.00951415 0.0091557 0.00904514 0.00874772 0.00845407 0.00832128 0.00807053 0.00802266 0.00790914 0.00774512 
0.119548 0.0294426 0.0189755 0.0152006 0.0134395 0.0114825 0.0105689 0.0101259 0.0094658 0.00874848 0.00816696 0.00817333 0.00774159 0.00751455 0.00734719 0.00722907 0.0070428 0.00689215 0.00703056 0.0070254 
0.102324 0.0372371 0.0234871 0.0177326 0.0145862 0.0128635 0.0120724 0.0114011 0.0102648 0.00954814 0.00892409 0.00829789 0.00830258 0.00795045 0.00795387 0.00781166 0.00753119 0.00734637 0.00740295 0.00732157 
0.107087 0.0318524 0.0205645 0.0181338 0.0164306 0.0141547 0.0120911 0.0109502 0.0104089 0.00965805 0.00936056 0.00875198 0.00828849 0.00811016 0.00785327 0.00770784 0.00782998 0.00746934 0.00748197 0.00721888 
0.0957482 0.0327834 0.0261856 0.0176451 0.0142435 0.0129014 0.0113066 0.01088 0.0103424 0.00998405 0.00952216 0.00888978 0.00847817 0.00830012 0.00814239 0.0082727 0.00804709 0.00810427 0.00815641 0.00806647 
0.106848 0.0362647 0.0249916 0.0195377 0.0168094 0.0158602 0.0138731 0.012169 0.0111622 0.0101599 0.00928988 0.0091449 0.00850109 0.00835573 0.00844085 0.00816101 0.00788032 0.00776907 0.00765775 0.00743031 
0.0747996 0.0287437 0.0197699 0.0151781 0.013474 0.0138897 0.0113848 0.0101496 0.00982339 0.00912572 0.0089567 0.00855526 0.00815651 0.00761817 0.0074778 0.00750458 0.00730418 0.0072305 0.00721996 0.00701474 
0.11831 0.0398804 0.0221491 0.0160079 0.0122735 0.0116951 0.0114365 0.0104858 0.0101507 0.00969909 0.00907615 0.00860009 0.00852512 0.00828108 0.00837762 0.00831041 0.00809634 0.00812411 0.00806001 0.0079063 
0.110438 0.0369415 0.0203968 0.0153334 0.0136689 0.0120875 0.0107159 0.0103323 0.00975341 0.00932941 0.00919104 0.00829844 0.00829131 0.00820107 0.00810012 0.00801085 0.00771884 0.00749751 0.00740165 0.0073834 
0.133112 0.0396631 0.0232125 0.0186501 0.0137769 0.0126262 0.0122777 0.0114778 0.0108969 0.0100182 0.00925676 0.00874245 0.0085367 0.00816724 0.00788745 0.00776151 0.00787954 0.00781026 0.0077345 0.00774248 
0.100207 0.0248417 0.0217591 0.0175233 0.0140951 0.0125866 0.0101792 0.00971506 0.00998006 0.00981411 0.0092751 0.00877061 0.00869736 0.00837805 0.00827551 0.00807094 0.00801145 0.00790655 0.00776889 0.00767937 
0.154135 0.0375901 0.028299 0.0207186 0.0149358 0.0127932 0.0118718 0.0109247 0.0101856 0.00974808 0.00975351 0.00926285 0.00886769 0.00853963 0.00825931 0.00805082 0.00787611 0.00778451 0.00767004 0.00757604 
0.101103 0.0300494 0.019275 0.0149054 0.0124785 0.0121136 0.0114176 0.0111189 0.00966508 0.0084524 0.00819328 0.00783408 0.00780168 0.00765356 0.00759088 0.0073569 0.00710154 0.00701652 0.00694704 0.00686521 
0.0967522 0.0223902 0.0177354 0.0152253 0.0148341 0.0129141 0.0121919 0.0113727 0.010625 0.0102949 0.0101657 0.00983724 0.0092323 0.00892768 0.00857669 0.00831138 0.00840397 0.00817403 0.00804356 0.00788984 
0.10182 0.0390066 0.0247582 0.0179279 0.01383 0.0119918 0.0115697 0.0108063 0.0104717 0.00974692 0.00930417 0.00928315 0.00919624 0.00888259 0.00848082 0.00805968 0.00809406 0.00799809 0.00806773 0.00783129 
0.0990399 0.0351099 0.0250121 0.0190171 0.0149456 0.0126144 0.0110522 0.00975999 0.00960364 0.00917104 0.00898759 0.00846396 0.00834015 0.00802515 0.00794509 0.00793574 0.00773396 0.00766792 0.0074298 0.00742059 
0.102889 0.0376891 0.0250015 0.0164552 0.0147454 0.014366 0.0129268 0.0113786 0.0101299 0.00945723 0.00882447 0.00851762 0.00823457 0.00829052 0.0080011 0.00781073 0.00750258 0.00742325 0.0072326 0.00724079 
0.103537 0.0238198 0.0193752 0.015024 0.01169 0.0111414 0.0103785 0.00919805 0.00868723 0.00831933 0.0081517 0.00769633 0.00773195 0.00761102 0.00732723 0.00704362 0.00682246 0.00680619 0.00677734 0.00668136 
0.124111 0.0344777 0.0232044 0.0164362 0.0132854 0.0113472 0.0101156 0.00969059 0.00916821 0.00893747 0.00846712 0.00831216 0.00825423 0.00804177 0.00800156 0.00772418 0.00753148 0.00721104 0.0071074 0.00705169 
0.126833 0.027855 0.019269 0.0156217 0.0144159 0.0114093 0.010783 0.0104238 0.00962894 0.00919998 0.00918935 0.00893905 0.00864572 0.00813118 0.00810624 0.00777995 0.00776081 0.00761601 0.00731393 0.0071652 
0.0784961 0.0301559 0.023291 0.0172911 0.0132457 0.0124529 0.0106996 0.00996833 0.00912346 0.00867097 0.00843103 0.00825179 0.00811105 0.00795436 0.00782534 0.0075048 0.00749482 0.00723737 0.00716095 0.00701933 
0.0947827 0.03416 0.0192352 0.0145604 0.0126459 0.0118841 0.0108059 0.00998389 0.00940758 0.00885 0.00855781 0.0080252 0.00818596 0.0078491 0.00765695 0.00754231 0.00745866 0.00748688 0.00731679 0.00712169 
0.112676 0.0304478 0.0197854 0.0166434 0.012856 0.0129424 0.0108441 0.00961181 0.00900511 0.00868263 0.00859896 0.00835716 0.00800618 0.00751331 0.00727537 0.00714644 0.00692307 0.00684955 0.00683149 0.00663871 
0.107943 0.0275838 0.0181346 0.0152597 0.011948 0.0112974 0.00962604 0.00839742 0.00846217 0.00874899 0.00842049 0.00806094 0.0080696 0.00791741 0.00776789 0.00755148 0.00760539 0.00739419 0.00725264 0.0071433 
0.12804 0.0311826 0.0241102 0.0189704 0.0166914 0.0140361 0.0122493 0.0113727 0.0107205 0.0101006 0.00957067 0.0093558 0.00879476 0.00875748 0.00867192 0.00834691 0.00815157 0.00787394 0.00786724 0.00764363 
0.0936735 0.0315258 0.0187476 0.0142946 0.0133633 0.0128884 0.010652 0.010003 0.00933775 0.00894128 0.00866612 0.00836479 0.00801516 0.00790354 0.00763144 0.00750424 0.00745332 0.00745688 0.00737276 0.00735195 
0.0907229 0.0341854 0.0215924 0.0188456 0.0163885 0.0137574 0.0120114 0.0114569 0.010842 0.00970298 0.00944962 0.00905125 0.0091916 0.00914057 0.00874053 0.00856791 0.00842713 0.00807853 0.00767789 0.00742023 
0.0985742 0.034269 0.0245004 0.018919 0.0160647 0.014296 0.0125626 0.0122118 0.011622 0.0111802 0.0106082 0.00990152 0.0094632 0.00900855 0.00867216 0.00869897 0.00861473 0.00858057 0.00837335 0.00801209 
0.085372 0.0360311 0.0244808 0.0179384 0.0149612 0.0130789 0.0125352 0.0121721 0.0111425 0.0104409 0.00963882 0.00943691 0.00884083 0.00838788 0.00839215 0.00819908 0.00791299 0.00775346 0.00767503 0.00757753 
0.0877527 0.0305021 0.0209648 0.0153629 0.0137949 0.0115448 0.0106728 0.00961418 0.00976172 0.00921 0.00895407 0.00847104 0.00810616 0.00793716 0.00786861 0.0077217 0.00767348 0.00746696 0.00745198 0.00730106 
0.111926 0.0349069 0.027408 0.021345 0.0171442 0.0150035 0.012906 0.0117054 0.0103867 0.0100286 0.00916619 0.00875361 0.0086439 0.00865777 0.00837721 0.0080462 0.00802363 0.00800335 0.00784474 0.00772393 
0.125048 0.0374848 0.0229207 0.0173204 0.0142619 0.0133381 0.0118981 0.0112164 0.0108946 0.0100988 0.00955546 0.00925657 0.00906656 0.00875675 0.00844853 0.00800825 0.00786775 0.00774715 0.0076429 0.00749712 
0.148578 0.0453742 0.0264961 0.0173656 0.0142133 0.0116213 0.0108256 0.0101111 0.0100923 0.00930849 0.00881843 0.00821274 0.00779353 0.00774826 0.00770052 0.00753189 0.00723919 0.00703847 0.00710011 0.00707862 
0.11418 0.0284553 0.0212132 0.0160721 0.0129738 0.0122279 0.0113505 0.0109382 0.0100372 0.0098208 0.00928249 0.00897392 0.00827861 0.00835661 0.00824512 0.00802831 0.00785446 0.00778088 0.00790472 0.00783329 
0.0940472 0.0359197 0.0237234 0.017469 0.0147243 0.012526 0.0109599 0.0100183 0.00959597 0.00916409 0.00876105 0.00814961 0.00812905 0.00816161 0.00799845 0.00806703 0.0080407 0.0077188 0.00744747 0.00727413 
0.105417 0.0277545 0.0191441 0.0153099 0.0135589 0.0119985 0.0110493 0.0103792 0.00951574 0.00940071 0.00940116 0.00922647 0.00921157 0.0087793 0.00841337 0.00818097 0.00823628 0.00815237 0.00802741 0.00785117 
