0.0872834 0.0337371 0.0194342 0.0152087 0.0127549 0.0116492 0.0111585 0.0108626 0.0102691 0.00983208 0.00927303 0.00881765 0.00870864 0.0083775 0.00822414 0.00796075 0.00767176 0.00756504 0.0075207 0.00746597 
0.138043 0.0360511 0.0242308 0.0178428 0.0150617 0.0142968 0.013214 0.0116166 0.0110762 0.0103321 0.00926148 0.00869309 0.00862339 0.00843924 0.00821004 0.00795542 0.00769641 0.00743647 0.0072226 0.00725458 
0.0965157 0.031976 0.0195424 0.0175232 0.0137451 0.0120791 0.0110395 0.0109084 0.010597 0.0100424 0.00934589 0.00937062 0.00921563 0.00912557 0.00876437 0.00891361 0.00859849 0.00835995 0.00815749 0.00799833 
0.104098 0.0305689 0.0221498 0.0161659 0.012452 0.0107548 0.00989856 0.0095304 0.00922462 0.00892892 0.00806438 0.00798056 0.00759789 0.00759584 0.0074045 0.00734373 0.00713095 0.00713506 0.00700647 0.00696988 
0.124483 0.0369958 0.022334 0.0182129 0.0142975 0.0132874 0.0116452 0.0108482 0.00977457 0.00877737 0.00867855 0.00864383 0.00830914 0.00835532 0.00826598 0.00799023 0.00761769 0.00765528 0.00758711 0.0074866 
0.0943151 0.0328008 0.019527 0.0160618 0.0138127 0.0115389 0.0117664 0.0109915 0.0106364 0.0101559 0.00983652 0.00931417 0.00879339 0.00849766 0.00813546 0.00802671 0.00796756 0.00761162 0.00758099 0.00752334 
0.107372 0.0392863 0.0264127 0.0224903 0.0186015 0.0158364 0.0143214 0.0122649 0.0117517 0.0105308 0.0100786 0.00985642 0.00942724 0.00911347 0.00898008 0.00870658 0.00855567 0.00805737 0.00791212 0.00773577 
0.0746397 0.0301581 0.0216037 0.0165326 0.0143959 0.0126793 0.0121864 0.0115756 0.0113724 0.0106359 0.0101379 0.00942219 0.00889954 0.00868214 0.0086049 0.00819804 0.00785848 0.00787436 0.00803337 0.00783273 
0.131584 0.0340424 0.0204533 0.0171581 0.0145426 0.0120717 0.0115489 0.0107103 0.0098863 0.00965592 0.00919451 0.0087196 0.00857929 0.00821147 0.00781813 0.00769153 0.00765137 0.00745513 0.00726657 0.00707548 
0.112112 0.0315162 0.0176088 0.0147004 0.0130526 0.0118011 0.0106985 0.0102478 0.00983013 0.00967065 0.0091777 0.00852788 0.00846891 0.00815102 0.00801516 0.00798322 0.00786305 0.00781868 0.0076508 0.00732925 
0.0997974 0.0295553 0.0196009 0.0160352 0.0129439 0.0123452 0.0117911 0.0105632 0.0101001 0.0104366 0.010101 0.00996453 0.00949789 0.00878906 0.00857371 0.00844639 0.00827363 0.00828174 0.00806997 0.00791015 
0.124621 0.034397 0.0197135 0.0154497 0.0134365 0.0121117 0.0108908 0.0101245 0.00996729 0.00975164 0.00914851 0.00861839 0.00805852 0.00808487 0.00780466 0.00751852 0.00711054 0.00699884 0.00684035 0.006753 
0.13535 0.0381809 0.0212973 0.0150818 0.0134387 0.0116433 0.0115222 0.0103157 0.00968221 0.00929666 0.00928397 0.00888265 0.00842254 0.00829974 0.0080077 0.00761663 0.00752696 0.00729658 0.00704021 0.00684666 
0.123534 0.0338517 0.0231081 0.0163805 0.0140802 0.0125813 0.0115895 0.0110058 0.0107636 0.0100495 0.00939372 0.00929041 0.00879079 0.00882577 0.00881334 0.00863377 0.00854388 0.00838108 0.00825631 0.00816624 
0.109649 0.0367594 0.0249432 0.0166478 0.0138273 0.0137372 0.0120924 0.0112808 0.0109093 0.0101729 0.00951414 0.00915569 0.00904513 0.00874772 0.00845407 0.0083213 0.00807056 0.0080227 0.00790918 0.00774515 
0.119548 0.0294425 0.0189755 0.0152007 0.0134395 0.0114825 0.0105689 0.0101258 0.00946579 0.00874848 0.00816695 0.00817332 0.00774159 0.00751454 0.00734719 0.00722908 0.00704283 0.00689218 0.00703061 0.00702543 
0.102324 0.0372371 0.0234872 0.0177327 0.0145862 0.0128635 0.0120724 0.0114011 0.0102648 0.00954813 0.00892408 0.00829788 0.00830257 0.00795045 0.00795388 0.00781167 0.0075312 0.00734641 0.00740299 0.00732163 
0.107087 0.0318524 0.0205646 0.0181339 0.0164306 0.0141547 0.012091 0.0109502 0.0104089 0.00965803 0.00936055 0.00875197 0.00828847 0.00811015 0.00785328 0.00770787 0.00783002 0.00746938 0.00748202 0.00721892 
0.0957481 0.0327833 0.0261857 0.0176452 0.0142435 0.0129014 0.0113066 0.01088 0.0103424 0.00998405 0.00952216 0.00888978 0.00847816 0.00830012 0.00814239 0.00827272 0.00804713 0.00810432 0.00815647 0.00806652 
0.106848 0.0362647 0.0249918 0.0195378 0.0168094 0.0158602 0.0138731 0.012169 0.0111622 0.0101599 0.00928988 0.00914489 0.00850109 0.00835574 0.00844085 0.00816103 0.00788035 0.0077691 0.00765778 0.00743034 
0.0747996 0.0287437 0.01977 0.0151782 0.0134741 0.0138897 0.0113848 0.0101496 0.00982338 0.00912571 0.0089567 0.00855525 0.0081565 0.00761817 0.0074778 0.00750459 0.00730421 0.00723054 0.00722001 0.00701479 
0.11831 0.0398803 0.0221492 0.016008 0.0122735 0.0116951 0.0114365 0.0104858 0.0101507 0.00969908 0.00907615 0.00860008 0.00852512 0.00828108 0.00837762 0.00831042 0.00809636 0.00812415 0.00806005 0.00790634 
0.110438 0.0369414 0.0203969 0.0153334 0.0136689 0.0120875 0.0107159 0.0103323 0.0097534 0.00932939 0.00919103 0.00829843 0.00829131 0.00820107 0.00810011 0.00801087 0.00771886 0.00749756 0.00740169 0.00738345 
0.133112 0.0396631 0.0232126 0.0186503 0.013777 0.0126261 0.0122777 0.0114778 0.0108969 0.0100182 0.00925675 0.00874245 0.0085367 0.00816724 0.00788746 0.00776152 0.00787959 0.00781033 0.00773458 0.00774257 
0.100207 0.0248417 0.0217591 0.0175234 0.0140951 0.0125866 0.0101792 0.00971505 0.00998005 0.0098141 0.00927509 0.00877061 0.00869736 0.00837806 0.00827552 0.00807098 0.00801153 0.00790663 0.00776896 0.00767943 
0.154135 0.0375901 0.0282991 0.0207187 0.0149358 0.0127932 0.0118718 0.0109247 0.0101856 0.00974806 0.0097535 0.00926284 0.00886768 0.00853962 0.00825933 0.00805086 0.00787619 0.00778457 0.00767009 0.00757609 
0.101103 0.0300494 0.0192751 0.0149055 0.0124785 0.0121136 0.0114176 0.0111189 0.00966506 0.0084524 0.00819328 0.00783408 0.00780168 0.00765356 0.0075909 0.00735692 0.00710157 0.00701656 0.00694708 0.00686524 
0.0967522 0.0223901 0.0177355 0.0152254 0.0148341 0.0129141 0.0121919 0.0113727 0.010625 0.0102949 0.0101657 0.00983724 0.00923229 0.00892768 0.00857672 0.00831143 0.00840405 0.00817411 0.00804363 0.0078899 
0.10182 0.0390066 0.0247583 0.017928 0.01383 0.0119918 0.0115697 0.0108063 0.0104717 0.00974691 0.00930416 0.00928314 0.00919623 0.00888259 0.00848083 0.0080597 0.0080941 0.00799816 0.00806783 0.0078314 
0.09904 0.0351098 0.0250122 0.0190172 0.0149456 0.0126143 0.0110522 0.00975998 0.00960362 0.00917103 0.00898758 0.00846396 0.00834015 0.00802514 0.00794509 0.00793576 0.00773402 0.00766799 0.00742986 0.00742064 
0.102889 0.0376891 0.0250016 0.0164553 0.0147454 0.014366 0.0129267 0.0113786 0.0101299 0.00945722 0.00882446 0.00851762 0.00823457 0.00829051 0.00800111 0.00781076 0.00750264 0.00742331 0.00723266 0.00724086 
0.103537 0.0238198 0.0193753 0.0150241 0.01169 0.0111414 0.0103785 0.00919804 0.00868723 0.00831933 0.00815169 0.00769633 0.00773194 0.00761102 0.00732724 0.00704363 0.00682249 0.00680623 0.00677739 0.0066814 
0.124111 0.0344776 0.0232045 0.0164363 0.0132854 0.0113472 0.0101155 0.00969057 0.0091682 0.00893746 0.00846712 0.00831216 0.00825423 0.00804177 0.00800156 0.00772419 0.00753152 0.00721109 0.00710746 0.00705175 
0.126833 0.027855 0.0192691 0.0156218 0.0144159 0.0114093 0.010783 0.0104238 0.00962893 0.00919997 0.00918935 0.00893905 0.00864572 0.00813118 0.00810624 0.00777998 0.00776084 0.00761606 0.00731398 0.00716523 
0.078496 0.0301558 0.0232911 0.0172912 0.0132457 0.0124529 0.0106996 0.00996832 0.00912346 0.00867096 0.00843102 0.00825178 0.00811105 0.00795435 0.00782534 0.00750481 0.00749485 0.0072374 0.007161 0.00701937 
0.0947827 0.03416 0.0192353 0.0145605 0.0126459 0.0118841 0.0108059 0.00998388 0.00940756 0.00884999 0.00855781 0.0080252 0.00818595 0.0078491 0.00765696 0.00754231 0.00745868 0.00748693 0.00731685 0.00712175 
0.112676 0.0304477 0.0197855 0.0166435 0.0128561 0.0129423 0.010844 0.0096118 0.00900511 0.00868262 0.00859896 0.00835716 0.00800618 0.00751332 0.00727539 0.00714648 0.00692312 0.00684961 0.00683155 0.00663874 
0.107943 0.0275838 0.0181347 0.0152598 0.011948 0.0112974 0.00962603 0.00839741 0.00846216 0.00874899 0.00842049 0.00806094 0.00806961 0.00791741 0.0077679 0.00755149 0.00760543 0.00739423 0.00725269 0.00714335 
0.12804 0.0311825 0.0241103 0.0189705 0.0166914 0.0140361 0.0122492 0.0113727 0.0107205 0.0101006 0.00957066 0.00935579 0.00879476 0.00875747 0.00867192 0.00834692 0.00815159 0.00787397 0.00786727 0.00764367 
0.0936735 0.0315258 0.0187476 0.0142947 0.0133634 0.0128884 0.0106519 0.0100029 0.00933774 0.00894127 0.00866612 0.00836479 0.00801516 0.00790354 0.00763144 0.00750426 0.00745336 0.00745693 0.00737282 0.00735199 
0.0907228 0.0341854 0.0215924 0.0188457 0.0163885 0.0137573 0.0120114 0.0114569 0.010842 0.00970296 0.0094496 0.00905124 0.0091916 0.00914058 0.00874055 0.00856795 0.00842719 0.00807861 0.00767796 0.00742029 
0.0985741 0.034269 0.0245005 0.0189191 0.0160647 0.014296 0.0125626 0.0122118 0.011622 0.0111802 0.0106082 0.00990151 0.00946319 0.00900855 0.00867217 0.00869901 0.00861479 0.00858064 0.00837342 0.00801214 
0.085372 0.0360311 0.0244809 0.0179386 0.0149612 0.0130789 0.0125352 0.0121721 0.0111425 0.0104409 0.00963881 0.00943689 0.00884082 0.00838787 0.00839217 0.00819913 0.00791306 0.00775356 0.00767513 0.0075776 
0.0877527 0.0305021 0.0209649 0.015363 0.0137949 0.0115448 0.0106728 0.00961417 0.00976171 0.00920998 0.00895407 0.00847103 0.00810616 0.00793715 0.00786861 0.00772171 0.0076735 0.007467 0.00745203 0.00730111 
0.111927 0.0349069 0.0274081 0.0213451 0.0171442 0.0150035 0.012906 0.0117054 0.0103867 0.0100286 0.00916618 0.0087536 0.0086439 0.00865777 0.00837722 0.00804622 0.00802365 0.00800339 0.0078448 0.007724 
0.125048 0.0374848 0.0229208 0.0173204 0.0142619 0.0133381 0.0118981 0.0112163 0.0108946 0.0100988 0.00955544 0.00925657 0.00906656 0.00875675 0.00844854 0.00800829 0.00786781 0.00774721 0.00764298 0.0074972 
0.148578 0.0453742 0.0264962 0.0173657 0.0142133 0.0116213 0.0108256 0.0101111 0.0100923 0.00930847 0.00881843 0.00821273 0.00779353 0.00774826 0.00770053 0.00753192 0.00723923 0.00703852 0.00710016 0.00707867 
0.11418 0.0284553 0.0212132 0.0160722 0.0129738 0.0122279 0.0113505 0.0109382 0.0100371 0.00982079 0.00928249 0.00897392 0.00827861 0.00835661 0.00824513 0.00802835 0.00785451 0.00778094 0.00790477 0.0078333 
0.0940472 0.0359197 0.0237234 0.0174691 0.0147243 0.012526 0.0109599 0.0100183 0.00959597 0.00916408 0.00876105 0.00814961 0.00812906 0.00816161 0.00799845 0.00806705 0.00804074 0.00771883 0.0074475 0.00727418 
0.105417 0.0277545 0.0191442 0.01531 0.0135589 0.0119984 0.0110493 0.0103792 0.00951573 0.0094007 0.00940115 0.00922647 0.00921156 0.0087793 0.00841338 0.00818097 0.00823629 0.00815242 0.00802745 0.00785122 
