0.118198 0.0320427 0.0190769 0.0150707 0.0117786 0.00845564 0.00843923 0.00722281 0.00656404 0.00604783 0.0053189 0.00516658 0.00484721 0.00458759 0.00430864 0.00431884 0.00404733 0.00379817 0.00354653 0.00354529 
0.110223 0.0275914 0.0149004 0.0130079 0.0108609 0.00897389 0.00702779 0.00628566 0.00617375 0.00586206 0.0058168 0.00541498 0.00528281 0.00485302 0.00470961 0.00447538 0.00437507 0.00446042 0.00421486 0.00418895 
0.0844259 0.0287042 0.0155082 0.012473 0.00882967 0.00865503 0.00727151 0.00681925 0.00634782 0.00605182 0.00587007 0.00525557 0.00525715 0.00486478 0.00459613 0.0042917 0.00418656 0.00417744 0.00406345 0.00390276 
0.121283 0.0400729 0.018266 0.0148123 0.011944 0.0104805 0.00916087 0.00842993 0.00703474 0.00670218 0.00626467 0.00561754 0.00515049 0.00494103 0.00458976 0.0043855 0.00429113 0.00428799 0.00407039 0.00394549 
0.102188 0.027656 0.0178402 0.0136546 0.0104887 0.00929935 0.00769664 0.00711259 0.00608655 0.00539671 0.00537771 0.00516111 0.0048479 0.00483998 0.00457327 0.00445453 0.00434383 0.00424347 0.00408445 0.00390251 
0.103933 0.0281451 0.0162643 0.0140661 0.0105927 0.00818661 0.00791968 0.00711661 0.00624423 0.00552796 0.00532449 0.0053828 0.00528492 0.00477907 0.00457247 0.00465604 0.00463554 0.00464259 0.00434767 0.00445824 
0.096178 0.026765 0.0141643 0.0115854 0.00968632 0.00840049 0.00773417 0.00686843 0.00624296 0.00585233 0.00545189 0.00523281 0.00502332 0.00493581 0.00492278 0.004695 0.00446002 0.00430565 0.00412384 0.00398882 
0.100821 0.0311833 0.0149836 0.0128273 0.0093867 0.00839229 0.00775281 0.00725802 0.00662948 0.006684 0.0063864 0.00568351 0.00538702 0.0051483 0.0048358 0.00466992 0.00449047 0.00443081 0.00436461 0.00439906 
0.0920457 0.0295271 0.0192425 0.015007 0.0120827 0.00862527 0.00755636 0.00752133 0.00665502 0.00600192 0.00552479 0.00516544 0.00485972 0.00462163 0.00442261 0.0044249 0.00415498 0.00393318 0.00385749 0.00388791 
0.115352 0.0329773 0.0179066 0.0130439 0.0117467 0.00955532 0.00842662 0.00777106 0.00727606 0.00681186 0.00635935 0.00599529 0.00571722 0.00545905 0.00513801 0.00486421 0.00477851 0.00455329 0.00433768 0.00420601 
0.0936628 0.0257626 0.0168066 0.0115804 0.00993801 0.00851315 0.00772655 0.00708298 0.00607319 0.00552275 0.00487843 0.0050315 0.0048807 0.0045994 0.00446585 0.00438353 0.00432912 0.00424507 0.00423984 0.00413264 
0.132175 0.0310149 0.0203969 0.0136912 0.0106749 0.00965803 0.0093024 0.00842518 0.00769444 0.00686729 0.00617569 0.00565669 0.0055872 0.00538767 0.00523078 0.00511872 0.00474571 0.00441358 0.0043079 0.00423347 
0.0922482 0.0243812 0.0149963 0.0126509 0.0104397 0.00944837 0.00889556 0.00716441 0.00687863 0.00644523 0.00592267 0.00561128 0.00537508 0.00501882 0.0050985 0.00491241 0.0046004 0.00450675 0.00430592 0.00421182 
0.108112 0.032702 0.0192773 0.013176 0.0121608 0.0105233 0.0104483 0.00834648 0.00773276 0.00748088 0.00718432 0.00673339 0.00647712 0.00597437 0.00596383 0.00575792 0.00557292 0.0052417 0.00510735 0.00516444 
0.113054 0.0329159 0.0189022 0.0127926 0.0117353 0.0104125 0.00867029 0.00840872 0.00791393 0.0072986 0.0066148 0.0060547 0.00574064 0.00573982 0.00526309 0.00507107 0.00514513 0.00480539 0.00476044 0.00446697 
0.0799961 0.0234655 0.0173278 0.0126956 0.0103368 0.00819209 0.00773537 0.00749165 0.00676966 0.00630895 0.0058374 0.00565184 0.0053274 0.00503191 0.00476181 0.00465865 0.00450586 0.00434992 0.00403617 0.00384627 
0.12226 0.0265056 0.0157439 0.0111025 0.0101768 0.00915536 0.0081352 0.00795155 0.0077307 0.0073039 0.00664691 0.00633881 0.00610029 0.00577561 0.00553111 0.00543721 0.0051906 0.00494281 0.00465207 0.00448062 
0.0890791 0.0299792 0.0170796 0.0141806 0.0123401 0.0101438 0.00927858 0.00945942 0.00786124 0.00679574 0.00617599 0.00569186 0.00566088 0.0053107 0.00509421 0.00475261 0.00461773 0.00430732 0.0040991 0.00396589 
0.0803523 0.0275212 0.0223563 0.0142856 0.0122704 0.0109009 0.00894109 0.00801299 0.00777659 0.00736884 0.00660558 0.00630504 0.00622115 0.00599885 0.00559309 0.00528112 0.00517199 0.00506907 0.00509175 0.00485468 
0.100761 0.0293715 0.0175903 0.0134575 0.0120184 0.00973566 0.00862353 0.0072462 0.00648207 0.00598484 0.00532818 0.00524043 0.00490264 0.0046081 0.00419863 0.00395464 0.00380052 0.00343633 0.00332842 0.00328683 
0.126874 0.0317082 0.018858 0.0146902 0.0114977 0.00922195 0.00803016 0.0076561 0.00728064 0.00682908 0.00620964 0.00588679 0.00551826 0.00528156 0.00491512 0.00476011 0.00494601 0.00480323 0.00473268 0.00464911 
0.11852 0.0290135 0.0178125 0.0139763 0.0115734 0.0100123 0.00851799 0.00778581 0.00694684 0.00609875 0.00584029 0.00554894 0.00522436 0.00498801 0.00494948 0.00482359 0.00460093 0.00448946 0.0043031 0.00425252 
0.11661 0.0309645 0.0188981 0.0146207 0.0110804 0.0103869 0.00966376 0.00822781 0.00716473 0.00612293 0.0060135 0.00521684 0.00500086 0.00503802 0.00470488 0.00455664 0.00439745 0.00433375 0.00423921 0.00412439 
0.092736 0.0239182 0.0155296 0.0128634 0.0110805 0.00951746 0.00872817 0.00767878 0.00732688 0.00692815 0.00667197 0.006209 0.00581537 0.00544563 0.00519449 0.0049719 0.00510162 0.00465514 0.00444343 0.00428661 
0.113866 0.0290795 0.0206907 0.0143585 0.0106402 0.00978305 0.00874411 0.00755642 0.00682288 0.00672509 0.00615914 0.0058076 0.00539942 0.00526177 0.00503317 0.00484665 0.00453341 0.00438045 0.00434093 0.00419911 
0.0976816 0.0296636 0.0209349 0.0141552 0.012105 0.00922113 0.00712377 0.00653487 0.00613025 0.00604256 0.00508603 0.00504843 0.0048375 0.00498553 0.00492895 0.00469019 0.00477061 0.00461314 0.00438144 0.00438955 
0.0804141 0.0272503 0.0190468 0.014528 0.0107035 0.00918133 0.00810596 0.00750527 0.00704121 0.00663428 0.00618063 0.0060001 0.00588306 0.00533064 0.00518331 0.00494992 0.00484401 0.00467887 0.00457522 0.00435386 
0.129574 0.0361692 0.0232135 0.0144062 0.0101599 0.00876728 0.00762459 0.00723742 0.00658876 0.00621246 0.0057769 0.00538216 0.00526771 0.00494904 0.00478486 0.00466671 0.0045397 0.00452052 0.00439485 0.00425949 
0.111022 0.0401449 0.0232538 0.017636 0.0122898 0.0109295 0.00840916 0.00753347 0.0067625 0.00668812 0.00630555 0.00617004 0.00569257 0.00568866 0.00542117 0.00505126 0.00474986 0.00460939 0.00447173 0.00411309 
0.112532 0.0282592 0.0170464 0.0135472 0.0131649 0.011031 0.0091449 0.00826836 0.00728426 0.0066094 0.00600287 0.00600225 0.00548491 0.00509943 0.0048138 0.00460111 0.00442396 0.00420247 0.0039525 0.00397592 
0.113647 0.027529 0.0177667 0.0123348 0.0104735 0.0084568 0.00680847 0.00627898 0.00622205 0.00574454 0.00572842 0.00584266 0.00545261 0.00528288 0.00499804 0.00478053 0.00460966 0.00451484 0.00433056 0.00408652 
0.087737 0.0311956 0.0188483 0.0138463 0.0108486 0.00810409 0.00710088 0.00711787 0.00671106 0.00604588 0.00563315 0.00507951 0.00502992 0.00485249 0.00483248 0.00467629 0.00467427 0.00446282 0.00436294 0.00428102 
0.135989 0.0335121 0.0183152 0.0139233 0.0126582 0.0109906 0.0104076 0.00863507 0.00783364 0.00705788 0.00650023 0.00604926 0.00532655 0.00514668 0.00473843 0.004513 0.00448103 0.0043409 0.0040972 0.00406807 
0.108257 0.0247883 0.0166331 0.0147839 0.0114879 0.00954262 0.00884691 0.0080301 0.0071381 0.0070974 0.00669872 0.00618348 0.00563184 0.00558566 0.00545034 0.00531407 0.00491477 0.00458019 0.00468774 0.00463377 
0.124826 0.0346621 0.023553 0.0153265 0.0118777 0.00899851 0.00797309 0.00768652 0.00666178 0.0058686 0.00539039 0.00509827 0.00480686 0.0046558 0.00465419 0.00460042 0.00431326 0.00419165 0.00417788 0.00424726 
0.109362 0.0298201 0.0177898 0.0133385 0.0107914 0.00917638 0.00789523 0.00723307 0.00618453 0.00582805 0.00555198 0.00503984 0.00487249 0.00463088 0.00464369 0.00446887 0.00420545 0.00401392 0.00401984 0.00395587 
0.0875033 0.0296221 0.0166045 0.0140278 0.012998 0.0105535 0.00975118 0.00817357 0.0074102 0.00661948 0.00619504 0.00564448 0.00541986 0.00541276 0.00495632 0.00456804 0.00437914 0.00427417 0.00411002 0.00398318 
0.122101 0.0286435 0.0179969 0.0138167 0.011653 0.0107261 0.00882753 0.00775587 0.00677376 0.00629549 0.00561511 0.00516199 0.00503277 0.00487017 0.00489803 0.00476746 0.00459652 0.00448725 0.00427499 0.00400636 
0.0846987 0.0270334 0.0184146 0.0159437 0.0126243 0.00996577 0.00773323 0.0078624 0.00682201 0.00655092 0.00621148 0.00577572 0.00567187 0.00525661 0.00493666 0.00464178 0.00451695 0.00435159 0.00392831 0.00394292 
0.0889422 0.0246312 0.0179592 0.0128217 0.0121087 0.0101902 0.00889624 0.00772347 0.00656552 0.00602226 0.00591213 0.00573875 0.00559911 0.00520314 0.00494147 0.00475042 0.00463454 0.00463006 0.00452535 0.00457641 
0.100955 0.0358111 0.0203714 0.0149025 0.0124103 0.010175 0.0086405 0.00717399 0.00678219 0.00640645 0.00604135 0.00571995 0.00540912 0.00509722 0.0048868 0.00489268 0.00476913 0.00458182 0.00458994 0.00437682 
0.0816985 0.0302448 0.0166447 0.0117765 0.00928915 0.00829103 0.00744443 0.00682682 0.00599611 0.00519649 0.00513948 0.00475641 0.00436717 0.00408268 0.00385534 0.00374528 0.00342695 0.00327483 0.00331181 0.00336702 
0.109533 0.0284068 0.0204093 0.0136699 0.0107087 0.00913152 0.00841436 0.00720531 0.00688304 0.00566692 0.00531076 0.00537879 0.00504005 0.00511861 0.00475235 0.0044776 0.0042949 0.00407122 0.00406849 0.00399751 
0.118099 0.0216917 0.0136757 0.00973991 0.00844148 0.00720257 0.0072743 0.00709701 0.00634527 0.00608513 0.00568986 0.00534745 0.00511013 0.00484802 0.00469268 0.00450662 0.00421895 0.0041714 0.00400926 0.00389349 
0.0975662 0.029897 0.0178904 0.0167655 0.0128808 0.01068 0.00896028 0.00807928 0.00766302 0.00696284 0.00630014 0.00613036 0.0058911 0.00556412 0.00535892 0.00517495 0.00509866 0.0047043 0.00446054 0.00429214 
0.117167 0.029677 0.0172405 0.0143494 0.0107506 0.00814944 0.00741475 0.00673482 0.0063381 0.00615678 0.00570609 0.00533699 0.00499168 0.00467676 0.00445028 0.0045564 0.0043761 0.00405791 0.00389558 0.00374297 
0.0762394 0.0275297 0.0165116 0.0131358 0.00996182 0.00941621 0.00760447 0.00655902 0.00596149 0.00576601 0.00548993 0.00515926 0.00483546 0.00486713 0.00484926 0.00464656 0.00470983 0.00449407 0.00442079 0.00426591 
0.0947896 0.0323419 0.0139621 0.0122984 0.00982533 0.00880628 0.00794072 0.0071118 0.00693595 0.00616102 0.00571353 0.00556584 0.00512974 0.00505331 0.00511873 0.00489992 0.00483934 0.00455027 0.00433848 0.00425969 
0.0925157 0.0226147 0.0156956 0.012706 0.00973134 0.00821148 0.00725135 0.00692255 0.00670706 0.00623852 0.00596131 0.00575075 0.00533572 0.00512385 0.00463333 0.00449313 0.00431434 0.00428837 0.00415358 0.00418712 
0.112538 0.0340521 0.0179761 0.0126782 0.00920112 0.00874089 0.00765154 0.00740575 0.00660318 0.00602398 0.00583062 0.00547334 0.00553332 0.00509145 0.00493638 0.00479413 0.00471439 0.00464683 0.0043136 0.00417238 
