0.0985238 0.002998 0.00250705 0.0023475 0.00230116 0.00228721 0.00226904 0.00226075 0.00224717 0.00222852 
0.110117 0.00339458 0.00288073 0.00263953 0.00254258 0.00249433 0.0024596 0.00244743 0.00242503 0.00241105 
0.0903794 0.00318036 0.00268146 0.00248284 0.00235235 0.00228049 0.00225289 0.00224307 0.00222466 0.00220453 
0.0805996 0.00306877 0.00274372 0.0026226 0.00254123 0.00245764 0.00241323 0.00237522 0.00237183 0.00235343 
0.0855485 0.00314296 0.00270932 0.00254118 0.00248504 0.00241279 0.00240001 0.00237314 0.00236852 0.00235003 
0.0937511 0.00322861 0.00276635 0.00262232 0.0025438 0.0025057 0.00248363 0.00245065 0.0024404 0.00242067 
0.0869565 0.00314503 0.00266271 0.00251275 0.00247361 0.00244124 0.0024264 0.00241755 0.00240969 0.00239437 
0.105044 0.00323888 0.00274595 0.0025706 0.00248469 0.00242516 0.00238332 0.00235263 0.00233934 0.00231099 
0.0721109 0.0031771 0.00263875 0.00243603 0.00230238 0.00223683 0.0021841 0.00214842 0.00214104 0.00213286 
0.127151 0.00294937 0.00264478 0.00252208 0.00243066 0.00238565 0.00236452 0.00235407 0.00233535 0.00231425 
0.0812846 0.00331168 0.00264201 0.00247979 0.00240104 0.00235736 0.00232109 0.00230372 0.00229467 0.0022681 
0.107713 0.00308882 0.00277227 0.00262367 0.0025221 0.00245476 0.00240069 0.00237608 0.00234361 0.00232506 
0.108171 0.00309111 0.00271073 0.00259341 0.00252898 0.00248385 0.00247862 0.00245805 0.00244621 0.00243906 
0.0898412 0.00297456 0.00266399 0.0024798 0.00241456 0.00239171 0.00235842 0.00231775 0.00230329 0.00228821 
0.088761 0.0029693 0.00257418 0.00239483 0.00231042 0.00227551 0.00226786 0.00226618 0.00225608 0.00224501 
0.109679 0.00311355 0.0025856 0.00251106 0.00243316 0.00236726 0.0023328 0.00231419 0.00230122 0.0022956 
0.0979773 0.0029057 0.00263241 0.00253671 0.00245753 0.00241705 0.0023929 0.00236122 0.0023391 0.00232718 
0.0746082 0.00324245 0.00268889 0.00253982 0.00242827 0.00238483 0.00234934 0.00235155 0.00233976 0.00233403 
0.123997 0.00332723 0.00263499 0.00254371 0.00248118 0.00241981 0.00239048 0.00236541 0.002352 0.00233467 
0.0879333 0.00282046 0.0024923 0.00237197 0.00230721 0.00224545 0.00220592 0.00219159 0.0021721 0.00216357 
0.0900782 0.00325962 0.0027833 0.00265543 0.00253179 0.00249281 0.00243591 0.00241757 0.00240368 0.00239335 
0.0908843 0.0032706 0.00271192 0.00258289 0.00248182 0.00244307 0.00242234 0.00240199 0.00239789 0.00239077 
0.113265 0.00325978 0.00256256 0.00244516 0.00236009 0.00232672 0.00228437 0.00226243 0.00224806 0.0022385 
0.123296 0.00319421 0.00277413 0.0025563 0.00247568 0.00243712 0.00240966 0.00239513 0.00237638 0.00235635 
0.113954 0.00318771 0.00278341 0.00265753 0.00261561 0.00259575 0.0025455 0.00252033 0.00250079 0.00248393 
0.124569 0.00290465 0.00256175 0.00245648 0.00236297 0.00234135 0.00231137 0.00228914 0.00227486 0.00226405 
0.10683 0.00307985 0.00274119 0.00256547 0.00248373 0.00239416 0.00236376 0.00234925 0.00233216 0.00232414 
0.0927317 0.00319656 0.00275924 0.00260769 0.00257447 0.00253621 0.00248781 0.00247758 0.00247027 0.00246007 
0.0926768 0.00284414 0.00251442 0.00240676 0.00232691 0.002281 0.00226325 0.00224344 0.0022218 0.00220992 
0.118759 0.00295941 0.00244346 0.00232207 0.00227783 0.00221579 0.00220117 0.00218638 0.00218613 0.00217674 
0.0940481 0.002821 0.00243357 0.00234924 0.0022919 0.00226256 0.00222253 0.00221722 0.00220374 0.00219246 
0.0831438 0.00301452 0.00270621 0.00251771 0.00240945 0.00235392 0.00232977 0.00230684 0.00229411 0.00229501 
0.120912 0.0030569 0.00261732 0.00243505 0.00237852 0.00233492 0.00231511 0.00229897 0.00227732 0.00227616 
0.0894846 0.00330825 0.0026243 0.00245841 0.0023976 0.00237927 0.00233205 0.0023196 0.0022981 0.00227884 
0.10386 0.00315558 0.00268414 0.00251083 0.00246349 0.00240059 0.00236148 0.00236949 0.00235386 0.0023297 
0.117399 0.00311643 0.00251674 0.00235973 0.00230167 0.00228405 0.00224984 0.00219901 0.00217317 0.00216784 
0.0691609 0.00320373 0.0025234 0.00245507 0.00238883 0.00234013 0.00232718 0.00229648 0.00229808 0.00229752 
0.108541 0.00317776 0.00262882 0.00246708 0.00247242 0.0024361 0.0023798 0.00234642 0.00232678 0.00231919 
0.107325 0.00316044 0.00261502 0.00245228 0.00235756 0.00231245 0.00229746 0.0022785 0.00225947 0.00225429 
0.102034 0.0029236 0.00266211 0.0025149 0.00244125 0.00240517 0.00238749 0.00235648 0.00233217 0.0023202 
0.0930518 0.00292392 0.0026098 0.00245069 0.00239919 0.00237286 0.00234381 0.00233333 0.00233477 0.00231882 
0.110901 0.00300996 0.00252725 0.00240463 0.00235581 0.00230627 0.00226786 0.00223762 0.00221479 0.00219229 
0.111492 0.00321897 0.00279074 0.00262166 0.00254178 0.00250982 0.00248647 0.00244407 0.00242285 0.0024114 
0.0800412 0.00315271 0.00262506 0.00249666 0.00242301 0.00238065 0.0023292 0.00228865 0.00226534 0.00225976 
0.126659 0.00319893 0.00271457 0.00252484 0.00242933 0.00239772 0.00235956 0.00234453 0.00232288 0.00231076 
0.086342 0.00303815 0.00257625 0.00243285 0.00239775 0.00233668 0.002317 0.0022885 0.00227238 0.00227167 
0.113757 0.00319285 0.00278947 0.00256395 0.00250082 0.00244721 0.00239344 0.00238198 0.00237028 0.00234584 
0.125856 0.00273555 0.00257654 0.00250846 0.00244238 0.00239512 0.00236096 0.00232286 0.00230296 0.00229122 
0.105162 0.00313454 0.00271737 0.00248992 0.00241483 0.00236444 0.00234624 0.00230767 0.00228251 0.00226219 
0.0884409 0.00306578 0.00256447 0.00243955 0.00234702 0.00228783 0.00226026 0.0022358 0.00221747 0.00221271 
