0.118198 0.0320426 0.0190769 0.0150706 0.0117785 0.0084556 0.00843923 0.00722285 0.0065641 0.00604794 0.00531903 0.00516668 0.00484729 0.00458764 0.00430865 0.00431885 0.00404732 0.00379814 0.00354649 0.00354522 
0.110223 0.0275915 0.0149004 0.0130078 0.0108609 0.00897386 0.0070278 0.00628571 0.00617381 0.00586215 0.00581695 0.0054151 0.00528291 0.00485307 0.00470961 0.00447537 0.00437503 0.00446036 0.00421479 0.00418886 
0.084426 0.0287041 0.0155082 0.012473 0.00882965 0.00865499 0.00727153 0.00681932 0.00634792 0.00605196 0.00587024 0.0052557 0.00525726 0.00486484 0.00459615 0.00429168 0.00418653 0.00417739 0.00406337 0.00390267 
0.121283 0.0400728 0.018266 0.0148123 0.011944 0.0104805 0.00916089 0.00843 0.00703482 0.00670229 0.00626482 0.00561766 0.00515057 0.00494107 0.00458978 0.00438549 0.0042911 0.00428793 0.00407033 0.00394542 
0.102188 0.0276559 0.0178402 0.0136545 0.0104886 0.00929933 0.00769664 0.00711265 0.00608662 0.0053968 0.00537782 0.0051612 0.00484795 0.00484002 0.00457328 0.00445452 0.00434381 0.00424345 0.00408441 0.00390247 
0.103933 0.0281451 0.0162643 0.014066 0.0105926 0.00818658 0.00791969 0.00711668 0.0062443 0.00552804 0.00532463 0.00538292 0.00528502 0.00477912 0.00457247 0.00465602 0.00463551 0.00464252 0.00434758 0.00445812 
0.0961779 0.0267649 0.0141643 0.0115854 0.00968628 0.00840048 0.00773418 0.00686846 0.00624302 0.00585241 0.005452 0.0052329 0.0050234 0.00493586 0.0049228 0.00469499 0.00446 0.00430562 0.00412379 0.00398876 
0.100821 0.0311833 0.0149836 0.0128273 0.00938666 0.00839227 0.00775283 0.00725806 0.00662957 0.00668411 0.00638655 0.00568363 0.00538713 0.00514836 0.00483582 0.00466991 0.00449043 0.00443074 0.00436452 0.00439895 
0.0920457 0.029527 0.0192425 0.015007 0.0120826 0.00862525 0.00755637 0.00752141 0.0066551 0.00600203 0.00552495 0.00516557 0.00485981 0.00462166 0.00442261 0.00442487 0.00415494 0.00393312 0.00385741 0.00388781 
0.115352 0.0329773 0.0179065 0.0130438 0.0117467 0.0095553 0.00842663 0.00777112 0.00727617 0.00681199 0.00635951 0.00599543 0.00571731 0.00545909 0.00513803 0.0048642 0.00477848 0.00455323 0.00433761 0.00420591 
0.0936628 0.0257626 0.0168066 0.0115804 0.00993798 0.00851313 0.00772656 0.00708304 0.00607325 0.00552284 0.00487852 0.0050316 0.00488078 0.00459944 0.00446586 0.00438352 0.0043291 0.00424505 0.00423979 0.00413258 
0.132175 0.0310149 0.0203968 0.0136911 0.0106748 0.009658 0.0093024 0.00842523 0.00769453 0.00686743 0.00617584 0.0056568 0.00558728 0.00538772 0.00523079 0.00511871 0.00474569 0.00441354 0.00430783 0.00423339 
0.0922482 0.0243812 0.0149963 0.0126508 0.0104397 0.00944834 0.00889555 0.00716446 0.00687869 0.00644534 0.0059228 0.00561137 0.00537516 0.00501886 0.00509851 0.0049124 0.00460037 0.00450669 0.00430585 0.00421175 
0.108112 0.032702 0.0192773 0.013176 0.0121607 0.0105232 0.0104483 0.00834659 0.00773291 0.00748108 0.00718452 0.00673352 0.00647721 0.00597441 0.0059638 0.00575786 0.00557285 0.00524158 0.00510722 0.00516427 
0.113054 0.0329158 0.0189022 0.0127925 0.0117352 0.0104125 0.00867031 0.00840878 0.00791405 0.00729873 0.00661497 0.00605482 0.00574073 0.00573987 0.0052631 0.00507103 0.00514507 0.00480529 0.00476032 0.00446683 
0.079996 0.0234654 0.0173277 0.0126956 0.0103367 0.00819206 0.00773538 0.00749174 0.00676977 0.00630908 0.00583756 0.00565197 0.00532749 0.00503194 0.00476182 0.00465863 0.00450582 0.00434988 0.0040361 0.00384621 
0.12226 0.0265055 0.0157439 0.0111025 0.0101767 0.00915535 0.0081352 0.00795161 0.00773081 0.00730403 0.00664707 0.00633895 0.00610041 0.00577567 0.00553112 0.00543719 0.00519057 0.00494274 0.00465197 0.0044805 
0.0890791 0.0299792 0.0170795 0.0141806 0.0123401 0.0101438 0.0092786 0.00945948 0.00786134 0.00679588 0.00617615 0.00569197 0.00566099 0.00531075 0.00509421 0.0047526 0.0046177 0.00430728 0.00409903 0.00396581 
0.0803522 0.0275212 0.0223562 0.0142856 0.0122704 0.0109009 0.0089411 0.00801306 0.00777671 0.00736898 0.00660576 0.00630517 0.00622123 0.0059989 0.00559309 0.00528109 0.00517193 0.00506899 0.00509163 0.00485452 
0.100761 0.0293714 0.0175902 0.0134575 0.0120183 0.00973564 0.00862354 0.00724627 0.00648215 0.00598497 0.00532833 0.00524054 0.00490274 0.00460815 0.00419864 0.00395463 0.00380048 0.0034363 0.00332838 0.00328675 
0.126874 0.0317082 0.018858 0.0146902 0.0114977 0.00922193 0.00803017 0.00765616 0.00728073 0.00682921 0.00620979 0.00588691 0.00551834 0.0052816 0.00491512 0.00476008 0.00494598 0.00480317 0.00473259 0.004649 
0.11852 0.0290134 0.0178125 0.0139763 0.0115734 0.0100122 0.008518 0.00778589 0.00694693 0.00609889 0.00584046 0.00554907 0.00522447 0.00498807 0.00494949 0.00482357 0.00460089 0.0044894 0.00430301 0.00425241 
0.11661 0.0309644 0.0188981 0.0146207 0.0110804 0.0103869 0.00966378 0.00822791 0.00716486 0.00612313 0.00601372 0.00521699 0.00500096 0.00503807 0.00470489 0.0045566 0.00439739 0.00433365 0.0042391 0.00412425 
0.092736 0.0239181 0.0155296 0.0128634 0.0110805 0.00951744 0.00872819 0.00767886 0.007327 0.00692831 0.00667217 0.00620916 0.00581548 0.00544568 0.00519452 0.00497188 0.00510155 0.00465507 0.00444333 0.00428649 
0.113866 0.0290794 0.0206908 0.0143585 0.0106402 0.00978301 0.00874411 0.00755645 0.00682293 0.00672519 0.00615927 0.00580771 0.0053995 0.00526182 0.00503319 0.00484665 0.0045334 0.00438042 0.00434089 0.00419906 
0.0976815 0.0296636 0.0209349 0.0141552 0.012105 0.00922112 0.00712379 0.00653489 0.00613031 0.00604265 0.00508612 0.0050485 0.00483755 0.00498556 0.00492895 0.00469017 0.00477058 0.00461309 0.00438138 0.00438947 
0.080414 0.0272503 0.0190468 0.014528 0.0107035 0.0091813 0.00810597 0.00750533 0.0070413 0.00663442 0.00618078 0.00600021 0.00588315 0.00533068 0.00518331 0.00494989 0.00484396 0.00467879 0.00457514 0.00435376 
0.129575 0.036169 0.0232135 0.0144062 0.0101598 0.00876727 0.00762459 0.00723746 0.00658883 0.00621257 0.00577702 0.00538225 0.00526778 0.00494909 0.00478487 0.00466671 0.00453966 0.00452047 0.00439479 0.00425941 
0.111022 0.0401448 0.0232538 0.0176359 0.0122897 0.0109295 0.00840917 0.00753353 0.00676258 0.00668823 0.0063057 0.00617018 0.00569267 0.00568872 0.00542118 0.00505123 0.00474983 0.00460935 0.00447167 0.00411301 
0.112532 0.0282592 0.0170464 0.0135472 0.0131648 0.011031 0.00914491 0.00826842 0.00728435 0.00660951 0.00600299 0.00600236 0.00548499 0.00509947 0.00481381 0.0046011 0.00442393 0.00420242 0.00395244 0.00397584 
0.113647 0.0275289 0.0177667 0.0123348 0.0104734 0.00845677 0.00680848 0.00627903 0.00622213 0.00574464 0.00572855 0.00584278 0.0054527 0.00528294 0.00499805 0.00478051 0.00460961 0.00451478 0.00433048 0.00408643 
0.0877369 0.0311956 0.0188483 0.0138463 0.0108485 0.00810406 0.00710088 0.00711794 0.00671115 0.00604599 0.00563331 0.00507961 0.00503 0.00485252 0.00483248 0.00467626 0.00467423 0.00446276 0.00436286 0.00428093 
0.135989 0.0335121 0.0183152 0.0139233 0.0126582 0.0109905 0.0104076 0.00863516 0.00783374 0.00705801 0.00650037 0.00604937 0.00532662 0.00514672 0.00473843 0.00451298 0.00448099 0.00434085 0.00409714 0.00406799 
0.108256 0.0247883 0.0166331 0.0147839 0.0114879 0.0095426 0.00884692 0.00803016 0.00713819 0.00709754 0.00669889 0.00618362 0.00563193 0.0055857 0.00545034 0.00531404 0.00491473 0.00458013 0.00468765 0.00463366 
0.124826 0.0346621 0.0235529 0.0153265 0.0118777 0.0089985 0.00797312 0.00768658 0.00666187 0.00586871 0.0053905 0.00509836 0.00480692 0.00465583 0.0046542 0.00460042 0.00431324 0.00419161 0.00417782 0.00424718 
0.109361 0.02982 0.0177898 0.0133384 0.0107914 0.00917636 0.00789524 0.00723312 0.00618459 0.00582813 0.0055521 0.00503992 0.00487257 0.00463093 0.0046437 0.00446885 0.00420542 0.00401388 0.00401979 0.00395579 
0.0875033 0.029622 0.0166045 0.0140278 0.012998 0.0105534 0.00975118 0.00817363 0.00741029 0.00661962 0.00619522 0.00564462 0.00541997 0.00541283 0.00495634 0.00456803 0.0043791 0.00427413 0.00410996 0.0039831 
0.1221 0.0286434 0.0179969 0.0138166 0.011653 0.0107261 0.00882755 0.00775594 0.00677385 0.00629559 0.00561523 0.00516208 0.00503284 0.00487023 0.00489807 0.00476747 0.0045965 0.00448722 0.00427495 0.00400631 
0.0846986 0.0270334 0.0184146 0.0159437 0.0126242 0.00996575 0.00773324 0.00786247 0.0068221 0.00655106 0.00621167 0.00577586 0.00567199 0.00525667 0.00493668 0.00464176 0.0045169 0.00435152 0.00392824 0.00394283 
0.0889421 0.0246312 0.0179593 0.0128217 0.0121086 0.0101902 0.00889624 0.00772352 0.00656561 0.00602238 0.00591226 0.00573886 0.00559921 0.00520321 0.00494148 0.00475041 0.00463451 0.00463002 0.00452529 0.00457633 
0.100955 0.0358111 0.0203714 0.0149025 0.0124103 0.010175 0.00864052 0.00717407 0.00678227 0.00640657 0.00604153 0.00572008 0.00540924 0.00509727 0.00488682 0.00489266 0.00476909 0.00458176 0.00458987 0.00437674 
0.0816985 0.0302448 0.0166446 0.0117765 0.00928912 0.008291 0.00744444 0.00682687 0.00599619 0.00519657 0.0051396 0.00475651 0.00436723 0.00408272 0.00385535 0.00374528 0.00342693 0.0032748 0.00331177 0.00336696 
0.109534 0.0284068 0.0204093 0.0136699 0.0107086 0.00913149 0.00841436 0.00720536 0.00688312 0.00566702 0.0053109 0.00537891 0.00504014 0.00511869 0.00475236 0.00447759 0.00429486 0.00407118 0.00406842 0.00399742 
0.118099 0.0216917 0.0136757 0.00973988 0.00844143 0.00720255 0.00727431 0.00709706 0.00634535 0.00608523 0.00569001 0.00534756 0.00511021 0.00484807 0.00469269 0.00450661 0.00421893 0.00417136 0.0040092 0.00389341 
0.0975661 0.0298969 0.0178904 0.0167655 0.0128808 0.01068 0.00896029 0.00807934 0.0076631 0.00696293 0.00630027 0.00613049 0.00589119 0.00556415 0.00535893 0.00517493 0.00509863 0.00470427 0.00446048 0.00429207 
0.117167 0.029677 0.0172405 0.0143494 0.0107506 0.00814942 0.00741476 0.00673487 0.00633818 0.00615688 0.00570623 0.0053371 0.00499176 0.0046768 0.00445028 0.00455638 0.00437606 0.00405787 0.00389554 0.00374291 
0.0762394 0.0275297 0.0165116 0.0131358 0.0099618 0.00941619 0.00760447 0.00655905 0.00596155 0.00576611 0.00549006 0.00515936 0.00483554 0.00486718 0.00484926 0.00464655 0.00470979 0.00449401 0.00442071 0.00426582 
0.0947896 0.0323418 0.013962 0.0122984 0.0098253 0.00880627 0.00794073 0.00711184 0.00693603 0.00616111 0.00571365 0.00556594 0.00512982 0.00505335 0.00511876 0.00489993 0.00483932 0.00455023 0.00433843 0.0042596 
0.0925155 0.0226146 0.0156956 0.012706 0.00973132 0.00821147 0.00725136 0.00692259 0.00670714 0.0062386 0.00596142 0.00575084 0.00533577 0.00512387 0.00463334 0.00449313 0.0043143 0.00428833 0.00415353 0.00418705 
0.112538 0.034052 0.0179761 0.0126782 0.00920109 0.00874087 0.00765155 0.00740581 0.00660326 0.0060241 0.00583076 0.00547345 0.0055334 0.00509149 0.00493641 0.0047941 0.00471436 0.00464675 0.00431353 0.00417229 
