0.0912751 0.021415 0.0156431 0.0129404 0.0112689 0.00978716 0.00888266 0.00822322 0.00777737 0.00722978 0.00706381 0.00633367 0.00595902 0.00576638 0.00546678 0.00532473 0.00531198 0.00516843 0.00514418 0.00503737 
0.0906909 0.02355 0.013589 0.00975904 0.00855563 0.00734364 0.00700796 0.00646081 0.00623096 0.00596314 0.00578863 0.00554018 0.00516508 0.00511653 0.00495949 0.00468015 0.00440273 0.00419394 0.00412215 0.00403347 
0.0951642 0.0248021 0.0186788 0.0147257 0.0105009 0.00954633 0.00840429 0.00780765 0.00787266 0.00719659 0.0068792 0.00603575 0.00573999 0.0056247 0.00524264 0.00485623 0.00471957 0.00468098 0.00448506 0.00444044 
0.089751 0.0234239 0.0184203 0.0135649 0.0107217 0.0098552 0.00841516 0.00792663 0.0073905 0.0066411 0.00641634 0.00611655 0.00597216 0.00557144 0.00524065 0.00516071 0.00519465 0.00519033 0.00523143 0.00507697 
0.113715 0.0348612 0.0215245 0.016206 0.012911 0.0102617 0.00902524 0.00863189 0.0078071 0.0066852 0.00615017 0.00572379 0.00569104 0.00536293 0.0049959 0.00492714 0.00483 0.00470739 0.00478975 0.00464146 
0.126084 0.0270066 0.0168129 0.0118197 0.0120517 0.00980845 0.00879023 0.00748771 0.00705915 0.00673112 0.00627903 0.0057922 0.00558259 0.00553969 0.00528318 0.00502773 0.00493718 0.00479062 0.00465963 0.00456731 
0.0887693 0.0296576 0.0171283 0.0124463 0.0111249 0.0102581 0.00896459 0.00726796 0.00720288 0.00655574 0.00647964 0.00613173 0.0056993 0.00568752 0.00557753 0.0052697 0.00493997 0.00487638 0.00470589 0.00465398 
0.110385 0.0289782 0.0161607 0.0124392 0.0103892 0.0081893 0.00748467 0.00725754 0.00704325 0.00679567 0.00607586 0.00534674 0.00513942 0.00489376 0.00485765 0.00472512 0.00456001 0.00449892 0.0043627 0.00423543 
0.108645 0.0245475 0.0167977 0.0149733 0.0120422 0.0101985 0.0099311 0.00825444 0.00783378 0.00662439 0.00609309 0.00568713 0.00554638 0.00556279 0.0053962 0.00515191 0.00492109 0.004739 0.0046421 0.00457061 
0.121919 0.0331312 0.0204813 0.014144 0.0117624 0.00990098 0.00904814 0.00816848 0.00769232 0.00694291 0.006389 0.00579298 0.00573122 0.00550155 0.00558863 0.00541751 0.00539616 0.00533547 0.0048708 0.00486073 
0.0963834 0.0296556 0.0175155 0.0136341 0.0105455 0.00915112 0.0078712 0.00696938 0.00656233 0.0062848 0.00583437 0.00576893 0.00534917 0.00534736 0.00520112 0.00496569 0.00497964 0.00487346 0.0049257 0.00484241 
0.0797374 0.0328196 0.0193619 0.0136138 0.0112144 0.0091967 0.00805787 0.00687171 0.0062322 0.00587974 0.00558351 0.00520657 0.00534464 0.00499896 0.00507749 0.00495102 0.00484921 0.00457268 0.00458193 0.00459107 
0.0892152 0.0350883 0.0216762 0.0171413 0.0142627 0.0109016 0.0098223 0.00867716 0.0075377 0.0071511 0.00656993 0.00655558 0.00635737 0.0060642 0.00585381 0.00562639 0.00548281 0.00523618 0.00508273 0.00488474 
0.0977164 0.0310362 0.0158003 0.0145485 0.0122389 0.0112628 0.00883878 0.00784562 0.00735475 0.0068382 0.00646973 0.00629429 0.00598087 0.00537995 0.00536121 0.00506362 0.00499482 0.00474914 0.00460758 0.00439074 
0.0845255 0.0234018 0.0151414 0.0110784 0.0085816 0.00697564 0.00622364 0.00622042 0.00540151 0.0053852 0.00529886 0.00508781 0.00497162 0.00473201 0.00448271 0.00432208 0.00441069 0.00451451 0.00434315 0.00422785 
0.103192 0.03272 0.019947 0.0147808 0.0132876 0.0105458 0.00899217 0.00777867 0.007451 0.00681924 0.00606817 0.00580332 0.00591147 0.00565659 0.00549085 0.00517695 0.00502141 0.00483086 0.00469369 0.00455694 
0.119954 0.0391559 0.0227457 0.019168 0.0146624 0.0123381 0.0113373 0.00915952 0.00768104 0.00753777 0.006778 0.006547 0.00625435 0.00614583 0.00584046 0.00561349 0.00548418 0.00546146 0.00546222 0.00512859 
0.13232 0.0283427 0.0156977 0.0154388 0.0114559 0.00991019 0.00902307 0.00747144 0.00690939 0.00645348 0.00595527 0.0057398 0.00555285 0.00519548 0.00516244 0.0049049 0.0048237 0.00486496 0.00463539 0.00454896 
0.0982462 0.0296579 0.0216475 0.016016 0.0116413 0.00989078 0.00915001 0.00875944 0.00763244 0.00714751 0.0074318 0.00693417 0.00647507 0.0064157 0.00610011 0.00577683 0.00566017 0.00531046 0.00511144 0.00486948 
0.0866142 0.0361561 0.0204661 0.0147309 0.0113362 0.00968068 0.00831465 0.00717779 0.00616096 0.00578599 0.00561741 0.0052164 0.00529719 0.0051538 0.00499256 0.00493377 0.00491096 0.00477448 0.00453608 0.00429451 
0.0902022 0.0333703 0.0210564 0.0151658 0.0130166 0.0112215 0.00958219 0.00827068 0.0072582 0.00645256 0.00631961 0.00559306 0.00509729 0.00494608 0.0049898 0.00493368 0.00481356 0.00457014 0.00435796 0.00430259 
0.103299 0.0228453 0.0184201 0.0153271 0.0123698 0.0105238 0.00938787 0.00851183 0.00788124 0.00689913 0.00602543 0.0059974 0.005818 0.00555028 0.00539828 0.00529148 0.00511988 0.00489361 0.0049167 0.00483625 
0.0865028 0.0230799 0.0137074 0.00989119 0.00863106 0.00861001 0.00840189 0.00828238 0.00813637 0.0083802 0.00764189 0.00695211 0.00655138 0.00611619 0.00589441 0.00563207 0.00555912 0.00541054 0.00520966 0.00514474 
0.089364 0.0288446 0.0199046 0.0132623 0.0119758 0.0116368 0.00976506 0.00868484 0.0078122 0.00685936 0.00655755 0.006353 0.00584387 0.00580233 0.00554387 0.00540483 0.00543283 0.00534616 0.00515877 0.0050073 
0.069806 0.028928 0.0177046 0.0147953 0.010561 0.00967719 0.00856829 0.00797768 0.00784523 0.00699388 0.00639369 0.00587104 0.00561879 0.00538245 0.00551616 0.00540504 0.00499798 0.0048181 0.00473343 0.00467293 
0.0967085 0.0290207 0.0178929 0.0120358 0.0105953 0.00892214 0.00795397 0.00748972 0.00757643 0.00719518 0.00709912 0.0065604 0.0063175 0.00604293 0.00600793 0.00572063 0.00556961 0.005372 0.00523503 0.00512034 
0.0911646 0.0301796 0.0210748 0.0140341 0.0116986 0.0103059 0.00806599 0.00752393 0.00671841 0.00656936 0.00582112 0.00576082 0.00567085 0.00589733 0.00541857 0.00550455 0.0052553 0.00515789 0.00497762 0.0047531 
0.109831 0.0254656 0.0181514 0.0147876 0.0109343 0.00933193 0.00835432 0.00759898 0.0068637 0.00652046 0.00619314 0.00579184 0.00530123 0.00482718 0.0048842 0.00460802 0.0045153 0.00434974 0.00437512 0.00432686 
0.1135 0.0387848 0.0213299 0.0147672 0.0122727 0.00985895 0.00918599 0.00865384 0.00812402 0.00716778 0.00674797 0.00668742 0.0061453 0.00591228 0.00569644 0.00540466 0.0053006 0.00501076 0.0048094 0.00474233 
0.0898682 0.0261382 0.01777 0.0137934 0.0118406 0.0091489 0.00840505 0.00759194 0.00735485 0.00650411 0.00618463 0.00572688 0.0055866 0.00537037 0.00524877 0.00505409 0.00495557 0.00464725 0.00447871 0.00424896 
0.0832094 0.026311 0.0185762 0.0138573 0.011313 0.00922287 0.00889631 0.00859694 0.00728089 0.00657954 0.00606787 0.00558702 0.00529916 0.00505223 0.00498735 0.00469001 0.00457067 0.00448052 0.00440499 0.00419911 
0.0883938 0.0244899 0.0182229 0.0115341 0.00902009 0.00811485 0.00736125 0.00699805 0.00657803 0.00618502 0.00599539 0.00586961 0.00546099 0.0050864 0.00502422 0.00479588 0.00460782 0.00463182 0.00440918 0.00430626 
0.102715 0.0235253 0.0192608 0.0150798 0.0136178 0.0102819 0.00940594 0.00840348 0.00823754 0.00724342 0.00690069 0.00651445 0.00625247 0.00619624 0.0058929 0.00557479 0.00557305 0.0055664 0.0055212 0.00541149 
0.103969 0.031508 0.0145476 0.0117824 0.0109809 0.00966263 0.00788649 0.00747909 0.00640153 0.00610046 0.00568842 0.0054709 0.00510962 0.00501749 0.00480138 0.00467409 0.00452356 0.00459684 0.00472059 0.00462762 
0.0950366 0.0249337 0.0168853 0.0138976 0.0110044 0.00969751 0.00810008 0.00700116 0.00616579 0.00567974 0.00551367 0.00524607 0.00534469 0.00523484 0.00540809 0.00501527 0.00486345 0.00482138 0.00466466 0.00444459 
0.0893353 0.029616 0.0179347 0.0123818 0.0105051 0.00910114 0.00788789 0.00726865 0.00699387 0.00605878 0.00576404 0.00562336 0.00541442 0.00539076 0.00523807 0.00510846 0.00518093 0.00483124 0.0046991 0.00466844 
0.104233 0.0267265 0.0156497 0.0112364 0.0104394 0.00958761 0.00819127 0.00796969 0.00650999 0.00612777 0.00596417 0.00554266 0.00522672 0.00515921 0.00488697 0.0047771 0.00487305 0.00482755 0.0048121 0.00455789 
0.0907607 0.0289435 0.0207699 0.0151347 0.0114053 0.00940659 0.00798078 0.00716176 0.00719573 0.00670271 0.00637403 0.00612682 0.00573127 0.00561129 0.00537955 0.00522215 0.0051274 0.00497371 0.00479794 0.00453721 
0.110337 0.0277953 0.015804 0.0113479 0.0093901 0.00890361 0.00827162 0.00714923 0.00706327 0.00648343 0.00613156 0.0058135 0.00555145 0.00519145 0.00501672 0.00456046 0.00450939 0.00452898 0.00442945 0.00443686 
0.0950443 0.0264448 0.016664 0.0122616 0.0119481 0.0107441 0.00896902 0.00847429 0.00779752 0.00748524 0.00665062 0.00625959 0.0059018 0.0057069 0.00560972 0.00535067 0.00517631 0.00498256 0.00468854 0.0046864 
0.098198 0.0355117 0.0165715 0.0127267 0.0110067 0.00906043 0.00812128 0.00764708 0.00711233 0.00674829 0.00642738 0.00598526 0.00569411 0.00540731 0.00528405 0.00516837 0.00492548 0.00460736 0.00448213 0.00428618 
0.100219 0.0317912 0.0184357 0.0149847 0.0116707 0.0105831 0.00849867 0.00797666 0.00753166 0.00682281 0.00613741 0.00566995 0.00552098 0.00520298 0.00508291 0.00492626 0.0046763 0.00443343 0.0043632 0.00436068 
0.0966469 0.0327481 0.0186197 0.0151425 0.0124898 0.0115342 0.00954926 0.00913567 0.00822033 0.0077695 0.00747944 0.0070008 0.0066108 0.00655017 0.00626985 0.00610719 0.00568696 0.0054803 0.00524853 0.00520636 
0.114576 0.0329991 0.0180293 0.0128874 0.0122704 0.0102664 0.00885913 0.00793504 0.00707631 0.00625441 0.00581395 0.00537906 0.00541161 0.00502457 0.00466496 0.00450452 0.00456619 0.00461202 0.00471453 0.00462956 
0.106779 0.0268492 0.0178457 0.0140082 0.011652 0.0102209 0.0100518 0.00837646 0.00800342 0.00768039 0.00689718 0.00635191 0.0061284 0.00600304 0.00566786 0.00536837 0.00518634 0.00508035 0.00490941 0.00475041 
0.115014 0.0332277 0.020895 0.0151474 0.0125579 0.0102208 0.00824406 0.00719978 0.00630591 0.00578615 0.0053683 0.00504511 0.00471195 0.00462231 0.0045586 0.00454818 0.00442296 0.00438528 0.00438319 0.00433199 
0.101763 0.0275738 0.0164863 0.0143829 0.0123252 0.0100385 0.00912597 0.00756727 0.00700918 0.00656112 0.00599656 0.00587914 0.00581451 0.00548066 0.00528891 0.00499731 0.00504318 0.00482901 0.0047722 0.00454709 
0.110265 0.0295315 0.0182827 0.0141614 0.012006 0.0102708 0.00915957 0.008182 0.00831126 0.00738754 0.00690225 0.00640097 0.00615251 0.00587067 0.00582866 0.005474 0.00529134 0.00512626 0.00502715 0.00491176 
0.0834697 0.0334819 0.0156951 0.0135032 0.0117536 0.00927117 0.00844664 0.00814782 0.00720416 0.00657268 0.00669728 0.00649224 0.00585279 0.00562645 0.00553453 0.00525114 0.00519314 0.00505142 0.00495938 0.00483575 
0.0914109 0.0320657 0.0194499 0.0153987 0.0123383 0.0108121 0.00859003 0.0079496 0.00773187 0.00685845 0.00617657 0.00587488 0.00576478 0.00567334 0.00554167 0.00550022 0.00531377 0.00515952 0.00503608 0.0050165 
