0.118198 0.0320427 0.0190769 0.0150706 0.0117785 0.00845564 0.0084393 0.00722291 0.00656414 0.00604792 0.00531896 0.00516657 0.00484718 0.00458755 0.00430857 0.00431877 0.00404726 0.00379811 0.00354647 0.00354523 
0.110223 0.0275915 0.0149004 0.0130078 0.0108609 0.0089739 0.00702785 0.00628575 0.00617384 0.00586214 0.00581687 0.00541497 0.00528276 0.00485296 0.00470952 0.00447528 0.00437497 0.00446033 0.00421478 0.00418889 
0.0844259 0.0287041 0.0155082 0.012473 0.00882962 0.00865503 0.00727159 0.00681936 0.00634795 0.00605192 0.00587014 0.00525557 0.0052571 0.0048647 0.00459604 0.00429159 0.00418645 0.00417733 0.00406336 0.00390269 
0.121283 0.0400728 0.0182661 0.0148122 0.011944 0.0104805 0.00916098 0.00843007 0.00703484 0.00670227 0.00626472 0.00561754 0.00515047 0.00494097 0.0045897 0.00438542 0.00429104 0.0042879 0.00407032 0.00394544 
0.102188 0.027656 0.0178402 0.0136545 0.0104886 0.00929936 0.0076967 0.00711269 0.00608665 0.00539678 0.00537775 0.00516111 0.00484787 0.00483995 0.00457322 0.00445448 0.00434378 0.00424341 0.00408441 0.00390248 
0.103933 0.0281451 0.0162643 0.014066 0.0105926 0.00818662 0.00791975 0.00711672 0.00624433 0.00552803 0.00532455 0.0053828 0.00528489 0.00477901 0.00457237 0.00465592 0.00463542 0.00464247 0.00434757 0.00445814 
0.0961778 0.026765 0.0141643 0.0115854 0.00968625 0.00840053 0.00773424 0.00686851 0.00624305 0.0058524 0.00545195 0.0052328 0.00502329 0.00493576 0.00492272 0.00469492 0.00445994 0.00430559 0.00412379 0.00398877 
0.100821 0.0311833 0.0149836 0.0128273 0.00938666 0.00839229 0.00775288 0.00725812 0.0066296 0.00668409 0.00638647 0.00568351 0.00538699 0.00514823 0.00483571 0.00466981 0.00449036 0.00443069 0.00436452 0.00439898 
0.0920456 0.0295271 0.0192425 0.0150069 0.0120826 0.00862529 0.00755643 0.00752146 0.00665513 0.006002 0.00552485 0.00516543 0.00485968 0.00462154 0.00442251 0.00442479 0.00415488 0.00393309 0.00385741 0.00388784 
0.115352 0.0329773 0.0179065 0.0130438 0.0117466 0.00955534 0.0084267 0.00777118 0.0072762 0.00681195 0.00635941 0.0059953 0.00571717 0.00545897 0.00513792 0.00486411 0.00477839 0.00455318 0.0043376 0.00420593 
0.0936626 0.0257626 0.0168066 0.0115804 0.00993799 0.00851317 0.00772662 0.00708309 0.00607327 0.00552282 0.00487847 0.0050315 0.00488067 0.00459935 0.00446578 0.00438345 0.00432905 0.004245 0.00423978 0.00413259 
0.132175 0.0310149 0.0203968 0.0136911 0.0106748 0.00965803 0.00930247 0.00842531 0.00769458 0.00686739 0.00617575 0.00565668 0.00558717 0.00538761 0.00523068 0.00511862 0.00474562 0.00441349 0.00430781 0.00423341 
0.0922481 0.0243812 0.0149963 0.0126508 0.0104397 0.00944836 0.00889563 0.00716451 0.00687872 0.0064453 0.00592272 0.00561127 0.00537506 0.00501876 0.00509841 0.00491232 0.00460031 0.00450667 0.00430585 0.00421178 
0.108111 0.032702 0.0192773 0.0131759 0.0121607 0.0105233 0.0104484 0.00834664 0.00773289 0.00748098 0.00718435 0.00673332 0.00647703 0.00597425 0.00596365 0.00575775 0.00557277 0.00524156 0.00510725 0.00516436 
0.113054 0.0329159 0.0189022 0.0127925 0.0117352 0.0104125 0.00867038 0.00840884 0.00791407 0.00729868 0.00661486 0.00605468 0.00574059 0.00573974 0.00526298 0.00507094 0.00514499 0.00480527 0.00476035 0.00446691 
0.0799959 0.0234655 0.0173277 0.0126956 0.0103367 0.00819212 0.00773545 0.0074918 0.00676977 0.00630903 0.00583744 0.00565183 0.00532735 0.00503183 0.00476172 0.00465855 0.00450576 0.00434984 0.00403609 0.00384623 
0.12226 0.0265056 0.0157439 0.0111024 0.0101767 0.0091554 0.00813527 0.00795168 0.00773083 0.007304 0.00664698 0.00633882 0.00610025 0.00577551 0.00553099 0.00543706 0.00519047 0.00494268 0.00465195 0.00448053 
0.089079 0.0299792 0.0170796 0.0141806 0.01234 0.0101438 0.00927867 0.00945956 0.00786137 0.00679584 0.00617605 0.00569183 0.00566084 0.00531063 0.0050941 0.0047525 0.00461763 0.00430724 0.00409902 0.00396584 
0.0803521 0.0275212 0.0223563 0.0142856 0.0122704 0.010901 0.00894117 0.00801311 0.00777672 0.00736892 0.00660565 0.00630502 0.00622106 0.00599874 0.00559297 0.00528098 0.00517185 0.00506893 0.00509163 0.00485459 
0.100761 0.0293715 0.0175902 0.0134575 0.0120183 0.00973569 0.00862363 0.00724632 0.00648218 0.00598494 0.00532824 0.00524041 0.00490261 0.00460803 0.00419856 0.00395455 0.00380043 0.00343626 0.00332837 0.00328677 
0.126874 0.0317082 0.0188579 0.0146901 0.0114977 0.00922197 0.00803023 0.00765622 0.00728077 0.00682917 0.0062097 0.00588678 0.00551822 0.00528148 0.00491502 0.00476 0.0049459 0.00480313 0.0047326 0.00464903 
0.11852 0.0290135 0.0178125 0.0139762 0.0115734 0.0100123 0.00851809 0.00778597 0.00694696 0.00609885 0.00584035 0.00554892 0.00522432 0.00498793 0.00494936 0.00482345 0.00460081 0.00448935 0.004303 0.00425243 
0.11661 0.0309645 0.0188981 0.0146206 0.0110804 0.0103869 0.00966388 0.00822798 0.00716488 0.00612304 0.00601355 0.00521682 0.00500079 0.0050379 0.00470475 0.00455649 0.00439732 0.00433362 0.00423912 0.00412432 
0.0927359 0.0239182 0.0155296 0.0128633 0.0110804 0.00951748 0.00872827 0.00767892 0.00732703 0.00692826 0.00667205 0.00620899 0.00581531 0.00544552 0.00519439 0.00497177 0.00510146 0.00465502 0.00444333 0.00428653 
0.113866 0.0290795 0.0206907 0.0143584 0.0106401 0.00978304 0.00874417 0.00755651 0.00682296 0.00672517 0.00615919 0.00580761 0.00539939 0.00526174 0.00503311 0.00484658 0.00453334 0.00438039 0.00434087 0.00419905 
0.0976815 0.0296636 0.0209349 0.0141551 0.0121049 0.00922116 0.00712384 0.00653493 0.00613034 0.00604263 0.00508606 0.00504842 0.00483747 0.00498548 0.00492887 0.0046901 0.00477051 0.00461305 0.00438138 0.0043895 
0.080414 0.0272504 0.0190468 0.014528 0.0107035 0.00918136 0.00810604 0.00750539 0.00704133 0.00663438 0.00618069 0.00600008 0.005883 0.00533055 0.00518321 0.0049498 0.00484389 0.00467876 0.00457514 0.00435381 
0.129574 0.0361691 0.0232135 0.0144061 0.0101598 0.00876728 0.00762463 0.00723751 0.00658887 0.00621255 0.00577695 0.00538215 0.00526768 0.004949 0.00478479 0.00466663 0.00453961 0.00452043 0.00439479 0.00425944 
0.111022 0.0401448 0.0232538 0.0176359 0.0122897 0.0109295 0.00840923 0.00753359 0.00676261 0.00668821 0.0063056 0.00617003 0.00569252 0.00568858 0.00542107 0.00505114 0.00474976 0.0046093 0.00447166 0.00411302 
0.112532 0.0282592 0.0170464 0.0135472 0.0131648 0.011031 0.00914498 0.00826848 0.00728439 0.00660949 0.00600292 0.00600224 0.00548487 0.00509937 0.00481371 0.00460102 0.00442387 0.00420238 0.00395244 0.00397587 
0.113647 0.027529 0.0177667 0.0123347 0.0104734 0.0084568 0.00680854 0.00627907 0.00622214 0.00574462 0.00572848 0.00584264 0.00545255 0.00528282 0.00499795 0.00478044 0.00460955 0.00451476 0.0043305 0.00408647 
0.0877368 0.0311956 0.0188482 0.0138463 0.0108485 0.0081041 0.00710094 0.00711801 0.00671118 0.00604596 0.0056332 0.0050795 0.00502988 0.0048524 0.00483238 0.00467619 0.00467417 0.00446273 0.00436286 0.00428096 
0.135989 0.0335121 0.0183152 0.0139233 0.0126581 0.0109906 0.0104076 0.0086352 0.00783376 0.00705798 0.00650028 0.00604924 0.0053265 0.0051466 0.00473834 0.0045129 0.00448093 0.00434081 0.00409713 0.00406802 
0.108256 0.0247883 0.0166331 0.0147839 0.0114878 0.00954263 0.00884699 0.00803022 0.00713821 0.0070975 0.00669877 0.00618347 0.0056318 0.00558557 0.00545024 0.00531394 0.00491466 0.0045801 0.00468765 0.00463369 
0.124826 0.0346621 0.0235529 0.0153265 0.0118777 0.00899853 0.00797318 0.00768665 0.00666189 0.00586868 0.00539043 0.00509827 0.00480683 0.00465576 0.00465412 0.00460034 0.00431319 0.00419158 0.00417781 0.00424719 
0.109361 0.0298201 0.0177898 0.0133384 0.0107914 0.0091764 0.00789529 0.00723318 0.0061846 0.00582811 0.00555203 0.00503983 0.00487246 0.00463082 0.0046436 0.00446877 0.00420536 0.00401385 0.00401977 0.00395582 
0.0875032 0.029622 0.0166045 0.0140277 0.012998 0.0105535 0.00975128 0.00817369 0.00741033 0.00661959 0.00619512 0.00564447 0.00541981 0.0054127 0.00495623 0.00456793 0.00437903 0.00427407 0.00410994 0.00398311 
0.1221 0.0286435 0.0179969 0.0138166 0.0116529 0.0107262 0.00882763 0.00775598 0.00677387 0.00629556 0.00561517 0.00516199 0.00503274 0.00487013 0.00489798 0.00476739 0.00459643 0.00448717 0.00427492 0.0040063 
0.0846985 0.0270334 0.0184146 0.0159437 0.0126242 0.00996578 0.0077333 0.00786253 0.00682213 0.00655101 0.00621155 0.00577571 0.00567182 0.00525652 0.00493655 0.00464165 0.00451682 0.00435147 0.00392823 0.00394286 
0.088942 0.0246312 0.0179593 0.0128216 0.0121086 0.0101903 0.00889632 0.00772359 0.00656564 0.00602235 0.00591219 0.00573874 0.00559907 0.00520311 0.00494139 0.00475034 0.00463445 0.00462998 0.00452528 0.00457634 
0.100955 0.0358111 0.0203714 0.0149024 0.0124103 0.010175 0.00864059 0.00717413 0.00678231 0.00640653 0.00604142 0.00571994 0.00540908 0.00509713 0.00488671 0.00489255 0.00476902 0.00458171 0.00458985 0.00437675 
0.0816984 0.0302448 0.0166446 0.0117764 0.00928911 0.00829103 0.0074445 0.00682691 0.00599621 0.00519656 0.00513954 0.00475641 0.00436714 0.00408262 0.00385528 0.00374522 0.00342688 0.00327478 0.00331176 0.00336698 
0.109533 0.0284068 0.0204093 0.0136699 0.0107086 0.00913154 0.00841443 0.00720542 0.00688314 0.00566701 0.00531083 0.00537878 0.00504001 0.00511856 0.00475225 0.0044775 0.00429478 0.00407112 0.00406841 0.00399744 
0.118099 0.0216917 0.0136757 0.00973985 0.00844142 0.00720257 0.00727436 0.00709712 0.00634539 0.00608521 0.00568992 0.00534743 0.00511009 0.00484795 0.00469258 0.00450653 0.00421887 0.00417131 0.00400919 0.00389343 
0.0975661 0.0298969 0.0178904 0.0167654 0.0128808 0.01068 0.00896036 0.00807939 0.00766312 0.00696291 0.00630019 0.00613036 0.00589105 0.00556405 0.00535883 0.00517485 0.00509856 0.00470423 0.00446047 0.00429209 
0.117167 0.029677 0.0172405 0.0143493 0.0107505 0.00814946 0.00741482 0.00673492 0.0063382 0.00615685 0.00570615 0.00533698 0.00499164 0.00467671 0.00445021 0.0045563 0.00437601 0.00405785 0.00389553 0.00374293 
0.0762393 0.0275297 0.0165116 0.0131357 0.00996177 0.00941623 0.00760452 0.00655909 0.00596158 0.00576608 0.00548998 0.00515925 0.00483543 0.00486707 0.00484918 0.00464647 0.00470972 0.00449397 0.00442071 0.00426584 
0.0947896 0.0323419 0.013962 0.0122984 0.00982531 0.0088063 0.0079408 0.00711189 0.00693606 0.00616108 0.00571359 0.00556584 0.00512971 0.00505325 0.00511865 0.00489983 0.00483924 0.00455018 0.00433841 0.00425962 
0.0925154 0.0226146 0.0156956 0.0127059 0.0097313 0.00821151 0.00725142 0.00692264 0.00670715 0.00623857 0.00596134 0.00575073 0.00533566 0.00512379 0.00463326 0.00449307 0.00431426 0.0042883 0.00415353 0.00418707 
0.112538 0.0340521 0.0179761 0.0126782 0.00920108 0.0087409 0.00765159 0.00740586 0.00660329 0.00602407 0.00583068 0.00547332 0.00553327 0.00509137 0.0049363 0.004794 0.00471429 0.00464672 0.00431352 0.00417231 
