0.07 0.43 0.8 1.26 1.66 2.03 2.6 3.32 4.04 4.22 4.51 4.97 5.68 6.01 6.17 6.79 7.83 8.07 8.01 9.01 
0.07 0.41 0.75 1.19 1.73 2.11 2.8 3.19 3.62 3.82 4.39 4.79 5.39 5.43 6 7.38 7.11 7.2 7.87 8.26 
0.07 0.43 0.8 1.23 1.73 2.13 2.86 3.02 3.75 3.99 5.03 5.39 5.54 5.65 6.83 7.47 6.89 8 8.9 8.55 
0.06 0.44 0.8 1.22 1.64 2.1 2.81 3.3 4.15 4.35 4.97 5.46 6.31 6.02 6.08 6.85 7.61 7.79 9.01 8.9 
0.07 0.42 0.8 1.23 1.7 2.11 2.81 3.27 4.16 4.25 4.44 4.9 6.1 5.57 6 6.6 6.81 7.83 7.83 8.39 
0.07 0.42 0.78 1.19 1.6 2.1 2.77 3.27 4.12 4.14 5.02 5.43 6.23 5.99 6.72 7.77 6.89 8.21 7.83 8.47 
0.06 0.43 0.79 1.27 1.73 2.12 2.77 3.27 4.09 4.18 5.01 5.51 6.22 6.03 6.78 7.66 6.74 8.21 7.78 9.47 
0.07 0.43 0.79 1.23 1.72 2.09 2.9 3.02 4.26 4.17 4.93 5.43 6.11 5.99 6.76 7.53 7.73 8.15 9.02 8.08 
0.06 0.42 0.76 1.19 1.6 1.96 2.5 2.95 3.6 3.76 4.36 4.78 5.98 5.91 6.91 7.46 7.82 7.32 7.86 9.38 
0.06 0.44 0.76 1.2 1.65 2.03 2.57 3.02 3.74 4.15 4.49 4.94 5.46 5.58 6.17 6.63 7.68 7.42 8.06 9.35 
0.07 0.41 0.78 1.19 1.58 1.98 2.77 2.93 3.62 3.79 4.9 5.33 5.3 5.44 6.53 6.96 7.44 7.24 8.85 9.33 
0.07 0.43 0.79 1.2 1.63 2.03 2.88 3.26 4.08 4.13 5.28 4.96 5.99 5.7 6.16 6.8 7.71 8.41 8.98 9.33 
0.06 0.42 0.76 1.19 1.57 1.96 2.47 3.32 4.08 4.28 5.02 4.84 5.41 5.49 6.61 7.36 7.8 8.05 8.81 8.39 
0.07 0.43 0.78 1.2 1.65 2.03 2.54 3.02 3.73 3.95 4.6 4.92 5.44 5.56 6.11 6.58 7.33 7.39 8.03 8.41 
0.07 0.42 0.76 1.19 1.58 1.93 2.87 3.35 4.18 4.21 5 4.83 5.42 5.49 5.93 6.43 7.42 7.23 7.81 8.24 
0.07 0.43 0.79 1.25 1.72 2.09 2.83 3.31 4.07 4.2 5.22 5.47 6.23 6.08 6.7 7.74 7.83 8.17 8.95 7.36 
0.07 0.42 0.79 1.25 1.62 1.95 2.51 2.92 3.63 3.81 4.36 4.78 5.25 5.46 6.63 6.42 7.25 8.06 8.85 9.26 
0.06 0.43 0.79 1.24 1.69 2.11 2.5 3.34 4.07 4.17 5.08 5.42 6.15 6.03 6.63 7.7 7.61 8.1 8.93 7.06 
0.07 0.41 0.76 1.2 1.73 2.09 2.79 3.33 4.12 3.92 5 5.47 5.41 5.54 6.72 7.51 7.89 8.11 8.94 9.65 
0.06 0.41 0.76 1.18 1.75 2.13 2.8 3.21 4.21 4.2 4.96 5.5 6.25 6.09 6.67 7.74 7.82 7.44 8.85 6.58 
0.06 0.42 0.8 1.22 1.73 2.11 2.49 2.93 3.66 3.77 4.34 4.77 5.27 5.89 6.43 7.24 6.75 8.04 8.81 8.24 
0.07 0.42 0.8 1.23 1.64 1.96 2.58 2.99 3.75 3.89 4.98 5.35 6 6.04 6.17 6.74 7.54 7.44 8.79 8.75 
0.06 0.42 0.82 1.28 1.74 2.08 2.79 2.94 3.67 3.89 4.41 4.83 6 5.98 6.02 6.58 7.47 7.4 7.87 8.45 
0.07 0.43 0.77 1.19 1.59 2.1 2.82 3.33 4.1 4.17 4.97 5.47 5.44 6.01 6 6.61 7.8 7.34 7.83 9.31 
0.07 0.42 0.8 1.26 1.73 2.13 2.83 3.33 4.16 4.28 4.41 4.91 5.41 5.52 6.7 6.51 7.92 8.08 8.98 8.39 
0.07 0.43 0.75 1.17 1.57 1.96 2.45 2.93 4.14 4.19 4.94 5.36 6.07 6.03 6.76 7.72 6.79 7.32 8.92 9.84 
0.07 0.43 0.78 1.25 1.73 2.08 2.79 3.01 3.78 3.93 4.92 5.4 6.17 5.64 6.66 7.53 7.7 8.14 8.98 9.22 
0.06 0.43 0.78 1.25 1.71 2.07 2.83 3.01 3.78 3.96 4.92 5.41 5.76 5.69 6.63 7.47 7.66 7.45 7.89 8.73 
0.07 0.43 0.8 1.22 1.73 2.13 2.8 3.28 4.18 4.37 4.56 4.98 6.15 6.13 6.7 6.97 7.84 7.52 7.98 8.53 
0.06 0.42 0.76 1.18 1.73 2.13 2.7 2.91 3.63 3.82 4.35 4.78 5.98 5.89 6.73 7.33 7.67 8.06 8.91 9.46 
0.06 0.43 0.78 1.18 1.58 1.97 2.43 3.27 4.12 4.21 4.99 4.82 5.33 6.07 5.94 6.48 6.9 7.21 8.42 9.32 
0.07 0.41 0.76 1.2 1.57 1.95 2.79 3.32 4.12 4.23 5.07 5.45 6.23 5.53 5.99 6.58 6.69 7.25 7.81 9.36 
0.07 0.43 0.76 1.23 1.71 2.06 2.74 3.32 4.11 4.14 5.15 5.43 5.58 5.65 6.09 7.43 7.74 8.07 7.89 9.48 
0.06 0.43 0.8 1.24 1.68 2.13 2.81 3.33 4.15 4.03 4.54 4.99 6.11 6.05 6.12 7.07 7.83 8.1 9.02 9.03 
0.07 0.43 0.8 1.23 1.72 2.12 2.77 3.04 3.84 4.12 5.02 5.46 5.58 5.71 6.68 7.56 7.78 7.45 9.03 8.78 
0.07 0.43 0.78 1.24 1.72 2.02 2.6 3.01 3.74 3.93 4.5 4.93 6.03 6.02 6.68 7.43 6.94 8.11 7.97 9.81 
0.07 0.43 0.81 1.24 1.69 2.09 2.64 3.35 3.77 4 5.03 5.44 5.59 5.72 6.13 6.79 6.84 7.73 8.86 8.71 
0.07 0.43 0.81 1.24 1.75 1.99 2.87 3.05 3.78 4.23 5.04 5.43 6.32 5.69 6.77 7.68 7.2 8.09 8.97 7.98 
0.06 0.43 0.79 1.21 1.63 2 2.7 3 3.75 4.06 4.51 4.94 5.44 6.01 6.77 7.39 6.95 7.48 9.04 8.63 
0.06 0.43 0.77 1.21 1.63 1.97 2.55 3.34 3.74 3.88 4.96 5.45 6.13 6.01 6.14 6.76 7.65 7.46 7.97 8.76 
0.07 0.43 0.8 1.25 1.74 2.03 2.73 3.28 4.09 4.2 5.04 5 5.56 6.29 6.65 7.58 7.81 8.15 9.04 9.01 
0.06 0.42 0.76 1.19 1.57 1.95 2.7 3.29 3.63 3.78 4.93 4.77 5.96 5.7 6.79 7.36 6.92 8.09 7.79 8.59 
0.06 0.42 0.8 1.22 1.72 2.11 2.59 3.05 3.77 4.12 5.07 4.97 6.06 5.7 6.14 6.73 7.78 8.14 8.46 8.58 
0.07 0.42 0.76 1.19 1.7 2.09 2.82 3.41 4.11 4.18 5 5.45 6.15 6.05 5.93 6.59 7.44 7.37 7.82 8.28 
0.06 0.43 0.78 1.2 1.62 2.01 2.56 3.45 3.73 3.93 4.96 4.9 5.54 5.6 6.14 6.6 7.57 8.05 8.92 9.51 
0.07 0.42 0.77 1.2 1.6 1.94 2.46 3.21 3.99 3.97 5.05 4.81 6.02 5.98 6.74 7.5 7.73 8.14 8.85 9.46 
0.06 0.41 0.78 1.24 1.68 2.1 2.8 3.3 4.12 4.19 4.36 4.86 5.38 5.47 6.67 7.4 7.94 8.2 7.83 9.31 
0.06 0.41 0.76 1.19 1.56 2.13 2.74 3.32 4.11 4.18 4.37 5.42 5.89 5.97 5.93 6.53 6.6 7.38 8.83 9.31 
0.06 0.43 0.79 1.26 1.63 1.99 2.54 3.3 4.14 4.15 4.55 5.44 5.53 5.66 6.11 6.69 7.75 8.2 8.92 9.5 
0.06 0.43 0.78 1.21 1.59 1.97 2.49 2.93 3.65 3.82 4.64 5.34 6 5.92 6.63 7.46 7.75 7.28 7.77 9.56 
